ARM GAS  C:\Users\Student\AppData\Local\Temp\ccEzn5rW.s 			page 1


   1              		.cpu cortex-m7
   2              		.eabi_attribute 27, 1
   3              		.eabi_attribute 28, 1
   4              		.eabi_attribute 20, 1
   5              		.eabi_attribute 21, 1
   6              		.eabi_attribute 23, 3
   7              		.eabi_attribute 24, 1
   8              		.eabi_attribute 25, 1
   9              		.eabi_attribute 26, 1
  10              		.eabi_attribute 30, 1
  11              		.eabi_attribute 34, 1
  12              		.eabi_attribute 18, 4
  13              		.file	"diskio.c"
  14              		.text
  15              	.Ltext0:
  16              		.cfi_sections	.debug_frame
  17              		.section	.text.disk_status,"ax",%progbits
  18              		.align	1
  19              		.global	disk_status
  20              		.syntax unified
  21              		.thumb
  22              		.thumb_func
  23              		.fpu fpv5-sp-d16
  25              	disk_status:
  26              	.LFB141:
  27              		.file 1 "Middlewares/Third_Party/FatFs/src/diskio.c"
   1:Middlewares/Third_Party/FatFs/src/diskio.c **** /*-----------------------------------------------------------------------*/
   2:Middlewares/Third_Party/FatFs/src/diskio.c **** /* Low level disk I/O module skeleton for FatFs     (C)ChaN, 2017        */
   3:Middlewares/Third_Party/FatFs/src/diskio.c **** /*                                                                       */
   4:Middlewares/Third_Party/FatFs/src/diskio.c **** /*   Portions COPYRIGHT 2017 STMicroelectronics                          */
   5:Middlewares/Third_Party/FatFs/src/diskio.c **** /*   Portions Copyright (C) 2017, ChaN, all right reserved               */
   6:Middlewares/Third_Party/FatFs/src/diskio.c **** /*-----------------------------------------------------------------------*/
   7:Middlewares/Third_Party/FatFs/src/diskio.c **** /* If a working storage control module is available, it should be        */
   8:Middlewares/Third_Party/FatFs/src/diskio.c **** /* attached to the FatFs via a glue function rather than modifying it.   */
   9:Middlewares/Third_Party/FatFs/src/diskio.c **** /* This is an example of glue functions to attach various existing      */
  10:Middlewares/Third_Party/FatFs/src/diskio.c **** /* storage control modules to the FatFs module with a defined API.       */
  11:Middlewares/Third_Party/FatFs/src/diskio.c **** /*-----------------------------------------------------------------------*/
  12:Middlewares/Third_Party/FatFs/src/diskio.c **** 
  13:Middlewares/Third_Party/FatFs/src/diskio.c **** /**
  14:Middlewares/Third_Party/FatFs/src/diskio.c ****   ******************************************************************************
  15:Middlewares/Third_Party/FatFs/src/diskio.c ****   *
  16:Middlewares/Third_Party/FatFs/src/diskio.c ****   * <h2><center>&copy; Copyright (c) 2017 STMicroelectronics International N.V.
  17:Middlewares/Third_Party/FatFs/src/diskio.c ****   * All rights reserved.</center></h2>
  18:Middlewares/Third_Party/FatFs/src/diskio.c ****   *
  19:Middlewares/Third_Party/FatFs/src/diskio.c ****   * Redistribution and use in source and binary forms, with or without
  20:Middlewares/Third_Party/FatFs/src/diskio.c ****   * modification, are permitted, provided that the following conditions are met:
  21:Middlewares/Third_Party/FatFs/src/diskio.c ****   *
  22:Middlewares/Third_Party/FatFs/src/diskio.c ****   * 1. Redistribution of source code must retain the above copyright notice,
  23:Middlewares/Third_Party/FatFs/src/diskio.c ****   *    this list of conditions and the following disclaimer.
  24:Middlewares/Third_Party/FatFs/src/diskio.c ****   * 2. Redistributions in binary form must reproduce the above copyright notice,
  25:Middlewares/Third_Party/FatFs/src/diskio.c ****   *    this list of conditions and the following disclaimer in the documentation
  26:Middlewares/Third_Party/FatFs/src/diskio.c ****   *    and/or other materials provided with the distribution.
  27:Middlewares/Third_Party/FatFs/src/diskio.c ****   * 3. Neither the name of STMicroelectronics nor the names of other
  28:Middlewares/Third_Party/FatFs/src/diskio.c ****   *    contributors to this software may be used to endorse or promote products
  29:Middlewares/Third_Party/FatFs/src/diskio.c ****   *    derived from this software without specific written permission.
  30:Middlewares/Third_Party/FatFs/src/diskio.c ****   * 4. This software, including modifications and/or derivative works of this
  31:Middlewares/Third_Party/FatFs/src/diskio.c ****   *    software, must execute solely and exclusively on microcontroller or
ARM GAS  C:\Users\Student\AppData\Local\Temp\ccEzn5rW.s 			page 2


  32:Middlewares/Third_Party/FatFs/src/diskio.c ****   *    microprocessor devices manufactured by or for STMicroelectronics.
  33:Middlewares/Third_Party/FatFs/src/diskio.c ****   * 5. Redistribution and use of this software other than as permitted under
  34:Middlewares/Third_Party/FatFs/src/diskio.c ****   *    this license is void and will automatically terminate your rights under
  35:Middlewares/Third_Party/FatFs/src/diskio.c ****   *    this license.
  36:Middlewares/Third_Party/FatFs/src/diskio.c ****   *
  37:Middlewares/Third_Party/FatFs/src/diskio.c ****   * THIS SOFTWARE IS PROVIDED BY STMICROELECTRONICS AND CONTRIBUTORS "AS IS"
  38:Middlewares/Third_Party/FatFs/src/diskio.c ****   * AND ANY EXPRESS, IMPLIED OR STATUTORY WARRANTIES, INCLUDING, BUT NOT
  39:Middlewares/Third_Party/FatFs/src/diskio.c ****   * LIMITED TO, THE IMPLIED WARRANTIES OF MERCHANTABILITY, FITNESS FOR A
  40:Middlewares/Third_Party/FatFs/src/diskio.c ****   * PARTICULAR PURPOSE AND NON-INFRINGEMENT OF THIRD PARTY INTELLECTUAL PROPERTY
  41:Middlewares/Third_Party/FatFs/src/diskio.c ****   * RIGHTS ARE DISCLAIMED TO THE FULLEST EXTENT PERMITTED BY LAW. IN NO EVENT
  42:Middlewares/Third_Party/FatFs/src/diskio.c ****   * SHALL STMICROELECTRONICS OR CONTRIBUTORS BE LIABLE FOR ANY DIRECT, INDIRECT,
  43:Middlewares/Third_Party/FatFs/src/diskio.c ****   * INCIDENTAL, SPECIAL, EXEMPLARY, OR CONSEQUENTIAL DAMAGES (INCLUDING, BUT NOT
  44:Middlewares/Third_Party/FatFs/src/diskio.c ****   * LIMITED TO, PROCUREMENT OF SUBSTITUTE GOODS OR SERVICES; LOSS OF USE, DATA,
  45:Middlewares/Third_Party/FatFs/src/diskio.c ****   * OR PROFITS; OR BUSINESS INTERRUPTION) HOWEVER CAUSED AND ON ANY THEORY OF
  46:Middlewares/Third_Party/FatFs/src/diskio.c ****   * LIABILITY, WHETHER IN CONTRACT, STRICT LIABILITY, OR TORT (INCLUDING
  47:Middlewares/Third_Party/FatFs/src/diskio.c ****   * NEGLIGENCE OR OTHERWISE) ARISING IN ANY WAY OUT OF THE USE OF THIS SOFTWARE,
  48:Middlewares/Third_Party/FatFs/src/diskio.c ****   * EVEN IF ADVISED OF THE POSSIBILITY OF SUCH DAMAGE.
  49:Middlewares/Third_Party/FatFs/src/diskio.c ****   *
  50:Middlewares/Third_Party/FatFs/src/diskio.c ****   ******************************************************************************
  51:Middlewares/Third_Party/FatFs/src/diskio.c ****   */
  52:Middlewares/Third_Party/FatFs/src/diskio.c **** 
  53:Middlewares/Third_Party/FatFs/src/diskio.c **** /* Includes ------------------------------------------------------------------*/
  54:Middlewares/Third_Party/FatFs/src/diskio.c **** #include "diskio.h"
  55:Middlewares/Third_Party/FatFs/src/diskio.c **** #include "ff_gen_drv.h"
  56:Middlewares/Third_Party/FatFs/src/diskio.c **** 
  57:Middlewares/Third_Party/FatFs/src/diskio.c **** #if defined ( __GNUC__ )
  58:Middlewares/Third_Party/FatFs/src/diskio.c **** #ifndef __weak
  59:Middlewares/Third_Party/FatFs/src/diskio.c **** #define __weak __attribute__((weak))
  60:Middlewares/Third_Party/FatFs/src/diskio.c **** #endif
  61:Middlewares/Third_Party/FatFs/src/diskio.c **** #endif
  62:Middlewares/Third_Party/FatFs/src/diskio.c **** 
  63:Middlewares/Third_Party/FatFs/src/diskio.c **** /* Private typedef -----------------------------------------------------------*/
  64:Middlewares/Third_Party/FatFs/src/diskio.c **** /* Private define ------------------------------------------------------------*/
  65:Middlewares/Third_Party/FatFs/src/diskio.c **** /* Private variables ---------------------------------------------------------*/
  66:Middlewares/Third_Party/FatFs/src/diskio.c **** extern Disk_drvTypeDef  disk;
  67:Middlewares/Third_Party/FatFs/src/diskio.c **** 
  68:Middlewares/Third_Party/FatFs/src/diskio.c **** /* Private function prototypes -----------------------------------------------*/
  69:Middlewares/Third_Party/FatFs/src/diskio.c **** /* Private functions ---------------------------------------------------------*/
  70:Middlewares/Third_Party/FatFs/src/diskio.c **** 
  71:Middlewares/Third_Party/FatFs/src/diskio.c **** /**
  72:Middlewares/Third_Party/FatFs/src/diskio.c ****   * @brief  Gets Disk Status
  73:Middlewares/Third_Party/FatFs/src/diskio.c ****   * @param  pdrv: Physical drive number (0..)
  74:Middlewares/Third_Party/FatFs/src/diskio.c ****   * @retval DSTATUS: Operation status
  75:Middlewares/Third_Party/FatFs/src/diskio.c ****   */
  76:Middlewares/Third_Party/FatFs/src/diskio.c **** DSTATUS disk_status (
  77:Middlewares/Third_Party/FatFs/src/diskio.c **** 	BYTE pdrv		/* Physical drive number to identify the drive */
  78:Middlewares/Third_Party/FatFs/src/diskio.c **** )
  79:Middlewares/Third_Party/FatFs/src/diskio.c **** {
  28              		.loc 1 79 0
  29              		.cfi_startproc
  30              		@ args = 0, pretend = 0, frame = 0
  31              		@ frame_needed = 0, uses_anonymous_args = 0
  32              	.LVL0:
  33 0000 08B5     		push	{r3, lr}
  34              	.LCFI0:
  35              		.cfi_def_cfa_offset 8
  36              		.cfi_offset 3, -8
ARM GAS  C:\Users\Student\AppData\Local\Temp\ccEzn5rW.s 			page 3


  37              		.cfi_offset 14, -4
  80:Middlewares/Third_Party/FatFs/src/diskio.c ****   DSTATUS stat;
  81:Middlewares/Third_Party/FatFs/src/diskio.c **** 
  82:Middlewares/Third_Party/FatFs/src/diskio.c ****   stat = disk.drv[pdrv]->disk_status(disk.lun[pdrv]);
  38              		.loc 1 82 0
  39 0002 044B     		ldr	r3, .L3
  40 0004 03EB8002 		add	r2, r3, r0, lsl #2
  41 0008 5268     		ldr	r2, [r2, #4]
  42 000a 5268     		ldr	r2, [r2, #4]
  43 000c 0344     		add	r3, r3, r0
  44 000e 187B     		ldrb	r0, [r3, #12]	@ zero_extendqisi2
  45              	.LVL1:
  46 0010 9047     		blx	r2
  47              	.LVL2:
  83:Middlewares/Third_Party/FatFs/src/diskio.c ****   return stat;
  84:Middlewares/Third_Party/FatFs/src/diskio.c **** }
  48              		.loc 1 84 0
  49 0012 08BD     		pop	{r3, pc}
  50              	.L4:
  51              		.align	2
  52              	.L3:
  53 0014 00000000 		.word	disk
  54              		.cfi_endproc
  55              	.LFE141:
  57              		.section	.text.disk_initialize,"ax",%progbits
  58              		.align	1
  59              		.global	disk_initialize
  60              		.syntax unified
  61              		.thumb
  62              		.thumb_func
  63              		.fpu fpv5-sp-d16
  65              	disk_initialize:
  66              	.LFB142:
  85:Middlewares/Third_Party/FatFs/src/diskio.c **** 
  86:Middlewares/Third_Party/FatFs/src/diskio.c **** /**
  87:Middlewares/Third_Party/FatFs/src/diskio.c ****   * @brief  Initializes a Drive
  88:Middlewares/Third_Party/FatFs/src/diskio.c ****   * @param  pdrv: Physical drive number (0..)
  89:Middlewares/Third_Party/FatFs/src/diskio.c ****   * @retval DSTATUS: Operation status
  90:Middlewares/Third_Party/FatFs/src/diskio.c ****   */
  91:Middlewares/Third_Party/FatFs/src/diskio.c **** DSTATUS disk_initialize (
  92:Middlewares/Third_Party/FatFs/src/diskio.c **** 	BYTE pdrv				/* Physical drive nmuber to identify the drive */
  93:Middlewares/Third_Party/FatFs/src/diskio.c **** )
  94:Middlewares/Third_Party/FatFs/src/diskio.c **** {
  67              		.loc 1 94 0
  68              		.cfi_startproc
  69              		@ args = 0, pretend = 0, frame = 0
  70              		@ frame_needed = 0, uses_anonymous_args = 0
  71              	.LVL3:
  72 0000 08B5     		push	{r3, lr}
  73              	.LCFI1:
  74              		.cfi_def_cfa_offset 8
  75              		.cfi_offset 3, -8
  76              		.cfi_offset 14, -4
  77              	.LVL4:
  95:Middlewares/Third_Party/FatFs/src/diskio.c ****   DSTATUS stat = RES_OK;
  96:Middlewares/Third_Party/FatFs/src/diskio.c **** 
  97:Middlewares/Third_Party/FatFs/src/diskio.c ****   if(disk.is_initialized[pdrv] == 0)
ARM GAS  C:\Users\Student\AppData\Local\Temp\ccEzn5rW.s 			page 4


  78              		.loc 1 97 0
  79 0002 084B     		ldr	r3, .L10
  80 0004 1B5C     		ldrb	r3, [r3, r0]	@ zero_extendqisi2
  81 0006 0BB1     		cbz	r3, .L9
  95:Middlewares/Third_Party/FatFs/src/diskio.c ****   DSTATUS stat = RES_OK;
  82              		.loc 1 95 0
  83 0008 0020     		movs	r0, #0
  84              	.LVL5:
  98:Middlewares/Third_Party/FatFs/src/diskio.c ****   {
  99:Middlewares/Third_Party/FatFs/src/diskio.c ****     disk.is_initialized[pdrv] = 1;
 100:Middlewares/Third_Party/FatFs/src/diskio.c ****     stat = disk.drv[pdrv]->disk_initialize(disk.lun[pdrv]);
 101:Middlewares/Third_Party/FatFs/src/diskio.c ****   }
 102:Middlewares/Third_Party/FatFs/src/diskio.c ****   return stat;
 103:Middlewares/Third_Party/FatFs/src/diskio.c **** }
  85              		.loc 1 103 0
  86 000a 08BD     		pop	{r3, pc}
  87              	.LVL6:
  88              	.L9:
  99:Middlewares/Third_Party/FatFs/src/diskio.c ****     stat = disk.drv[pdrv]->disk_initialize(disk.lun[pdrv]);
  89              		.loc 1 99 0
  90 000c 054B     		ldr	r3, .L10
  91 000e 0122     		movs	r2, #1
  92 0010 1A54     		strb	r2, [r3, r0]
 100:Middlewares/Third_Party/FatFs/src/diskio.c ****   }
  93              		.loc 1 100 0
  94 0012 03EB8002 		add	r2, r3, r0, lsl #2
  95 0016 5268     		ldr	r2, [r2, #4]
  96 0018 1268     		ldr	r2, [r2]
  97 001a 1844     		add	r0, r0, r3
  98              	.LVL7:
  99 001c 007B     		ldrb	r0, [r0, #12]	@ zero_extendqisi2
 100 001e 9047     		blx	r2
 101              	.LVL8:
 102 0020 08BD     		pop	{r3, pc}
 103              	.L11:
 104 0022 00BF     		.align	2
 105              	.L10:
 106 0024 00000000 		.word	disk
 107              		.cfi_endproc
 108              	.LFE142:
 110              		.section	.text.disk_read,"ax",%progbits
 111              		.align	1
 112              		.global	disk_read
 113              		.syntax unified
 114              		.thumb
 115              		.thumb_func
 116              		.fpu fpv5-sp-d16
 118              	disk_read:
 119              	.LFB143:
 104:Middlewares/Third_Party/FatFs/src/diskio.c **** 
 105:Middlewares/Third_Party/FatFs/src/diskio.c **** /**
 106:Middlewares/Third_Party/FatFs/src/diskio.c ****   * @brief  Reads Sector(s)
 107:Middlewares/Third_Party/FatFs/src/diskio.c ****   * @param  pdrv: Physical drive number (0..)
 108:Middlewares/Third_Party/FatFs/src/diskio.c ****   * @param  *buff: Data buffer to store read data
 109:Middlewares/Third_Party/FatFs/src/diskio.c ****   * @param  sector: Sector address (LBA)
 110:Middlewares/Third_Party/FatFs/src/diskio.c ****   * @param  count: Number of sectors to read (1..128)
 111:Middlewares/Third_Party/FatFs/src/diskio.c ****   * @retval DRESULT: Operation result
ARM GAS  C:\Users\Student\AppData\Local\Temp\ccEzn5rW.s 			page 5


 112:Middlewares/Third_Party/FatFs/src/diskio.c ****   */
 113:Middlewares/Third_Party/FatFs/src/diskio.c **** DRESULT disk_read (
 114:Middlewares/Third_Party/FatFs/src/diskio.c **** 	BYTE pdrv,		/* Physical drive nmuber to identify the drive */
 115:Middlewares/Third_Party/FatFs/src/diskio.c **** 	BYTE *buff,		/* Data buffer to store read data */
 116:Middlewares/Third_Party/FatFs/src/diskio.c **** 	DWORD sector,	        /* Sector address in LBA */
 117:Middlewares/Third_Party/FatFs/src/diskio.c **** 	UINT count		/* Number of sectors to read */
 118:Middlewares/Third_Party/FatFs/src/diskio.c **** )
 119:Middlewares/Third_Party/FatFs/src/diskio.c **** {
 120              		.loc 1 119 0
 121              		.cfi_startproc
 122              		@ args = 0, pretend = 0, frame = 0
 123              		@ frame_needed = 0, uses_anonymous_args = 0
 124              	.LVL9:
 125 0000 38B5     		push	{r3, r4, r5, lr}
 126              	.LCFI2:
 127              		.cfi_def_cfa_offset 16
 128              		.cfi_offset 3, -16
 129              		.cfi_offset 4, -12
 130              		.cfi_offset 5, -8
 131              		.cfi_offset 14, -4
 120:Middlewares/Third_Party/FatFs/src/diskio.c ****   DRESULT res;
 121:Middlewares/Third_Party/FatFs/src/diskio.c **** 
 122:Middlewares/Third_Party/FatFs/src/diskio.c ****   res = disk.drv[pdrv]->disk_read(disk.lun[pdrv], buff, sector, count);
 132              		.loc 1 122 0
 133 0002 044C     		ldr	r4, .L14
 134 0004 04EB8005 		add	r5, r4, r0, lsl #2
 135 0008 6D68     		ldr	r5, [r5, #4]
 136 000a AD68     		ldr	r5, [r5, #8]
 137 000c 0444     		add	r4, r4, r0
 138 000e 207B     		ldrb	r0, [r4, #12]	@ zero_extendqisi2
 139              	.LVL10:
 140 0010 A847     		blx	r5
 141              	.LVL11:
 123:Middlewares/Third_Party/FatFs/src/diskio.c ****   return res;
 124:Middlewares/Third_Party/FatFs/src/diskio.c **** }
 142              		.loc 1 124 0
 143 0012 38BD     		pop	{r3, r4, r5, pc}
 144              	.L15:
 145              		.align	2
 146              	.L14:
 147 0014 00000000 		.word	disk
 148              		.cfi_endproc
 149              	.LFE143:
 151              		.section	.text.disk_write,"ax",%progbits
 152              		.align	1
 153              		.global	disk_write
 154              		.syntax unified
 155              		.thumb
 156              		.thumb_func
 157              		.fpu fpv5-sp-d16
 159              	disk_write:
 160              	.LFB144:
 125:Middlewares/Third_Party/FatFs/src/diskio.c **** 
 126:Middlewares/Third_Party/FatFs/src/diskio.c **** /**
 127:Middlewares/Third_Party/FatFs/src/diskio.c ****   * @brief  Writes Sector(s)
 128:Middlewares/Third_Party/FatFs/src/diskio.c ****   * @param  pdrv: Physical drive number (0..)
 129:Middlewares/Third_Party/FatFs/src/diskio.c ****   * @param  *buff: Data to be written
ARM GAS  C:\Users\Student\AppData\Local\Temp\ccEzn5rW.s 			page 6


 130:Middlewares/Third_Party/FatFs/src/diskio.c ****   * @param  sector: Sector address (LBA)
 131:Middlewares/Third_Party/FatFs/src/diskio.c ****   * @param  count: Number of sectors to write (1..128)
 132:Middlewares/Third_Party/FatFs/src/diskio.c ****   * @retval DRESULT: Operation result
 133:Middlewares/Third_Party/FatFs/src/diskio.c ****   */
 134:Middlewares/Third_Party/FatFs/src/diskio.c **** #if _USE_WRITE == 1
 135:Middlewares/Third_Party/FatFs/src/diskio.c **** DRESULT disk_write (
 136:Middlewares/Third_Party/FatFs/src/diskio.c **** 	BYTE pdrv,		/* Physical drive nmuber to identify the drive */
 137:Middlewares/Third_Party/FatFs/src/diskio.c **** 	const BYTE *buff,	/* Data to be written */
 138:Middlewares/Third_Party/FatFs/src/diskio.c **** 	DWORD sector,		/* Sector address in LBA */
 139:Middlewares/Third_Party/FatFs/src/diskio.c **** 	UINT count        	/* Number of sectors to write */
 140:Middlewares/Third_Party/FatFs/src/diskio.c **** )
 141:Middlewares/Third_Party/FatFs/src/diskio.c **** {
 161              		.loc 1 141 0
 162              		.cfi_startproc
 163              		@ args = 0, pretend = 0, frame = 0
 164              		@ frame_needed = 0, uses_anonymous_args = 0
 165              	.LVL12:
 166 0000 38B5     		push	{r3, r4, r5, lr}
 167              	.LCFI3:
 168              		.cfi_def_cfa_offset 16
 169              		.cfi_offset 3, -16
 170              		.cfi_offset 4, -12
 171              		.cfi_offset 5, -8
 172              		.cfi_offset 14, -4
 142:Middlewares/Third_Party/FatFs/src/diskio.c ****   DRESULT res;
 143:Middlewares/Third_Party/FatFs/src/diskio.c **** 
 144:Middlewares/Third_Party/FatFs/src/diskio.c ****   res = disk.drv[pdrv]->disk_write(disk.lun[pdrv], buff, sector, count);
 173              		.loc 1 144 0
 174 0002 044C     		ldr	r4, .L18
 175 0004 04EB8005 		add	r5, r4, r0, lsl #2
 176 0008 6D68     		ldr	r5, [r5, #4]
 177 000a ED68     		ldr	r5, [r5, #12]
 178 000c 0444     		add	r4, r4, r0
 179 000e 207B     		ldrb	r0, [r4, #12]	@ zero_extendqisi2
 180              	.LVL13:
 181 0010 A847     		blx	r5
 182              	.LVL14:
 145:Middlewares/Third_Party/FatFs/src/diskio.c ****   return res;
 146:Middlewares/Third_Party/FatFs/src/diskio.c **** }
 183              		.loc 1 146 0
 184 0012 38BD     		pop	{r3, r4, r5, pc}
 185              	.L19:
 186              		.align	2
 187              	.L18:
 188 0014 00000000 		.word	disk
 189              		.cfi_endproc
 190              	.LFE144:
 192              		.section	.text.disk_ioctl,"ax",%progbits
 193              		.align	1
 194              		.global	disk_ioctl
 195              		.syntax unified
 196              		.thumb
 197              		.thumb_func
 198              		.fpu fpv5-sp-d16
 200              	disk_ioctl:
 201              	.LFB145:
 147:Middlewares/Third_Party/FatFs/src/diskio.c **** #endif /* _USE_WRITE == 1 */
ARM GAS  C:\Users\Student\AppData\Local\Temp\ccEzn5rW.s 			page 7


 148:Middlewares/Third_Party/FatFs/src/diskio.c **** 
 149:Middlewares/Third_Party/FatFs/src/diskio.c **** /**
 150:Middlewares/Third_Party/FatFs/src/diskio.c ****   * @brief  I/O control operation
 151:Middlewares/Third_Party/FatFs/src/diskio.c ****   * @param  pdrv: Physical drive number (0..)
 152:Middlewares/Third_Party/FatFs/src/diskio.c ****   * @param  cmd: Control code
 153:Middlewares/Third_Party/FatFs/src/diskio.c ****   * @param  *buff: Buffer to send/receive control data
 154:Middlewares/Third_Party/FatFs/src/diskio.c ****   * @retval DRESULT: Operation result
 155:Middlewares/Third_Party/FatFs/src/diskio.c ****   */
 156:Middlewares/Third_Party/FatFs/src/diskio.c **** #if _USE_IOCTL == 1
 157:Middlewares/Third_Party/FatFs/src/diskio.c **** DRESULT disk_ioctl (
 158:Middlewares/Third_Party/FatFs/src/diskio.c **** 	BYTE pdrv,		/* Physical drive nmuber (0..) */
 159:Middlewares/Third_Party/FatFs/src/diskio.c **** 	BYTE cmd,		/* Control code */
 160:Middlewares/Third_Party/FatFs/src/diskio.c **** 	void *buff		/* Buffer to send/receive control data */
 161:Middlewares/Third_Party/FatFs/src/diskio.c **** )
 162:Middlewares/Third_Party/FatFs/src/diskio.c **** {
 202              		.loc 1 162 0
 203              		.cfi_startproc
 204              		@ args = 0, pretend = 0, frame = 0
 205              		@ frame_needed = 0, uses_anonymous_args = 0
 206              	.LVL15:
 207 0000 10B5     		push	{r4, lr}
 208              	.LCFI4:
 209              		.cfi_def_cfa_offset 8
 210              		.cfi_offset 4, -8
 211              		.cfi_offset 14, -4
 163:Middlewares/Third_Party/FatFs/src/diskio.c ****   DRESULT res;
 164:Middlewares/Third_Party/FatFs/src/diskio.c **** 
 165:Middlewares/Third_Party/FatFs/src/diskio.c ****   res = disk.drv[pdrv]->disk_ioctl(disk.lun[pdrv], cmd, buff);
 212              		.loc 1 165 0
 213 0002 044B     		ldr	r3, .L22
 214 0004 03EB8004 		add	r4, r3, r0, lsl #2
 215 0008 6468     		ldr	r4, [r4, #4]
 216 000a 2469     		ldr	r4, [r4, #16]
 217 000c 0344     		add	r3, r3, r0
 218 000e 187B     		ldrb	r0, [r3, #12]	@ zero_extendqisi2
 219              	.LVL16:
 220 0010 A047     		blx	r4
 221              	.LVL17:
 166:Middlewares/Third_Party/FatFs/src/diskio.c ****   return res;
 167:Middlewares/Third_Party/FatFs/src/diskio.c **** }
 222              		.loc 1 167 0
 223 0012 10BD     		pop	{r4, pc}
 224              	.L23:
 225              		.align	2
 226              	.L22:
 227 0014 00000000 		.word	disk
 228              		.cfi_endproc
 229              	.LFE145:
 231              		.section	.text.get_fattime,"ax",%progbits
 232              		.align	1
 233              		.weak	get_fattime
 234              		.syntax unified
 235              		.thumb
 236              		.thumb_func
 237              		.fpu fpv5-sp-d16
 239              	get_fattime:
 240              	.LFB146:
ARM GAS  C:\Users\Student\AppData\Local\Temp\ccEzn5rW.s 			page 8


 168:Middlewares/Third_Party/FatFs/src/diskio.c **** #endif /* _USE_IOCTL == 1 */
 169:Middlewares/Third_Party/FatFs/src/diskio.c **** 
 170:Middlewares/Third_Party/FatFs/src/diskio.c **** /**
 171:Middlewares/Third_Party/FatFs/src/diskio.c ****   * @brief  Gets Time from RTC
 172:Middlewares/Third_Party/FatFs/src/diskio.c ****   * @param  None
 173:Middlewares/Third_Party/FatFs/src/diskio.c ****   * @retval Time in DWORD
 174:Middlewares/Third_Party/FatFs/src/diskio.c ****   */
 175:Middlewares/Third_Party/FatFs/src/diskio.c **** __weak DWORD get_fattime (void)
 176:Middlewares/Third_Party/FatFs/src/diskio.c **** {
 241              		.loc 1 176 0
 242              		.cfi_startproc
 243              		@ args = 0, pretend = 0, frame = 0
 244              		@ frame_needed = 0, uses_anonymous_args = 0
 245              		@ link register save eliminated.
 177:Middlewares/Third_Party/FatFs/src/diskio.c ****   return 0;
 178:Middlewares/Third_Party/FatFs/src/diskio.c **** }
 246              		.loc 1 178 0
 247 0000 0020     		movs	r0, #0
 248 0002 7047     		bx	lr
 249              		.cfi_endproc
 250              	.LFE146:
 252              		.text
 253              	.Letext0:
 254              		.file 2 "Middlewares/Third_Party/FatFs/src/integer.h"
 255              		.file 3 "Middlewares/Third_Party/FatFs/src/diskio.h"
 256              		.file 4 "c:\\gcc_toolchain\\6_2017-q1-update\\arm-none-eabi\\include\\machine\\_default_types.h"
 257              		.file 5 "c:\\gcc_toolchain\\6_2017-q1-update\\arm-none-eabi\\include\\sys\\_stdint.h"
 258              		.file 6 "Drivers/CMSIS/Include/core_cm7.h"
 259              		.file 7 "Drivers/CMSIS/Device/ST/STM32F7xx/Include/system_stm32f7xx.h"
 260              		.file 8 "c:\\gcc_toolchain\\6_2017-q1-update\\arm-none-eabi\\include\\sys\\lock.h"
 261              		.file 9 "c:\\gcc_toolchain\\6_2017-q1-update\\arm-none-eabi\\include\\sys\\_types.h"
 262              		.file 10 "c:\\gcc_toolchain\\6_2017-q1-update\\lib\\gcc\\arm-none-eabi\\6.3.1\\include\\stddef.h"
 263              		.file 11 "c:\\gcc_toolchain\\6_2017-q1-update\\arm-none-eabi\\include\\sys\\reent.h"
 264              		.file 12 "Middlewares/Third_Party/FreeRTOS/Source/include/task.h"
 265              		.file 13 "Middlewares/Third_Party/FreeRTOS/Source/include/queue.h"
 266              		.file 14 "Middlewares/Third_Party/FreeRTOS/Source/CMSIS_RTOS/cmsis_os.h"
 267              		.file 15 "c:\\gcc_toolchain\\6_2017-q1-update\\arm-none-eabi\\include\\stdlib.h"
 268              		.file 16 "Middlewares/ST/STM32_USB_Host_Library/Core/Inc/usbh_def.h"
 269              		.file 17 "Middlewares/ST/STM32_USB_Host_Library/Core/Inc/usbh_ctlreq.h"
 270              		.file 18 "Middlewares/ST/STM32_USB_Host_Library/Class/MSC/Inc/usbh_msc.h"
 271              		.file 19 "Middlewares/Third_Party/FatFs/src/ff_gen_drv.h"
ARM GAS  C:\Users\Student\AppData\Local\Temp\ccEzn5rW.s 			page 9


DEFINED SYMBOLS
                            *ABS*:00000000 diskio.c
C:\Users\Student\AppData\Local\Temp\ccEzn5rW.s:18     .text.disk_status:00000000 $t
C:\Users\Student\AppData\Local\Temp\ccEzn5rW.s:25     .text.disk_status:00000000 disk_status
C:\Users\Student\AppData\Local\Temp\ccEzn5rW.s:53     .text.disk_status:00000014 $d
C:\Users\Student\AppData\Local\Temp\ccEzn5rW.s:58     .text.disk_initialize:00000000 $t
C:\Users\Student\AppData\Local\Temp\ccEzn5rW.s:65     .text.disk_initialize:00000000 disk_initialize
C:\Users\Student\AppData\Local\Temp\ccEzn5rW.s:106    .text.disk_initialize:00000024 $d
C:\Users\Student\AppData\Local\Temp\ccEzn5rW.s:111    .text.disk_read:00000000 $t
C:\Users\Student\AppData\Local\Temp\ccEzn5rW.s:118    .text.disk_read:00000000 disk_read
C:\Users\Student\AppData\Local\Temp\ccEzn5rW.s:147    .text.disk_read:00000014 $d
C:\Users\Student\AppData\Local\Temp\ccEzn5rW.s:152    .text.disk_write:00000000 $t
C:\Users\Student\AppData\Local\Temp\ccEzn5rW.s:159    .text.disk_write:00000000 disk_write
C:\Users\Student\AppData\Local\Temp\ccEzn5rW.s:188    .text.disk_write:00000014 $d
C:\Users\Student\AppData\Local\Temp\ccEzn5rW.s:193    .text.disk_ioctl:00000000 $t
C:\Users\Student\AppData\Local\Temp\ccEzn5rW.s:200    .text.disk_ioctl:00000000 disk_ioctl
C:\Users\Student\AppData\Local\Temp\ccEzn5rW.s:227    .text.disk_ioctl:00000014 $d
C:\Users\Student\AppData\Local\Temp\ccEzn5rW.s:232    .text.get_fattime:00000000 $t
C:\Users\Student\AppData\Local\Temp\ccEzn5rW.s:239    .text.get_fattime:00000000 get_fattime
                     .debug_frame:00000010 $d

UNDEFINED SYMBOLS
disk
