ARM GAS  C:\Users\milek\AppData\Local\Temp\ccaHro9M.s 			page 1


   1              		.cpu cortex-m7
   2              		.eabi_attribute 27, 1
   3              		.eabi_attribute 28, 1
   4              		.eabi_attribute 20, 1
   5              		.eabi_attribute 21, 1
   6              		.eabi_attribute 23, 3
   7              		.eabi_attribute 24, 1
   8              		.eabi_attribute 25, 1
   9              		.eabi_attribute 26, 1
  10              		.eabi_attribute 30, 1
  11              		.eabi_attribute 34, 1
  12              		.eabi_attribute 18, 4
  13              		.file	"err.c"
  14              		.text
  15              	.Ltext0:
  16              		.cfi_sections	.debug_frame
  17              		.section	.text.err_to_errno,"ax",%progbits
  18              		.align	1
  19              		.global	err_to_errno
  20              		.syntax unified
  21              		.thumb
  22              		.thumb_func
  23              		.fpu fpv5-sp-d16
  25              	err_to_errno:
  26              	.LFB159:
  27              		.file 1 "Middlewares/Third_Party/LwIP/src/api/err.c"
   1:Middlewares/Third_Party/LwIP/src/api/err.c **** /**
   2:Middlewares/Third_Party/LwIP/src/api/err.c ****  * @file
   3:Middlewares/Third_Party/LwIP/src/api/err.c ****  * Error Management module
   4:Middlewares/Third_Party/LwIP/src/api/err.c ****  *
   5:Middlewares/Third_Party/LwIP/src/api/err.c ****  */
   6:Middlewares/Third_Party/LwIP/src/api/err.c **** 
   7:Middlewares/Third_Party/LwIP/src/api/err.c **** /*
   8:Middlewares/Third_Party/LwIP/src/api/err.c ****  * Copyright (c) 2001-2004 Swedish Institute of Computer Science.
   9:Middlewares/Third_Party/LwIP/src/api/err.c ****  * All rights reserved.
  10:Middlewares/Third_Party/LwIP/src/api/err.c ****  *
  11:Middlewares/Third_Party/LwIP/src/api/err.c ****  * Redistribution and use in source and binary forms, with or without modification,
  12:Middlewares/Third_Party/LwIP/src/api/err.c ****  * are permitted provided that the following conditions are met:
  13:Middlewares/Third_Party/LwIP/src/api/err.c ****  *
  14:Middlewares/Third_Party/LwIP/src/api/err.c ****  * 1. Redistributions of source code must retain the above copyright notice,
  15:Middlewares/Third_Party/LwIP/src/api/err.c ****  *    this list of conditions and the following disclaimer.
  16:Middlewares/Third_Party/LwIP/src/api/err.c ****  * 2. Redistributions in binary form must reproduce the above copyright notice,
  17:Middlewares/Third_Party/LwIP/src/api/err.c ****  *    this list of conditions and the following disclaimer in the documentation
  18:Middlewares/Third_Party/LwIP/src/api/err.c ****  *    and/or other materials provided with the distribution.
  19:Middlewares/Third_Party/LwIP/src/api/err.c ****  * 3. The name of the author may not be used to endorse or promote products
  20:Middlewares/Third_Party/LwIP/src/api/err.c ****  *    derived from this software without specific prior written permission.
  21:Middlewares/Third_Party/LwIP/src/api/err.c ****  *
  22:Middlewares/Third_Party/LwIP/src/api/err.c ****  * THIS SOFTWARE IS PROVIDED BY THE AUTHOR ``AS IS'' AND ANY EXPRESS OR IMPLIED
  23:Middlewares/Third_Party/LwIP/src/api/err.c ****  * WARRANTIES, INCLUDING, BUT NOT LIMITED TO, THE IMPLIED WARRANTIES OF
  24:Middlewares/Third_Party/LwIP/src/api/err.c ****  * MERCHANTABILITY AND FITNESS FOR A PARTICULAR PURPOSE ARE DISCLAIMED. IN NO EVENT
  25:Middlewares/Third_Party/LwIP/src/api/err.c ****  * SHALL THE AUTHOR BE LIABLE FOR ANY DIRECT, INDIRECT, INCIDENTAL, SPECIAL,
  26:Middlewares/Third_Party/LwIP/src/api/err.c ****  * EXEMPLARY, OR CONSEQUENTIAL DAMAGES (INCLUDING, BUT NOT LIMITED TO, PROCUREMENT
  27:Middlewares/Third_Party/LwIP/src/api/err.c ****  * OF SUBSTITUTE GOODS OR SERVICES; LOSS OF USE, DATA, OR PROFITS; OR BUSINESS
  28:Middlewares/Third_Party/LwIP/src/api/err.c ****  * INTERRUPTION) HOWEVER CAUSED AND ON ANY THEORY OF LIABILITY, WHETHER IN
  29:Middlewares/Third_Party/LwIP/src/api/err.c ****  * CONTRACT, STRICT LIABILITY, OR TORT (INCLUDING NEGLIGENCE OR OTHERWISE) ARISING
  30:Middlewares/Third_Party/LwIP/src/api/err.c ****  * IN ANY WAY OUT OF THE USE OF THIS SOFTWARE, EVEN IF ADVISED OF THE POSSIBILITY
  31:Middlewares/Third_Party/LwIP/src/api/err.c ****  * OF SUCH DAMAGE.
ARM GAS  C:\Users\milek\AppData\Local\Temp\ccaHro9M.s 			page 2


  32:Middlewares/Third_Party/LwIP/src/api/err.c ****  *
  33:Middlewares/Third_Party/LwIP/src/api/err.c ****  * This file is part of the lwIP TCP/IP stack.
  34:Middlewares/Third_Party/LwIP/src/api/err.c ****  *
  35:Middlewares/Third_Party/LwIP/src/api/err.c ****  * Author: Adam Dunkels <adam@sics.se>
  36:Middlewares/Third_Party/LwIP/src/api/err.c ****  *
  37:Middlewares/Third_Party/LwIP/src/api/err.c ****  */
  38:Middlewares/Third_Party/LwIP/src/api/err.c **** 
  39:Middlewares/Third_Party/LwIP/src/api/err.c **** #include "lwip/err.h"
  40:Middlewares/Third_Party/LwIP/src/api/err.c **** #include "lwip/def.h"
  41:Middlewares/Third_Party/LwIP/src/api/err.c **** #include "lwip/sys.h"
  42:Middlewares/Third_Party/LwIP/src/api/err.c **** 
  43:Middlewares/Third_Party/LwIP/src/api/err.c **** #include "lwip/errno.h"
  44:Middlewares/Third_Party/LwIP/src/api/err.c **** 
  45:Middlewares/Third_Party/LwIP/src/api/err.c **** #if !NO_SYS
  46:Middlewares/Third_Party/LwIP/src/api/err.c **** /** Table to quickly map an lwIP error (err_t) to a socket error
  47:Middlewares/Third_Party/LwIP/src/api/err.c ****   * by using -err as an index */
  48:Middlewares/Third_Party/LwIP/src/api/err.c **** static const int err_to_errno_table[] = {
  49:Middlewares/Third_Party/LwIP/src/api/err.c ****   0,             /* ERR_OK          0      No error, everything OK. */
  50:Middlewares/Third_Party/LwIP/src/api/err.c ****   ENOMEM,        /* ERR_MEM        -1      Out of memory error.     */
  51:Middlewares/Third_Party/LwIP/src/api/err.c ****   ENOBUFS,       /* ERR_BUF        -2      Buffer error.            */
  52:Middlewares/Third_Party/LwIP/src/api/err.c ****   EWOULDBLOCK,   /* ERR_TIMEOUT    -3      Timeout                  */
  53:Middlewares/Third_Party/LwIP/src/api/err.c ****   EHOSTUNREACH,  /* ERR_RTE        -4      Routing problem.         */
  54:Middlewares/Third_Party/LwIP/src/api/err.c ****   EINPROGRESS,   /* ERR_INPROGRESS -5      Operation in progress    */
  55:Middlewares/Third_Party/LwIP/src/api/err.c ****   EINVAL,        /* ERR_VAL        -6      Illegal value.           */
  56:Middlewares/Third_Party/LwIP/src/api/err.c ****   EWOULDBLOCK,   /* ERR_WOULDBLOCK -7      Operation would block.   */
  57:Middlewares/Third_Party/LwIP/src/api/err.c ****   EADDRINUSE,    /* ERR_USE        -8      Address in use.          */
  58:Middlewares/Third_Party/LwIP/src/api/err.c ****   EALREADY,      /* ERR_ALREADY    -9      Already connecting.      */
  59:Middlewares/Third_Party/LwIP/src/api/err.c ****   EISCONN,       /* ERR_ISCONN     -10     Conn already established.*/
  60:Middlewares/Third_Party/LwIP/src/api/err.c ****   ENOTCONN,      /* ERR_CONN       -11     Not connected.           */
  61:Middlewares/Third_Party/LwIP/src/api/err.c ****   -1,            /* ERR_IF         -12     Low-level netif error    */
  62:Middlewares/Third_Party/LwIP/src/api/err.c ****   ECONNABORTED,  /* ERR_ABRT       -13     Connection aborted.      */
  63:Middlewares/Third_Party/LwIP/src/api/err.c ****   ECONNRESET,    /* ERR_RST        -14     Connection reset.        */
  64:Middlewares/Third_Party/LwIP/src/api/err.c ****   ENOTCONN,      /* ERR_CLSD       -15     Connection closed.       */
  65:Middlewares/Third_Party/LwIP/src/api/err.c ****   EIO            /* ERR_ARG        -16     Illegal argument.        */
  66:Middlewares/Third_Party/LwIP/src/api/err.c **** };
  67:Middlewares/Third_Party/LwIP/src/api/err.c **** 
  68:Middlewares/Third_Party/LwIP/src/api/err.c **** int
  69:Middlewares/Third_Party/LwIP/src/api/err.c **** err_to_errno(err_t err)
  70:Middlewares/Third_Party/LwIP/src/api/err.c **** {
  28              		.loc 1 70 0
  29              		.cfi_startproc
  30              		@ args = 0, pretend = 0, frame = 0
  31              		@ frame_needed = 0, uses_anonymous_args = 0
  32              		@ link register save eliminated.
  33              	.LVL0:
  71:Middlewares/Third_Party/LwIP/src/api/err.c ****   if ((err > 0) || (-err >= (err_t)LWIP_ARRAYSIZE(err_to_errno_table))) {
  34              		.loc 1 71 0
  35 0000 0028     		cmp	r0, #0
  36              	.LVL1:
  37 0002 06DC     		bgt	.L3
  38              		.loc 1 71 0 is_stmt 0 discriminator 1
  39 0004 4042     		negs	r0, r0
  40 0006 1028     		cmp	r0, #16
  41 0008 05DC     		bgt	.L4
  72:Middlewares/Third_Party/LwIP/src/api/err.c ****     return EIO;
  73:Middlewares/Third_Party/LwIP/src/api/err.c ****   }
  74:Middlewares/Third_Party/LwIP/src/api/err.c ****   return err_to_errno_table[-err];
ARM GAS  C:\Users\milek\AppData\Local\Temp\ccaHro9M.s 			page 3


  42              		.loc 1 74 0 is_stmt 1
  43 000a 044B     		ldr	r3, .L5
  44 000c 53F82000 		ldr	r0, [r3, r0, lsl #2]
  45 0010 7047     		bx	lr
  46              	.L3:
  72:Middlewares/Third_Party/LwIP/src/api/err.c ****     return EIO;
  47              		.loc 1 72 0
  48 0012 0520     		movs	r0, #5
  49 0014 7047     		bx	lr
  50              	.L4:
  51 0016 0520     		movs	r0, #5
  75:Middlewares/Third_Party/LwIP/src/api/err.c **** }
  52              		.loc 1 75 0
  53 0018 7047     		bx	lr
  54              	.L6:
  55 001a 00BF     		.align	2
  56              	.L5:
  57 001c 00000000 		.word	.LANCHOR0
  58              		.cfi_endproc
  59              	.LFE159:
  61              		.section	.rodata.err_to_errno_table,"a",%progbits
  62              		.align	2
  63              		.set	.LANCHOR0,. + 0
  66              	err_to_errno_table:
  67 0000 00000000 		.word	0
  68 0004 0C000000 		.word	12
  69 0008 69000000 		.word	105
  70 000c 0B000000 		.word	11
  71 0010 71000000 		.word	113
  72 0014 73000000 		.word	115
  73 0018 16000000 		.word	22
  74 001c 0B000000 		.word	11
  75 0020 62000000 		.word	98
  76 0024 72000000 		.word	114
  77 0028 6A000000 		.word	106
  78 002c 6B000000 		.word	107
  79 0030 FFFFFFFF 		.word	-1
  80 0034 67000000 		.word	103
  81 0038 68000000 		.word	104
  82 003c 6B000000 		.word	107
  83 0040 05000000 		.word	5
  84              		.text
  85              	.Letext0:
  86              		.file 2 "d:\\program files (x86)\\gnu\\7_2018-q2-update\\arm-none-eabi\\include\\machine\\_default
  87              		.file 3 "d:\\program files (x86)\\gnu\\7_2018-q2-update\\arm-none-eabi\\include\\sys\\_stdint.h"
  88              		.file 4 "Drivers/CMSIS/Include/core_cm7.h"
  89              		.file 5 "Drivers/CMSIS/Device/ST/STM32F7xx/Include/system_stm32f7xx.h"
  90              		.file 6 "d:\\program files (x86)\\gnu\\7_2018-q2-update\\arm-none-eabi\\include\\sys\\lock.h"
  91              		.file 7 "d:\\program files (x86)\\gnu\\7_2018-q2-update\\arm-none-eabi\\include\\sys\\_types.h"
  92              		.file 8 "d:\\program files (x86)\\gnu\\7_2018-q2-update\\lib\\gcc\\arm-none-eabi\\7.3.1\\include\\
  93              		.file 9 "d:\\program files (x86)\\gnu\\7_2018-q2-update\\arm-none-eabi\\include\\sys\\reent.h"
  94              		.file 10 "d:\\program files (x86)\\gnu\\7_2018-q2-update\\arm-none-eabi\\include\\stdlib.h"
  95              		.file 11 "d:\\program files (x86)\\gnu\\7_2018-q2-update\\arm-none-eabi\\include\\time.h"
  96              		.file 12 "Middlewares/Third_Party/LwIP/src/include/lwip/arch.h"
  97              		.file 13 "Middlewares/Third_Party/LwIP/src/include/lwip/err.h"
  98              		.file 14 "Middlewares/Third_Party/LwIP/src/include/lwip/errno.h"
ARM GAS  C:\Users\milek\AppData\Local\Temp\ccaHro9M.s 			page 4


DEFINED SYMBOLS
                            *ABS*:00000000 err.c
C:\Users\milek\AppData\Local\Temp\ccaHro9M.s:18     .text.err_to_errno:00000000 $t
C:\Users\milek\AppData\Local\Temp\ccaHro9M.s:25     .text.err_to_errno:00000000 err_to_errno
C:\Users\milek\AppData\Local\Temp\ccaHro9M.s:57     .text.err_to_errno:0000001c $d
C:\Users\milek\AppData\Local\Temp\ccaHro9M.s:62     .rodata.err_to_errno_table:00000000 $d
C:\Users\milek\AppData\Local\Temp\ccaHro9M.s:66     .rodata.err_to_errno_table:00000000 err_to_errno_table

NO UNDEFINED SYMBOLS
