ARM GAS  C:\Users\milek\AppData\Local\Temp\cciuPPUE.s 			page 1


   1              		.cpu cortex-m7
   2              		.eabi_attribute 27, 1
   3              		.eabi_attribute 28, 1
   4              		.eabi_attribute 20, 1
   5              		.eabi_attribute 21, 1
   6              		.eabi_attribute 23, 3
   7              		.eabi_attribute 24, 1
   8              		.eabi_attribute 25, 1
   9              		.eabi_attribute 26, 1
  10              		.eabi_attribute 30, 1
  11              		.eabi_attribute 34, 1
  12              		.eabi_attribute 18, 4
  13              		.file	"fatfs_platform.c"
  14              		.text
  15              	.Ltext0:
  16              		.cfi_sections	.debug_frame
  17              		.section	.text.BSP_PlatformIsDetected,"ax",%progbits
  18              		.align	1
  19              		.global	BSP_PlatformIsDetected
  20              		.syntax unified
  21              		.thumb
  22              		.thumb_func
  23              		.fpu fpv5-sp-d16
  25              	BSP_PlatformIsDetected:
  26              	.LFB138:
  27              		.file 1 "Src/fatfs_platform.c"
   1:Src/fatfs_platform.c **** /**
   2:Src/fatfs_platform.c ****   ******************************************************************************
   3:Src/fatfs_platform.c ****   * @file           : fatfs_platform.c
   4:Src/fatfs_platform.c ****   * @brief          : fatfs_platform source file
   5:Src/fatfs_platform.c ****   ******************************************************************************
   6:Src/fatfs_platform.c ****   * This notice applies to any and all portions of this file
   7:Src/fatfs_platform.c ****   * that are not between comment pairs USER CODE BEGIN and
   8:Src/fatfs_platform.c ****   * USER CODE END. Other portions of this file, whether 
   9:Src/fatfs_platform.c ****   * inserted by the user or by software development tools
  10:Src/fatfs_platform.c ****   * are owned by their respective copyright owners.
  11:Src/fatfs_platform.c ****   *
  12:Src/fatfs_platform.c ****   * Copyright (c) 2018 STMicroelectronics International N.V. 
  13:Src/fatfs_platform.c ****   * All rights reserved.
  14:Src/fatfs_platform.c ****   *
  15:Src/fatfs_platform.c ****   * Redistribution and use in source and binary forms, with or without 
  16:Src/fatfs_platform.c ****   * modification, are permitted, provided that the following conditions are met:
  17:Src/fatfs_platform.c ****   *
  18:Src/fatfs_platform.c ****   * 1. Redistribution of source code must retain the above copyright notice, 
  19:Src/fatfs_platform.c ****   *    this list of conditions and the following disclaimer.
  20:Src/fatfs_platform.c ****   * 2. Redistributions in binary form must reproduce the above copyright notice,
  21:Src/fatfs_platform.c ****   *    this list of conditions and the following disclaimer in the documentation
  22:Src/fatfs_platform.c ****   *    and/or other materials provided with the distribution.
  23:Src/fatfs_platform.c ****   * 3. Neither the name of STMicroelectronics nor the names of other 
  24:Src/fatfs_platform.c ****   *    contributors to this software may be used to endorse or promote products 
  25:Src/fatfs_platform.c ****   *    derived from this software without specific written permission.
  26:Src/fatfs_platform.c ****   * 4. This software, including modifications and/or derivative works of this 
  27:Src/fatfs_platform.c ****   *    software, must execute solely and exclusively on microcontroller or
  28:Src/fatfs_platform.c ****   *    microprocessor devices manufactured by or for STMicroelectronics.
  29:Src/fatfs_platform.c ****   * 5. Redistribution and use of this software other than as permitted under 
  30:Src/fatfs_platform.c ****   *    this license is void and will automatically terminate your rights under 
  31:Src/fatfs_platform.c ****   *    this license. 
ARM GAS  C:\Users\milek\AppData\Local\Temp\cciuPPUE.s 			page 2


  32:Src/fatfs_platform.c ****   *
  33:Src/fatfs_platform.c ****   * THIS SOFTWARE IS PROVIDED BY STMICROELECTRONICS AND CONTRIBUTORS "AS IS" 
  34:Src/fatfs_platform.c ****   * AND ANY EXPRESS, IMPLIED OR STATUTORY WARRANTIES, INCLUDING, BUT NOT 
  35:Src/fatfs_platform.c ****   * LIMITED TO, THE IMPLIED WARRANTIES OF MERCHANTABILITY, FITNESS FOR A 
  36:Src/fatfs_platform.c ****   * PARTICULAR PURPOSE AND NON-INFRINGEMENT OF THIRD PARTY INTELLECTUAL PROPERTY
  37:Src/fatfs_platform.c ****   * RIGHTS ARE DISCLAIMED TO THE FULLEST EXTENT PERMITTED BY LAW. IN NO EVENT 
  38:Src/fatfs_platform.c ****   * SHALL STMICROELECTRONICS OR CONTRIBUTORS BE LIABLE FOR ANY DIRECT, INDIRECT,
  39:Src/fatfs_platform.c ****   * INCIDENTAL, SPECIAL, EXEMPLARY, OR CONSEQUENTIAL DAMAGES (INCLUDING, BUT NOT
  40:Src/fatfs_platform.c ****   * LIMITED TO, PROCUREMENT OF SUBSTITUTE GOODS OR SERVICES; LOSS OF USE, DATA, 
  41:Src/fatfs_platform.c ****   * OR PROFITS; OR BUSINESS INTERRUPTION) HOWEVER CAUSED AND ON ANY THEORY OF 
  42:Src/fatfs_platform.c ****   * LIABILITY, WHETHER IN CONTRACT, STRICT LIABILITY, OR TORT (INCLUDING 
  43:Src/fatfs_platform.c ****   * NEGLIGENCE OR OTHERWISE) ARISING IN ANY WAY OUT OF THE USE OF THIS SOFTWARE,
  44:Src/fatfs_platform.c ****   * EVEN IF ADVISED OF THE POSSIBILITY OF SUCH DAMAGE.
  45:Src/fatfs_platform.c ****   *
  46:Src/fatfs_platform.c ****   ******************************************************************************
  47:Src/fatfs_platform.c **** */
  48:Src/fatfs_platform.c **** #include "fatfs_platform.h"
  49:Src/fatfs_platform.c **** 
  50:Src/fatfs_platform.c **** uint8_t	BSP_PlatformIsDetected(void) {
  28              		.loc 1 50 0
  29              		.cfi_startproc
  30              		@ args = 0, pretend = 0, frame = 0
  31              		@ frame_needed = 0, uses_anonymous_args = 0
  32 0000 08B5     		push	{r3, lr}
  33              	.LCFI0:
  34              		.cfi_def_cfa_offset 8
  35              		.cfi_offset 3, -8
  36              		.cfi_offset 14, -4
  37              	.LVL0:
  51:Src/fatfs_platform.c ****   uint8_t status = (uint8_t)0x01;
  52:Src/fatfs_platform.c ****   /* Check SD card detect pin */
  53:Src/fatfs_platform.c ****   if (HAL_GPIO_ReadPin(SD_PORT,SD_PIN) == GPIO_PIN_RESET) {
  38              		.loc 1 53 0
  39 0002 4FF40051 		mov	r1, #8192
  40 0006 0448     		ldr	r0, .L6
  41 0008 FFF7FEFF 		bl	HAL_GPIO_ReadPin
  42              	.LVL1:
  43 000c 08B9     		cbnz	r0, .L5
  54:Src/fatfs_platform.c ****     status = (uint8_t)0x00;
  44              		.loc 1 54 0
  45 000e 0020     		movs	r0, #0
  46              	.L2:
  47              	.LVL2:
  55:Src/fatfs_platform.c ****   }
  56:Src/fatfs_platform.c ****   /* USER CODE BEGIN 1 */
  57:Src/fatfs_platform.c ****   /* user code can be inserted here */
  58:Src/fatfs_platform.c ****   /* USER CODE END 1 */ 
  59:Src/fatfs_platform.c ****   return status;
  60:Src/fatfs_platform.c **** }  
  48              		.loc 1 60 0
  49 0010 08BD     		pop	{r3, pc}
  50              	.LVL3:
  51              	.L5:
  51:Src/fatfs_platform.c ****   /* Check SD card detect pin */
  52              		.loc 1 51 0
  53 0012 0120     		movs	r0, #1
  54 0014 FCE7     		b	.L2
ARM GAS  C:\Users\milek\AppData\Local\Temp\cciuPPUE.s 			page 3


  55              	.L7:
  56 0016 00BF     		.align	2
  57              	.L6:
  58 0018 00080240 		.word	1073874944
  59              		.cfi_endproc
  60              	.LFE138:
  62              		.text
  63              	.Letext0:
  64              		.file 2 "d:\\program files (x86)\\gnu\\7_2018-q2-update\\arm-none-eabi\\include\\machine\\_default
  65              		.file 3 "d:\\program files (x86)\\gnu\\7_2018-q2-update\\arm-none-eabi\\include\\sys\\_stdint.h"
  66              		.file 4 "Drivers/CMSIS/Include/core_cm7.h"
  67              		.file 5 "Drivers/CMSIS/Device/ST/STM32F7xx/Include/system_stm32f7xx.h"
  68              		.file 6 "Drivers/CMSIS/Device/ST/STM32F7xx/Include/stm32f746xx.h"
  69              		.file 7 "d:\\program files (x86)\\gnu\\7_2018-q2-update\\arm-none-eabi\\include\\sys\\lock.h"
  70              		.file 8 "d:\\program files (x86)\\gnu\\7_2018-q2-update\\arm-none-eabi\\include\\sys\\_types.h"
  71              		.file 9 "d:\\program files (x86)\\gnu\\7_2018-q2-update\\lib\\gcc\\arm-none-eabi\\7.3.1\\include\\
  72              		.file 10 "d:\\program files (x86)\\gnu\\7_2018-q2-update\\arm-none-eabi\\include\\sys\\reent.h"
  73              		.file 11 "Drivers/STM32F7xx_HAL_Driver/Inc/stm32f7xx_hal_gpio.h"
ARM GAS  C:\Users\milek\AppData\Local\Temp\cciuPPUE.s 			page 4


DEFINED SYMBOLS
                            *ABS*:00000000 fatfs_platform.c
C:\Users\milek\AppData\Local\Temp\cciuPPUE.s:18     .text.BSP_PlatformIsDetected:00000000 $t
C:\Users\milek\AppData\Local\Temp\cciuPPUE.s:25     .text.BSP_PlatformIsDetected:00000000 BSP_PlatformIsDetected
C:\Users\milek\AppData\Local\Temp\cciuPPUE.s:58     .text.BSP_PlatformIsDetected:00000018 $d

UNDEFINED SYMBOLS
HAL_GPIO_ReadPin
