ARM GAS  C:\Users\Student\AppData\Local\Temp\ccGq6HDz.s 			page 1


   1              		.cpu cortex-m7
   2              		.eabi_attribute 27, 1
   3              		.eabi_attribute 28, 1
   4              		.eabi_attribute 20, 1
   5              		.eabi_attribute 21, 1
   6              		.eabi_attribute 23, 3
   7              		.eabi_attribute 24, 1
   8              		.eabi_attribute 25, 1
   9              		.eabi_attribute 26, 1
  10              		.eabi_attribute 30, 1
  11              		.eabi_attribute 34, 1
  12              		.eabi_attribute 18, 4
  13              		.file	"ff_gen_drv.c"
  14              		.text
  15              	.Ltext0:
  16              		.cfi_sections	.debug_frame
  17              		.section	.text.FATFS_LinkDriverEx,"ax",%progbits
  18              		.align	1
  19              		.global	FATFS_LinkDriverEx
  20              		.syntax unified
  21              		.thumb
  22              		.thumb_func
  23              		.fpu fpv5-sp-d16
  25              	FATFS_LinkDriverEx:
  26              	.LFB141:
  27              		.file 1 "Middlewares/Third_Party/FatFs/src/ff_gen_drv.c"
   1:Middlewares/Third_Party/FatFs/src/ff_gen_drv.c **** /**
   2:Middlewares/Third_Party/FatFs/src/ff_gen_drv.c ****   ******************************************************************************
   3:Middlewares/Third_Party/FatFs/src/ff_gen_drv.c ****   * @file    ff_gen_drv.c
   4:Middlewares/Third_Party/FatFs/src/ff_gen_drv.c ****   * @author  MCD Application Team
   5:Middlewares/Third_Party/FatFs/src/ff_gen_drv.c ****   * @version V2.0.2
   6:Middlewares/Third_Party/FatFs/src/ff_gen_drv.c ****   * @date    10-November-2017
   7:Middlewares/Third_Party/FatFs/src/ff_gen_drv.c ****   * @brief   FatFs generic low level driver.
   8:Middlewares/Third_Party/FatFs/src/ff_gen_drv.c ****   ******************************************************************************
   9:Middlewares/Third_Party/FatFs/src/ff_gen_drv.c ****   * @attention
  10:Middlewares/Third_Party/FatFs/src/ff_gen_drv.c ****   *
  11:Middlewares/Third_Party/FatFs/src/ff_gen_drv.c ****   * <h2><center>&copy; Copyright (c) 2017 STMicroelectronics International N.V.
  12:Middlewares/Third_Party/FatFs/src/ff_gen_drv.c ****   * All rights reserved.</center></h2>
  13:Middlewares/Third_Party/FatFs/src/ff_gen_drv.c ****   *
  14:Middlewares/Third_Party/FatFs/src/ff_gen_drv.c ****   * Redistribution and use in source and binary forms, with or without
  15:Middlewares/Third_Party/FatFs/src/ff_gen_drv.c ****   * modification, are permitted, provided that the following conditions are met:
  16:Middlewares/Third_Party/FatFs/src/ff_gen_drv.c ****   *
  17:Middlewares/Third_Party/FatFs/src/ff_gen_drv.c ****   * 1. Redistribution of source code must retain the above copyright notice,
  18:Middlewares/Third_Party/FatFs/src/ff_gen_drv.c ****   *    this list of conditions and the following disclaimer.
  19:Middlewares/Third_Party/FatFs/src/ff_gen_drv.c ****   * 2. Redistributions in binary form must reproduce the above copyright notice,
  20:Middlewares/Third_Party/FatFs/src/ff_gen_drv.c ****   *    this list of conditions and the following disclaimer in the documentation
  21:Middlewares/Third_Party/FatFs/src/ff_gen_drv.c ****   *    and/or other materials provided with the distribution.
  22:Middlewares/Third_Party/FatFs/src/ff_gen_drv.c ****   * 3. Neither the name of STMicroelectronics nor the names of other
  23:Middlewares/Third_Party/FatFs/src/ff_gen_drv.c ****   *    contributors to this software may be used to endorse or promote products
  24:Middlewares/Third_Party/FatFs/src/ff_gen_drv.c ****   *    derived from this software without specific written permission.
  25:Middlewares/Third_Party/FatFs/src/ff_gen_drv.c ****   * 4. This software, including modifications and/or derivative works of this
  26:Middlewares/Third_Party/FatFs/src/ff_gen_drv.c ****   *    software, must execute solely and exclusively on microcontroller or
  27:Middlewares/Third_Party/FatFs/src/ff_gen_drv.c ****   *    microprocessor devices manufactured by or for STMicroelectronics.
  28:Middlewares/Third_Party/FatFs/src/ff_gen_drv.c ****   * 5. Redistribution and use of this software other than as permitted under
  29:Middlewares/Third_Party/FatFs/src/ff_gen_drv.c ****   *    this license is void and will automatically terminate your rights under
  30:Middlewares/Third_Party/FatFs/src/ff_gen_drv.c ****   *    this license.
  31:Middlewares/Third_Party/FatFs/src/ff_gen_drv.c ****   *
ARM GAS  C:\Users\Student\AppData\Local\Temp\ccGq6HDz.s 			page 2


  32:Middlewares/Third_Party/FatFs/src/ff_gen_drv.c ****   * THIS SOFTWARE IS PROVIDED BY STMICROELECTRONICS AND CONTRIBUTORS "AS IS"
  33:Middlewares/Third_Party/FatFs/src/ff_gen_drv.c ****   * AND ANY EXPRESS, IMPLIED OR STATUTORY WARRANTIES, INCLUDING, BUT NOT
  34:Middlewares/Third_Party/FatFs/src/ff_gen_drv.c ****   * LIMITED TO, THE IMPLIED WARRANTIES OF MERCHANTABILITY, FITNESS FOR A
  35:Middlewares/Third_Party/FatFs/src/ff_gen_drv.c ****   * PARTICULAR PURPOSE AND NON-INFRINGEMENT OF THIRD PARTY INTELLECTUAL PROPERTY
  36:Middlewares/Third_Party/FatFs/src/ff_gen_drv.c ****   * RIGHTS ARE DISCLAIMED TO THE FULLEST EXTENT PERMITTED BY LAW. IN NO EVENT
  37:Middlewares/Third_Party/FatFs/src/ff_gen_drv.c ****   * SHALL STMICROELECTRONICS OR CONTRIBUTORS BE LIABLE FOR ANY DIRECT, INDIRECT,
  38:Middlewares/Third_Party/FatFs/src/ff_gen_drv.c ****   * INCIDENTAL, SPECIAL, EXEMPLARY, OR CONSEQUENTIAL DAMAGES (INCLUDING, BUT NOT
  39:Middlewares/Third_Party/FatFs/src/ff_gen_drv.c ****   * LIMITED TO, PROCUREMENT OF SUBSTITUTE GOODS OR SERVICES; LOSS OF USE, DATA,
  40:Middlewares/Third_Party/FatFs/src/ff_gen_drv.c ****   * OR PROFITS; OR BUSINESS INTERRUPTION) HOWEVER CAUSED AND ON ANY THEORY OF
  41:Middlewares/Third_Party/FatFs/src/ff_gen_drv.c ****   * LIABILITY, WHETHER IN CONTRACT, STRICT LIABILITY, OR TORT (INCLUDING
  42:Middlewares/Third_Party/FatFs/src/ff_gen_drv.c ****   * NEGLIGENCE OR OTHERWISE) ARISING IN ANY WAY OUT OF THE USE OF THIS SOFTWARE,
  43:Middlewares/Third_Party/FatFs/src/ff_gen_drv.c ****   * EVEN IF ADVISED OF THE POSSIBILITY OF SUCH DAMAGE.
  44:Middlewares/Third_Party/FatFs/src/ff_gen_drv.c ****   *
  45:Middlewares/Third_Party/FatFs/src/ff_gen_drv.c ****   ******************************************************************************
  46:Middlewares/Third_Party/FatFs/src/ff_gen_drv.c ****   */
  47:Middlewares/Third_Party/FatFs/src/ff_gen_drv.c **** 
  48:Middlewares/Third_Party/FatFs/src/ff_gen_drv.c **** /* Includes ------------------------------------------------------------------*/
  49:Middlewares/Third_Party/FatFs/src/ff_gen_drv.c **** #include "ff_gen_drv.h"
  50:Middlewares/Third_Party/FatFs/src/ff_gen_drv.c **** 
  51:Middlewares/Third_Party/FatFs/src/ff_gen_drv.c **** /* Private typedef -----------------------------------------------------------*/
  52:Middlewares/Third_Party/FatFs/src/ff_gen_drv.c **** /* Private define ------------------------------------------------------------*/
  53:Middlewares/Third_Party/FatFs/src/ff_gen_drv.c **** /* Private variables ---------------------------------------------------------*/
  54:Middlewares/Third_Party/FatFs/src/ff_gen_drv.c **** Disk_drvTypeDef disk = {{0},{0},{0},0};
  55:Middlewares/Third_Party/FatFs/src/ff_gen_drv.c **** 
  56:Middlewares/Third_Party/FatFs/src/ff_gen_drv.c **** /* Private function prototypes -----------------------------------------------*/
  57:Middlewares/Third_Party/FatFs/src/ff_gen_drv.c **** /* Private functions ---------------------------------------------------------*/
  58:Middlewares/Third_Party/FatFs/src/ff_gen_drv.c **** 
  59:Middlewares/Third_Party/FatFs/src/ff_gen_drv.c **** /**
  60:Middlewares/Third_Party/FatFs/src/ff_gen_drv.c ****   * @brief  Links a compatible diskio driver/lun id and increments the number of active
  61:Middlewares/Third_Party/FatFs/src/ff_gen_drv.c ****   *         linked drivers.
  62:Middlewares/Third_Party/FatFs/src/ff_gen_drv.c ****   * @note   The number of linked drivers (volumes) is up to 10 due to FatFs limits.
  63:Middlewares/Third_Party/FatFs/src/ff_gen_drv.c ****   * @param  drv: pointer to the disk IO Driver structure
  64:Middlewares/Third_Party/FatFs/src/ff_gen_drv.c ****   * @param  path: pointer to the logical drive path
  65:Middlewares/Third_Party/FatFs/src/ff_gen_drv.c ****   * @param  lun : only used for USB Key Disk to add multi-lun management
  66:Middlewares/Third_Party/FatFs/src/ff_gen_drv.c ****             else the parameter must be equal to 0
  67:Middlewares/Third_Party/FatFs/src/ff_gen_drv.c ****   * @retval Returns 0 in case of success, otherwise 1.
  68:Middlewares/Third_Party/FatFs/src/ff_gen_drv.c ****   */
  69:Middlewares/Third_Party/FatFs/src/ff_gen_drv.c **** uint8_t FATFS_LinkDriverEx(const Diskio_drvTypeDef *drv, char *path, uint8_t lun)
  70:Middlewares/Third_Party/FatFs/src/ff_gen_drv.c **** {
  28              		.loc 1 70 0
  29              		.cfi_startproc
  30              		@ args = 0, pretend = 0, frame = 0
  31              		@ frame_needed = 0, uses_anonymous_args = 0
  32              		@ link register save eliminated.
  33              	.LVL0:
  71:Middlewares/Third_Party/FatFs/src/ff_gen_drv.c ****   uint8_t ret = 1;
  72:Middlewares/Third_Party/FatFs/src/ff_gen_drv.c ****   uint8_t DiskNum = 0;
  73:Middlewares/Third_Party/FatFs/src/ff_gen_drv.c **** 
  74:Middlewares/Third_Party/FatFs/src/ff_gen_drv.c ****   if(disk.nbr < _VOLUMES)
  34              		.loc 1 74 0
  35 0000 114B     		ldr	r3, .L9
  36 0002 9B7B     		ldrb	r3, [r3, #14]	@ zero_extendqisi2
  37 0004 DBB2     		uxtb	r3, r3
  38 0006 012B     		cmp	r3, #1
  39 0008 01D9     		bls	.L8
  71:Middlewares/Third_Party/FatFs/src/ff_gen_drv.c ****   uint8_t ret = 1;
  40              		.loc 1 71 0
ARM GAS  C:\Users\Student\AppData\Local\Temp\ccGq6HDz.s 			page 3


  41 000a 0120     		movs	r0, #1
  42              	.LVL1:
  43 000c 7047     		bx	lr
  44              	.LVL2:
  45              	.L8:
  70:Middlewares/Third_Party/FatFs/src/ff_gen_drv.c ****   uint8_t ret = 1;
  46              		.loc 1 70 0
  47 000e 30B4     		push	{r4, r5}
  48              	.LCFI0:
  49              		.cfi_def_cfa_offset 8
  50              		.cfi_offset 4, -8
  51              		.cfi_offset 5, -4
  75:Middlewares/Third_Party/FatFs/src/ff_gen_drv.c ****   {
  76:Middlewares/Third_Party/FatFs/src/ff_gen_drv.c ****     disk.is_initialized[disk.nbr] = 0;
  52              		.loc 1 76 0
  53 0010 0D4C     		ldr	r4, .L9
  54 0012 A57B     		ldrb	r5, [r4, #14]	@ zero_extendqisi2
  55 0014 EDB2     		uxtb	r5, r5
  56 0016 0023     		movs	r3, #0
  57 0018 6355     		strb	r3, [r4, r5]
  77:Middlewares/Third_Party/FatFs/src/ff_gen_drv.c ****     disk.drv[disk.nbr] = drv;
  58              		.loc 1 77 0
  59 001a A57B     		ldrb	r5, [r4, #14]	@ zero_extendqisi2
  60 001c 04EB8505 		add	r5, r4, r5, lsl #2
  61 0020 6860     		str	r0, [r5, #4]
  78:Middlewares/Third_Party/FatFs/src/ff_gen_drv.c ****     disk.lun[disk.nbr] = lun;
  62              		.loc 1 78 0
  63 0022 A07B     		ldrb	r0, [r4, #14]	@ zero_extendqisi2
  64              	.LVL3:
  65 0024 2044     		add	r0, r0, r4
  66 0026 0273     		strb	r2, [r0, #12]
  79:Middlewares/Third_Party/FatFs/src/ff_gen_drv.c ****     DiskNum = disk.nbr++;
  67              		.loc 1 79 0
  68 0028 A27B     		ldrb	r2, [r4, #14]	@ zero_extendqisi2
  69              	.LVL4:
  70 002a D2B2     		uxtb	r2, r2
  71 002c 501C     		adds	r0, r2, #1
  72              	.LVL5:
  73 002e C0B2     		uxtb	r0, r0
  74 0030 A073     		strb	r0, [r4, #14]
  75              	.LVL6:
  80:Middlewares/Third_Party/FatFs/src/ff_gen_drv.c ****     path[0] = DiskNum + '0';
  76              		.loc 1 80 0
  77 0032 3032     		adds	r2, r2, #48
  78              	.LVL7:
  79 0034 0A70     		strb	r2, [r1]
  80              	.LVL8:
  81:Middlewares/Third_Party/FatFs/src/ff_gen_drv.c ****     path[1] = ':';
  81              		.loc 1 81 0
  82 0036 3A22     		movs	r2, #58
  83              	.LVL9:
  84 0038 4A70     		strb	r2, [r1, #1]
  82:Middlewares/Third_Party/FatFs/src/ff_gen_drv.c ****     path[2] = '/';
  85              		.loc 1 82 0
  86 003a 2F22     		movs	r2, #47
  87 003c 8A70     		strb	r2, [r1, #2]
  83:Middlewares/Third_Party/FatFs/src/ff_gen_drv.c ****     path[3] = 0;
ARM GAS  C:\Users\Student\AppData\Local\Temp\ccGq6HDz.s 			page 4


  88              		.loc 1 83 0
  89 003e CB70     		strb	r3, [r1, #3]
  90              	.LVL10:
  84:Middlewares/Third_Party/FatFs/src/ff_gen_drv.c ****     ret = 0;
  91              		.loc 1 84 0
  92 0040 1846     		mov	r0, r3
  93              	.LVL11:
  85:Middlewares/Third_Party/FatFs/src/ff_gen_drv.c ****   }
  86:Middlewares/Third_Party/FatFs/src/ff_gen_drv.c **** 
  87:Middlewares/Third_Party/FatFs/src/ff_gen_drv.c ****   return ret;
  88:Middlewares/Third_Party/FatFs/src/ff_gen_drv.c **** }
  94              		.loc 1 88 0
  95 0042 30BC     		pop	{r4, r5}
  96              	.LCFI1:
  97              		.cfi_restore 5
  98              		.cfi_restore 4
  99              		.cfi_def_cfa_offset 0
 100 0044 7047     		bx	lr
 101              	.L10:
 102 0046 00BF     		.align	2
 103              	.L9:
 104 0048 00000000 		.word	.LANCHOR0
 105              		.cfi_endproc
 106              	.LFE141:
 108              		.section	.text.FATFS_LinkDriver,"ax",%progbits
 109              		.align	1
 110              		.global	FATFS_LinkDriver
 111              		.syntax unified
 112              		.thumb
 113              		.thumb_func
 114              		.fpu fpv5-sp-d16
 116              	FATFS_LinkDriver:
 117              	.LFB142:
  89:Middlewares/Third_Party/FatFs/src/ff_gen_drv.c **** 
  90:Middlewares/Third_Party/FatFs/src/ff_gen_drv.c **** /**
  91:Middlewares/Third_Party/FatFs/src/ff_gen_drv.c ****   * @brief  Links a compatible diskio driver and increments the number of active
  92:Middlewares/Third_Party/FatFs/src/ff_gen_drv.c ****   *         linked drivers.
  93:Middlewares/Third_Party/FatFs/src/ff_gen_drv.c ****   * @note   The number of linked drivers (volumes) is up to 10 due to FatFs limits
  94:Middlewares/Third_Party/FatFs/src/ff_gen_drv.c ****   * @param  drv: pointer to the disk IO Driver structure
  95:Middlewares/Third_Party/FatFs/src/ff_gen_drv.c ****   * @param  path: pointer to the logical drive path
  96:Middlewares/Third_Party/FatFs/src/ff_gen_drv.c ****   * @retval Returns 0 in case of success, otherwise 1.
  97:Middlewares/Third_Party/FatFs/src/ff_gen_drv.c ****   */
  98:Middlewares/Third_Party/FatFs/src/ff_gen_drv.c **** uint8_t FATFS_LinkDriver(const Diskio_drvTypeDef *drv, char *path)
  99:Middlewares/Third_Party/FatFs/src/ff_gen_drv.c **** {
 118              		.loc 1 99 0
 119              		.cfi_startproc
 120              		@ args = 0, pretend = 0, frame = 0
 121              		@ frame_needed = 0, uses_anonymous_args = 0
 122              	.LVL12:
 123 0000 08B5     		push	{r3, lr}
 124              	.LCFI2:
 125              		.cfi_def_cfa_offset 8
 126              		.cfi_offset 3, -8
 127              		.cfi_offset 14, -4
 100:Middlewares/Third_Party/FatFs/src/ff_gen_drv.c ****   return FATFS_LinkDriverEx(drv, path, 0);
 128              		.loc 1 100 0
 129 0002 0022     		movs	r2, #0
ARM GAS  C:\Users\Student\AppData\Local\Temp\ccGq6HDz.s 			page 5


 130 0004 FFF7FEFF 		bl	FATFS_LinkDriverEx
 131              	.LVL13:
 101:Middlewares/Third_Party/FatFs/src/ff_gen_drv.c **** }
 132              		.loc 1 101 0
 133 0008 08BD     		pop	{r3, pc}
 134              		.cfi_endproc
 135              	.LFE142:
 137              		.section	.text.FATFS_UnLinkDriverEx,"ax",%progbits
 138              		.align	1
 139              		.global	FATFS_UnLinkDriverEx
 140              		.syntax unified
 141              		.thumb
 142              		.thumb_func
 143              		.fpu fpv5-sp-d16
 145              	FATFS_UnLinkDriverEx:
 146              	.LFB143:
 102:Middlewares/Third_Party/FatFs/src/ff_gen_drv.c **** 
 103:Middlewares/Third_Party/FatFs/src/ff_gen_drv.c **** /**
 104:Middlewares/Third_Party/FatFs/src/ff_gen_drv.c ****   * @brief  Unlinks a diskio driver and decrements the number of active linked
 105:Middlewares/Third_Party/FatFs/src/ff_gen_drv.c ****   *         drivers.
 106:Middlewares/Third_Party/FatFs/src/ff_gen_drv.c ****   * @param  path: pointer to the logical drive path
 107:Middlewares/Third_Party/FatFs/src/ff_gen_drv.c ****   * @param  lun : not used
 108:Middlewares/Third_Party/FatFs/src/ff_gen_drv.c ****   * @retval Returns 0 in case of success, otherwise 1.
 109:Middlewares/Third_Party/FatFs/src/ff_gen_drv.c ****   */
 110:Middlewares/Third_Party/FatFs/src/ff_gen_drv.c **** uint8_t FATFS_UnLinkDriverEx(char *path, uint8_t lun)
 111:Middlewares/Third_Party/FatFs/src/ff_gen_drv.c **** {
 147              		.loc 1 111 0
 148              		.cfi_startproc
 149              		@ args = 0, pretend = 0, frame = 0
 150              		@ frame_needed = 0, uses_anonymous_args = 0
 151              		@ link register save eliminated.
 152              	.LVL14:
 112:Middlewares/Third_Party/FatFs/src/ff_gen_drv.c ****   uint8_t DiskNum = 0;
 113:Middlewares/Third_Party/FatFs/src/ff_gen_drv.c ****   uint8_t ret = 1;
 114:Middlewares/Third_Party/FatFs/src/ff_gen_drv.c **** 
 115:Middlewares/Third_Party/FatFs/src/ff_gen_drv.c ****   if(disk.nbr >= 1)
 153              		.loc 1 115 0
 154 0000 0D4B     		ldr	r3, .L17
 155 0002 9B7B     		ldrb	r3, [r3, #14]	@ zero_extendqisi2
 156 0004 9BB1     		cbz	r3, .L15
 116:Middlewares/Third_Party/FatFs/src/ff_gen_drv.c ****   {
 117:Middlewares/Third_Party/FatFs/src/ff_gen_drv.c ****     DiskNum = path[0] - '0';
 157              		.loc 1 117 0
 158 0006 0378     		ldrb	r3, [r0]	@ zero_extendqisi2
 159 0008 303B     		subs	r3, r3, #48
 160 000a DBB2     		uxtb	r3, r3
 161              	.LVL15:
 118:Middlewares/Third_Party/FatFs/src/ff_gen_drv.c ****     if(disk.drv[DiskNum] != 0)
 162              		.loc 1 118 0
 163 000c 0A4A     		ldr	r2, .L17
 164 000e 02EB8302 		add	r2, r2, r3, lsl #2
 165 0012 5268     		ldr	r2, [r2, #4]
 166 0014 6AB1     		cbz	r2, .L16
 119:Middlewares/Third_Party/FatFs/src/ff_gen_drv.c ****     {
 120:Middlewares/Third_Party/FatFs/src/ff_gen_drv.c ****       disk.drv[DiskNum] = 0;
 167              		.loc 1 120 0
 168 0016 084A     		ldr	r2, .L17
ARM GAS  C:\Users\Student\AppData\Local\Temp\ccGq6HDz.s 			page 6


 169 0018 02EB8301 		add	r1, r2, r3, lsl #2
 170              	.LVL16:
 171 001c 0020     		movs	r0, #0
 172              	.LVL17:
 173 001e 4860     		str	r0, [r1, #4]
 121:Middlewares/Third_Party/FatFs/src/ff_gen_drv.c ****       disk.lun[DiskNum] = 0;
 174              		.loc 1 121 0
 175 0020 1344     		add	r3, r3, r2
 176 0022 1873     		strb	r0, [r3, #12]
 122:Middlewares/Third_Party/FatFs/src/ff_gen_drv.c ****       disk.nbr--;
 177              		.loc 1 122 0
 178 0024 937B     		ldrb	r3, [r2, #14]	@ zero_extendqisi2
 179 0026 013B     		subs	r3, r3, #1
 180 0028 DBB2     		uxtb	r3, r3
 181 002a 9373     		strb	r3, [r2, #14]
 182              	.LVL18:
 183 002c 7047     		bx	lr
 184              	.LVL19:
 185              	.L15:
 113:Middlewares/Third_Party/FatFs/src/ff_gen_drv.c **** 
 186              		.loc 1 113 0
 187 002e 0120     		movs	r0, #1
 188              	.LVL20:
 189 0030 7047     		bx	lr
 190              	.LVL21:
 191              	.L16:
 192 0032 0120     		movs	r0, #1
 193              	.LVL22:
 123:Middlewares/Third_Party/FatFs/src/ff_gen_drv.c ****       ret = 0;
 124:Middlewares/Third_Party/FatFs/src/ff_gen_drv.c ****     }
 125:Middlewares/Third_Party/FatFs/src/ff_gen_drv.c ****   }
 126:Middlewares/Third_Party/FatFs/src/ff_gen_drv.c **** 
 127:Middlewares/Third_Party/FatFs/src/ff_gen_drv.c ****   return ret;
 128:Middlewares/Third_Party/FatFs/src/ff_gen_drv.c **** }
 194              		.loc 1 128 0
 195 0034 7047     		bx	lr
 196              	.L18:
 197 0036 00BF     		.align	2
 198              	.L17:
 199 0038 00000000 		.word	.LANCHOR0
 200              		.cfi_endproc
 201              	.LFE143:
 203              		.section	.text.FATFS_UnLinkDriver,"ax",%progbits
 204              		.align	1
 205              		.global	FATFS_UnLinkDriver
 206              		.syntax unified
 207              		.thumb
 208              		.thumb_func
 209              		.fpu fpv5-sp-d16
 211              	FATFS_UnLinkDriver:
 212              	.LFB144:
 129:Middlewares/Third_Party/FatFs/src/ff_gen_drv.c **** 
 130:Middlewares/Third_Party/FatFs/src/ff_gen_drv.c **** /**
 131:Middlewares/Third_Party/FatFs/src/ff_gen_drv.c ****   * @brief  Unlinks a diskio driver and decrements the number of active linked
 132:Middlewares/Third_Party/FatFs/src/ff_gen_drv.c ****   *         drivers.
 133:Middlewares/Third_Party/FatFs/src/ff_gen_drv.c ****   * @param  path: pointer to the logical drive path
 134:Middlewares/Third_Party/FatFs/src/ff_gen_drv.c ****   * @retval Returns 0 in case of success, otherwise 1.
ARM GAS  C:\Users\Student\AppData\Local\Temp\ccGq6HDz.s 			page 7


 135:Middlewares/Third_Party/FatFs/src/ff_gen_drv.c ****   */
 136:Middlewares/Third_Party/FatFs/src/ff_gen_drv.c **** uint8_t FATFS_UnLinkDriver(char *path)
 137:Middlewares/Third_Party/FatFs/src/ff_gen_drv.c **** {
 213              		.loc 1 137 0
 214              		.cfi_startproc
 215              		@ args = 0, pretend = 0, frame = 0
 216              		@ frame_needed = 0, uses_anonymous_args = 0
 217              	.LVL23:
 218 0000 08B5     		push	{r3, lr}
 219              	.LCFI3:
 220              		.cfi_def_cfa_offset 8
 221              		.cfi_offset 3, -8
 222              		.cfi_offset 14, -4
 138:Middlewares/Third_Party/FatFs/src/ff_gen_drv.c ****   return FATFS_UnLinkDriverEx(path, 0);
 223              		.loc 1 138 0
 224 0002 0021     		movs	r1, #0
 225 0004 FFF7FEFF 		bl	FATFS_UnLinkDriverEx
 226              	.LVL24:
 139:Middlewares/Third_Party/FatFs/src/ff_gen_drv.c **** }
 227              		.loc 1 139 0
 228 0008 08BD     		pop	{r3, pc}
 229              		.cfi_endproc
 230              	.LFE144:
 232              		.section	.text.FATFS_GetAttachedDriversNbr,"ax",%progbits
 233              		.align	1
 234              		.global	FATFS_GetAttachedDriversNbr
 235              		.syntax unified
 236              		.thumb
 237              		.thumb_func
 238              		.fpu fpv5-sp-d16
 240              	FATFS_GetAttachedDriversNbr:
 241              	.LFB145:
 140:Middlewares/Third_Party/FatFs/src/ff_gen_drv.c **** 
 141:Middlewares/Third_Party/FatFs/src/ff_gen_drv.c **** /**
 142:Middlewares/Third_Party/FatFs/src/ff_gen_drv.c ****   * @brief  Gets number of linked drivers to the FatFs module.
 143:Middlewares/Third_Party/FatFs/src/ff_gen_drv.c ****   * @param  None
 144:Middlewares/Third_Party/FatFs/src/ff_gen_drv.c ****   * @retval Number of attached drivers.
 145:Middlewares/Third_Party/FatFs/src/ff_gen_drv.c ****   */
 146:Middlewares/Third_Party/FatFs/src/ff_gen_drv.c **** uint8_t FATFS_GetAttachedDriversNbr(void)
 147:Middlewares/Third_Party/FatFs/src/ff_gen_drv.c **** {
 242              		.loc 1 147 0
 243              		.cfi_startproc
 244              		@ args = 0, pretend = 0, frame = 0
 245              		@ frame_needed = 0, uses_anonymous_args = 0
 246              		@ link register save eliminated.
 148:Middlewares/Third_Party/FatFs/src/ff_gen_drv.c ****   return disk.nbr;
 247              		.loc 1 148 0
 248 0000 014B     		ldr	r3, .L22
 249 0002 987B     		ldrb	r0, [r3, #14]	@ zero_extendqisi2
 149:Middlewares/Third_Party/FatFs/src/ff_gen_drv.c **** }
 250              		.loc 1 149 0
 251 0004 7047     		bx	lr
 252              	.L23:
 253 0006 00BF     		.align	2
 254              	.L22:
 255 0008 00000000 		.word	.LANCHOR0
 256              		.cfi_endproc
ARM GAS  C:\Users\Student\AppData\Local\Temp\ccGq6HDz.s 			page 8


 257              	.LFE145:
 259              		.global	disk
 260              		.section	.bss.disk,"aw",%nobits
 261              		.align	2
 262              		.set	.LANCHOR0,. + 0
 265              	disk:
 266 0000 00000000 		.space	16
 266      00000000 
 266      00000000 
 266      00000000 
 267              		.text
 268              	.Letext0:
 269              		.file 2 "Middlewares/Third_Party/FatFs/src/integer.h"
 270              		.file 3 "Middlewares/Third_Party/FatFs/src/diskio.h"
 271              		.file 4 "c:\\gcc_toolchain\\6_2017-q1-update\\arm-none-eabi\\include\\machine\\_default_types.h"
 272              		.file 5 "c:\\gcc_toolchain\\6_2017-q1-update\\arm-none-eabi\\include\\sys\\_stdint.h"
 273              		.file 6 "Drivers/CMSIS/Include/core_cm7.h"
 274              		.file 7 "Drivers/CMSIS/Device/ST/STM32F7xx/Include/system_stm32f7xx.h"
 275              		.file 8 "c:\\gcc_toolchain\\6_2017-q1-update\\arm-none-eabi\\include\\sys\\lock.h"
 276              		.file 9 "c:\\gcc_toolchain\\6_2017-q1-update\\arm-none-eabi\\include\\sys\\_types.h"
 277              		.file 10 "c:\\gcc_toolchain\\6_2017-q1-update\\lib\\gcc\\arm-none-eabi\\6.3.1\\include\\stddef.h"
 278              		.file 11 "c:\\gcc_toolchain\\6_2017-q1-update\\arm-none-eabi\\include\\sys\\reent.h"
 279              		.file 12 "Middlewares/Third_Party/FreeRTOS/Source/include/task.h"
 280              		.file 13 "Middlewares/Third_Party/FreeRTOS/Source/include/queue.h"
 281              		.file 14 "Middlewares/Third_Party/FreeRTOS/Source/CMSIS_RTOS/cmsis_os.h"
 282              		.file 15 "c:\\gcc_toolchain\\6_2017-q1-update\\arm-none-eabi\\include\\stdlib.h"
 283              		.file 16 "Middlewares/ST/STM32_USB_Host_Library/Core/Inc/usbh_def.h"
 284              		.file 17 "Middlewares/ST/STM32_USB_Host_Library/Core/Inc/usbh_ctlreq.h"
 285              		.file 18 "Middlewares/ST/STM32_USB_Host_Library/Class/MSC/Inc/usbh_msc.h"
 286              		.file 19 "Middlewares/Third_Party/FatFs/src/ff_gen_drv.h"
ARM GAS  C:\Users\Student\AppData\Local\Temp\ccGq6HDz.s 			page 9


DEFINED SYMBOLS
                            *ABS*:00000000 ff_gen_drv.c
C:\Users\Student\AppData\Local\Temp\ccGq6HDz.s:18     .text.FATFS_LinkDriverEx:00000000 $t
C:\Users\Student\AppData\Local\Temp\ccGq6HDz.s:25     .text.FATFS_LinkDriverEx:00000000 FATFS_LinkDriverEx
C:\Users\Student\AppData\Local\Temp\ccGq6HDz.s:104    .text.FATFS_LinkDriverEx:00000048 $d
C:\Users\Student\AppData\Local\Temp\ccGq6HDz.s:109    .text.FATFS_LinkDriver:00000000 $t
C:\Users\Student\AppData\Local\Temp\ccGq6HDz.s:116    .text.FATFS_LinkDriver:00000000 FATFS_LinkDriver
C:\Users\Student\AppData\Local\Temp\ccGq6HDz.s:138    .text.FATFS_UnLinkDriverEx:00000000 $t
C:\Users\Student\AppData\Local\Temp\ccGq6HDz.s:145    .text.FATFS_UnLinkDriverEx:00000000 FATFS_UnLinkDriverEx
C:\Users\Student\AppData\Local\Temp\ccGq6HDz.s:199    .text.FATFS_UnLinkDriverEx:00000038 $d
C:\Users\Student\AppData\Local\Temp\ccGq6HDz.s:204    .text.FATFS_UnLinkDriver:00000000 $t
C:\Users\Student\AppData\Local\Temp\ccGq6HDz.s:211    .text.FATFS_UnLinkDriver:00000000 FATFS_UnLinkDriver
C:\Users\Student\AppData\Local\Temp\ccGq6HDz.s:233    .text.FATFS_GetAttachedDriversNbr:00000000 $t
C:\Users\Student\AppData\Local\Temp\ccGq6HDz.s:240    .text.FATFS_GetAttachedDriversNbr:00000000 FATFS_GetAttachedDriversNbr
C:\Users\Student\AppData\Local\Temp\ccGq6HDz.s:255    .text.FATFS_GetAttachedDriversNbr:00000008 $d
C:\Users\Student\AppData\Local\Temp\ccGq6HDz.s:265    .bss.disk:00000000 disk
C:\Users\Student\AppData\Local\Temp\ccGq6HDz.s:261    .bss.disk:00000000 $d
                     .debug_frame:00000010 $d

NO UNDEFINED SYMBOLS
