ARM GAS  C:\Users\Patryk\AppData\Local\Temp\ccNZYLN0.s 			page 1


   1              		.cpu cortex-m7
   2              		.eabi_attribute 27, 1
   3              		.eabi_attribute 28, 1
   4              		.eabi_attribute 20, 1
   5              		.eabi_attribute 21, 1
   6              		.eabi_attribute 23, 3
   7              		.eabi_attribute 24, 1
   8              		.eabi_attribute 25, 1
   9              		.eabi_attribute 26, 1
  10              		.eabi_attribute 30, 1
  11              		.eabi_attribute 34, 1
  12              		.eabi_attribute 18, 4
  13              		.file	"inet_chksum.c"
  14              		.text
  15              	.Ltext0:
  16              		.cfi_sections	.debug_frame
  17              		.section	.text.lwip_standard_chksum,"ax",%progbits
  18              		.align	1
  19              		.global	lwip_standard_chksum
  20              		.syntax unified
  21              		.thumb
  22              		.thumb_func
  23              		.fpu fpv5-sp-d16
  25              	lwip_standard_chksum:
  26              	.LFB154:
  27              		.file 1 "Middlewares/Third_Party/LwIP/src/core/inet_chksum.c"
   1:Middlewares/Third_Party/LwIP/src/core/inet_chksum.c **** /**
   2:Middlewares/Third_Party/LwIP/src/core/inet_chksum.c ****  * @file
   3:Middlewares/Third_Party/LwIP/src/core/inet_chksum.c ****  * Incluse internet checksum functions.\n
   4:Middlewares/Third_Party/LwIP/src/core/inet_chksum.c ****  *
   5:Middlewares/Third_Party/LwIP/src/core/inet_chksum.c ****  * These are some reference implementations of the checksum algorithm, with the
   6:Middlewares/Third_Party/LwIP/src/core/inet_chksum.c ****  * aim of being simple, correct and fully portable. Checksumming is the
   7:Middlewares/Third_Party/LwIP/src/core/inet_chksum.c ****  * first thing you would want to optimize for your platform. If you create
   8:Middlewares/Third_Party/LwIP/src/core/inet_chksum.c ****  * your own version, link it in and in your cc.h put:
   9:Middlewares/Third_Party/LwIP/src/core/inet_chksum.c ****  *
  10:Middlewares/Third_Party/LwIP/src/core/inet_chksum.c ****  * \#define LWIP_CHKSUM your_checksum_routine
  11:Middlewares/Third_Party/LwIP/src/core/inet_chksum.c ****  * 
  12:Middlewares/Third_Party/LwIP/src/core/inet_chksum.c ****  * Or you can select from the implementations below by defining
  13:Middlewares/Third_Party/LwIP/src/core/inet_chksum.c ****  * LWIP_CHKSUM_ALGORITHM to 1, 2 or 3.
  14:Middlewares/Third_Party/LwIP/src/core/inet_chksum.c ****  */
  15:Middlewares/Third_Party/LwIP/src/core/inet_chksum.c **** 
  16:Middlewares/Third_Party/LwIP/src/core/inet_chksum.c **** /*
  17:Middlewares/Third_Party/LwIP/src/core/inet_chksum.c ****  * Copyright (c) 2001-2004 Swedish Institute of Computer Science.
  18:Middlewares/Third_Party/LwIP/src/core/inet_chksum.c ****  * All rights reserved.
  19:Middlewares/Third_Party/LwIP/src/core/inet_chksum.c ****  *
  20:Middlewares/Third_Party/LwIP/src/core/inet_chksum.c ****  * Redistribution and use in source and binary forms, with or without modification,
  21:Middlewares/Third_Party/LwIP/src/core/inet_chksum.c ****  * are permitted provided that the following conditions are met:
  22:Middlewares/Third_Party/LwIP/src/core/inet_chksum.c ****  *
  23:Middlewares/Third_Party/LwIP/src/core/inet_chksum.c ****  * 1. Redistributions of source code must retain the above copyright notice,
  24:Middlewares/Third_Party/LwIP/src/core/inet_chksum.c ****  *    this list of conditions and the following disclaimer.
  25:Middlewares/Third_Party/LwIP/src/core/inet_chksum.c ****  * 2. Redistributions in binary form must reproduce the above copyright notice,
  26:Middlewares/Third_Party/LwIP/src/core/inet_chksum.c ****  *    this list of conditions and the following disclaimer in the documentation
  27:Middlewares/Third_Party/LwIP/src/core/inet_chksum.c ****  *    and/or other materials provided with the distribution.
  28:Middlewares/Third_Party/LwIP/src/core/inet_chksum.c ****  * 3. The name of the author may not be used to endorse or promote products
  29:Middlewares/Third_Party/LwIP/src/core/inet_chksum.c ****  *    derived from this software without specific prior written permission.
  30:Middlewares/Third_Party/LwIP/src/core/inet_chksum.c ****  *
  31:Middlewares/Third_Party/LwIP/src/core/inet_chksum.c ****  * THIS SOFTWARE IS PROVIDED BY THE AUTHOR ``AS IS'' AND ANY EXPRESS OR IMPLIED
ARM GAS  C:\Users\Patryk\AppData\Local\Temp\ccNZYLN0.s 			page 2


  32:Middlewares/Third_Party/LwIP/src/core/inet_chksum.c ****  * WARRANTIES, INCLUDING, BUT NOT LIMITED TO, THE IMPLIED WARRANTIES OF
  33:Middlewares/Third_Party/LwIP/src/core/inet_chksum.c ****  * MERCHANTABILITY AND FITNESS FOR A PARTICULAR PURPOSE ARE DISCLAIMED. IN NO EVENT
  34:Middlewares/Third_Party/LwIP/src/core/inet_chksum.c ****  * SHALL THE AUTHOR BE LIABLE FOR ANY DIRECT, INDIRECT, INCIDENTAL, SPECIAL,
  35:Middlewares/Third_Party/LwIP/src/core/inet_chksum.c ****  * EXEMPLARY, OR CONSEQUENTIAL DAMAGES (INCLUDING, BUT NOT LIMITED TO, PROCUREMENT
  36:Middlewares/Third_Party/LwIP/src/core/inet_chksum.c ****  * OF SUBSTITUTE GOODS OR SERVICES; LOSS OF USE, DATA, OR PROFITS; OR BUSINESS
  37:Middlewares/Third_Party/LwIP/src/core/inet_chksum.c ****  * INTERRUPTION) HOWEVER CAUSED AND ON ANY THEORY OF LIABILITY, WHETHER IN
  38:Middlewares/Third_Party/LwIP/src/core/inet_chksum.c ****  * CONTRACT, STRICT LIABILITY, OR TORT (INCLUDING NEGLIGENCE OR OTHERWISE) ARISING
  39:Middlewares/Third_Party/LwIP/src/core/inet_chksum.c ****  * IN ANY WAY OUT OF THE USE OF THIS SOFTWARE, EVEN IF ADVISED OF THE POSSIBILITY
  40:Middlewares/Third_Party/LwIP/src/core/inet_chksum.c ****  * OF SUCH DAMAGE.
  41:Middlewares/Third_Party/LwIP/src/core/inet_chksum.c ****  *
  42:Middlewares/Third_Party/LwIP/src/core/inet_chksum.c ****  * This file is part of the lwIP TCP/IP stack.
  43:Middlewares/Third_Party/LwIP/src/core/inet_chksum.c ****  *
  44:Middlewares/Third_Party/LwIP/src/core/inet_chksum.c ****  * Author: Adam Dunkels <adam@sics.se>
  45:Middlewares/Third_Party/LwIP/src/core/inet_chksum.c ****  *
  46:Middlewares/Third_Party/LwIP/src/core/inet_chksum.c ****  */
  47:Middlewares/Third_Party/LwIP/src/core/inet_chksum.c **** 
  48:Middlewares/Third_Party/LwIP/src/core/inet_chksum.c **** #include "lwip/opt.h"
  49:Middlewares/Third_Party/LwIP/src/core/inet_chksum.c **** 
  50:Middlewares/Third_Party/LwIP/src/core/inet_chksum.c **** #include "lwip/inet_chksum.h"
  51:Middlewares/Third_Party/LwIP/src/core/inet_chksum.c **** #include "lwip/def.h"
  52:Middlewares/Third_Party/LwIP/src/core/inet_chksum.c **** #include "lwip/ip_addr.h"
  53:Middlewares/Third_Party/LwIP/src/core/inet_chksum.c **** 
  54:Middlewares/Third_Party/LwIP/src/core/inet_chksum.c **** #include <string.h>
  55:Middlewares/Third_Party/LwIP/src/core/inet_chksum.c **** 
  56:Middlewares/Third_Party/LwIP/src/core/inet_chksum.c **** #ifndef LWIP_CHKSUM
  57:Middlewares/Third_Party/LwIP/src/core/inet_chksum.c **** # define LWIP_CHKSUM lwip_standard_chksum
  58:Middlewares/Third_Party/LwIP/src/core/inet_chksum.c **** # ifndef LWIP_CHKSUM_ALGORITHM
  59:Middlewares/Third_Party/LwIP/src/core/inet_chksum.c **** #  define LWIP_CHKSUM_ALGORITHM 2
  60:Middlewares/Third_Party/LwIP/src/core/inet_chksum.c **** # endif
  61:Middlewares/Third_Party/LwIP/src/core/inet_chksum.c **** u16_t lwip_standard_chksum(const void *dataptr, int len);
  62:Middlewares/Third_Party/LwIP/src/core/inet_chksum.c **** #endif
  63:Middlewares/Third_Party/LwIP/src/core/inet_chksum.c **** /* If none set: */
  64:Middlewares/Third_Party/LwIP/src/core/inet_chksum.c **** #ifndef LWIP_CHKSUM_ALGORITHM
  65:Middlewares/Third_Party/LwIP/src/core/inet_chksum.c **** # define LWIP_CHKSUM_ALGORITHM 0
  66:Middlewares/Third_Party/LwIP/src/core/inet_chksum.c **** #endif
  67:Middlewares/Third_Party/LwIP/src/core/inet_chksum.c **** 
  68:Middlewares/Third_Party/LwIP/src/core/inet_chksum.c **** #if (LWIP_CHKSUM_ALGORITHM == 1) /* Version #1 */
  69:Middlewares/Third_Party/LwIP/src/core/inet_chksum.c **** /**
  70:Middlewares/Third_Party/LwIP/src/core/inet_chksum.c ****  * lwip checksum
  71:Middlewares/Third_Party/LwIP/src/core/inet_chksum.c ****  *
  72:Middlewares/Third_Party/LwIP/src/core/inet_chksum.c ****  * @param dataptr points to start of data to be summed at any boundary
  73:Middlewares/Third_Party/LwIP/src/core/inet_chksum.c ****  * @param len length of data to be summed
  74:Middlewares/Third_Party/LwIP/src/core/inet_chksum.c ****  * @return host order (!) lwip checksum (non-inverted Internet sum)
  75:Middlewares/Third_Party/LwIP/src/core/inet_chksum.c ****  *
  76:Middlewares/Third_Party/LwIP/src/core/inet_chksum.c ****  * @note accumulator size limits summable length to 64k
  77:Middlewares/Third_Party/LwIP/src/core/inet_chksum.c ****  * @note host endianess is irrelevant (p3 RFC1071)
  78:Middlewares/Third_Party/LwIP/src/core/inet_chksum.c ****  */
  79:Middlewares/Third_Party/LwIP/src/core/inet_chksum.c **** u16_t
  80:Middlewares/Third_Party/LwIP/src/core/inet_chksum.c **** lwip_standard_chksum(const void *dataptr, int len)
  81:Middlewares/Third_Party/LwIP/src/core/inet_chksum.c **** {
  82:Middlewares/Third_Party/LwIP/src/core/inet_chksum.c ****   u32_t acc;
  83:Middlewares/Third_Party/LwIP/src/core/inet_chksum.c ****   u16_t src;
  84:Middlewares/Third_Party/LwIP/src/core/inet_chksum.c ****   const u8_t *octetptr;
  85:Middlewares/Third_Party/LwIP/src/core/inet_chksum.c **** 
  86:Middlewares/Third_Party/LwIP/src/core/inet_chksum.c ****   acc = 0;
  87:Middlewares/Third_Party/LwIP/src/core/inet_chksum.c ****   /* dataptr may be at odd or even addresses */
  88:Middlewares/Third_Party/LwIP/src/core/inet_chksum.c ****   octetptr = (const u8_t*)dataptr;
ARM GAS  C:\Users\Patryk\AppData\Local\Temp\ccNZYLN0.s 			page 3


  89:Middlewares/Third_Party/LwIP/src/core/inet_chksum.c ****   while (len > 1) {
  90:Middlewares/Third_Party/LwIP/src/core/inet_chksum.c ****     /* declare first octet as most significant
  91:Middlewares/Third_Party/LwIP/src/core/inet_chksum.c ****        thus assume network order, ignoring host order */
  92:Middlewares/Third_Party/LwIP/src/core/inet_chksum.c ****     src = (*octetptr) << 8;
  93:Middlewares/Third_Party/LwIP/src/core/inet_chksum.c ****     octetptr++;
  94:Middlewares/Third_Party/LwIP/src/core/inet_chksum.c ****     /* declare second octet as least significant */
  95:Middlewares/Third_Party/LwIP/src/core/inet_chksum.c ****     src |= (*octetptr);
  96:Middlewares/Third_Party/LwIP/src/core/inet_chksum.c ****     octetptr++;
  97:Middlewares/Third_Party/LwIP/src/core/inet_chksum.c ****     acc += src;
  98:Middlewares/Third_Party/LwIP/src/core/inet_chksum.c ****     len -= 2;
  99:Middlewares/Third_Party/LwIP/src/core/inet_chksum.c ****   }
 100:Middlewares/Third_Party/LwIP/src/core/inet_chksum.c ****   if (len > 0) {
 101:Middlewares/Third_Party/LwIP/src/core/inet_chksum.c ****     /* accumulate remaining octet */
 102:Middlewares/Third_Party/LwIP/src/core/inet_chksum.c ****     src = (*octetptr) << 8;
 103:Middlewares/Third_Party/LwIP/src/core/inet_chksum.c ****     acc += src;
 104:Middlewares/Third_Party/LwIP/src/core/inet_chksum.c ****   }
 105:Middlewares/Third_Party/LwIP/src/core/inet_chksum.c ****   /* add deferred carry bits */
 106:Middlewares/Third_Party/LwIP/src/core/inet_chksum.c ****   acc = (acc >> 16) + (acc & 0x0000ffffUL);
 107:Middlewares/Third_Party/LwIP/src/core/inet_chksum.c ****   if ((acc & 0xffff0000UL) != 0) {
 108:Middlewares/Third_Party/LwIP/src/core/inet_chksum.c ****     acc = (acc >> 16) + (acc & 0x0000ffffUL);
 109:Middlewares/Third_Party/LwIP/src/core/inet_chksum.c ****   }
 110:Middlewares/Third_Party/LwIP/src/core/inet_chksum.c ****   /* This maybe a little confusing: reorder sum using lwip_htons()
 111:Middlewares/Third_Party/LwIP/src/core/inet_chksum.c ****      instead of lwip_ntohs() since it has a little less call overhead.
 112:Middlewares/Third_Party/LwIP/src/core/inet_chksum.c ****      The caller must invert bits for Internet sum ! */
 113:Middlewares/Third_Party/LwIP/src/core/inet_chksum.c ****   return lwip_htons((u16_t)acc);
 114:Middlewares/Third_Party/LwIP/src/core/inet_chksum.c **** }
 115:Middlewares/Third_Party/LwIP/src/core/inet_chksum.c **** #endif
 116:Middlewares/Third_Party/LwIP/src/core/inet_chksum.c **** 
 117:Middlewares/Third_Party/LwIP/src/core/inet_chksum.c **** #if (LWIP_CHKSUM_ALGORITHM == 2) /* Alternative version #2 */
 118:Middlewares/Third_Party/LwIP/src/core/inet_chksum.c **** /*
 119:Middlewares/Third_Party/LwIP/src/core/inet_chksum.c ****  * Curt McDowell
 120:Middlewares/Third_Party/LwIP/src/core/inet_chksum.c ****  * Broadcom Corp.
 121:Middlewares/Third_Party/LwIP/src/core/inet_chksum.c ****  * csm@broadcom.com
 122:Middlewares/Third_Party/LwIP/src/core/inet_chksum.c ****  *
 123:Middlewares/Third_Party/LwIP/src/core/inet_chksum.c ****  * IP checksum two bytes at a time with support for
 124:Middlewares/Third_Party/LwIP/src/core/inet_chksum.c ****  * unaligned buffer.
 125:Middlewares/Third_Party/LwIP/src/core/inet_chksum.c ****  * Works for len up to and including 0x20000.
 126:Middlewares/Third_Party/LwIP/src/core/inet_chksum.c ****  * by Curt McDowell, Broadcom Corp. 12/08/2005
 127:Middlewares/Third_Party/LwIP/src/core/inet_chksum.c ****  *
 128:Middlewares/Third_Party/LwIP/src/core/inet_chksum.c ****  * @param dataptr points to start of data to be summed at any boundary
 129:Middlewares/Third_Party/LwIP/src/core/inet_chksum.c ****  * @param len length of data to be summed
 130:Middlewares/Third_Party/LwIP/src/core/inet_chksum.c ****  * @return host order (!) lwip checksum (non-inverted Internet sum)
 131:Middlewares/Third_Party/LwIP/src/core/inet_chksum.c ****  */
 132:Middlewares/Third_Party/LwIP/src/core/inet_chksum.c **** u16_t
 133:Middlewares/Third_Party/LwIP/src/core/inet_chksum.c **** lwip_standard_chksum(const void *dataptr, int len)
 134:Middlewares/Third_Party/LwIP/src/core/inet_chksum.c **** {
  28              		.loc 1 134 0
  29              		.cfi_startproc
  30              		@ args = 0, pretend = 0, frame = 8
  31              		@ frame_needed = 0, uses_anonymous_args = 0
  32              		@ link register save eliminated.
  33              	.LVL0:
  34 0000 10B4     		push	{r4}
  35              	.LCFI0:
  36              		.cfi_def_cfa_offset 4
  37              		.cfi_offset 4, -4
  38 0002 83B0     		sub	sp, sp, #12
ARM GAS  C:\Users\Patryk\AppData\Local\Temp\ccNZYLN0.s 			page 4


  39              	.LCFI1:
  40              		.cfi_def_cfa_offset 16
  41              	.LVL1:
 135:Middlewares/Third_Party/LwIP/src/core/inet_chksum.c ****   const u8_t *pb = (const u8_t *)dataptr;
 136:Middlewares/Third_Party/LwIP/src/core/inet_chksum.c ****   const u16_t *ps;
 137:Middlewares/Third_Party/LwIP/src/core/inet_chksum.c ****   u16_t t = 0;
  42              		.loc 1 137 0
  43 0004 0023     		movs	r3, #0
  44 0006 ADF80630 		strh	r3, [sp, #6]	@ movhi
  45              	.LVL2:
 138:Middlewares/Third_Party/LwIP/src/core/inet_chksum.c ****   u32_t sum = 0;
 139:Middlewares/Third_Party/LwIP/src/core/inet_chksum.c ****   int odd = ((mem_ptr_t)pb & 1);
  46              		.loc 1 139 0
  47 000a 00F00104 		and	r4, r0, #1
  48              	.LVL3:
 140:Middlewares/Third_Party/LwIP/src/core/inet_chksum.c **** 
 141:Middlewares/Third_Party/LwIP/src/core/inet_chksum.c ****   /* Get aligned to u16_t */
 142:Middlewares/Third_Party/LwIP/src/core/inet_chksum.c ****   if (odd && len > 0) {
  49              		.loc 1 142 0
  50 000e 0B46     		mov	r3, r1
  51 0010 0029     		cmp	r1, #0
  52 0012 D4BF     		ite	le
  53 0014 0021     		movle	r1, #0
  54 0016 04F00101 		andgt	r1, r4, #1
  55              	.LVL4:
  56 001a 21B1     		cbz	r1, .L2
  57              	.LVL5:
 143:Middlewares/Third_Party/LwIP/src/core/inet_chksum.c ****     ((u8_t *)&t)[1] = *pb++;
  58              		.loc 1 143 0
  59 001c 0278     		ldrb	r2, [r0]	@ zero_extendqisi2
  60 001e 8DF80720 		strb	r2, [sp, #7]
 144:Middlewares/Third_Party/LwIP/src/core/inet_chksum.c ****     len--;
  61              		.loc 1 144 0
  62 0022 013B     		subs	r3, r3, #1
  63              	.LVL6:
 143:Middlewares/Third_Party/LwIP/src/core/inet_chksum.c ****     ((u8_t *)&t)[1] = *pb++;
  64              		.loc 1 143 0
  65 0024 0130     		adds	r0, r0, #1
  66              	.LVL7:
  67              	.L2:
 138:Middlewares/Third_Party/LwIP/src/core/inet_chksum.c ****   int odd = ((mem_ptr_t)pb & 1);
  68              		.loc 1 138 0
  69 0026 0022     		movs	r2, #0
 145:Middlewares/Third_Party/LwIP/src/core/inet_chksum.c ****   }
 146:Middlewares/Third_Party/LwIP/src/core/inet_chksum.c **** 
 147:Middlewares/Third_Party/LwIP/src/core/inet_chksum.c ****   /* Add the bulk of the data */
 148:Middlewares/Third_Party/LwIP/src/core/inet_chksum.c ****   ps = (const u16_t *)(const void *)pb;
 149:Middlewares/Third_Party/LwIP/src/core/inet_chksum.c ****   while (len > 1) {
  70              		.loc 1 149 0
  71 0028 03E0     		b	.L3
  72              	.LVL8:
  73              	.L4:
 150:Middlewares/Third_Party/LwIP/src/core/inet_chksum.c ****     sum += *ps++;
  74              		.loc 1 150 0
  75 002a 0188     		ldrh	r1, [r0]
  76 002c 0A44     		add	r2, r2, r1
  77              	.LVL9:
ARM GAS  C:\Users\Patryk\AppData\Local\Temp\ccNZYLN0.s 			page 5


 151:Middlewares/Third_Party/LwIP/src/core/inet_chksum.c ****     len -= 2;
  78              		.loc 1 151 0
  79 002e 023B     		subs	r3, r3, #2
  80              	.LVL10:
 150:Middlewares/Third_Party/LwIP/src/core/inet_chksum.c ****     sum += *ps++;
  81              		.loc 1 150 0
  82 0030 0230     		adds	r0, r0, #2
  83              	.LVL11:
  84              	.L3:
 149:Middlewares/Third_Party/LwIP/src/core/inet_chksum.c ****     sum += *ps++;
  85              		.loc 1 149 0
  86 0032 012B     		cmp	r3, #1
  87 0034 F9DC     		bgt	.L4
 152:Middlewares/Third_Party/LwIP/src/core/inet_chksum.c ****   }
 153:Middlewares/Third_Party/LwIP/src/core/inet_chksum.c **** 
 154:Middlewares/Third_Party/LwIP/src/core/inet_chksum.c ****   /* Consume left-over byte, if any */
 155:Middlewares/Third_Party/LwIP/src/core/inet_chksum.c ****   if (len > 0) {
  88              		.loc 1 155 0
  89 0036 002B     		cmp	r3, #0
  90 0038 02DD     		ble	.L5
 156:Middlewares/Third_Party/LwIP/src/core/inet_chksum.c ****     ((u8_t *)&t)[0] = *(const u8_t *)ps;
  91              		.loc 1 156 0
  92 003a 0378     		ldrb	r3, [r0]	@ zero_extendqisi2
  93              	.LVL12:
  94 003c 8DF80630 		strb	r3, [sp, #6]
  95              	.L5:
 157:Middlewares/Third_Party/LwIP/src/core/inet_chksum.c ****   }
 158:Middlewares/Third_Party/LwIP/src/core/inet_chksum.c **** 
 159:Middlewares/Third_Party/LwIP/src/core/inet_chksum.c ****   /* Add end bytes */
 160:Middlewares/Third_Party/LwIP/src/core/inet_chksum.c ****   sum += t;
  96              		.loc 1 160 0
  97 0040 BDF80600 		ldrh	r0, [sp, #6]
  98              	.LVL13:
  99 0044 0244     		add	r2, r2, r0
 100              	.LVL14:
 161:Middlewares/Third_Party/LwIP/src/core/inet_chksum.c **** 
 162:Middlewares/Third_Party/LwIP/src/core/inet_chksum.c ****   /* Fold 32-bit sum to 16 bits
 163:Middlewares/Third_Party/LwIP/src/core/inet_chksum.c ****      calling this twice is probably faster than if statements... */
 164:Middlewares/Third_Party/LwIP/src/core/inet_chksum.c ****   sum = FOLD_U32T(sum);
 101              		.loc 1 164 0
 102 0046 90B2     		uxth	r0, r2
 103 0048 00EB1242 		add	r2, r0, r2, lsr #16
 104              	.LVL15:
 165:Middlewares/Third_Party/LwIP/src/core/inet_chksum.c ****   sum = FOLD_U32T(sum);
 105              		.loc 1 165 0
 106 004c 90B2     		uxth	r0, r2
 107 004e 00EB1240 		add	r0, r0, r2, lsr #16
 108              	.LVL16:
 166:Middlewares/Third_Party/LwIP/src/core/inet_chksum.c **** 
 167:Middlewares/Third_Party/LwIP/src/core/inet_chksum.c ****   /* Swap if alignment was odd */
 168:Middlewares/Third_Party/LwIP/src/core/inet_chksum.c ****   if (odd) {
 109              		.loc 1 168 0
 110 0052 24B1     		cbz	r4, .L6
 169:Middlewares/Third_Party/LwIP/src/core/inet_chksum.c ****     sum = SWAP_BYTES_IN_WORD(sum);
 111              		.loc 1 169 0
 112 0054 0302     		lsls	r3, r0, #8
 113 0056 9BB2     		uxth	r3, r3
ARM GAS  C:\Users\Patryk\AppData\Local\Temp\ccNZYLN0.s 			page 6


 114 0058 C0F30720 		ubfx	r0, r0, #8, #8
 115              	.LVL17:
 116 005c 1843     		orrs	r0, r0, r3
 117              	.LVL18:
 118              	.L6:
 170:Middlewares/Third_Party/LwIP/src/core/inet_chksum.c ****   }
 171:Middlewares/Third_Party/LwIP/src/core/inet_chksum.c **** 
 172:Middlewares/Third_Party/LwIP/src/core/inet_chksum.c ****   return (u16_t)sum;
 173:Middlewares/Third_Party/LwIP/src/core/inet_chksum.c **** }
 119              		.loc 1 173 0
 120 005e 80B2     		uxth	r0, r0
 121              	.LVL19:
 122 0060 03B0     		add	sp, sp, #12
 123              	.LCFI2:
 124              		.cfi_def_cfa_offset 4
 125              		@ sp needed
 126 0062 5DF8044B 		ldr	r4, [sp], #4
 127              	.LCFI3:
 128              		.cfi_restore 4
 129              		.cfi_def_cfa_offset 0
 130              	.LVL20:
 131 0066 7047     		bx	lr
 132              		.cfi_endproc
 133              	.LFE154:
 135              		.section	.text.inet_cksum_pseudo_base,"ax",%progbits
 136              		.align	1
 137              		.syntax unified
 138              		.thumb
 139              		.thumb_func
 140              		.fpu fpv5-sp-d16
 142              	inet_cksum_pseudo_base:
 143              	.LFB155:
 174:Middlewares/Third_Party/LwIP/src/core/inet_chksum.c **** #endif
 175:Middlewares/Third_Party/LwIP/src/core/inet_chksum.c **** 
 176:Middlewares/Third_Party/LwIP/src/core/inet_chksum.c **** #if (LWIP_CHKSUM_ALGORITHM == 3) /* Alternative version #3 */
 177:Middlewares/Third_Party/LwIP/src/core/inet_chksum.c **** /**
 178:Middlewares/Third_Party/LwIP/src/core/inet_chksum.c ****  * An optimized checksum routine. Basically, it uses loop-unrolling on
 179:Middlewares/Third_Party/LwIP/src/core/inet_chksum.c ****  * the checksum loop, treating the head and tail bytes specially, whereas
 180:Middlewares/Third_Party/LwIP/src/core/inet_chksum.c ****  * the inner loop acts on 8 bytes at a time.
 181:Middlewares/Third_Party/LwIP/src/core/inet_chksum.c ****  *
 182:Middlewares/Third_Party/LwIP/src/core/inet_chksum.c ****  * @arg start of buffer to be checksummed. May be an odd byte address.
 183:Middlewares/Third_Party/LwIP/src/core/inet_chksum.c ****  * @len number of bytes in the buffer to be checksummed.
 184:Middlewares/Third_Party/LwIP/src/core/inet_chksum.c ****  * @return host order (!) lwip checksum (non-inverted Internet sum)
 185:Middlewares/Third_Party/LwIP/src/core/inet_chksum.c ****  *
 186:Middlewares/Third_Party/LwIP/src/core/inet_chksum.c ****  * by Curt McDowell, Broadcom Corp. December 8th, 2005
 187:Middlewares/Third_Party/LwIP/src/core/inet_chksum.c ****  */
 188:Middlewares/Third_Party/LwIP/src/core/inet_chksum.c **** u16_t
 189:Middlewares/Third_Party/LwIP/src/core/inet_chksum.c **** lwip_standard_chksum(const void *dataptr, int len)
 190:Middlewares/Third_Party/LwIP/src/core/inet_chksum.c **** {
 191:Middlewares/Third_Party/LwIP/src/core/inet_chksum.c ****   const u8_t *pb = (const u8_t *)dataptr;
 192:Middlewares/Third_Party/LwIP/src/core/inet_chksum.c ****   const u16_t *ps;
 193:Middlewares/Third_Party/LwIP/src/core/inet_chksum.c ****   u16_t t = 0;
 194:Middlewares/Third_Party/LwIP/src/core/inet_chksum.c ****   const u32_t *pl;
 195:Middlewares/Third_Party/LwIP/src/core/inet_chksum.c ****   u32_t sum = 0, tmp;
 196:Middlewares/Third_Party/LwIP/src/core/inet_chksum.c ****   /* starts at odd byte address? */
 197:Middlewares/Third_Party/LwIP/src/core/inet_chksum.c ****   int odd = ((mem_ptr_t)pb & 1);
 198:Middlewares/Third_Party/LwIP/src/core/inet_chksum.c **** 
ARM GAS  C:\Users\Patryk\AppData\Local\Temp\ccNZYLN0.s 			page 7


 199:Middlewares/Third_Party/LwIP/src/core/inet_chksum.c ****   if (odd && len > 0) {
 200:Middlewares/Third_Party/LwIP/src/core/inet_chksum.c ****     ((u8_t *)&t)[1] = *pb++;
 201:Middlewares/Third_Party/LwIP/src/core/inet_chksum.c ****     len--;
 202:Middlewares/Third_Party/LwIP/src/core/inet_chksum.c ****   }
 203:Middlewares/Third_Party/LwIP/src/core/inet_chksum.c **** 
 204:Middlewares/Third_Party/LwIP/src/core/inet_chksum.c ****   ps = (const u16_t *)(const void*)pb;
 205:Middlewares/Third_Party/LwIP/src/core/inet_chksum.c **** 
 206:Middlewares/Third_Party/LwIP/src/core/inet_chksum.c ****   if (((mem_ptr_t)ps & 3) && len > 1) {
 207:Middlewares/Third_Party/LwIP/src/core/inet_chksum.c ****     sum += *ps++;
 208:Middlewares/Third_Party/LwIP/src/core/inet_chksum.c ****     len -= 2;
 209:Middlewares/Third_Party/LwIP/src/core/inet_chksum.c ****   }
 210:Middlewares/Third_Party/LwIP/src/core/inet_chksum.c **** 
 211:Middlewares/Third_Party/LwIP/src/core/inet_chksum.c ****   pl = (const u32_t *)(const void*)ps;
 212:Middlewares/Third_Party/LwIP/src/core/inet_chksum.c **** 
 213:Middlewares/Third_Party/LwIP/src/core/inet_chksum.c ****   while (len > 7)  {
 214:Middlewares/Third_Party/LwIP/src/core/inet_chksum.c ****     tmp = sum + *pl++;          /* ping */
 215:Middlewares/Third_Party/LwIP/src/core/inet_chksum.c ****     if (tmp < sum) {
 216:Middlewares/Third_Party/LwIP/src/core/inet_chksum.c ****       tmp++;                    /* add back carry */
 217:Middlewares/Third_Party/LwIP/src/core/inet_chksum.c ****     }
 218:Middlewares/Third_Party/LwIP/src/core/inet_chksum.c **** 
 219:Middlewares/Third_Party/LwIP/src/core/inet_chksum.c ****     sum = tmp + *pl++;          /* pong */
 220:Middlewares/Third_Party/LwIP/src/core/inet_chksum.c ****     if (sum < tmp) {
 221:Middlewares/Third_Party/LwIP/src/core/inet_chksum.c ****       sum++;                    /* add back carry */
 222:Middlewares/Third_Party/LwIP/src/core/inet_chksum.c ****     }
 223:Middlewares/Third_Party/LwIP/src/core/inet_chksum.c **** 
 224:Middlewares/Third_Party/LwIP/src/core/inet_chksum.c ****     len -= 8;
 225:Middlewares/Third_Party/LwIP/src/core/inet_chksum.c ****   }
 226:Middlewares/Third_Party/LwIP/src/core/inet_chksum.c **** 
 227:Middlewares/Third_Party/LwIP/src/core/inet_chksum.c ****   /* make room in upper bits */
 228:Middlewares/Third_Party/LwIP/src/core/inet_chksum.c ****   sum = FOLD_U32T(sum);
 229:Middlewares/Third_Party/LwIP/src/core/inet_chksum.c **** 
 230:Middlewares/Third_Party/LwIP/src/core/inet_chksum.c ****   ps = (const u16_t *)pl;
 231:Middlewares/Third_Party/LwIP/src/core/inet_chksum.c **** 
 232:Middlewares/Third_Party/LwIP/src/core/inet_chksum.c ****   /* 16-bit aligned word remaining? */
 233:Middlewares/Third_Party/LwIP/src/core/inet_chksum.c ****   while (len > 1) {
 234:Middlewares/Third_Party/LwIP/src/core/inet_chksum.c ****     sum += *ps++;
 235:Middlewares/Third_Party/LwIP/src/core/inet_chksum.c ****     len -= 2;
 236:Middlewares/Third_Party/LwIP/src/core/inet_chksum.c ****   }
 237:Middlewares/Third_Party/LwIP/src/core/inet_chksum.c **** 
 238:Middlewares/Third_Party/LwIP/src/core/inet_chksum.c ****   /* dangling tail byte remaining? */
 239:Middlewares/Third_Party/LwIP/src/core/inet_chksum.c ****   if (len > 0) {                /* include odd byte */
 240:Middlewares/Third_Party/LwIP/src/core/inet_chksum.c ****     ((u8_t *)&t)[0] = *(const u8_t *)ps;
 241:Middlewares/Third_Party/LwIP/src/core/inet_chksum.c ****   }
 242:Middlewares/Third_Party/LwIP/src/core/inet_chksum.c **** 
 243:Middlewares/Third_Party/LwIP/src/core/inet_chksum.c ****   sum += t;                     /* add end bytes */
 244:Middlewares/Third_Party/LwIP/src/core/inet_chksum.c **** 
 245:Middlewares/Third_Party/LwIP/src/core/inet_chksum.c ****   /* Fold 32-bit sum to 16 bits
 246:Middlewares/Third_Party/LwIP/src/core/inet_chksum.c ****      calling this twice is probably faster than if statements... */
 247:Middlewares/Third_Party/LwIP/src/core/inet_chksum.c ****   sum = FOLD_U32T(sum);
 248:Middlewares/Third_Party/LwIP/src/core/inet_chksum.c ****   sum = FOLD_U32T(sum);
 249:Middlewares/Third_Party/LwIP/src/core/inet_chksum.c **** 
 250:Middlewares/Third_Party/LwIP/src/core/inet_chksum.c ****   if (odd) {
 251:Middlewares/Third_Party/LwIP/src/core/inet_chksum.c ****     sum = SWAP_BYTES_IN_WORD(sum);
 252:Middlewares/Third_Party/LwIP/src/core/inet_chksum.c ****   }
 253:Middlewares/Third_Party/LwIP/src/core/inet_chksum.c **** 
 254:Middlewares/Third_Party/LwIP/src/core/inet_chksum.c ****   return (u16_t)sum;
 255:Middlewares/Third_Party/LwIP/src/core/inet_chksum.c **** }
ARM GAS  C:\Users\Patryk\AppData\Local\Temp\ccNZYLN0.s 			page 8


 256:Middlewares/Third_Party/LwIP/src/core/inet_chksum.c **** #endif
 257:Middlewares/Third_Party/LwIP/src/core/inet_chksum.c **** 
 258:Middlewares/Third_Party/LwIP/src/core/inet_chksum.c **** /** Parts of the pseudo checksum which are common to IPv4 and IPv6 */
 259:Middlewares/Third_Party/LwIP/src/core/inet_chksum.c **** static u16_t
 260:Middlewares/Third_Party/LwIP/src/core/inet_chksum.c **** inet_cksum_pseudo_base(struct pbuf *p, u8_t proto, u16_t proto_len, u32_t acc)
 261:Middlewares/Third_Party/LwIP/src/core/inet_chksum.c **** {
 144              		.loc 1 261 0
 145              		.cfi_startproc
 146              		@ args = 0, pretend = 0, frame = 0
 147              		@ frame_needed = 0, uses_anonymous_args = 0
 148              	.LVL21:
 149 0000 2DE9F041 		push	{r4, r5, r6, r7, r8, lr}
 150              	.LCFI4:
 151              		.cfi_def_cfa_offset 24
 152              		.cfi_offset 4, -24
 153              		.cfi_offset 5, -20
 154              		.cfi_offset 6, -16
 155              		.cfi_offset 7, -12
 156              		.cfi_offset 8, -8
 157              		.cfi_offset 14, -4
 158 0004 0546     		mov	r5, r0
 159 0006 8846     		mov	r8, r1
 160 0008 1746     		mov	r7, r2
 161 000a 1C46     		mov	r4, r3
 162              	.LVL22:
 262:Middlewares/Third_Party/LwIP/src/core/inet_chksum.c ****   struct pbuf *q;
 263:Middlewares/Third_Party/LwIP/src/core/inet_chksum.c ****   u8_t swapped = 0;
 163              		.loc 1 263 0
 164 000c 0026     		movs	r6, #0
 264:Middlewares/Third_Party/LwIP/src/core/inet_chksum.c **** 
 265:Middlewares/Third_Party/LwIP/src/core/inet_chksum.c ****   /* iterate through all pbuf in chain */
 266:Middlewares/Third_Party/LwIP/src/core/inet_chksum.c ****   for (q = p; q != NULL; q = q->next) {
 165              		.loc 1 266 0
 166 000e 00E0     		b	.L9
 167              	.LVL23:
 168              	.L10:
 169              		.loc 1 266 0 is_stmt 0 discriminator 2
 170 0010 2D68     		ldr	r5, [r5]
 171              	.LVL24:
 172              	.L9:
 173              		.loc 1 266 0 discriminator 1
 174 0012 A5B1     		cbz	r5, .L14
 267:Middlewares/Third_Party/LwIP/src/core/inet_chksum.c ****     LWIP_DEBUGF(INET_DEBUG, ("inet_chksum_pseudo(): checksumming pbuf %p (has next %p) \n",
 268:Middlewares/Third_Party/LwIP/src/core/inet_chksum.c ****       (void *)q, (void *)q->next));
 269:Middlewares/Third_Party/LwIP/src/core/inet_chksum.c ****     acc += LWIP_CHKSUM(q->payload, q->len);
 175              		.loc 1 269 0 is_stmt 1
 176 0014 6989     		ldrh	r1, [r5, #10]
 177 0016 6868     		ldr	r0, [r5, #4]
 178 0018 FFF7FEFF 		bl	lwip_standard_chksum
 179              	.LVL25:
 180 001c 0444     		add	r4, r4, r0
 181              	.LVL26:
 270:Middlewares/Third_Party/LwIP/src/core/inet_chksum.c ****     /*LWIP_DEBUGF(INET_DEBUG, ("inet_chksum_pseudo(): unwrapped lwip_chksum()=%"X32_F" \n", acc));*
 271:Middlewares/Third_Party/LwIP/src/core/inet_chksum.c ****     /* just executing this next line is probably faster that the if statement needed
 272:Middlewares/Third_Party/LwIP/src/core/inet_chksum.c ****        to check whether we really need to execute it, and does no harm */
 273:Middlewares/Third_Party/LwIP/src/core/inet_chksum.c ****     acc = FOLD_U32T(acc);
 182              		.loc 1 273 0
ARM GAS  C:\Users\Patryk\AppData\Local\Temp\ccNZYLN0.s 			page 9


 183 001e A0B2     		uxth	r0, r4
 184 0020 00EB1444 		add	r4, r0, r4, lsr #16
 185              	.LVL27:
 274:Middlewares/Third_Party/LwIP/src/core/inet_chksum.c ****     if (q->len % 2 != 0) {
 186              		.loc 1 274 0
 187 0024 6B89     		ldrh	r3, [r5, #10]
 188 0026 13F0010F 		tst	r3, #1
 189 002a F1D0     		beq	.L10
 275:Middlewares/Third_Party/LwIP/src/core/inet_chksum.c ****       swapped = 1 - swapped;
 190              		.loc 1 275 0
 191 002c C6F10106 		rsb	r6, r6, #1
 192              	.LVL28:
 193 0030 F6B2     		uxtb	r6, r6
 194              	.LVL29:
 276:Middlewares/Third_Party/LwIP/src/core/inet_chksum.c ****       acc = SWAP_BYTES_IN_WORD(acc);
 195              		.loc 1 276 0
 196 0032 2302     		lsls	r3, r4, #8
 197 0034 9BB2     		uxth	r3, r3
 198 0036 C4F30724 		ubfx	r4, r4, #8, #8
 199              	.LVL30:
 200 003a 1C43     		orrs	r4, r4, r3
 201              	.LVL31:
 202 003c E8E7     		b	.L10
 203              	.L14:
 277:Middlewares/Third_Party/LwIP/src/core/inet_chksum.c ****     }
 278:Middlewares/Third_Party/LwIP/src/core/inet_chksum.c ****     /*LWIP_DEBUGF(INET_DEBUG, ("inet_chksum_pseudo(): wrapped lwip_chksum()=%"X32_F" \n", acc));*/
 279:Middlewares/Third_Party/LwIP/src/core/inet_chksum.c ****   }
 280:Middlewares/Third_Party/LwIP/src/core/inet_chksum.c **** 
 281:Middlewares/Third_Party/LwIP/src/core/inet_chksum.c ****   if (swapped) {
 204              		.loc 1 281 0
 205 003e 26B1     		cbz	r6, .L12
 282:Middlewares/Third_Party/LwIP/src/core/inet_chksum.c ****     acc = SWAP_BYTES_IN_WORD(acc);
 206              		.loc 1 282 0
 207 0040 2302     		lsls	r3, r4, #8
 208 0042 9BB2     		uxth	r3, r3
 209 0044 C4F30724 		ubfx	r4, r4, #8, #8
 210              	.LVL32:
 211 0048 1C43     		orrs	r4, r4, r3
 212              	.LVL33:
 213              	.L12:
 283:Middlewares/Third_Party/LwIP/src/core/inet_chksum.c ****   }
 284:Middlewares/Third_Party/LwIP/src/core/inet_chksum.c **** 
 285:Middlewares/Third_Party/LwIP/src/core/inet_chksum.c ****   acc += (u32_t)lwip_htons((u16_t)proto);
 214              		.loc 1 285 0
 215 004a 4046     		mov	r0, r8
 216 004c FFF7FEFF 		bl	lwip_htons
 217              	.LVL34:
 218 0050 0444     		add	r4, r4, r0
 219              	.LVL35:
 286:Middlewares/Third_Party/LwIP/src/core/inet_chksum.c ****   acc += (u32_t)lwip_htons(proto_len);
 220              		.loc 1 286 0
 221 0052 3846     		mov	r0, r7
 222 0054 FFF7FEFF 		bl	lwip_htons
 223              	.LVL36:
 224 0058 2044     		add	r0, r0, r4
 225              	.LVL37:
 287:Middlewares/Third_Party/LwIP/src/core/inet_chksum.c **** 
ARM GAS  C:\Users\Patryk\AppData\Local\Temp\ccNZYLN0.s 			page 10


 288:Middlewares/Third_Party/LwIP/src/core/inet_chksum.c ****   /* Fold 32-bit sum to 16 bits
 289:Middlewares/Third_Party/LwIP/src/core/inet_chksum.c ****      calling this twice is probably faster than if statements... */
 290:Middlewares/Third_Party/LwIP/src/core/inet_chksum.c ****   acc = FOLD_U32T(acc);
 226              		.loc 1 290 0
 227 005a 84B2     		uxth	r4, r0
 228 005c 04EB1044 		add	r4, r4, r0, lsr #16
 229              	.LVL38:
 291:Middlewares/Third_Party/LwIP/src/core/inet_chksum.c ****   acc = FOLD_U32T(acc);
 230              		.loc 1 291 0
 231 0060 A0B2     		uxth	r0, r4
 232 0062 00EB1440 		add	r0, r0, r4, lsr #16
 233              	.LVL39:
 292:Middlewares/Third_Party/LwIP/src/core/inet_chksum.c ****   LWIP_DEBUGF(INET_DEBUG, ("inet_chksum_pseudo(): pbuf chain lwip_chksum()=%"X32_F"\n", acc));
 293:Middlewares/Third_Party/LwIP/src/core/inet_chksum.c ****   return (u16_t)~(acc & 0xffffUL);
 234              		.loc 1 293 0
 235 0066 C043     		mvns	r0, r0
 236              	.LVL40:
 294:Middlewares/Third_Party/LwIP/src/core/inet_chksum.c **** }
 237              		.loc 1 294 0
 238 0068 80B2     		uxth	r0, r0
 239              	.LVL41:
 240 006a BDE8F081 		pop	{r4, r5, r6, r7, r8, pc}
 241              		.cfi_endproc
 242              	.LFE155:
 244              		.section	.text.inet_cksum_pseudo_partial_base,"ax",%progbits
 245              		.align	1
 246              		.syntax unified
 247              		.thumb
 248              		.thumb_func
 249              		.fpu fpv5-sp-d16
 251              	inet_cksum_pseudo_partial_base:
 252              	.LFB158:
 295:Middlewares/Third_Party/LwIP/src/core/inet_chksum.c **** 
 296:Middlewares/Third_Party/LwIP/src/core/inet_chksum.c **** #if LWIP_IPV4
 297:Middlewares/Third_Party/LwIP/src/core/inet_chksum.c **** /* inet_chksum_pseudo:
 298:Middlewares/Third_Party/LwIP/src/core/inet_chksum.c ****  *
 299:Middlewares/Third_Party/LwIP/src/core/inet_chksum.c ****  * Calculates the IPv4 pseudo Internet checksum used by TCP and UDP for a pbuf chain.
 300:Middlewares/Third_Party/LwIP/src/core/inet_chksum.c ****  * IP addresses are expected to be in network byte order.
 301:Middlewares/Third_Party/LwIP/src/core/inet_chksum.c ****  *
 302:Middlewares/Third_Party/LwIP/src/core/inet_chksum.c ****  * @param p chain of pbufs over that a checksum should be calculated (ip data part)
 303:Middlewares/Third_Party/LwIP/src/core/inet_chksum.c ****  * @param src source ip address (used for checksum of pseudo header)
 304:Middlewares/Third_Party/LwIP/src/core/inet_chksum.c ****  * @param dst destination ip address (used for checksum of pseudo header)
 305:Middlewares/Third_Party/LwIP/src/core/inet_chksum.c ****  * @param proto ip protocol (used for checksum of pseudo header)
 306:Middlewares/Third_Party/LwIP/src/core/inet_chksum.c ****  * @param proto_len length of the ip data part (used for checksum of pseudo header)
 307:Middlewares/Third_Party/LwIP/src/core/inet_chksum.c ****  * @return checksum (as u16_t) to be saved directly in the protocol header
 308:Middlewares/Third_Party/LwIP/src/core/inet_chksum.c ****  */
 309:Middlewares/Third_Party/LwIP/src/core/inet_chksum.c **** u16_t
 310:Middlewares/Third_Party/LwIP/src/core/inet_chksum.c **** inet_chksum_pseudo(struct pbuf *p, u8_t proto, u16_t proto_len,
 311:Middlewares/Third_Party/LwIP/src/core/inet_chksum.c ****        const ip4_addr_t *src, const ip4_addr_t *dest)
 312:Middlewares/Third_Party/LwIP/src/core/inet_chksum.c **** {
 313:Middlewares/Third_Party/LwIP/src/core/inet_chksum.c ****   u32_t acc;
 314:Middlewares/Third_Party/LwIP/src/core/inet_chksum.c ****   u32_t addr;
 315:Middlewares/Third_Party/LwIP/src/core/inet_chksum.c **** 
 316:Middlewares/Third_Party/LwIP/src/core/inet_chksum.c ****   addr = ip4_addr_get_u32(src);
 317:Middlewares/Third_Party/LwIP/src/core/inet_chksum.c ****   acc = (addr & 0xffffUL);
 318:Middlewares/Third_Party/LwIP/src/core/inet_chksum.c ****   acc += ((addr >> 16) & 0xffffUL);
 319:Middlewares/Third_Party/LwIP/src/core/inet_chksum.c ****   addr = ip4_addr_get_u32(dest);
ARM GAS  C:\Users\Patryk\AppData\Local\Temp\ccNZYLN0.s 			page 11


 320:Middlewares/Third_Party/LwIP/src/core/inet_chksum.c ****   acc += (addr & 0xffffUL);
 321:Middlewares/Third_Party/LwIP/src/core/inet_chksum.c ****   acc += ((addr >> 16) & 0xffffUL);
 322:Middlewares/Third_Party/LwIP/src/core/inet_chksum.c ****   /* fold down to 16 bits */
 323:Middlewares/Third_Party/LwIP/src/core/inet_chksum.c ****   acc = FOLD_U32T(acc);
 324:Middlewares/Third_Party/LwIP/src/core/inet_chksum.c ****   acc = FOLD_U32T(acc);
 325:Middlewares/Third_Party/LwIP/src/core/inet_chksum.c **** 
 326:Middlewares/Third_Party/LwIP/src/core/inet_chksum.c ****   return inet_cksum_pseudo_base(p, proto, proto_len, acc);
 327:Middlewares/Third_Party/LwIP/src/core/inet_chksum.c **** }
 328:Middlewares/Third_Party/LwIP/src/core/inet_chksum.c **** #endif /* LWIP_IPV4 */
 329:Middlewares/Third_Party/LwIP/src/core/inet_chksum.c **** 
 330:Middlewares/Third_Party/LwIP/src/core/inet_chksum.c **** #if LWIP_IPV6
 331:Middlewares/Third_Party/LwIP/src/core/inet_chksum.c **** /**
 332:Middlewares/Third_Party/LwIP/src/core/inet_chksum.c ****  * Calculates the checksum with IPv6 pseudo header used by TCP and UDP for a pbuf chain.
 333:Middlewares/Third_Party/LwIP/src/core/inet_chksum.c ****  * IPv6 addresses are expected to be in network byte order.
 334:Middlewares/Third_Party/LwIP/src/core/inet_chksum.c ****  *
 335:Middlewares/Third_Party/LwIP/src/core/inet_chksum.c ****  * @param p chain of pbufs over that a checksum should be calculated (ip data part)
 336:Middlewares/Third_Party/LwIP/src/core/inet_chksum.c ****  * @param proto ipv6 protocol/next header (used for checksum of pseudo header)
 337:Middlewares/Third_Party/LwIP/src/core/inet_chksum.c ****  * @param proto_len length of the ipv6 payload (used for checksum of pseudo header)
 338:Middlewares/Third_Party/LwIP/src/core/inet_chksum.c ****  * @param src source ipv6 address (used for checksum of pseudo header)
 339:Middlewares/Third_Party/LwIP/src/core/inet_chksum.c ****  * @param dest destination ipv6 address (used for checksum of pseudo header)
 340:Middlewares/Third_Party/LwIP/src/core/inet_chksum.c ****  * @return checksum (as u16_t) to be saved directly in the protocol header
 341:Middlewares/Third_Party/LwIP/src/core/inet_chksum.c ****  */
 342:Middlewares/Third_Party/LwIP/src/core/inet_chksum.c **** u16_t
 343:Middlewares/Third_Party/LwIP/src/core/inet_chksum.c **** ip6_chksum_pseudo(struct pbuf *p, u8_t proto, u16_t proto_len,
 344:Middlewares/Third_Party/LwIP/src/core/inet_chksum.c ****        const ip6_addr_t *src, const ip6_addr_t *dest)
 345:Middlewares/Third_Party/LwIP/src/core/inet_chksum.c **** {
 346:Middlewares/Third_Party/LwIP/src/core/inet_chksum.c ****   u32_t acc = 0;
 347:Middlewares/Third_Party/LwIP/src/core/inet_chksum.c ****   u32_t addr;
 348:Middlewares/Third_Party/LwIP/src/core/inet_chksum.c ****   u8_t addr_part;
 349:Middlewares/Third_Party/LwIP/src/core/inet_chksum.c **** 
 350:Middlewares/Third_Party/LwIP/src/core/inet_chksum.c ****   for (addr_part = 0; addr_part < 4; addr_part++) {
 351:Middlewares/Third_Party/LwIP/src/core/inet_chksum.c ****     addr = src->addr[addr_part];
 352:Middlewares/Third_Party/LwIP/src/core/inet_chksum.c ****     acc += (addr & 0xffffUL);
 353:Middlewares/Third_Party/LwIP/src/core/inet_chksum.c ****     acc += ((addr >> 16) & 0xffffUL);
 354:Middlewares/Third_Party/LwIP/src/core/inet_chksum.c ****     addr = dest->addr[addr_part];
 355:Middlewares/Third_Party/LwIP/src/core/inet_chksum.c ****     acc += (addr & 0xffffUL);
 356:Middlewares/Third_Party/LwIP/src/core/inet_chksum.c ****     acc += ((addr >> 16) & 0xffffUL);
 357:Middlewares/Third_Party/LwIP/src/core/inet_chksum.c ****   }
 358:Middlewares/Third_Party/LwIP/src/core/inet_chksum.c ****   /* fold down to 16 bits */
 359:Middlewares/Third_Party/LwIP/src/core/inet_chksum.c ****   acc = FOLD_U32T(acc);
 360:Middlewares/Third_Party/LwIP/src/core/inet_chksum.c ****   acc = FOLD_U32T(acc);
 361:Middlewares/Third_Party/LwIP/src/core/inet_chksum.c **** 
 362:Middlewares/Third_Party/LwIP/src/core/inet_chksum.c ****   return inet_cksum_pseudo_base(p, proto, proto_len, acc);
 363:Middlewares/Third_Party/LwIP/src/core/inet_chksum.c **** }
 364:Middlewares/Third_Party/LwIP/src/core/inet_chksum.c **** #endif /* LWIP_IPV6 */
 365:Middlewares/Third_Party/LwIP/src/core/inet_chksum.c **** 
 366:Middlewares/Third_Party/LwIP/src/core/inet_chksum.c **** /* ip_chksum_pseudo:
 367:Middlewares/Third_Party/LwIP/src/core/inet_chksum.c ****  *
 368:Middlewares/Third_Party/LwIP/src/core/inet_chksum.c ****  * Calculates the IPv4 or IPv6 pseudo Internet checksum used by TCP and UDP for a pbuf chain.
 369:Middlewares/Third_Party/LwIP/src/core/inet_chksum.c ****  * IP addresses are expected to be in network byte order.
 370:Middlewares/Third_Party/LwIP/src/core/inet_chksum.c ****  *
 371:Middlewares/Third_Party/LwIP/src/core/inet_chksum.c ****  * @param p chain of pbufs over that a checksum should be calculated (ip data part)
 372:Middlewares/Third_Party/LwIP/src/core/inet_chksum.c ****  * @param src source ip address (used for checksum of pseudo header)
 373:Middlewares/Third_Party/LwIP/src/core/inet_chksum.c ****  * @param dst destination ip address (used for checksum of pseudo header)
 374:Middlewares/Third_Party/LwIP/src/core/inet_chksum.c ****  * @param proto ip protocol (used for checksum of pseudo header)
 375:Middlewares/Third_Party/LwIP/src/core/inet_chksum.c ****  * @param proto_len length of the ip data part (used for checksum of pseudo header)
 376:Middlewares/Third_Party/LwIP/src/core/inet_chksum.c ****  * @return checksum (as u16_t) to be saved directly in the protocol header
ARM GAS  C:\Users\Patryk\AppData\Local\Temp\ccNZYLN0.s 			page 12


 377:Middlewares/Third_Party/LwIP/src/core/inet_chksum.c ****  */
 378:Middlewares/Third_Party/LwIP/src/core/inet_chksum.c **** u16_t
 379:Middlewares/Third_Party/LwIP/src/core/inet_chksum.c **** ip_chksum_pseudo(struct pbuf *p, u8_t proto, u16_t proto_len,
 380:Middlewares/Third_Party/LwIP/src/core/inet_chksum.c ****        const ip_addr_t *src, const ip_addr_t *dest)
 381:Middlewares/Third_Party/LwIP/src/core/inet_chksum.c **** {
 382:Middlewares/Third_Party/LwIP/src/core/inet_chksum.c **** #if LWIP_IPV6
 383:Middlewares/Third_Party/LwIP/src/core/inet_chksum.c ****   if (IP_IS_V6(dest)) {
 384:Middlewares/Third_Party/LwIP/src/core/inet_chksum.c ****     return ip6_chksum_pseudo(p, proto, proto_len, ip_2_ip6(src), ip_2_ip6(dest));
 385:Middlewares/Third_Party/LwIP/src/core/inet_chksum.c ****   }
 386:Middlewares/Third_Party/LwIP/src/core/inet_chksum.c **** #endif /* LWIP_IPV6 */
 387:Middlewares/Third_Party/LwIP/src/core/inet_chksum.c **** #if LWIP_IPV4 && LWIP_IPV6
 388:Middlewares/Third_Party/LwIP/src/core/inet_chksum.c ****   else
 389:Middlewares/Third_Party/LwIP/src/core/inet_chksum.c **** #endif /* LWIP_IPV4 && LWIP_IPV6 */
 390:Middlewares/Third_Party/LwIP/src/core/inet_chksum.c **** #if LWIP_IPV4
 391:Middlewares/Third_Party/LwIP/src/core/inet_chksum.c ****   {
 392:Middlewares/Third_Party/LwIP/src/core/inet_chksum.c ****     return inet_chksum_pseudo(p, proto, proto_len, ip_2_ip4(src), ip_2_ip4(dest));
 393:Middlewares/Third_Party/LwIP/src/core/inet_chksum.c ****   }
 394:Middlewares/Third_Party/LwIP/src/core/inet_chksum.c **** #endif /* LWIP_IPV4 */
 395:Middlewares/Third_Party/LwIP/src/core/inet_chksum.c **** }
 396:Middlewares/Third_Party/LwIP/src/core/inet_chksum.c **** 
 397:Middlewares/Third_Party/LwIP/src/core/inet_chksum.c **** /** Parts of the pseudo checksum which are common to IPv4 and IPv6 */
 398:Middlewares/Third_Party/LwIP/src/core/inet_chksum.c **** static u16_t
 399:Middlewares/Third_Party/LwIP/src/core/inet_chksum.c **** inet_cksum_pseudo_partial_base(struct pbuf *p, u8_t proto, u16_t proto_len,
 400:Middlewares/Third_Party/LwIP/src/core/inet_chksum.c ****        u16_t chksum_len, u32_t acc)
 401:Middlewares/Third_Party/LwIP/src/core/inet_chksum.c **** {
 253              		.loc 1 401 0
 254              		.cfi_startproc
 255              		@ args = 4, pretend = 0, frame = 0
 256              		@ frame_needed = 0, uses_anonymous_args = 0
 257              	.LVL42:
 258 0000 2DE9F047 		push	{r4, r5, r6, r7, r8, r9, r10, lr}
 259              	.LCFI5:
 260              		.cfi_def_cfa_offset 32
 261              		.cfi_offset 4, -32
 262              		.cfi_offset 5, -28
 263              		.cfi_offset 6, -24
 264              		.cfi_offset 7, -20
 265              		.cfi_offset 8, -16
 266              		.cfi_offset 9, -12
 267              		.cfi_offset 10, -8
 268              		.cfi_offset 14, -4
 269 0004 0646     		mov	r6, r0
 270 0006 8A46     		mov	r10, r1
 271 0008 9146     		mov	r9, r2
 272 000a 1F46     		mov	r7, r3
 273 000c 089C     		ldr	r4, [sp, #32]
 274              	.LVL43:
 402:Middlewares/Third_Party/LwIP/src/core/inet_chksum.c ****   struct pbuf *q;
 403:Middlewares/Third_Party/LwIP/src/core/inet_chksum.c ****   u8_t swapped = 0;
 275              		.loc 1 403 0
 276 000e 4FF00008 		mov	r8, #0
 404:Middlewares/Third_Party/LwIP/src/core/inet_chksum.c ****   u16_t chklen;
 405:Middlewares/Third_Party/LwIP/src/core/inet_chksum.c **** 
 406:Middlewares/Third_Party/LwIP/src/core/inet_chksum.c ****   /* iterate through all pbuf in chain */
 407:Middlewares/Third_Party/LwIP/src/core/inet_chksum.c ****   for (q = p; (q != NULL) && (chksum_len > 0); q = q->next) {
 277              		.loc 1 407 0
 278 0012 08E0     		b	.L16
ARM GAS  C:\Users\Patryk\AppData\Local\Temp\ccNZYLN0.s 			page 13


 279              	.LVL44:
 280              	.L25:
 408:Middlewares/Third_Party/LwIP/src/core/inet_chksum.c ****     LWIP_DEBUGF(INET_DEBUG, ("inet_chksum_pseudo(): checksumming pbuf %p (has next %p) \n",
 409:Middlewares/Third_Party/LwIP/src/core/inet_chksum.c ****       (void *)q, (void *)q->next));
 410:Middlewares/Third_Party/LwIP/src/core/inet_chksum.c ****     chklen = q->len;
 411:Middlewares/Third_Party/LwIP/src/core/inet_chksum.c ****     if (chklen > chksum_len) {
 412:Middlewares/Third_Party/LwIP/src/core/inet_chksum.c ****       chklen = chksum_len;
 413:Middlewares/Third_Party/LwIP/src/core/inet_chksum.c ****     }
 414:Middlewares/Third_Party/LwIP/src/core/inet_chksum.c ****     acc += LWIP_CHKSUM(q->payload, chklen);
 415:Middlewares/Third_Party/LwIP/src/core/inet_chksum.c ****     chksum_len -= chklen;
 416:Middlewares/Third_Party/LwIP/src/core/inet_chksum.c ****     LWIP_ASSERT("delete me", chksum_len < 0x7fff);
 281              		.loc 1 416 0 discriminator 1
 282 0014 244B     		ldr	r3, .L26
 283 0016 4FF4D072 		mov	r2, #416
 284 001a 2449     		ldr	r1, .L26+4
 285 001c 2448     		ldr	r0, .L26+8
 286 001e FFF7FEFF 		bl	printf
 287              	.LVL45:
 288 0022 16E0     		b	.L18
 289              	.L19:
 407:Middlewares/Third_Party/LwIP/src/core/inet_chksum.c ****     LWIP_DEBUGF(INET_DEBUG, ("inet_chksum_pseudo(): checksumming pbuf %p (has next %p) \n",
 290              		.loc 1 407 0 discriminator 2
 291 0024 3668     		ldr	r6, [r6]
 292              	.LVL46:
 293              	.L16:
 407:Middlewares/Third_Party/LwIP/src/core/inet_chksum.c ****     LWIP_DEBUGF(INET_DEBUG, ("inet_chksum_pseudo(): checksumming pbuf %p (has next %p) \n",
 294              		.loc 1 407 0 is_stmt 0 discriminator 1
 295 0026 3B1C     		adds	r3, r7, #0
 296 0028 18BF     		it	ne
 297 002a 0123     		movne	r3, #1
 298 002c 002E     		cmp	r6, #0
 299 002e 08BF     		it	eq
 300 0030 0023     		moveq	r3, #0
 301 0032 FBB1     		cbz	r3, .L24
 410:Middlewares/Third_Party/LwIP/src/core/inet_chksum.c ****     if (chklen > chksum_len) {
 302              		.loc 1 410 0 is_stmt 1
 303 0034 7589     		ldrh	r5, [r6, #10]
 304              	.LVL47:
 411:Middlewares/Third_Party/LwIP/src/core/inet_chksum.c ****       chklen = chksum_len;
 305              		.loc 1 411 0
 306 0036 AF42     		cmp	r7, r5
 307 0038 00D2     		bcs	.L17
 412:Middlewares/Third_Party/LwIP/src/core/inet_chksum.c ****     }
 308              		.loc 1 412 0
 309 003a 3D46     		mov	r5, r7
 310              	.LVL48:
 311              	.L17:
 414:Middlewares/Third_Party/LwIP/src/core/inet_chksum.c ****     chksum_len -= chklen;
 312              		.loc 1 414 0
 313 003c 2946     		mov	r1, r5
 314 003e 7068     		ldr	r0, [r6, #4]
 315 0040 FFF7FEFF 		bl	lwip_standard_chksum
 316              	.LVL49:
 317 0044 0444     		add	r4, r4, r0
 318              	.LVL50:
 415:Middlewares/Third_Party/LwIP/src/core/inet_chksum.c ****     LWIP_ASSERT("delete me", chksum_len < 0x7fff);
 319              		.loc 1 415 0
ARM GAS  C:\Users\Patryk\AppData\Local\Temp\ccNZYLN0.s 			page 14


 320 0046 7D1B     		subs	r5, r7, r5
 321              	.LVL51:
 322 0048 AFB2     		uxth	r7, r5
 323              	.LVL52:
 324              		.loc 1 416 0
 325 004a 47F6FE73 		movw	r3, #32766
 326 004e 9F42     		cmp	r7, r3
 327 0050 E0D8     		bhi	.L25
 328              	.L18:
 417:Middlewares/Third_Party/LwIP/src/core/inet_chksum.c ****     /*LWIP_DEBUGF(INET_DEBUG, ("inet_chksum_pseudo(): unwrapped lwip_chksum()=%"X32_F" \n", acc));*
 418:Middlewares/Third_Party/LwIP/src/core/inet_chksum.c ****     /* fold the upper bit down */
 419:Middlewares/Third_Party/LwIP/src/core/inet_chksum.c ****     acc = FOLD_U32T(acc);
 329              		.loc 1 419 0
 330 0052 A0B2     		uxth	r0, r4
 331 0054 00EB1444 		add	r4, r0, r4, lsr #16
 332              	.LVL53:
 420:Middlewares/Third_Party/LwIP/src/core/inet_chksum.c ****     if (q->len % 2 != 0) {
 333              		.loc 1 420 0
 334 0058 7389     		ldrh	r3, [r6, #10]
 335 005a 13F0010F 		tst	r3, #1
 336 005e E1D0     		beq	.L19
 421:Middlewares/Third_Party/LwIP/src/core/inet_chksum.c ****       swapped = 1 - swapped;
 337              		.loc 1 421 0
 338 0060 C8F10108 		rsb	r8, r8, #1
 339              	.LVL54:
 340 0064 5FFA88F8 		uxtb	r8, r8
 341              	.LVL55:
 422:Middlewares/Third_Party/LwIP/src/core/inet_chksum.c ****       acc = SWAP_BYTES_IN_WORD(acc);
 342              		.loc 1 422 0
 343 0068 2302     		lsls	r3, r4, #8
 344 006a 9BB2     		uxth	r3, r3
 345 006c C4F30724 		ubfx	r4, r4, #8, #8
 346              	.LVL56:
 347 0070 1C43     		orrs	r4, r4, r3
 348              	.LVL57:
 349 0072 D7E7     		b	.L19
 350              	.L24:
 423:Middlewares/Third_Party/LwIP/src/core/inet_chksum.c ****     }
 424:Middlewares/Third_Party/LwIP/src/core/inet_chksum.c ****     /*LWIP_DEBUGF(INET_DEBUG, ("inet_chksum_pseudo(): wrapped lwip_chksum()=%"X32_F" \n", acc));*/
 425:Middlewares/Third_Party/LwIP/src/core/inet_chksum.c ****   }
 426:Middlewares/Third_Party/LwIP/src/core/inet_chksum.c **** 
 427:Middlewares/Third_Party/LwIP/src/core/inet_chksum.c ****   if (swapped) {
 351              		.loc 1 427 0
 352 0074 B8F1000F 		cmp	r8, #0
 353 0078 04D0     		beq	.L21
 428:Middlewares/Third_Party/LwIP/src/core/inet_chksum.c ****     acc = SWAP_BYTES_IN_WORD(acc);
 354              		.loc 1 428 0
 355 007a 2302     		lsls	r3, r4, #8
 356 007c 9BB2     		uxth	r3, r3
 357 007e C4F30724 		ubfx	r4, r4, #8, #8
 358              	.LVL58:
 359 0082 1C43     		orrs	r4, r4, r3
 360              	.LVL59:
 361              	.L21:
 429:Middlewares/Third_Party/LwIP/src/core/inet_chksum.c ****   }
 430:Middlewares/Third_Party/LwIP/src/core/inet_chksum.c **** 
 431:Middlewares/Third_Party/LwIP/src/core/inet_chksum.c ****   acc += (u32_t)lwip_htons((u16_t)proto);
ARM GAS  C:\Users\Patryk\AppData\Local\Temp\ccNZYLN0.s 			page 15


 362              		.loc 1 431 0
 363 0084 5046     		mov	r0, r10
 364 0086 FFF7FEFF 		bl	lwip_htons
 365              	.LVL60:
 366 008a 0444     		add	r4, r4, r0
 367              	.LVL61:
 432:Middlewares/Third_Party/LwIP/src/core/inet_chksum.c ****   acc += (u32_t)lwip_htons(proto_len);
 368              		.loc 1 432 0
 369 008c 4846     		mov	r0, r9
 370 008e FFF7FEFF 		bl	lwip_htons
 371              	.LVL62:
 372 0092 2044     		add	r0, r0, r4
 373              	.LVL63:
 433:Middlewares/Third_Party/LwIP/src/core/inet_chksum.c **** 
 434:Middlewares/Third_Party/LwIP/src/core/inet_chksum.c ****   /* Fold 32-bit sum to 16 bits
 435:Middlewares/Third_Party/LwIP/src/core/inet_chksum.c ****      calling this twice is probably faster than if statements... */
 436:Middlewares/Third_Party/LwIP/src/core/inet_chksum.c ****   acc = FOLD_U32T(acc);
 374              		.loc 1 436 0
 375 0094 84B2     		uxth	r4, r0
 376 0096 04EB1044 		add	r4, r4, r0, lsr #16
 377              	.LVL64:
 437:Middlewares/Third_Party/LwIP/src/core/inet_chksum.c ****   acc = FOLD_U32T(acc);
 378              		.loc 1 437 0
 379 009a A0B2     		uxth	r0, r4
 380 009c 00EB1440 		add	r0, r0, r4, lsr #16
 381              	.LVL65:
 438:Middlewares/Third_Party/LwIP/src/core/inet_chksum.c ****   LWIP_DEBUGF(INET_DEBUG, ("inet_chksum_pseudo(): pbuf chain lwip_chksum()=%"X32_F"\n", acc));
 439:Middlewares/Third_Party/LwIP/src/core/inet_chksum.c ****   return (u16_t)~(acc & 0xffffUL);
 382              		.loc 1 439 0
 383 00a0 C043     		mvns	r0, r0
 384              	.LVL66:
 440:Middlewares/Third_Party/LwIP/src/core/inet_chksum.c **** }
 385              		.loc 1 440 0
 386 00a2 80B2     		uxth	r0, r0
 387              	.LVL67:
 388 00a4 BDE8F087 		pop	{r4, r5, r6, r7, r8, r9, r10, pc}
 389              	.LVL68:
 390              	.L27:
 391              		.align	2
 392              	.L26:
 393 00a8 00000000 		.word	.LC0
 394 00ac 34000000 		.word	.LC1
 395 00b0 40000000 		.word	.LC2
 396              		.cfi_endproc
 397              	.LFE158:
 399              		.section	.text.inet_chksum_pseudo,"ax",%progbits
 400              		.align	1
 401              		.global	inet_chksum_pseudo
 402              		.syntax unified
 403              		.thumb
 404              		.thumb_func
 405              		.fpu fpv5-sp-d16
 407              	inet_chksum_pseudo:
 408              	.LFB156:
 312:Middlewares/Third_Party/LwIP/src/core/inet_chksum.c ****   u32_t acc;
 409              		.loc 1 312 0
 410              		.cfi_startproc
ARM GAS  C:\Users\Patryk\AppData\Local\Temp\ccNZYLN0.s 			page 16


 411              		@ args = 4, pretend = 0, frame = 0
 412              		@ frame_needed = 0, uses_anonymous_args = 0
 413              	.LVL69:
 414 0000 10B5     		push	{r4, lr}
 415              	.LCFI6:
 416              		.cfi_def_cfa_offset 8
 417              		.cfi_offset 4, -8
 418              		.cfi_offset 14, -4
 316:Middlewares/Third_Party/LwIP/src/core/inet_chksum.c ****   acc = (addr & 0xffffUL);
 419              		.loc 1 316 0
 420 0002 1B68     		ldr	r3, [r3]
 421              	.LVL70:
 318:Middlewares/Third_Party/LwIP/src/core/inet_chksum.c ****   addr = ip4_addr_get_u32(dest);
 422              		.loc 1 318 0
 423 0004 1C0C     		lsrs	r4, r3, #16
 424 0006 14FA83F3 		uxtah	r3, r4, r3
 425              	.LVL71:
 319:Middlewares/Third_Party/LwIP/src/core/inet_chksum.c ****   acc += (addr & 0xffffUL);
 426              		.loc 1 319 0
 427 000a 029C     		ldr	r4, [sp, #8]
 428 000c 2468     		ldr	r4, [r4]
 429              	.LVL72:
 320:Middlewares/Third_Party/LwIP/src/core/inet_chksum.c ****   acc += ((addr >> 16) & 0xffffUL);
 430              		.loc 1 320 0
 431 000e 13FA84F3 		uxtah	r3, r3, r4
 432              	.LVL73:
 321:Middlewares/Third_Party/LwIP/src/core/inet_chksum.c ****   /* fold down to 16 bits */
 433              		.loc 1 321 0
 434 0012 03EB1443 		add	r3, r3, r4, lsr #16
 435              	.LVL74:
 323:Middlewares/Third_Party/LwIP/src/core/inet_chksum.c ****   acc = FOLD_U32T(acc);
 436              		.loc 1 323 0
 437 0016 9CB2     		uxth	r4, r3
 438              	.LVL75:
 439 0018 04EB1343 		add	r3, r4, r3, lsr #16
 440              	.LVL76:
 324:Middlewares/Third_Party/LwIP/src/core/inet_chksum.c **** 
 441              		.loc 1 324 0
 442 001c 9CB2     		uxth	r4, r3
 443              	.LVL77:
 326:Middlewares/Third_Party/LwIP/src/core/inet_chksum.c **** }
 444              		.loc 1 326 0
 445 001e 04EB1343 		add	r3, r4, r3, lsr #16
 446              	.LVL78:
 447 0022 FFF7FEFF 		bl	inet_cksum_pseudo_base
 448              	.LVL79:
 327:Middlewares/Third_Party/LwIP/src/core/inet_chksum.c **** #endif /* LWIP_IPV4 */
 449              		.loc 1 327 0
 450 0026 10BD     		pop	{r4, pc}
 451              		.cfi_endproc
 452              	.LFE156:
 454              		.section	.text.ip_chksum_pseudo,"ax",%progbits
 455              		.align	1
 456              		.global	ip_chksum_pseudo
 457              		.syntax unified
 458              		.thumb
 459              		.thumb_func
ARM GAS  C:\Users\Patryk\AppData\Local\Temp\ccNZYLN0.s 			page 17


 460              		.fpu fpv5-sp-d16
 462              	ip_chksum_pseudo:
 463              	.LFB157:
 381:Middlewares/Third_Party/LwIP/src/core/inet_chksum.c **** #if LWIP_IPV6
 464              		.loc 1 381 0
 465              		.cfi_startproc
 466              		@ args = 4, pretend = 0, frame = 0
 467              		@ frame_needed = 0, uses_anonymous_args = 0
 468              	.LVL80:
 469 0000 10B5     		push	{r4, lr}
 470              	.LCFI7:
 471              		.cfi_def_cfa_offset 8
 472              		.cfi_offset 4, -8
 473              		.cfi_offset 14, -4
 474 0002 82B0     		sub	sp, sp, #8
 475              	.LCFI8:
 476              		.cfi_def_cfa_offset 16
 392:Middlewares/Third_Party/LwIP/src/core/inet_chksum.c ****   }
 477              		.loc 1 392 0
 478 0004 049C     		ldr	r4, [sp, #16]
 479 0006 0094     		str	r4, [sp]
 480 0008 FFF7FEFF 		bl	inet_chksum_pseudo
 481              	.LVL81:
 395:Middlewares/Third_Party/LwIP/src/core/inet_chksum.c **** 
 482              		.loc 1 395 0
 483 000c 02B0     		add	sp, sp, #8
 484              	.LCFI9:
 485              		.cfi_def_cfa_offset 8
 486              		@ sp needed
 487 000e 10BD     		pop	{r4, pc}
 488              		.cfi_endproc
 489              	.LFE157:
 491              		.section	.text.inet_chksum_pseudo_partial,"ax",%progbits
 492              		.align	1
 493              		.global	inet_chksum_pseudo_partial
 494              		.syntax unified
 495              		.thumb
 496              		.thumb_func
 497              		.fpu fpv5-sp-d16
 499              	inet_chksum_pseudo_partial:
 500              	.LFB159:
 441:Middlewares/Third_Party/LwIP/src/core/inet_chksum.c **** 
 442:Middlewares/Third_Party/LwIP/src/core/inet_chksum.c **** #if LWIP_IPV4
 443:Middlewares/Third_Party/LwIP/src/core/inet_chksum.c **** /* inet_chksum_pseudo_partial:
 444:Middlewares/Third_Party/LwIP/src/core/inet_chksum.c ****  *
 445:Middlewares/Third_Party/LwIP/src/core/inet_chksum.c ****  * Calculates the IPv4 pseudo Internet checksum used by TCP and UDP for a pbuf chain.
 446:Middlewares/Third_Party/LwIP/src/core/inet_chksum.c ****  * IP addresses are expected to be in network byte order.
 447:Middlewares/Third_Party/LwIP/src/core/inet_chksum.c ****  *
 448:Middlewares/Third_Party/LwIP/src/core/inet_chksum.c ****  * @param p chain of pbufs over that a checksum should be calculated (ip data part)
 449:Middlewares/Third_Party/LwIP/src/core/inet_chksum.c ****  * @param src source ip address (used for checksum of pseudo header)
 450:Middlewares/Third_Party/LwIP/src/core/inet_chksum.c ****  * @param dst destination ip address (used for checksum of pseudo header)
 451:Middlewares/Third_Party/LwIP/src/core/inet_chksum.c ****  * @param proto ip protocol (used for checksum of pseudo header)
 452:Middlewares/Third_Party/LwIP/src/core/inet_chksum.c ****  * @param proto_len length of the ip data part (used for checksum of pseudo header)
 453:Middlewares/Third_Party/LwIP/src/core/inet_chksum.c ****  * @return checksum (as u16_t) to be saved directly in the protocol header
 454:Middlewares/Third_Party/LwIP/src/core/inet_chksum.c ****  */
 455:Middlewares/Third_Party/LwIP/src/core/inet_chksum.c **** u16_t
 456:Middlewares/Third_Party/LwIP/src/core/inet_chksum.c **** inet_chksum_pseudo_partial(struct pbuf *p, u8_t proto, u16_t proto_len,
ARM GAS  C:\Users\Patryk\AppData\Local\Temp\ccNZYLN0.s 			page 18


 457:Middlewares/Third_Party/LwIP/src/core/inet_chksum.c ****        u16_t chksum_len, const ip4_addr_t *src, const ip4_addr_t *dest)
 458:Middlewares/Third_Party/LwIP/src/core/inet_chksum.c **** {
 501              		.loc 1 458 0
 502              		.cfi_startproc
 503              		@ args = 8, pretend = 0, frame = 0
 504              		@ frame_needed = 0, uses_anonymous_args = 0
 505              	.LVL82:
 506 0000 30B5     		push	{r4, r5, lr}
 507              	.LCFI10:
 508              		.cfi_def_cfa_offset 12
 509              		.cfi_offset 4, -12
 510              		.cfi_offset 5, -8
 511              		.cfi_offset 14, -4
 512 0002 83B0     		sub	sp, sp, #12
 513              	.LCFI11:
 514              		.cfi_def_cfa_offset 24
 459:Middlewares/Third_Party/LwIP/src/core/inet_chksum.c ****   u32_t acc;
 460:Middlewares/Third_Party/LwIP/src/core/inet_chksum.c ****   u32_t addr;
 461:Middlewares/Third_Party/LwIP/src/core/inet_chksum.c **** 
 462:Middlewares/Third_Party/LwIP/src/core/inet_chksum.c ****   addr = ip4_addr_get_u32(src);
 515              		.loc 1 462 0
 516 0004 069C     		ldr	r4, [sp, #24]
 517 0006 2468     		ldr	r4, [r4]
 518              	.LVL83:
 463:Middlewares/Third_Party/LwIP/src/core/inet_chksum.c ****   acc = (addr & 0xffffUL);
 464:Middlewares/Third_Party/LwIP/src/core/inet_chksum.c ****   acc += ((addr >> 16) & 0xffffUL);
 519              		.loc 1 464 0
 520 0008 250C     		lsrs	r5, r4, #16
 521 000a 15FA84F4 		uxtah	r4, r5, r4
 522              	.LVL84:
 465:Middlewares/Third_Party/LwIP/src/core/inet_chksum.c ****   addr = ip4_addr_get_u32(dest);
 523              		.loc 1 465 0
 524 000e 079D     		ldr	r5, [sp, #28]
 525 0010 2D68     		ldr	r5, [r5]
 526              	.LVL85:
 466:Middlewares/Third_Party/LwIP/src/core/inet_chksum.c ****   acc += (addr & 0xffffUL);
 527              		.loc 1 466 0
 528 0012 14FA85F4 		uxtah	r4, r4, r5
 529              	.LVL86:
 467:Middlewares/Third_Party/LwIP/src/core/inet_chksum.c ****   acc += ((addr >> 16) & 0xffffUL);
 530              		.loc 1 467 0
 531 0016 04EB1544 		add	r4, r4, r5, lsr #16
 532              	.LVL87:
 468:Middlewares/Third_Party/LwIP/src/core/inet_chksum.c ****   /* fold down to 16 bits */
 469:Middlewares/Third_Party/LwIP/src/core/inet_chksum.c ****   acc = FOLD_U32T(acc);
 533              		.loc 1 469 0
 534 001a A5B2     		uxth	r5, r4
 535              	.LVL88:
 536 001c 05EB1444 		add	r4, r5, r4, lsr #16
 537              	.LVL89:
 470:Middlewares/Third_Party/LwIP/src/core/inet_chksum.c ****   acc = FOLD_U32T(acc);
 538              		.loc 1 470 0
 539 0020 A5B2     		uxth	r5, r4
 540 0022 05EB1444 		add	r4, r5, r4, lsr #16
 541              	.LVL90:
 471:Middlewares/Third_Party/LwIP/src/core/inet_chksum.c **** 
 472:Middlewares/Third_Party/LwIP/src/core/inet_chksum.c ****   return inet_cksum_pseudo_partial_base(p, proto, proto_len, chksum_len, acc);
ARM GAS  C:\Users\Patryk\AppData\Local\Temp\ccNZYLN0.s 			page 19


 542              		.loc 1 472 0
 543 0026 0094     		str	r4, [sp]
 544              	.LVL91:
 545 0028 FFF7FEFF 		bl	inet_cksum_pseudo_partial_base
 546              	.LVL92:
 473:Middlewares/Third_Party/LwIP/src/core/inet_chksum.c **** }
 547              		.loc 1 473 0
 548 002c 03B0     		add	sp, sp, #12
 549              	.LCFI12:
 550              		.cfi_def_cfa_offset 12
 551              		@ sp needed
 552 002e 30BD     		pop	{r4, r5, pc}
 553              		.cfi_endproc
 554              	.LFE159:
 556              		.section	.text.ip_chksum_pseudo_partial,"ax",%progbits
 557              		.align	1
 558              		.global	ip_chksum_pseudo_partial
 559              		.syntax unified
 560              		.thumb
 561              		.thumb_func
 562              		.fpu fpv5-sp-d16
 564              	ip_chksum_pseudo_partial:
 565              	.LFB160:
 474:Middlewares/Third_Party/LwIP/src/core/inet_chksum.c **** #endif /* LWIP_IPV4 */
 475:Middlewares/Third_Party/LwIP/src/core/inet_chksum.c **** 
 476:Middlewares/Third_Party/LwIP/src/core/inet_chksum.c **** #if LWIP_IPV6
 477:Middlewares/Third_Party/LwIP/src/core/inet_chksum.c **** /**
 478:Middlewares/Third_Party/LwIP/src/core/inet_chksum.c ****  * Calculates the checksum with IPv6 pseudo header used by TCP and UDP for a pbuf chain.
 479:Middlewares/Third_Party/LwIP/src/core/inet_chksum.c ****  * IPv6 addresses are expected to be in network byte order. Will only compute for a
 480:Middlewares/Third_Party/LwIP/src/core/inet_chksum.c ****  * portion of the payload.
 481:Middlewares/Third_Party/LwIP/src/core/inet_chksum.c ****  *
 482:Middlewares/Third_Party/LwIP/src/core/inet_chksum.c ****  * @param p chain of pbufs over that a checksum should be calculated (ip data part)
 483:Middlewares/Third_Party/LwIP/src/core/inet_chksum.c ****  * @param proto ipv6 protocol/next header (used for checksum of pseudo header)
 484:Middlewares/Third_Party/LwIP/src/core/inet_chksum.c ****  * @param proto_len length of the ipv6 payload (used for checksum of pseudo header)
 485:Middlewares/Third_Party/LwIP/src/core/inet_chksum.c ****  * @param chksum_len number of payload bytes used to compute chksum
 486:Middlewares/Third_Party/LwIP/src/core/inet_chksum.c ****  * @param src source ipv6 address (used for checksum of pseudo header)
 487:Middlewares/Third_Party/LwIP/src/core/inet_chksum.c ****  * @param dest destination ipv6 address (used for checksum of pseudo header)
 488:Middlewares/Third_Party/LwIP/src/core/inet_chksum.c ****  * @return checksum (as u16_t) to be saved directly in the protocol header
 489:Middlewares/Third_Party/LwIP/src/core/inet_chksum.c ****  */
 490:Middlewares/Third_Party/LwIP/src/core/inet_chksum.c **** u16_t
 491:Middlewares/Third_Party/LwIP/src/core/inet_chksum.c **** ip6_chksum_pseudo_partial(struct pbuf *p, u8_t proto, u16_t proto_len,
 492:Middlewares/Third_Party/LwIP/src/core/inet_chksum.c ****        u16_t chksum_len, const ip6_addr_t *src, const ip6_addr_t *dest)
 493:Middlewares/Third_Party/LwIP/src/core/inet_chksum.c **** {
 494:Middlewares/Third_Party/LwIP/src/core/inet_chksum.c ****   u32_t acc = 0;
 495:Middlewares/Third_Party/LwIP/src/core/inet_chksum.c ****   u32_t addr;
 496:Middlewares/Third_Party/LwIP/src/core/inet_chksum.c ****   u8_t addr_part;
 497:Middlewares/Third_Party/LwIP/src/core/inet_chksum.c **** 
 498:Middlewares/Third_Party/LwIP/src/core/inet_chksum.c ****   for (addr_part = 0; addr_part < 4; addr_part++) {
 499:Middlewares/Third_Party/LwIP/src/core/inet_chksum.c ****     addr = src->addr[addr_part];
 500:Middlewares/Third_Party/LwIP/src/core/inet_chksum.c ****     acc += (addr & 0xffffUL);
 501:Middlewares/Third_Party/LwIP/src/core/inet_chksum.c ****     acc += ((addr >> 16) & 0xffffUL);
 502:Middlewares/Third_Party/LwIP/src/core/inet_chksum.c ****     addr = dest->addr[addr_part];
 503:Middlewares/Third_Party/LwIP/src/core/inet_chksum.c ****     acc += (addr & 0xffffUL);
 504:Middlewares/Third_Party/LwIP/src/core/inet_chksum.c ****     acc += ((addr >> 16) & 0xffffUL);
 505:Middlewares/Third_Party/LwIP/src/core/inet_chksum.c ****   }
 506:Middlewares/Third_Party/LwIP/src/core/inet_chksum.c ****   /* fold down to 16 bits */
 507:Middlewares/Third_Party/LwIP/src/core/inet_chksum.c ****   acc = FOLD_U32T(acc);
ARM GAS  C:\Users\Patryk\AppData\Local\Temp\ccNZYLN0.s 			page 20


 508:Middlewares/Third_Party/LwIP/src/core/inet_chksum.c ****   acc = FOLD_U32T(acc);
 509:Middlewares/Third_Party/LwIP/src/core/inet_chksum.c **** 
 510:Middlewares/Third_Party/LwIP/src/core/inet_chksum.c ****   return inet_cksum_pseudo_partial_base(p, proto, proto_len, chksum_len, acc);
 511:Middlewares/Third_Party/LwIP/src/core/inet_chksum.c **** }
 512:Middlewares/Third_Party/LwIP/src/core/inet_chksum.c **** #endif /* LWIP_IPV6 */
 513:Middlewares/Third_Party/LwIP/src/core/inet_chksum.c **** 
 514:Middlewares/Third_Party/LwIP/src/core/inet_chksum.c **** /* ip_chksum_pseudo_partial:
 515:Middlewares/Third_Party/LwIP/src/core/inet_chksum.c ****  *
 516:Middlewares/Third_Party/LwIP/src/core/inet_chksum.c ****  * Calculates the IPv4 or IPv6 pseudo Internet checksum used by TCP and UDP for a pbuf chain.
 517:Middlewares/Third_Party/LwIP/src/core/inet_chksum.c ****  *
 518:Middlewares/Third_Party/LwIP/src/core/inet_chksum.c ****  * @param p chain of pbufs over that a checksum should be calculated (ip data part)
 519:Middlewares/Third_Party/LwIP/src/core/inet_chksum.c ****  * @param src source ip address (used for checksum of pseudo header)
 520:Middlewares/Third_Party/LwIP/src/core/inet_chksum.c ****  * @param dst destination ip address (used for checksum of pseudo header)
 521:Middlewares/Third_Party/LwIP/src/core/inet_chksum.c ****  * @param proto ip protocol (used for checksum of pseudo header)
 522:Middlewares/Third_Party/LwIP/src/core/inet_chksum.c ****  * @param proto_len length of the ip data part (used for checksum of pseudo header)
 523:Middlewares/Third_Party/LwIP/src/core/inet_chksum.c ****  * @return checksum (as u16_t) to be saved directly in the protocol header
 524:Middlewares/Third_Party/LwIP/src/core/inet_chksum.c ****  */
 525:Middlewares/Third_Party/LwIP/src/core/inet_chksum.c **** u16_t
 526:Middlewares/Third_Party/LwIP/src/core/inet_chksum.c **** ip_chksum_pseudo_partial(struct pbuf *p, u8_t proto, u16_t proto_len,
 527:Middlewares/Third_Party/LwIP/src/core/inet_chksum.c ****        u16_t chksum_len, const ip_addr_t *src, const ip_addr_t *dest)
 528:Middlewares/Third_Party/LwIP/src/core/inet_chksum.c **** {
 566              		.loc 1 528 0
 567              		.cfi_startproc
 568              		@ args = 8, pretend = 0, frame = 0
 569              		@ frame_needed = 0, uses_anonymous_args = 0
 570              	.LVL93:
 571 0000 10B5     		push	{r4, lr}
 572              	.LCFI13:
 573              		.cfi_def_cfa_offset 8
 574              		.cfi_offset 4, -8
 575              		.cfi_offset 14, -4
 576 0002 82B0     		sub	sp, sp, #8
 577              	.LCFI14:
 578              		.cfi_def_cfa_offset 16
 529:Middlewares/Third_Party/LwIP/src/core/inet_chksum.c **** #if LWIP_IPV6
 530:Middlewares/Third_Party/LwIP/src/core/inet_chksum.c ****   if (IP_IS_V6(dest)) {
 531:Middlewares/Third_Party/LwIP/src/core/inet_chksum.c ****     return ip6_chksum_pseudo_partial(p, proto, proto_len, chksum_len, ip_2_ip6(src), ip_2_ip6(dest)
 532:Middlewares/Third_Party/LwIP/src/core/inet_chksum.c ****   }
 533:Middlewares/Third_Party/LwIP/src/core/inet_chksum.c **** #endif /* LWIP_IPV6 */
 534:Middlewares/Third_Party/LwIP/src/core/inet_chksum.c **** #if LWIP_IPV4 && LWIP_IPV6
 535:Middlewares/Third_Party/LwIP/src/core/inet_chksum.c ****   else
 536:Middlewares/Third_Party/LwIP/src/core/inet_chksum.c **** #endif /* LWIP_IPV4 && LWIP_IPV6 */
 537:Middlewares/Third_Party/LwIP/src/core/inet_chksum.c **** #if LWIP_IPV4
 538:Middlewares/Third_Party/LwIP/src/core/inet_chksum.c ****   {
 539:Middlewares/Third_Party/LwIP/src/core/inet_chksum.c ****     return inet_chksum_pseudo_partial(p, proto, proto_len, chksum_len, ip_2_ip4(src), ip_2_ip4(dest
 579              		.loc 1 539 0
 580 0004 059C     		ldr	r4, [sp, #20]
 581 0006 0194     		str	r4, [sp, #4]
 582 0008 049C     		ldr	r4, [sp, #16]
 583 000a 0094     		str	r4, [sp]
 584 000c FFF7FEFF 		bl	inet_chksum_pseudo_partial
 585              	.LVL94:
 540:Middlewares/Third_Party/LwIP/src/core/inet_chksum.c ****   }
 541:Middlewares/Third_Party/LwIP/src/core/inet_chksum.c **** #endif /* LWIP_IPV4 */
 542:Middlewares/Third_Party/LwIP/src/core/inet_chksum.c **** }
 586              		.loc 1 542 0
 587 0010 02B0     		add	sp, sp, #8
ARM GAS  C:\Users\Patryk\AppData\Local\Temp\ccNZYLN0.s 			page 21


 588              	.LCFI15:
 589              		.cfi_def_cfa_offset 8
 590              		@ sp needed
 591 0012 10BD     		pop	{r4, pc}
 592              		.cfi_endproc
 593              	.LFE160:
 595              		.section	.text.inet_chksum,"ax",%progbits
 596              		.align	1
 597              		.global	inet_chksum
 598              		.syntax unified
 599              		.thumb
 600              		.thumb_func
 601              		.fpu fpv5-sp-d16
 603              	inet_chksum:
 604              	.LFB161:
 543:Middlewares/Third_Party/LwIP/src/core/inet_chksum.c **** 
 544:Middlewares/Third_Party/LwIP/src/core/inet_chksum.c **** /* inet_chksum:
 545:Middlewares/Third_Party/LwIP/src/core/inet_chksum.c ****  *
 546:Middlewares/Third_Party/LwIP/src/core/inet_chksum.c ****  * Calculates the Internet checksum over a portion of memory. Used primarily for IP
 547:Middlewares/Third_Party/LwIP/src/core/inet_chksum.c ****  * and ICMP.
 548:Middlewares/Third_Party/LwIP/src/core/inet_chksum.c ****  *
 549:Middlewares/Third_Party/LwIP/src/core/inet_chksum.c ****  * @param dataptr start of the buffer to calculate the checksum (no alignment needed)
 550:Middlewares/Third_Party/LwIP/src/core/inet_chksum.c ****  * @param len length of the buffer to calculate the checksum
 551:Middlewares/Third_Party/LwIP/src/core/inet_chksum.c ****  * @return checksum (as u16_t) to be saved directly in the protocol header
 552:Middlewares/Third_Party/LwIP/src/core/inet_chksum.c ****  */
 553:Middlewares/Third_Party/LwIP/src/core/inet_chksum.c **** 
 554:Middlewares/Third_Party/LwIP/src/core/inet_chksum.c **** u16_t
 555:Middlewares/Third_Party/LwIP/src/core/inet_chksum.c **** inet_chksum(const void *dataptr, u16_t len)
 556:Middlewares/Third_Party/LwIP/src/core/inet_chksum.c **** {
 605              		.loc 1 556 0
 606              		.cfi_startproc
 607              		@ args = 0, pretend = 0, frame = 0
 608              		@ frame_needed = 0, uses_anonymous_args = 0
 609              	.LVL95:
 610 0000 08B5     		push	{r3, lr}
 611              	.LCFI16:
 612              		.cfi_def_cfa_offset 8
 613              		.cfi_offset 3, -8
 614              		.cfi_offset 14, -4
 557:Middlewares/Third_Party/LwIP/src/core/inet_chksum.c ****   return (u16_t)~(unsigned int)LWIP_CHKSUM(dataptr, len);
 615              		.loc 1 557 0
 616 0002 FFF7FEFF 		bl	lwip_standard_chksum
 617              	.LVL96:
 618 0006 C043     		mvns	r0, r0
 558:Middlewares/Third_Party/LwIP/src/core/inet_chksum.c **** }
 619              		.loc 1 558 0
 620 0008 80B2     		uxth	r0, r0
 621 000a 08BD     		pop	{r3, pc}
 622              		.cfi_endproc
 623              	.LFE161:
 625              		.section	.text.inet_chksum_pbuf,"ax",%progbits
 626              		.align	1
 627              		.global	inet_chksum_pbuf
 628              		.syntax unified
 629              		.thumb
 630              		.thumb_func
 631              		.fpu fpv5-sp-d16
ARM GAS  C:\Users\Patryk\AppData\Local\Temp\ccNZYLN0.s 			page 22


 633              	inet_chksum_pbuf:
 634              	.LFB162:
 559:Middlewares/Third_Party/LwIP/src/core/inet_chksum.c **** 
 560:Middlewares/Third_Party/LwIP/src/core/inet_chksum.c **** /**
 561:Middlewares/Third_Party/LwIP/src/core/inet_chksum.c ****  * Calculate a checksum over a chain of pbufs (without pseudo-header, much like
 562:Middlewares/Third_Party/LwIP/src/core/inet_chksum.c ****  * inet_chksum only pbufs are used).
 563:Middlewares/Third_Party/LwIP/src/core/inet_chksum.c ****  *
 564:Middlewares/Third_Party/LwIP/src/core/inet_chksum.c ****  * @param p pbuf chain over that the checksum should be calculated
 565:Middlewares/Third_Party/LwIP/src/core/inet_chksum.c ****  * @return checksum (as u16_t) to be saved directly in the protocol header
 566:Middlewares/Third_Party/LwIP/src/core/inet_chksum.c ****  */
 567:Middlewares/Third_Party/LwIP/src/core/inet_chksum.c **** u16_t
 568:Middlewares/Third_Party/LwIP/src/core/inet_chksum.c **** inet_chksum_pbuf(struct pbuf *p)
 569:Middlewares/Third_Party/LwIP/src/core/inet_chksum.c **** {
 635              		.loc 1 569 0
 636              		.cfi_startproc
 637              		@ args = 0, pretend = 0, frame = 0
 638              		@ frame_needed = 0, uses_anonymous_args = 0
 639              	.LVL97:
 640 0000 70B5     		push	{r4, r5, r6, lr}
 641              	.LCFI17:
 642              		.cfi_def_cfa_offset 16
 643              		.cfi_offset 4, -16
 644              		.cfi_offset 5, -12
 645              		.cfi_offset 6, -8
 646              		.cfi_offset 14, -4
 647 0002 0546     		mov	r5, r0
 648              	.LVL98:
 570:Middlewares/Third_Party/LwIP/src/core/inet_chksum.c ****   u32_t acc;
 571:Middlewares/Third_Party/LwIP/src/core/inet_chksum.c ****   struct pbuf *q;
 572:Middlewares/Third_Party/LwIP/src/core/inet_chksum.c ****   u8_t swapped;
 573:Middlewares/Third_Party/LwIP/src/core/inet_chksum.c **** 
 574:Middlewares/Third_Party/LwIP/src/core/inet_chksum.c ****   acc = 0;
 575:Middlewares/Third_Party/LwIP/src/core/inet_chksum.c ****   swapped = 0;
 649              		.loc 1 575 0
 650 0004 0026     		movs	r6, #0
 574:Middlewares/Third_Party/LwIP/src/core/inet_chksum.c ****   swapped = 0;
 651              		.loc 1 574 0
 652 0006 3446     		mov	r4, r6
 576:Middlewares/Third_Party/LwIP/src/core/inet_chksum.c ****   for (q = p; q != NULL; q = q->next) {
 653              		.loc 1 576 0
 654 0008 00E0     		b	.L39
 655              	.LVL99:
 656              	.L40:
 657              		.loc 1 576 0 is_stmt 0 discriminator 2
 658 000a 2D68     		ldr	r5, [r5]
 659              	.LVL100:
 660              	.L39:
 661              		.loc 1 576 0 discriminator 1
 662 000c A5B1     		cbz	r5, .L44
 577:Middlewares/Third_Party/LwIP/src/core/inet_chksum.c ****     acc += LWIP_CHKSUM(q->payload, q->len);
 663              		.loc 1 577 0 is_stmt 1
 664 000e 6989     		ldrh	r1, [r5, #10]
 665 0010 6868     		ldr	r0, [r5, #4]
 666 0012 FFF7FEFF 		bl	lwip_standard_chksum
 667              	.LVL101:
 668 0016 2044     		add	r0, r0, r4
 669              	.LVL102:
ARM GAS  C:\Users\Patryk\AppData\Local\Temp\ccNZYLN0.s 			page 23


 578:Middlewares/Third_Party/LwIP/src/core/inet_chksum.c ****     acc = FOLD_U32T(acc);
 670              		.loc 1 578 0
 671 0018 84B2     		uxth	r4, r0
 672 001a 04EB1044 		add	r4, r4, r0, lsr #16
 673              	.LVL103:
 579:Middlewares/Third_Party/LwIP/src/core/inet_chksum.c ****     if (q->len % 2 != 0) {
 674              		.loc 1 579 0
 675 001e 6B89     		ldrh	r3, [r5, #10]
 676 0020 13F0010F 		tst	r3, #1
 677 0024 F1D0     		beq	.L40
 580:Middlewares/Third_Party/LwIP/src/core/inet_chksum.c ****       swapped = 1 - swapped;
 678              		.loc 1 580 0
 679 0026 C6F10106 		rsb	r6, r6, #1
 680              	.LVL104:
 681 002a F6B2     		uxtb	r6, r6
 682              	.LVL105:
 581:Middlewares/Third_Party/LwIP/src/core/inet_chksum.c ****       acc = SWAP_BYTES_IN_WORD(acc);
 683              		.loc 1 581 0
 684 002c 2302     		lsls	r3, r4, #8
 685 002e 9BB2     		uxth	r3, r3
 686 0030 C4F30724 		ubfx	r4, r4, #8, #8
 687              	.LVL106:
 688 0034 1C43     		orrs	r4, r4, r3
 689              	.LVL107:
 690 0036 E8E7     		b	.L40
 691              	.L44:
 582:Middlewares/Third_Party/LwIP/src/core/inet_chksum.c ****     }
 583:Middlewares/Third_Party/LwIP/src/core/inet_chksum.c ****   }
 584:Middlewares/Third_Party/LwIP/src/core/inet_chksum.c **** 
 585:Middlewares/Third_Party/LwIP/src/core/inet_chksum.c ****   if (swapped) {
 692              		.loc 1 585 0
 693 0038 26B1     		cbz	r6, .L42
 586:Middlewares/Third_Party/LwIP/src/core/inet_chksum.c ****     acc = SWAP_BYTES_IN_WORD(acc);
 694              		.loc 1 586 0
 695 003a 2302     		lsls	r3, r4, #8
 696 003c 9BB2     		uxth	r3, r3
 697 003e C4F30724 		ubfx	r4, r4, #8, #8
 698              	.LVL108:
 699 0042 1C43     		orrs	r4, r4, r3
 700              	.LVL109:
 701              	.L42:
 587:Middlewares/Third_Party/LwIP/src/core/inet_chksum.c ****   }
 588:Middlewares/Third_Party/LwIP/src/core/inet_chksum.c ****   return (u16_t)~(acc & 0xffffUL);
 702              		.loc 1 588 0
 703 0044 E043     		mvns	r0, r4
 589:Middlewares/Third_Party/LwIP/src/core/inet_chksum.c **** }
 704              		.loc 1 589 0
 705 0046 80B2     		uxth	r0, r0
 706 0048 70BD     		pop	{r4, r5, r6, pc}
 707              		.cfi_endproc
 708              	.LFE162:
 710              		.section	.rodata.inet_cksum_pseudo_partial_base.str1.4,"aMS",%progbits,1
 711              		.align	2
 712              	.LC0:
 713 0000 4D696464 		.ascii	"Middlewares/Third_Party/LwIP/src/core/inet_chksum.c"
 713      6C657761 
 713      7265732F 
ARM GAS  C:\Users\Patryk\AppData\Local\Temp\ccNZYLN0.s 			page 24


 713      54686972 
 713      645F5061 
 714 0033 00       		.ascii	"\000"
 715              	.LC1:
 716 0034 64656C65 		.ascii	"delete me\000"
 716      7465206D 
 716      6500
 717 003e 0000     		.space	2
 718              	.LC2:
 719 0040 41737365 		.ascii	"Assertion \"%s\" failed at line %d in %s\012\000"
 719      7274696F 
 719      6E202225 
 719      73222066 
 719      61696C65 
 720              		.text
 721              	.Letext0:
 722              		.file 2 "c:\\program files (x86)\\gnu\\7_2018-q2-update\\arm-none-eabi\\include\\machine\\_default
 723              		.file 3 "c:\\program files (x86)\\gnu\\7_2018-q2-update\\arm-none-eabi\\include\\sys\\_stdint.h"
 724              		.file 4 "Drivers/CMSIS/Include/core_cm7.h"
 725              		.file 5 "Drivers/CMSIS/Device/ST/STM32F7xx/Include/system_stm32f7xx.h"
 726              		.file 6 "c:\\program files (x86)\\gnu\\7_2018-q2-update\\arm-none-eabi\\include\\sys\\lock.h"
 727              		.file 7 "c:\\program files (x86)\\gnu\\7_2018-q2-update\\arm-none-eabi\\include\\sys\\_types.h"
 728              		.file 8 "c:\\program files (x86)\\gnu\\7_2018-q2-update\\lib\\gcc\\arm-none-eabi\\7.3.1\\include\\
 729              		.file 9 "c:\\program files (x86)\\gnu\\7_2018-q2-update\\arm-none-eabi\\include\\sys\\reent.h"
 730              		.file 10 "c:\\program files (x86)\\gnu\\7_2018-q2-update\\arm-none-eabi\\include\\stdlib.h"
 731              		.file 11 "c:\\program files (x86)\\gnu\\7_2018-q2-update\\arm-none-eabi\\include\\time.h"
 732              		.file 12 "Middlewares/Third_Party/LwIP/src/include/lwip/arch.h"
 733              		.file 13 "Middlewares/Third_Party/LwIP/src/include/lwip/pbuf.h"
 734              		.file 14 "Middlewares/Third_Party/LwIP/src/include/lwip/ip4_addr.h"
 735              		.file 15 "Middlewares/Third_Party/LwIP/src/include/lwip/ip_addr.h"
 736              		.file 16 "c:\\program files (x86)\\gnu\\7_2018-q2-update\\arm-none-eabi\\include\\stdio.h"
 737              		.file 17 "Middlewares/Third_Party/LwIP/src/include/lwip/def.h"
ARM GAS  C:\Users\Patryk\AppData\Local\Temp\ccNZYLN0.s 			page 25


DEFINED SYMBOLS
                            *ABS*:00000000 inet_chksum.c
C:\Users\Patryk\AppData\Local\Temp\ccNZYLN0.s:18     .text.lwip_standard_chksum:00000000 $t
C:\Users\Patryk\AppData\Local\Temp\ccNZYLN0.s:25     .text.lwip_standard_chksum:00000000 lwip_standard_chksum
C:\Users\Patryk\AppData\Local\Temp\ccNZYLN0.s:136    .text.inet_cksum_pseudo_base:00000000 $t
C:\Users\Patryk\AppData\Local\Temp\ccNZYLN0.s:142    .text.inet_cksum_pseudo_base:00000000 inet_cksum_pseudo_base
C:\Users\Patryk\AppData\Local\Temp\ccNZYLN0.s:245    .text.inet_cksum_pseudo_partial_base:00000000 $t
C:\Users\Patryk\AppData\Local\Temp\ccNZYLN0.s:251    .text.inet_cksum_pseudo_partial_base:00000000 inet_cksum_pseudo_partial_base
C:\Users\Patryk\AppData\Local\Temp\ccNZYLN0.s:393    .text.inet_cksum_pseudo_partial_base:000000a8 $d
C:\Users\Patryk\AppData\Local\Temp\ccNZYLN0.s:400    .text.inet_chksum_pseudo:00000000 $t
C:\Users\Patryk\AppData\Local\Temp\ccNZYLN0.s:407    .text.inet_chksum_pseudo:00000000 inet_chksum_pseudo
C:\Users\Patryk\AppData\Local\Temp\ccNZYLN0.s:455    .text.ip_chksum_pseudo:00000000 $t
C:\Users\Patryk\AppData\Local\Temp\ccNZYLN0.s:462    .text.ip_chksum_pseudo:00000000 ip_chksum_pseudo
C:\Users\Patryk\AppData\Local\Temp\ccNZYLN0.s:492    .text.inet_chksum_pseudo_partial:00000000 $t
C:\Users\Patryk\AppData\Local\Temp\ccNZYLN0.s:499    .text.inet_chksum_pseudo_partial:00000000 inet_chksum_pseudo_partial
C:\Users\Patryk\AppData\Local\Temp\ccNZYLN0.s:557    .text.ip_chksum_pseudo_partial:00000000 $t
C:\Users\Patryk\AppData\Local\Temp\ccNZYLN0.s:564    .text.ip_chksum_pseudo_partial:00000000 ip_chksum_pseudo_partial
C:\Users\Patryk\AppData\Local\Temp\ccNZYLN0.s:596    .text.inet_chksum:00000000 $t
C:\Users\Patryk\AppData\Local\Temp\ccNZYLN0.s:603    .text.inet_chksum:00000000 inet_chksum
C:\Users\Patryk\AppData\Local\Temp\ccNZYLN0.s:626    .text.inet_chksum_pbuf:00000000 $t
C:\Users\Patryk\AppData\Local\Temp\ccNZYLN0.s:633    .text.inet_chksum_pbuf:00000000 inet_chksum_pbuf
C:\Users\Patryk\AppData\Local\Temp\ccNZYLN0.s:711    .rodata.inet_cksum_pseudo_partial_base.str1.4:00000000 $d

UNDEFINED SYMBOLS
lwip_htons
printf
