ARM GAS  C:\Users\milek\AppData\Local\Temp\ccGLsVqv.s 			page 1


   1              		.cpu cortex-m7
   2              		.eabi_attribute 27, 1
   3              		.eabi_attribute 28, 1
   4              		.eabi_attribute 20, 1
   5              		.eabi_attribute 21, 1
   6              		.eabi_attribute 23, 3
   7              		.eabi_attribute 24, 1
   8              		.eabi_attribute 25, 1
   9              		.eabi_attribute 26, 1
  10              		.eabi_attribute 30, 1
  11              		.eabi_attribute 34, 1
  12              		.eabi_attribute 18, 4
  13              		.file	"init.c"
  14              		.text
  15              	.Ltext0:
  16              		.cfi_sections	.debug_frame
  17              		.section	.text.lwip_init,"ax",%progbits
  18              		.align	1
  19              		.global	lwip_init
  20              		.syntax unified
  21              		.thumb
  22              		.thumb_func
  23              		.fpu fpv5-sp-d16
  25              	lwip_init:
  26              	.LFB159:
  27              		.file 1 "Middlewares/Third_Party/LwIP/src/core/init.c"
   1:Middlewares/Third_Party/LwIP/src/core/init.c **** /**
   2:Middlewares/Third_Party/LwIP/src/core/init.c ****  * @file
   3:Middlewares/Third_Party/LwIP/src/core/init.c ****  * Modules initialization
   4:Middlewares/Third_Party/LwIP/src/core/init.c ****  *
   5:Middlewares/Third_Party/LwIP/src/core/init.c ****  */
   6:Middlewares/Third_Party/LwIP/src/core/init.c **** 
   7:Middlewares/Third_Party/LwIP/src/core/init.c **** /*
   8:Middlewares/Third_Party/LwIP/src/core/init.c ****  * Copyright (c) 2001-2004 Swedish Institute of Computer Science.
   9:Middlewares/Third_Party/LwIP/src/core/init.c ****  * All rights reserved.
  10:Middlewares/Third_Party/LwIP/src/core/init.c ****  *
  11:Middlewares/Third_Party/LwIP/src/core/init.c ****  * Redistribution and use in source and binary forms, with or without modification,
  12:Middlewares/Third_Party/LwIP/src/core/init.c ****  * are permitted provided that the following conditions are met:
  13:Middlewares/Third_Party/LwIP/src/core/init.c ****  *
  14:Middlewares/Third_Party/LwIP/src/core/init.c ****  * 1. Redistributions of source code must retain the above copyright notice,
  15:Middlewares/Third_Party/LwIP/src/core/init.c ****  *    this list of conditions and the following disclaimer.
  16:Middlewares/Third_Party/LwIP/src/core/init.c ****  * 2. Redistributions in binary form must reproduce the above copyright notice,
  17:Middlewares/Third_Party/LwIP/src/core/init.c ****  *    this list of conditions and the following disclaimer in the documentation
  18:Middlewares/Third_Party/LwIP/src/core/init.c ****  *    and/or other materials provided with the distribution.
  19:Middlewares/Third_Party/LwIP/src/core/init.c ****  * 3. The name of the author may not be used to endorse or promote products
  20:Middlewares/Third_Party/LwIP/src/core/init.c ****  *    derived from this software without specific prior written permission.
  21:Middlewares/Third_Party/LwIP/src/core/init.c ****  *
  22:Middlewares/Third_Party/LwIP/src/core/init.c ****  * THIS SOFTWARE IS PROVIDED BY THE AUTHOR ``AS IS'' AND ANY EXPRESS OR IMPLIED
  23:Middlewares/Third_Party/LwIP/src/core/init.c ****  * WARRANTIES, INCLUDING, BUT NOT LIMITED TO, THE IMPLIED WARRANTIES OF
  24:Middlewares/Third_Party/LwIP/src/core/init.c ****  * MERCHANTABILITY AND FITNESS FOR A PARTICULAR PURPOSE ARE DISCLAIMED. IN NO EVENT
  25:Middlewares/Third_Party/LwIP/src/core/init.c ****  * SHALL THE AUTHOR BE LIABLE FOR ANY DIRECT, INDIRECT, INCIDENTAL, SPECIAL,
  26:Middlewares/Third_Party/LwIP/src/core/init.c ****  * EXEMPLARY, OR CONSEQUENTIAL DAMAGES (INCLUDING, BUT NOT LIMITED TO, PROCUREMENT
  27:Middlewares/Third_Party/LwIP/src/core/init.c ****  * OF SUBSTITUTE GOODS OR SERVICES; LOSS OF USE, DATA, OR PROFITS; OR BUSINESS
  28:Middlewares/Third_Party/LwIP/src/core/init.c ****  * INTERRUPTION) HOWEVER CAUSED AND ON ANY THEORY OF LIABILITY, WHETHER IN
  29:Middlewares/Third_Party/LwIP/src/core/init.c ****  * CONTRACT, STRICT LIABILITY, OR TORT (INCLUDING NEGLIGENCE OR OTHERWISE) ARISING
  30:Middlewares/Third_Party/LwIP/src/core/init.c ****  * IN ANY WAY OUT OF THE USE OF THIS SOFTWARE, EVEN IF ADVISED OF THE POSSIBILITY
  31:Middlewares/Third_Party/LwIP/src/core/init.c ****  * OF SUCH DAMAGE.
ARM GAS  C:\Users\milek\AppData\Local\Temp\ccGLsVqv.s 			page 2


  32:Middlewares/Third_Party/LwIP/src/core/init.c ****  *
  33:Middlewares/Third_Party/LwIP/src/core/init.c ****  * This file is part of the lwIP TCP/IP stack.
  34:Middlewares/Third_Party/LwIP/src/core/init.c ****  *
  35:Middlewares/Third_Party/LwIP/src/core/init.c ****  * Author: Adam Dunkels <adam@sics.se>
  36:Middlewares/Third_Party/LwIP/src/core/init.c ****  */
  37:Middlewares/Third_Party/LwIP/src/core/init.c **** 
  38:Middlewares/Third_Party/LwIP/src/core/init.c **** #include "lwip/opt.h"
  39:Middlewares/Third_Party/LwIP/src/core/init.c **** 
  40:Middlewares/Third_Party/LwIP/src/core/init.c **** #include "lwip/init.h"
  41:Middlewares/Third_Party/LwIP/src/core/init.c **** #include "lwip/stats.h"
  42:Middlewares/Third_Party/LwIP/src/core/init.c **** #include "lwip/sys.h"
  43:Middlewares/Third_Party/LwIP/src/core/init.c **** #include "lwip/mem.h"
  44:Middlewares/Third_Party/LwIP/src/core/init.c **** #include "lwip/memp.h"
  45:Middlewares/Third_Party/LwIP/src/core/init.c **** #include "lwip/pbuf.h"
  46:Middlewares/Third_Party/LwIP/src/core/init.c **** #include "lwip/netif.h"
  47:Middlewares/Third_Party/LwIP/src/core/init.c **** #include "lwip/sockets.h"
  48:Middlewares/Third_Party/LwIP/src/core/init.c **** #include "lwip/ip.h"
  49:Middlewares/Third_Party/LwIP/src/core/init.c **** #include "lwip/raw.h"
  50:Middlewares/Third_Party/LwIP/src/core/init.c **** #include "lwip/udp.h"
  51:Middlewares/Third_Party/LwIP/src/core/init.c **** #include "lwip/priv/tcp_priv.h"
  52:Middlewares/Third_Party/LwIP/src/core/init.c **** #include "lwip/igmp.h"
  53:Middlewares/Third_Party/LwIP/src/core/init.c **** #include "lwip/dns.h"
  54:Middlewares/Third_Party/LwIP/src/core/init.c **** #include "lwip/timeouts.h"
  55:Middlewares/Third_Party/LwIP/src/core/init.c **** #include "lwip/etharp.h"
  56:Middlewares/Third_Party/LwIP/src/core/init.c **** #include "lwip/ip6.h"
  57:Middlewares/Third_Party/LwIP/src/core/init.c **** #include "lwip/nd6.h"
  58:Middlewares/Third_Party/LwIP/src/core/init.c **** #include "lwip/mld6.h"
  59:Middlewares/Third_Party/LwIP/src/core/init.c **** #include "lwip/api.h"
  60:Middlewares/Third_Party/LwIP/src/core/init.c **** 
  61:Middlewares/Third_Party/LwIP/src/core/init.c **** #include "netif/ppp/ppp_opts.h"
  62:Middlewares/Third_Party/LwIP/src/core/init.c **** #include "netif/ppp/ppp_impl.h"
  63:Middlewares/Third_Party/LwIP/src/core/init.c **** 
  64:Middlewares/Third_Party/LwIP/src/core/init.c **** #ifndef LWIP_SKIP_PACKING_CHECK
  65:Middlewares/Third_Party/LwIP/src/core/init.c **** 
  66:Middlewares/Third_Party/LwIP/src/core/init.c **** #ifdef PACK_STRUCT_USE_INCLUDES
  67:Middlewares/Third_Party/LwIP/src/core/init.c **** #  include "arch/bpstruct.h"
  68:Middlewares/Third_Party/LwIP/src/core/init.c **** #endif
  69:Middlewares/Third_Party/LwIP/src/core/init.c **** PACK_STRUCT_BEGIN
  70:Middlewares/Third_Party/LwIP/src/core/init.c **** struct packed_struct_test
  71:Middlewares/Third_Party/LwIP/src/core/init.c **** {
  72:Middlewares/Third_Party/LwIP/src/core/init.c ****   PACK_STRUCT_FLD_8(u8_t  dummy1);
  73:Middlewares/Third_Party/LwIP/src/core/init.c ****   PACK_STRUCT_FIELD(u32_t dummy2);
  74:Middlewares/Third_Party/LwIP/src/core/init.c **** } PACK_STRUCT_STRUCT;
  75:Middlewares/Third_Party/LwIP/src/core/init.c **** PACK_STRUCT_END
  76:Middlewares/Third_Party/LwIP/src/core/init.c **** #ifdef PACK_STRUCT_USE_INCLUDES
  77:Middlewares/Third_Party/LwIP/src/core/init.c **** #  include "arch/epstruct.h"
  78:Middlewares/Third_Party/LwIP/src/core/init.c **** #endif
  79:Middlewares/Third_Party/LwIP/src/core/init.c **** #define PACKED_STRUCT_TEST_EXPECTED_SIZE 5
  80:Middlewares/Third_Party/LwIP/src/core/init.c **** 
  81:Middlewares/Third_Party/LwIP/src/core/init.c **** #endif
  82:Middlewares/Third_Party/LwIP/src/core/init.c **** 
  83:Middlewares/Third_Party/LwIP/src/core/init.c **** /* Compile-time sanity checks for configuration errors.
  84:Middlewares/Third_Party/LwIP/src/core/init.c ****  * These can be done independently of LWIP_DEBUG, without penalty.
  85:Middlewares/Third_Party/LwIP/src/core/init.c ****  */
  86:Middlewares/Third_Party/LwIP/src/core/init.c **** #ifndef BYTE_ORDER
  87:Middlewares/Third_Party/LwIP/src/core/init.c ****   #error "BYTE_ORDER is not defined, you have to define it in your cc.h"
  88:Middlewares/Third_Party/LwIP/src/core/init.c **** #endif
ARM GAS  C:\Users\milek\AppData\Local\Temp\ccGLsVqv.s 			page 3


  89:Middlewares/Third_Party/LwIP/src/core/init.c **** #if (!IP_SOF_BROADCAST && IP_SOF_BROADCAST_RECV)
  90:Middlewares/Third_Party/LwIP/src/core/init.c ****   #error "If you want to use broadcast filter per pcb on recv operations, you have to define IP_SOF
  91:Middlewares/Third_Party/LwIP/src/core/init.c **** #endif
  92:Middlewares/Third_Party/LwIP/src/core/init.c **** #if (!LWIP_UDP && LWIP_UDPLITE)
  93:Middlewares/Third_Party/LwIP/src/core/init.c ****   #error "If you want to use UDP Lite, you have to define LWIP_UDP=1 in your lwipopts.h"
  94:Middlewares/Third_Party/LwIP/src/core/init.c **** #endif
  95:Middlewares/Third_Party/LwIP/src/core/init.c **** #if (!LWIP_UDP && LWIP_DHCP)
  96:Middlewares/Third_Party/LwIP/src/core/init.c ****   #error "If you want to use DHCP, you have to define LWIP_UDP=1 in your lwipopts.h"
  97:Middlewares/Third_Party/LwIP/src/core/init.c **** #endif
  98:Middlewares/Third_Party/LwIP/src/core/init.c **** #if (!LWIP_UDP && LWIP_MULTICAST_TX_OPTIONS)
  99:Middlewares/Third_Party/LwIP/src/core/init.c ****   #error "If you want to use IGMP/LWIP_MULTICAST_TX_OPTIONS, you have to define LWIP_UDP=1 in your 
 100:Middlewares/Third_Party/LwIP/src/core/init.c **** #endif
 101:Middlewares/Third_Party/LwIP/src/core/init.c **** #if (!LWIP_UDP && LWIP_DNS)
 102:Middlewares/Third_Party/LwIP/src/core/init.c ****   #error "If you want to use DNS, you have to define LWIP_UDP=1 in your lwipopts.h"
 103:Middlewares/Third_Party/LwIP/src/core/init.c **** #endif
 104:Middlewares/Third_Party/LwIP/src/core/init.c **** #if !MEMP_MEM_MALLOC /* MEMP_NUM_* checks are disabled when not using the pool allocator */
 105:Middlewares/Third_Party/LwIP/src/core/init.c **** #if (LWIP_ARP && ARP_QUEUEING && (MEMP_NUM_ARP_QUEUE<=0))
 106:Middlewares/Third_Party/LwIP/src/core/init.c ****   #error "If you want to use ARP Queueing, you have to define MEMP_NUM_ARP_QUEUE>=1 in your lwipopt
 107:Middlewares/Third_Party/LwIP/src/core/init.c **** #endif
 108:Middlewares/Third_Party/LwIP/src/core/init.c **** #if (LWIP_RAW && (MEMP_NUM_RAW_PCB<=0))
 109:Middlewares/Third_Party/LwIP/src/core/init.c ****   #error "If you want to use RAW, you have to define MEMP_NUM_RAW_PCB>=1 in your lwipopts.h"
 110:Middlewares/Third_Party/LwIP/src/core/init.c **** #endif
 111:Middlewares/Third_Party/LwIP/src/core/init.c **** #if (LWIP_UDP && (MEMP_NUM_UDP_PCB<=0))
 112:Middlewares/Third_Party/LwIP/src/core/init.c ****   #error "If you want to use UDP, you have to define MEMP_NUM_UDP_PCB>=1 in your lwipopts.h"
 113:Middlewares/Third_Party/LwIP/src/core/init.c **** #endif
 114:Middlewares/Third_Party/LwIP/src/core/init.c **** #if (LWIP_TCP && (MEMP_NUM_TCP_PCB<=0))
 115:Middlewares/Third_Party/LwIP/src/core/init.c ****   #error "If you want to use TCP, you have to define MEMP_NUM_TCP_PCB>=1 in your lwipopts.h"
 116:Middlewares/Third_Party/LwIP/src/core/init.c **** #endif
 117:Middlewares/Third_Party/LwIP/src/core/init.c **** #if (LWIP_IGMP && (MEMP_NUM_IGMP_GROUP<=1))
 118:Middlewares/Third_Party/LwIP/src/core/init.c ****   #error "If you want to use IGMP, you have to define MEMP_NUM_IGMP_GROUP>1 in your lwipopts.h"
 119:Middlewares/Third_Party/LwIP/src/core/init.c **** #endif
 120:Middlewares/Third_Party/LwIP/src/core/init.c **** #if (LWIP_IGMP && !LWIP_MULTICAST_TX_OPTIONS)
 121:Middlewares/Third_Party/LwIP/src/core/init.c ****   #error "If you want to use IGMP, you have to define LWIP_MULTICAST_TX_OPTIONS==1 in your lwipopts
 122:Middlewares/Third_Party/LwIP/src/core/init.c **** #endif
 123:Middlewares/Third_Party/LwIP/src/core/init.c **** #if (LWIP_IGMP && !LWIP_IPV4)
 124:Middlewares/Third_Party/LwIP/src/core/init.c ****   #error "IGMP needs LWIP_IPV4 enabled in your lwipopts.h"
 125:Middlewares/Third_Party/LwIP/src/core/init.c **** #endif
 126:Middlewares/Third_Party/LwIP/src/core/init.c **** #if (LWIP_MULTICAST_TX_OPTIONS && !LWIP_IPV4)
 127:Middlewares/Third_Party/LwIP/src/core/init.c ****   #error "LWIP_MULTICAST_TX_OPTIONS needs LWIP_IPV4 enabled in your lwipopts.h"
 128:Middlewares/Third_Party/LwIP/src/core/init.c **** #endif
 129:Middlewares/Third_Party/LwIP/src/core/init.c **** #if ((LWIP_NETCONN || LWIP_SOCKET) && (MEMP_NUM_TCPIP_MSG_API<=0))
 130:Middlewares/Third_Party/LwIP/src/core/init.c ****   #error "If you want to use Sequential API, you have to define MEMP_NUM_TCPIP_MSG_API>=1 in your l
 131:Middlewares/Third_Party/LwIP/src/core/init.c **** #endif
 132:Middlewares/Third_Party/LwIP/src/core/init.c **** /* There must be sufficient timeouts, taking into account requirements of the subsystems. */
 133:Middlewares/Third_Party/LwIP/src/core/init.c **** #if LWIP_TIMERS && (MEMP_NUM_SYS_TIMEOUT < (LWIP_TCP + IP_REASSEMBLY + LWIP_ARP + (2*LWIP_DHCP) + L
 134:Middlewares/Third_Party/LwIP/src/core/init.c ****   #error "MEMP_NUM_SYS_TIMEOUT is too low to accomodate all required timeouts"
 135:Middlewares/Third_Party/LwIP/src/core/init.c **** #endif
 136:Middlewares/Third_Party/LwIP/src/core/init.c **** #if (IP_REASSEMBLY && (MEMP_NUM_REASSDATA > IP_REASS_MAX_PBUFS))
 137:Middlewares/Third_Party/LwIP/src/core/init.c ****   #error "MEMP_NUM_REASSDATA > IP_REASS_MAX_PBUFS doesn't make sense since each struct ip_reassdata
 138:Middlewares/Third_Party/LwIP/src/core/init.c **** #endif
 139:Middlewares/Third_Party/LwIP/src/core/init.c **** #endif /* !MEMP_MEM_MALLOC */
 140:Middlewares/Third_Party/LwIP/src/core/init.c **** #if LWIP_WND_SCALE
 141:Middlewares/Third_Party/LwIP/src/core/init.c **** #if (LWIP_TCP && (TCP_WND > 0xffffffff))
 142:Middlewares/Third_Party/LwIP/src/core/init.c ****   #error "If you want to use TCP, TCP_WND must fit in an u32_t, so, you have to reduce it in your l
 143:Middlewares/Third_Party/LwIP/src/core/init.c **** #endif
 144:Middlewares/Third_Party/LwIP/src/core/init.c **** #if (LWIP_TCP && (TCP_RCV_SCALE > 14))
 145:Middlewares/Third_Party/LwIP/src/core/init.c ****   #error "The maximum valid window scale value is 14!"
ARM GAS  C:\Users\milek\AppData\Local\Temp\ccGLsVqv.s 			page 4


 146:Middlewares/Third_Party/LwIP/src/core/init.c **** #endif
 147:Middlewares/Third_Party/LwIP/src/core/init.c **** #if (LWIP_TCP && (TCP_WND > (0xFFFFU << TCP_RCV_SCALE)))
 148:Middlewares/Third_Party/LwIP/src/core/init.c ****   #error "TCP_WND is bigger than the configured LWIP_WND_SCALE allows!"
 149:Middlewares/Third_Party/LwIP/src/core/init.c **** #endif
 150:Middlewares/Third_Party/LwIP/src/core/init.c **** #if (LWIP_TCP && ((TCP_WND >> TCP_RCV_SCALE) == 0))
 151:Middlewares/Third_Party/LwIP/src/core/init.c ****   #error "TCP_WND is too small for the configured LWIP_WND_SCALE (results in zero window)!"
 152:Middlewares/Third_Party/LwIP/src/core/init.c **** #endif
 153:Middlewares/Third_Party/LwIP/src/core/init.c **** #else /* LWIP_WND_SCALE */
 154:Middlewares/Third_Party/LwIP/src/core/init.c **** #if (LWIP_TCP && (TCP_WND > 0xffff))
 155:Middlewares/Third_Party/LwIP/src/core/init.c ****   #error "If you want to use TCP, TCP_WND must fit in an u16_t, so, you have to reduce it in your l
 156:Middlewares/Third_Party/LwIP/src/core/init.c **** #endif
 157:Middlewares/Third_Party/LwIP/src/core/init.c **** #endif /* LWIP_WND_SCALE */
 158:Middlewares/Third_Party/LwIP/src/core/init.c **** #if (LWIP_TCP && (TCP_SND_QUEUELEN > 0xffff))
 159:Middlewares/Third_Party/LwIP/src/core/init.c ****   #error "If you want to use TCP, TCP_SND_QUEUELEN must fit in an u16_t, so, you have to reduce it 
 160:Middlewares/Third_Party/LwIP/src/core/init.c **** #endif
 161:Middlewares/Third_Party/LwIP/src/core/init.c **** #if (LWIP_TCP && (TCP_SND_QUEUELEN < 2))
 162:Middlewares/Third_Party/LwIP/src/core/init.c ****   #error "TCP_SND_QUEUELEN must be at least 2 for no-copy TCP writes to work"
 163:Middlewares/Third_Party/LwIP/src/core/init.c **** #endif
 164:Middlewares/Third_Party/LwIP/src/core/init.c **** #if (LWIP_TCP && ((TCP_MAXRTX > 12) || (TCP_SYNMAXRTX > 12)))
 165:Middlewares/Third_Party/LwIP/src/core/init.c ****   #error "If you want to use TCP, TCP_MAXRTX and TCP_SYNMAXRTX must less or equal to 12 (due to tcp
 166:Middlewares/Third_Party/LwIP/src/core/init.c **** #endif
 167:Middlewares/Third_Party/LwIP/src/core/init.c **** #if (LWIP_TCP && TCP_LISTEN_BACKLOG && ((TCP_DEFAULT_LISTEN_BACKLOG < 0) || (TCP_DEFAULT_LISTEN_BAC
 168:Middlewares/Third_Party/LwIP/src/core/init.c ****   #error "If you want to use TCP backlog, TCP_DEFAULT_LISTEN_BACKLOG must fit into an u8_t"
 169:Middlewares/Third_Party/LwIP/src/core/init.c **** #endif
 170:Middlewares/Third_Party/LwIP/src/core/init.c **** #if (LWIP_NETIF_API && (NO_SYS==1))
 171:Middlewares/Third_Party/LwIP/src/core/init.c ****   #error "If you want to use NETIF API, you have to define NO_SYS=0 in your lwipopts.h"
 172:Middlewares/Third_Party/LwIP/src/core/init.c **** #endif
 173:Middlewares/Third_Party/LwIP/src/core/init.c **** #if ((LWIP_SOCKET || LWIP_NETCONN) && (NO_SYS==1))
 174:Middlewares/Third_Party/LwIP/src/core/init.c ****   #error "If you want to use Sequential API, you have to define NO_SYS=0 in your lwipopts.h"
 175:Middlewares/Third_Party/LwIP/src/core/init.c **** #endif
 176:Middlewares/Third_Party/LwIP/src/core/init.c **** #if (LWIP_PPP_API && (NO_SYS==1))
 177:Middlewares/Third_Party/LwIP/src/core/init.c ****   #error "If you want to use PPP API, you have to define NO_SYS=0 in your lwipopts.h"
 178:Middlewares/Third_Party/LwIP/src/core/init.c **** #endif
 179:Middlewares/Third_Party/LwIP/src/core/init.c **** #if (LWIP_PPP_API && (PPP_SUPPORT==0))
 180:Middlewares/Third_Party/LwIP/src/core/init.c ****   #error "If you want to use PPP API, you have to enable PPP_SUPPORT in your lwipopts.h"
 181:Middlewares/Third_Party/LwIP/src/core/init.c **** #endif
 182:Middlewares/Third_Party/LwIP/src/core/init.c **** #if (((!LWIP_DHCP) || (!LWIP_AUTOIP)) && LWIP_DHCP_AUTOIP_COOP)
 183:Middlewares/Third_Party/LwIP/src/core/init.c ****   #error "If you want to use DHCP/AUTOIP cooperation mode, you have to define LWIP_DHCP=1 and LWIP_
 184:Middlewares/Third_Party/LwIP/src/core/init.c **** #endif
 185:Middlewares/Third_Party/LwIP/src/core/init.c **** #if (((!LWIP_DHCP) || (!LWIP_ARP)) && DHCP_DOES_ARP_CHECK)
 186:Middlewares/Third_Party/LwIP/src/core/init.c ****   #error "If you want to use DHCP ARP checking, you have to define LWIP_DHCP=1 and LWIP_ARP=1 in yo
 187:Middlewares/Third_Party/LwIP/src/core/init.c **** #endif
 188:Middlewares/Third_Party/LwIP/src/core/init.c **** #if (!LWIP_ARP && LWIP_AUTOIP)
 189:Middlewares/Third_Party/LwIP/src/core/init.c ****   #error "If you want to use AUTOIP, you have to define LWIP_ARP=1 in your lwipopts.h"
 190:Middlewares/Third_Party/LwIP/src/core/init.c **** #endif
 191:Middlewares/Third_Party/LwIP/src/core/init.c **** #if (LWIP_TCP && ((LWIP_EVENT_API && LWIP_CALLBACK_API) || (!LWIP_EVENT_API && !LWIP_CALLBACK_API))
 192:Middlewares/Third_Party/LwIP/src/core/init.c ****   #error "One and exactly one of LWIP_EVENT_API and LWIP_CALLBACK_API has to be enabled in your lwi
 193:Middlewares/Third_Party/LwIP/src/core/init.c **** #endif
 194:Middlewares/Third_Party/LwIP/src/core/init.c **** #if (MEM_LIBC_MALLOC && MEM_USE_POOLS)
 195:Middlewares/Third_Party/LwIP/src/core/init.c ****   #error "MEM_LIBC_MALLOC and MEM_USE_POOLS may not both be simultaneously enabled in your lwipopts
 196:Middlewares/Third_Party/LwIP/src/core/init.c **** #endif
 197:Middlewares/Third_Party/LwIP/src/core/init.c **** #if (MEM_USE_POOLS && !MEMP_USE_CUSTOM_POOLS)
 198:Middlewares/Third_Party/LwIP/src/core/init.c ****   #error "MEM_USE_POOLS requires custom pools (MEMP_USE_CUSTOM_POOLS) to be enabled in your lwipopt
 199:Middlewares/Third_Party/LwIP/src/core/init.c **** #endif
 200:Middlewares/Third_Party/LwIP/src/core/init.c **** #if (PBUF_POOL_BUFSIZE <= MEM_ALIGNMENT)
 201:Middlewares/Third_Party/LwIP/src/core/init.c ****   #error "PBUF_POOL_BUFSIZE must be greater than MEM_ALIGNMENT or the offset may take the full firs
 202:Middlewares/Third_Party/LwIP/src/core/init.c **** #endif
ARM GAS  C:\Users\milek\AppData\Local\Temp\ccGLsVqv.s 			page 5


 203:Middlewares/Third_Party/LwIP/src/core/init.c **** #if (DNS_LOCAL_HOSTLIST && !DNS_LOCAL_HOSTLIST_IS_DYNAMIC && !(defined(DNS_LOCAL_HOSTLIST_INIT)))
 204:Middlewares/Third_Party/LwIP/src/core/init.c ****   #error "you have to define define DNS_LOCAL_HOSTLIST_INIT {{'host1', 0x123}, {'host2', 0x234}} to
 205:Middlewares/Third_Party/LwIP/src/core/init.c **** #endif
 206:Middlewares/Third_Party/LwIP/src/core/init.c **** #if PPP_SUPPORT && !PPPOS_SUPPORT && !PPPOE_SUPPORT && !PPPOL2TP_SUPPORT
 207:Middlewares/Third_Party/LwIP/src/core/init.c ****   #error "PPP_SUPPORT needs at least one of PPPOS_SUPPORT, PPPOE_SUPPORT or PPPOL2TP_SUPPORT turned
 208:Middlewares/Third_Party/LwIP/src/core/init.c **** #endif
 209:Middlewares/Third_Party/LwIP/src/core/init.c **** #if PPP_SUPPORT && !PPP_IPV4_SUPPORT && !PPP_IPV6_SUPPORT
 210:Middlewares/Third_Party/LwIP/src/core/init.c ****   #error "PPP_SUPPORT needs PPP_IPV4_SUPPORT and/or PPP_IPV6_SUPPORT turned on"
 211:Middlewares/Third_Party/LwIP/src/core/init.c **** #endif
 212:Middlewares/Third_Party/LwIP/src/core/init.c **** #if PPP_SUPPORT && PPP_IPV4_SUPPORT && !LWIP_IPV4
 213:Middlewares/Third_Party/LwIP/src/core/init.c ****   #error "PPP_IPV4_SUPPORT needs LWIP_IPV4 turned on"
 214:Middlewares/Third_Party/LwIP/src/core/init.c **** #endif
 215:Middlewares/Third_Party/LwIP/src/core/init.c **** #if PPP_SUPPORT && PPP_IPV6_SUPPORT && !LWIP_IPV6
 216:Middlewares/Third_Party/LwIP/src/core/init.c ****   #error "PPP_IPV6_SUPPORT needs LWIP_IPV6 turned on"
 217:Middlewares/Third_Party/LwIP/src/core/init.c **** #endif
 218:Middlewares/Third_Party/LwIP/src/core/init.c **** #if !LWIP_ETHERNET && (LWIP_ARP || PPPOE_SUPPORT)
 219:Middlewares/Third_Party/LwIP/src/core/init.c ****   #error "LWIP_ETHERNET needs to be turned on for LWIP_ARP or PPPOE_SUPPORT"
 220:Middlewares/Third_Party/LwIP/src/core/init.c **** #endif
 221:Middlewares/Third_Party/LwIP/src/core/init.c **** #if LWIP_TCPIP_CORE_LOCKING_INPUT && !LWIP_TCPIP_CORE_LOCKING
 222:Middlewares/Third_Party/LwIP/src/core/init.c ****   #error "When using LWIP_TCPIP_CORE_LOCKING_INPUT, LWIP_TCPIP_CORE_LOCKING must be enabled, too"
 223:Middlewares/Third_Party/LwIP/src/core/init.c **** #endif
 224:Middlewares/Third_Party/LwIP/src/core/init.c **** #if LWIP_TCP && LWIP_NETIF_TX_SINGLE_PBUF && !TCP_OVERSIZE
 225:Middlewares/Third_Party/LwIP/src/core/init.c ****   #error "LWIP_NETIF_TX_SINGLE_PBUF needs TCP_OVERSIZE enabled to create single-pbuf TCP packets"
 226:Middlewares/Third_Party/LwIP/src/core/init.c **** #endif
 227:Middlewares/Third_Party/LwIP/src/core/init.c **** #if LWIP_NETCONN && LWIP_TCP
 228:Middlewares/Third_Party/LwIP/src/core/init.c **** #if NETCONN_COPY != TCP_WRITE_FLAG_COPY
 229:Middlewares/Third_Party/LwIP/src/core/init.c ****   #error "NETCONN_COPY != TCP_WRITE_FLAG_COPY"
 230:Middlewares/Third_Party/LwIP/src/core/init.c **** #endif
 231:Middlewares/Third_Party/LwIP/src/core/init.c **** #if NETCONN_MORE != TCP_WRITE_FLAG_MORE
 232:Middlewares/Third_Party/LwIP/src/core/init.c ****   #error "NETCONN_MORE != TCP_WRITE_FLAG_MORE"
 233:Middlewares/Third_Party/LwIP/src/core/init.c **** #endif
 234:Middlewares/Third_Party/LwIP/src/core/init.c **** #endif /* LWIP_NETCONN && LWIP_TCP */
 235:Middlewares/Third_Party/LwIP/src/core/init.c **** #if LWIP_SOCKET
 236:Middlewares/Third_Party/LwIP/src/core/init.c **** /* Check that the SO_* socket options and SOF_* lwIP-internal flags match */
 237:Middlewares/Third_Party/LwIP/src/core/init.c **** #if SO_REUSEADDR != SOF_REUSEADDR
 238:Middlewares/Third_Party/LwIP/src/core/init.c ****   #error "WARNING: SO_REUSEADDR != SOF_REUSEADDR"
 239:Middlewares/Third_Party/LwIP/src/core/init.c **** #endif
 240:Middlewares/Third_Party/LwIP/src/core/init.c **** #if SO_KEEPALIVE != SOF_KEEPALIVE
 241:Middlewares/Third_Party/LwIP/src/core/init.c ****   #error "WARNING: SO_KEEPALIVE != SOF_KEEPALIVE"
 242:Middlewares/Third_Party/LwIP/src/core/init.c **** #endif
 243:Middlewares/Third_Party/LwIP/src/core/init.c **** #if SO_BROADCAST != SOF_BROADCAST
 244:Middlewares/Third_Party/LwIP/src/core/init.c ****   #error "WARNING: SO_BROADCAST != SOF_BROADCAST"
 245:Middlewares/Third_Party/LwIP/src/core/init.c **** #endif
 246:Middlewares/Third_Party/LwIP/src/core/init.c **** #endif /* LWIP_SOCKET */
 247:Middlewares/Third_Party/LwIP/src/core/init.c **** 
 248:Middlewares/Third_Party/LwIP/src/core/init.c **** 
 249:Middlewares/Third_Party/LwIP/src/core/init.c **** /* Compile-time checks for deprecated options.
 250:Middlewares/Third_Party/LwIP/src/core/init.c ****  */
 251:Middlewares/Third_Party/LwIP/src/core/init.c **** #ifdef MEMP_NUM_TCPIP_MSG
 252:Middlewares/Third_Party/LwIP/src/core/init.c ****   #error "MEMP_NUM_TCPIP_MSG option is deprecated. Remove it from your lwipopts.h."
 253:Middlewares/Third_Party/LwIP/src/core/init.c **** #endif
 254:Middlewares/Third_Party/LwIP/src/core/init.c **** #ifdef TCP_REXMIT_DEBUG
 255:Middlewares/Third_Party/LwIP/src/core/init.c ****   #error "TCP_REXMIT_DEBUG option is deprecated. Remove it from your lwipopts.h."
 256:Middlewares/Third_Party/LwIP/src/core/init.c **** #endif
 257:Middlewares/Third_Party/LwIP/src/core/init.c **** #ifdef RAW_STATS
 258:Middlewares/Third_Party/LwIP/src/core/init.c ****   #error "RAW_STATS option is deprecated. Remove it from your lwipopts.h."
 259:Middlewares/Third_Party/LwIP/src/core/init.c **** #endif
ARM GAS  C:\Users\milek\AppData\Local\Temp\ccGLsVqv.s 			page 6


 260:Middlewares/Third_Party/LwIP/src/core/init.c **** #ifdef ETHARP_QUEUE_FIRST
 261:Middlewares/Third_Party/LwIP/src/core/init.c ****   #error "ETHARP_QUEUE_FIRST option is deprecated. Remove it from your lwipopts.h."
 262:Middlewares/Third_Party/LwIP/src/core/init.c **** #endif
 263:Middlewares/Third_Party/LwIP/src/core/init.c **** #ifdef ETHARP_ALWAYS_INSERT
 264:Middlewares/Third_Party/LwIP/src/core/init.c ****   #error "ETHARP_ALWAYS_INSERT option is deprecated. Remove it from your lwipopts.h."
 265:Middlewares/Third_Party/LwIP/src/core/init.c **** #endif
 266:Middlewares/Third_Party/LwIP/src/core/init.c **** #if !NO_SYS && LWIP_TCPIP_CORE_LOCKING && LWIP_COMPAT_MUTEX && !defined(LWIP_COMPAT_MUTEX_ALLOWED)
 267:Middlewares/Third_Party/LwIP/src/core/init.c ****   #error "LWIP_COMPAT_MUTEX cannot prevent priority inversion. It is recommended to implement prior
 268:Middlewares/Third_Party/LwIP/src/core/init.c **** #endif
 269:Middlewares/Third_Party/LwIP/src/core/init.c **** 
 270:Middlewares/Third_Party/LwIP/src/core/init.c **** #ifndef LWIP_DISABLE_TCP_SANITY_CHECKS
 271:Middlewares/Third_Party/LwIP/src/core/init.c **** #define LWIP_DISABLE_TCP_SANITY_CHECKS  0
 272:Middlewares/Third_Party/LwIP/src/core/init.c **** #endif
 273:Middlewares/Third_Party/LwIP/src/core/init.c **** #ifndef LWIP_DISABLE_MEMP_SANITY_CHECKS
 274:Middlewares/Third_Party/LwIP/src/core/init.c **** #define LWIP_DISABLE_MEMP_SANITY_CHECKS 0
 275:Middlewares/Third_Party/LwIP/src/core/init.c **** #endif
 276:Middlewares/Third_Party/LwIP/src/core/init.c **** 
 277:Middlewares/Third_Party/LwIP/src/core/init.c **** /* MEMP sanity checks */
 278:Middlewares/Third_Party/LwIP/src/core/init.c **** #if MEMP_MEM_MALLOC
 279:Middlewares/Third_Party/LwIP/src/core/init.c **** #if !LWIP_DISABLE_MEMP_SANITY_CHECKS
 280:Middlewares/Third_Party/LwIP/src/core/init.c **** #if LWIP_NETCONN || LWIP_SOCKET
 281:Middlewares/Third_Party/LwIP/src/core/init.c **** #if !MEMP_NUM_NETCONN && LWIP_SOCKET
 282:Middlewares/Third_Party/LwIP/src/core/init.c **** #error "lwip_sanity_check: WARNING: MEMP_NUM_NETCONN cannot be 0 when using sockets!"
 283:Middlewares/Third_Party/LwIP/src/core/init.c **** #endif
 284:Middlewares/Third_Party/LwIP/src/core/init.c **** #else /* MEMP_MEM_MALLOC */
 285:Middlewares/Third_Party/LwIP/src/core/init.c **** #if MEMP_NUM_NETCONN > (MEMP_NUM_TCP_PCB+MEMP_NUM_TCP_PCB_LISTEN+MEMP_NUM_UDP_PCB+MEMP_NUM_RAW_PCB)
 286:Middlewares/Third_Party/LwIP/src/core/init.c **** #error "lwip_sanity_check: WARNING: MEMP_NUM_NETCONN should be less than the sum of MEMP_NUM_{TCP,R
 287:Middlewares/Third_Party/LwIP/src/core/init.c **** #endif
 288:Middlewares/Third_Party/LwIP/src/core/init.c **** #endif /* LWIP_NETCONN || LWIP_SOCKET */
 289:Middlewares/Third_Party/LwIP/src/core/init.c **** #endif /* !LWIP_DISABLE_MEMP_SANITY_CHECKS */
 290:Middlewares/Third_Party/LwIP/src/core/init.c **** #if MEM_USE_POOLS
 291:Middlewares/Third_Party/LwIP/src/core/init.c **** #error "MEMP_MEM_MALLOC and MEM_USE_POOLS cannot be enabled at the same time"
 292:Middlewares/Third_Party/LwIP/src/core/init.c **** #endif
 293:Middlewares/Third_Party/LwIP/src/core/init.c **** #ifdef LWIP_HOOK_MEMP_AVAILABLE
 294:Middlewares/Third_Party/LwIP/src/core/init.c **** #error "LWIP_HOOK_MEMP_AVAILABLE doesn't make sense with MEMP_MEM_MALLOC"
 295:Middlewares/Third_Party/LwIP/src/core/init.c **** #endif
 296:Middlewares/Third_Party/LwIP/src/core/init.c **** #endif /* MEMP_MEM_MALLOC */
 297:Middlewares/Third_Party/LwIP/src/core/init.c **** 
 298:Middlewares/Third_Party/LwIP/src/core/init.c **** /* TCP sanity checks */
 299:Middlewares/Third_Party/LwIP/src/core/init.c **** #if !LWIP_DISABLE_TCP_SANITY_CHECKS
 300:Middlewares/Third_Party/LwIP/src/core/init.c **** #if LWIP_TCP
 301:Middlewares/Third_Party/LwIP/src/core/init.c **** #if !MEMP_MEM_MALLOC && (MEMP_NUM_TCP_SEG < TCP_SND_QUEUELEN)
 302:Middlewares/Third_Party/LwIP/src/core/init.c ****   #error "lwip_sanity_check: WARNING: MEMP_NUM_TCP_SEG should be at least as big as TCP_SND_QUEUELE
 303:Middlewares/Third_Party/LwIP/src/core/init.c **** #endif
 304:Middlewares/Third_Party/LwIP/src/core/init.c **** #if TCP_SND_BUF < (2 * TCP_MSS)
 305:Middlewares/Third_Party/LwIP/src/core/init.c ****   #error "lwip_sanity_check: WARNING: TCP_SND_BUF must be at least as much as (2 * TCP_MSS) for thi
 306:Middlewares/Third_Party/LwIP/src/core/init.c **** #endif
 307:Middlewares/Third_Party/LwIP/src/core/init.c **** #if TCP_SND_QUEUELEN < (2 * (TCP_SND_BUF / TCP_MSS))
 308:Middlewares/Third_Party/LwIP/src/core/init.c ****   #error "lwip_sanity_check: WARNING: TCP_SND_QUEUELEN must be at least as much as (2 * TCP_SND_BUF
 309:Middlewares/Third_Party/LwIP/src/core/init.c **** #endif
 310:Middlewares/Third_Party/LwIP/src/core/init.c **** #if TCP_SNDLOWAT >= TCP_SND_BUF
 311:Middlewares/Third_Party/LwIP/src/core/init.c ****   #error "lwip_sanity_check: WARNING: TCP_SNDLOWAT must be less than TCP_SND_BUF. If you know what 
 312:Middlewares/Third_Party/LwIP/src/core/init.c **** #endif
 313:Middlewares/Third_Party/LwIP/src/core/init.c **** #if TCP_SNDLOWAT >= (0xFFFF - (4 * TCP_MSS))
 314:Middlewares/Third_Party/LwIP/src/core/init.c ****   #error "lwip_sanity_check: WARNING: TCP_SNDLOWAT must at least be 4*MSS below u16_t overflow!"
 315:Middlewares/Third_Party/LwIP/src/core/init.c **** #endif
 316:Middlewares/Third_Party/LwIP/src/core/init.c **** #if TCP_SNDQUEUELOWAT >= TCP_SND_QUEUELEN
ARM GAS  C:\Users\milek\AppData\Local\Temp\ccGLsVqv.s 			page 7


 317:Middlewares/Third_Party/LwIP/src/core/init.c ****   #error "lwip_sanity_check: WARNING: TCP_SNDQUEUELOWAT must be less than TCP_SND_QUEUELEN. If you 
 318:Middlewares/Third_Party/LwIP/src/core/init.c **** #endif
 319:Middlewares/Third_Party/LwIP/src/core/init.c **** #if !MEMP_MEM_MALLOC && PBUF_POOL_SIZE && (PBUF_POOL_BUFSIZE <= (PBUF_LINK_ENCAPSULATION_HLEN + PBU
 320:Middlewares/Third_Party/LwIP/src/core/init.c ****   #error "lwip_sanity_check: WARNING: PBUF_POOL_BUFSIZE does not provide enough space for protocol 
 321:Middlewares/Third_Party/LwIP/src/core/init.c **** #endif
 322:Middlewares/Third_Party/LwIP/src/core/init.c **** #if !MEMP_MEM_MALLOC && PBUF_POOL_SIZE && (TCP_WND > (PBUF_POOL_SIZE * (PBUF_POOL_BUFSIZE - (PBUF_L
 323:Middlewares/Third_Party/LwIP/src/core/init.c ****   #error "lwip_sanity_check: WARNING: TCP_WND is larger than space provided by PBUF_POOL_SIZE * (PB
 324:Middlewares/Third_Party/LwIP/src/core/init.c **** #endif
 325:Middlewares/Third_Party/LwIP/src/core/init.c **** #if TCP_WND < TCP_MSS
 326:Middlewares/Third_Party/LwIP/src/core/init.c ****   #error "lwip_sanity_check: WARNING: TCP_WND is smaller than MSS. If you know what you are doing, 
 327:Middlewares/Third_Party/LwIP/src/core/init.c **** #endif
 328:Middlewares/Third_Party/LwIP/src/core/init.c **** #endif /* LWIP_TCP */
 329:Middlewares/Third_Party/LwIP/src/core/init.c **** #endif /* !LWIP_DISABLE_TCP_SANITY_CHECKS */
 330:Middlewares/Third_Party/LwIP/src/core/init.c **** 
 331:Middlewares/Third_Party/LwIP/src/core/init.c **** /**
 332:Middlewares/Third_Party/LwIP/src/core/init.c ****  * @ingroup lwip_nosys
 333:Middlewares/Third_Party/LwIP/src/core/init.c ****  * Initialize all modules.
 334:Middlewares/Third_Party/LwIP/src/core/init.c ****  * Use this in NO_SYS mode. Use tcpip_init() otherwise.
 335:Middlewares/Third_Party/LwIP/src/core/init.c ****  */
 336:Middlewares/Third_Party/LwIP/src/core/init.c **** void
 337:Middlewares/Third_Party/LwIP/src/core/init.c **** lwip_init(void)
 338:Middlewares/Third_Party/LwIP/src/core/init.c **** {
  28              		.loc 1 338 0
  29              		.cfi_startproc
  30              		@ args = 0, pretend = 0, frame = 0
  31              		@ frame_needed = 0, uses_anonymous_args = 0
  32 0000 08B5     		push	{r3, lr}
  33              	.LCFI0:
  34              		.cfi_def_cfa_offset 8
  35              		.cfi_offset 3, -8
  36              		.cfi_offset 14, -4
  37              	.LVL0:
 339:Middlewares/Third_Party/LwIP/src/core/init.c **** #ifndef LWIP_SKIP_CONST_CHECK
 340:Middlewares/Third_Party/LwIP/src/core/init.c ****   int a = 0;
 341:Middlewares/Third_Party/LwIP/src/core/init.c ****   LWIP_UNUSED_ARG(a);
 342:Middlewares/Third_Party/LwIP/src/core/init.c ****   LWIP_ASSERT("LWIP_CONST_CAST not implemented correctly. Check your lwIP port.", LWIP_CONST_CAST(v
 343:Middlewares/Third_Party/LwIP/src/core/init.c **** #endif
 344:Middlewares/Third_Party/LwIP/src/core/init.c **** #ifndef LWIP_SKIP_PACKING_CHECK
 345:Middlewares/Third_Party/LwIP/src/core/init.c ****   LWIP_ASSERT("Struct packing not implemented correctly. Check your lwIP port.", sizeof(struct pack
 346:Middlewares/Third_Party/LwIP/src/core/init.c **** #endif
 347:Middlewares/Third_Party/LwIP/src/core/init.c **** 
 348:Middlewares/Third_Party/LwIP/src/core/init.c ****   /* Modules initialization */
 349:Middlewares/Third_Party/LwIP/src/core/init.c ****   stats_init();
 350:Middlewares/Third_Party/LwIP/src/core/init.c **** #if !NO_SYS
 351:Middlewares/Third_Party/LwIP/src/core/init.c ****   sys_init();
  38              		.loc 1 351 0
  39 0002 FFF7FEFF 		bl	sys_init
  40              	.LVL1:
 352:Middlewares/Third_Party/LwIP/src/core/init.c **** #endif /* !NO_SYS */
 353:Middlewares/Third_Party/LwIP/src/core/init.c ****   mem_init();
  41              		.loc 1 353 0
  42 0006 FFF7FEFF 		bl	mem_init
  43              	.LVL2:
 354:Middlewares/Third_Party/LwIP/src/core/init.c ****   memp_init();
  44              		.loc 1 354 0
  45 000a FFF7FEFF 		bl	memp_init
  46              	.LVL3:
ARM GAS  C:\Users\milek\AppData\Local\Temp\ccGLsVqv.s 			page 8


 355:Middlewares/Third_Party/LwIP/src/core/init.c ****   pbuf_init();
 356:Middlewares/Third_Party/LwIP/src/core/init.c ****   netif_init();
  47              		.loc 1 356 0
  48 000e FFF7FEFF 		bl	netif_init
  49              	.LVL4:
 357:Middlewares/Third_Party/LwIP/src/core/init.c **** #if LWIP_IPV4
 358:Middlewares/Third_Party/LwIP/src/core/init.c ****   ip_init();
 359:Middlewares/Third_Party/LwIP/src/core/init.c **** #if LWIP_ARP
 360:Middlewares/Third_Party/LwIP/src/core/init.c ****   etharp_init();
 361:Middlewares/Third_Party/LwIP/src/core/init.c **** #endif /* LWIP_ARP */
 362:Middlewares/Third_Party/LwIP/src/core/init.c **** #endif /* LWIP_IPV4 */
 363:Middlewares/Third_Party/LwIP/src/core/init.c **** #if LWIP_RAW
 364:Middlewares/Third_Party/LwIP/src/core/init.c ****   raw_init();
 365:Middlewares/Third_Party/LwIP/src/core/init.c **** #endif /* LWIP_RAW */
 366:Middlewares/Third_Party/LwIP/src/core/init.c **** #if LWIP_UDP
 367:Middlewares/Third_Party/LwIP/src/core/init.c ****   udp_init();
  50              		.loc 1 367 0
  51 0012 FFF7FEFF 		bl	udp_init
  52              	.LVL5:
 368:Middlewares/Third_Party/LwIP/src/core/init.c **** #endif /* LWIP_UDP */
 369:Middlewares/Third_Party/LwIP/src/core/init.c **** #if LWIP_TCP
 370:Middlewares/Third_Party/LwIP/src/core/init.c ****   tcp_init();
  53              		.loc 1 370 0
  54 0016 FFF7FEFF 		bl	tcp_init
  55              	.LVL6:
 371:Middlewares/Third_Party/LwIP/src/core/init.c **** #endif /* LWIP_TCP */
 372:Middlewares/Third_Party/LwIP/src/core/init.c **** #if LWIP_IGMP
 373:Middlewares/Third_Party/LwIP/src/core/init.c ****   igmp_init();
 374:Middlewares/Third_Party/LwIP/src/core/init.c **** #endif /* LWIP_IGMP */
 375:Middlewares/Third_Party/LwIP/src/core/init.c **** #if LWIP_DNS
 376:Middlewares/Third_Party/LwIP/src/core/init.c ****   dns_init();
  56              		.loc 1 376 0
  57 001a FFF7FEFF 		bl	dns_init
  58              	.LVL7:
 377:Middlewares/Third_Party/LwIP/src/core/init.c **** #endif /* LWIP_DNS */
 378:Middlewares/Third_Party/LwIP/src/core/init.c **** #if PPP_SUPPORT
 379:Middlewares/Third_Party/LwIP/src/core/init.c ****   ppp_init();
 380:Middlewares/Third_Party/LwIP/src/core/init.c **** #endif
 381:Middlewares/Third_Party/LwIP/src/core/init.c ****  
 382:Middlewares/Third_Party/LwIP/src/core/init.c **** #if LWIP_TIMERS
 383:Middlewares/Third_Party/LwIP/src/core/init.c ****   sys_timeouts_init();
  59              		.loc 1 383 0
  60 001e FFF7FEFF 		bl	sys_timeouts_init
  61              	.LVL8:
 384:Middlewares/Third_Party/LwIP/src/core/init.c **** #endif /* LWIP_TIMERS */
 385:Middlewares/Third_Party/LwIP/src/core/init.c **** }
  62              		.loc 1 385 0
  63 0022 08BD     		pop	{r3, pc}
  64              		.cfi_endproc
  65              	.LFE159:
  67              		.text
  68              	.Letext0:
  69              		.file 2 "d:\\program files (x86)\\gnu\\7_2018-q2-update\\arm-none-eabi\\include\\machine\\_default
  70              		.file 3 "d:\\program files (x86)\\gnu\\7_2018-q2-update\\arm-none-eabi\\include\\sys\\_stdint.h"
  71              		.file 4 "Drivers/CMSIS/Include/core_cm7.h"
  72              		.file 5 "Drivers/CMSIS/Device/ST/STM32F7xx/Include/system_stm32f7xx.h"
  73              		.file 6 "d:\\program files (x86)\\gnu\\7_2018-q2-update\\lib\\gcc\\arm-none-eabi\\7.3.1\\include\\
ARM GAS  C:\Users\milek\AppData\Local\Temp\ccGLsVqv.s 			page 9


  74              		.file 7 "d:\\program files (x86)\\gnu\\7_2018-q2-update\\arm-none-eabi\\include\\sys\\lock.h"
  75              		.file 8 "d:\\program files (x86)\\gnu\\7_2018-q2-update\\arm-none-eabi\\include\\sys\\_types.h"
  76              		.file 9 "d:\\program files (x86)\\gnu\\7_2018-q2-update\\arm-none-eabi\\include\\sys\\reent.h"
  77              		.file 10 "d:\\program files (x86)\\gnu\\7_2018-q2-update\\arm-none-eabi\\include\\stdlib.h"
  78              		.file 11 "d:\\program files (x86)\\gnu\\7_2018-q2-update\\arm-none-eabi\\include\\time.h"
  79              		.file 12 "Middlewares/Third_Party/LwIP/src/include/lwip/arch.h"
  80              		.file 13 "Middlewares/Third_Party/LwIP/src/include/lwip/priv/memp_priv.h"
  81              		.file 14 "Middlewares/Third_Party/LwIP/src/include/lwip/memp.h"
  82              		.file 15 "Middlewares/Third_Party/LwIP/src/include/lwip/err.h"
  83              		.file 16 "Middlewares/Third_Party/LwIP/src/include/lwip/pbuf.h"
  84              		.file 17 "Middlewares/Third_Party/LwIP/src/include/lwip/ip4_addr.h"
  85              		.file 18 "Middlewares/Third_Party/LwIP/src/include/lwip/ip_addr.h"
  86              		.file 19 "Middlewares/Third_Party/LwIP/src/include/lwip/netif.h"
  87              		.file 20 "Middlewares/Third_Party/LwIP/src/include/lwip/inet.h"
  88              		.file 21 "Middlewares/Third_Party/LwIP/src/include/lwip/errno.h"
  89              		.file 22 "Middlewares/Third_Party/LwIP/src/include/lwip/prot/ip4.h"
  90              		.file 23 "Middlewares/Third_Party/LwIP/src/include/lwip/ip.h"
  91              		.file 24 "Middlewares/Third_Party/LwIP/src/include/lwip/udp.h"
  92              		.file 25 "Middlewares/Third_Party/LwIP/src/include/lwip/tcp.h"
  93              		.file 26 "Middlewares/Third_Party/LwIP/src/include/lwip/priv/tcp_priv.h"
  94              		.file 27 "Middlewares/Third_Party/LwIP/src/include/lwip/prot/tcp.h"
  95              		.file 28 "Middlewares/Third_Party/LwIP/src/include/lwip/dns.h"
  96              		.file 29 "Middlewares/Third_Party/LwIP/src/include/lwip/timeouts.h"
  97              		.file 30 "Middlewares/Third_Party/LwIP/src/include/lwip/sys.h"
  98              		.file 31 "Middlewares/Third_Party/LwIP/src/include/lwip/mem.h"
ARM GAS  C:\Users\milek\AppData\Local\Temp\ccGLsVqv.s 			page 10


DEFINED SYMBOLS
                            *ABS*:00000000 init.c
C:\Users\milek\AppData\Local\Temp\ccGLsVqv.s:18     .text.lwip_init:00000000 $t
C:\Users\milek\AppData\Local\Temp\ccGLsVqv.s:25     .text.lwip_init:00000000 lwip_init

UNDEFINED SYMBOLS
sys_init
mem_init
memp_init
netif_init
udp_init
tcp_init
dns_init
sys_timeouts_init
