ARM GAS  C:\Users\milek\AppData\Local\Temp\ccm0WwNc.s 			page 1


   1              		.cpu cortex-m7
   2              		.eabi_attribute 27, 1
   3              		.eabi_attribute 28, 1
   4              		.eabi_attribute 20, 1
   5              		.eabi_attribute 21, 1
   6              		.eabi_attribute 23, 3
   7              		.eabi_attribute 24, 1
   8              		.eabi_attribute 25, 1
   9              		.eabi_attribute 26, 1
  10              		.eabi_attribute 30, 1
  11              		.eabi_attribute 34, 1
  12              		.eabi_attribute 18, 4
  13              		.file	"netdb.c"
  14              		.text
  15              	.Ltext0:
  16              		.cfi_sections	.debug_frame
  17              		.section	.text.lwip_gethostbyname,"ax",%progbits
  18              		.align	1
  19              		.global	lwip_gethostbyname
  20              		.syntax unified
  21              		.thumb
  22              		.thumb_func
  23              		.fpu fpv5-sp-d16
  25              	lwip_gethostbyname:
  26              	.LFB159:
  27              		.file 1 "Middlewares/Third_Party/LwIP/src/api/netdb.c"
   1:Middlewares/Third_Party/LwIP/src/api/netdb.c **** /**
   2:Middlewares/Third_Party/LwIP/src/api/netdb.c ****  * @file
   3:Middlewares/Third_Party/LwIP/src/api/netdb.c ****  * API functions for name resolving
   4:Middlewares/Third_Party/LwIP/src/api/netdb.c ****  *
   5:Middlewares/Third_Party/LwIP/src/api/netdb.c ****  * @defgroup netdbapi NETDB API
   6:Middlewares/Third_Party/LwIP/src/api/netdb.c ****  * @ingroup socket
   7:Middlewares/Third_Party/LwIP/src/api/netdb.c ****  */
   8:Middlewares/Third_Party/LwIP/src/api/netdb.c **** 
   9:Middlewares/Third_Party/LwIP/src/api/netdb.c **** /*
  10:Middlewares/Third_Party/LwIP/src/api/netdb.c ****  * Redistribution and use in source and binary forms, with or without modification,
  11:Middlewares/Third_Party/LwIP/src/api/netdb.c ****  * are permitted provided that the following conditions are met:
  12:Middlewares/Third_Party/LwIP/src/api/netdb.c ****  *
  13:Middlewares/Third_Party/LwIP/src/api/netdb.c ****  * 1. Redistributions of source code must retain the above copyright notice,
  14:Middlewares/Third_Party/LwIP/src/api/netdb.c ****  *    this list of conditions and the following disclaimer.
  15:Middlewares/Third_Party/LwIP/src/api/netdb.c ****  * 2. Redistributions in binary form must reproduce the above copyright notice,
  16:Middlewares/Third_Party/LwIP/src/api/netdb.c ****  *    this list of conditions and the following disclaimer in the documentation
  17:Middlewares/Third_Party/LwIP/src/api/netdb.c ****  *    and/or other materials provided with the distribution.
  18:Middlewares/Third_Party/LwIP/src/api/netdb.c ****  * 3. The name of the author may not be used to endorse or promote products
  19:Middlewares/Third_Party/LwIP/src/api/netdb.c ****  *    derived from this software without specific prior written permission.
  20:Middlewares/Third_Party/LwIP/src/api/netdb.c ****  *
  21:Middlewares/Third_Party/LwIP/src/api/netdb.c ****  * THIS SOFTWARE IS PROVIDED BY THE AUTHOR ``AS IS'' AND ANY EXPRESS OR IMPLIED
  22:Middlewares/Third_Party/LwIP/src/api/netdb.c ****  * WARRANTIES, INCLUDING, BUT NOT LIMITED TO, THE IMPLIED WARRANTIES OF
  23:Middlewares/Third_Party/LwIP/src/api/netdb.c ****  * MERCHANTABILITY AND FITNESS FOR A PARTICULAR PURPOSE ARE DISCLAIMED. IN NO EVENT
  24:Middlewares/Third_Party/LwIP/src/api/netdb.c ****  * SHALL THE AUTHOR BE LIABLE FOR ANY DIRECT, INDIRECT, INCIDENTAL, SPECIAL,
  25:Middlewares/Third_Party/LwIP/src/api/netdb.c ****  * EXEMPLARY, OR CONSEQUENTIAL DAMAGES (INCLUDING, BUT NOT LIMITED TO, PROCUREMENT
  26:Middlewares/Third_Party/LwIP/src/api/netdb.c ****  * OF SUBSTITUTE GOODS OR SERVICES; LOSS OF USE, DATA, OR PROFITS; OR BUSINESS
  27:Middlewares/Third_Party/LwIP/src/api/netdb.c ****  * INTERRUPTION) HOWEVER CAUSED AND ON ANY THEORY OF LIABILITY, WHETHER IN
  28:Middlewares/Third_Party/LwIP/src/api/netdb.c ****  * CONTRACT, STRICT LIABILITY, OR TORT (INCLUDING NEGLIGENCE OR OTHERWISE) ARISING
  29:Middlewares/Third_Party/LwIP/src/api/netdb.c ****  * IN ANY WAY OUT OF THE USE OF THIS SOFTWARE, EVEN IF ADVISED OF THE POSSIBILITY
  30:Middlewares/Third_Party/LwIP/src/api/netdb.c ****  * OF SUCH DAMAGE.
  31:Middlewares/Third_Party/LwIP/src/api/netdb.c ****  *
ARM GAS  C:\Users\milek\AppData\Local\Temp\ccm0WwNc.s 			page 2


  32:Middlewares/Third_Party/LwIP/src/api/netdb.c ****  * This file is part of the lwIP TCP/IP stack.
  33:Middlewares/Third_Party/LwIP/src/api/netdb.c ****  *
  34:Middlewares/Third_Party/LwIP/src/api/netdb.c ****  * Author: Simon Goldschmidt
  35:Middlewares/Third_Party/LwIP/src/api/netdb.c ****  *
  36:Middlewares/Third_Party/LwIP/src/api/netdb.c ****  */
  37:Middlewares/Third_Party/LwIP/src/api/netdb.c **** 
  38:Middlewares/Third_Party/LwIP/src/api/netdb.c **** #include "lwip/netdb.h"
  39:Middlewares/Third_Party/LwIP/src/api/netdb.c **** 
  40:Middlewares/Third_Party/LwIP/src/api/netdb.c **** #if LWIP_DNS && LWIP_SOCKET
  41:Middlewares/Third_Party/LwIP/src/api/netdb.c **** 
  42:Middlewares/Third_Party/LwIP/src/api/netdb.c **** #include "lwip/err.h"
  43:Middlewares/Third_Party/LwIP/src/api/netdb.c **** #include "lwip/mem.h"
  44:Middlewares/Third_Party/LwIP/src/api/netdb.c **** #include "lwip/memp.h"
  45:Middlewares/Third_Party/LwIP/src/api/netdb.c **** #include "lwip/ip_addr.h"
  46:Middlewares/Third_Party/LwIP/src/api/netdb.c **** #include "lwip/api.h"
  47:Middlewares/Third_Party/LwIP/src/api/netdb.c **** #include "lwip/dns.h"
  48:Middlewares/Third_Party/LwIP/src/api/netdb.c **** 
  49:Middlewares/Third_Party/LwIP/src/api/netdb.c **** #include <string.h> /* memset */
  50:Middlewares/Third_Party/LwIP/src/api/netdb.c **** #include <stdlib.h> /* atoi */
  51:Middlewares/Third_Party/LwIP/src/api/netdb.c **** 
  52:Middlewares/Third_Party/LwIP/src/api/netdb.c **** /** helper struct for gethostbyname_r to access the char* buffer */
  53:Middlewares/Third_Party/LwIP/src/api/netdb.c **** struct gethostbyname_r_helper {
  54:Middlewares/Third_Party/LwIP/src/api/netdb.c ****   ip_addr_t *addr_list[2];
  55:Middlewares/Third_Party/LwIP/src/api/netdb.c ****   ip_addr_t addr;
  56:Middlewares/Third_Party/LwIP/src/api/netdb.c ****   char *aliases;
  57:Middlewares/Third_Party/LwIP/src/api/netdb.c **** };
  58:Middlewares/Third_Party/LwIP/src/api/netdb.c **** 
  59:Middlewares/Third_Party/LwIP/src/api/netdb.c **** /** h_errno is exported in netdb.h for access by applications. */
  60:Middlewares/Third_Party/LwIP/src/api/netdb.c **** #if LWIP_DNS_API_DECLARE_H_ERRNO
  61:Middlewares/Third_Party/LwIP/src/api/netdb.c **** int h_errno;
  62:Middlewares/Third_Party/LwIP/src/api/netdb.c **** #endif /* LWIP_DNS_API_DECLARE_H_ERRNO */
  63:Middlewares/Third_Party/LwIP/src/api/netdb.c **** 
  64:Middlewares/Third_Party/LwIP/src/api/netdb.c **** /** define "hostent" variables storage: 0 if we use a static (but unprotected)
  65:Middlewares/Third_Party/LwIP/src/api/netdb.c ****  * set of variables for lwip_gethostbyname, 1 if we use a local storage */
  66:Middlewares/Third_Party/LwIP/src/api/netdb.c **** #ifndef LWIP_DNS_API_HOSTENT_STORAGE
  67:Middlewares/Third_Party/LwIP/src/api/netdb.c **** #define LWIP_DNS_API_HOSTENT_STORAGE 0
  68:Middlewares/Third_Party/LwIP/src/api/netdb.c **** #endif
  69:Middlewares/Third_Party/LwIP/src/api/netdb.c **** 
  70:Middlewares/Third_Party/LwIP/src/api/netdb.c **** /** define "hostent" variables storage */
  71:Middlewares/Third_Party/LwIP/src/api/netdb.c **** #if LWIP_DNS_API_HOSTENT_STORAGE
  72:Middlewares/Third_Party/LwIP/src/api/netdb.c **** #define HOSTENT_STORAGE
  73:Middlewares/Third_Party/LwIP/src/api/netdb.c **** #else
  74:Middlewares/Third_Party/LwIP/src/api/netdb.c **** #define HOSTENT_STORAGE static
  75:Middlewares/Third_Party/LwIP/src/api/netdb.c **** #endif /* LWIP_DNS_API_STATIC_HOSTENT */
  76:Middlewares/Third_Party/LwIP/src/api/netdb.c **** 
  77:Middlewares/Third_Party/LwIP/src/api/netdb.c **** /**
  78:Middlewares/Third_Party/LwIP/src/api/netdb.c ****  * Returns an entry containing addresses of address family AF_INET
  79:Middlewares/Third_Party/LwIP/src/api/netdb.c ****  * for the host with name name.
  80:Middlewares/Third_Party/LwIP/src/api/netdb.c ****  * Due to dns_gethostbyname limitations, only one address is returned.
  81:Middlewares/Third_Party/LwIP/src/api/netdb.c ****  *
  82:Middlewares/Third_Party/LwIP/src/api/netdb.c ****  * @param name the hostname to resolve
  83:Middlewares/Third_Party/LwIP/src/api/netdb.c ****  * @return an entry containing addresses of address family AF_INET
  84:Middlewares/Third_Party/LwIP/src/api/netdb.c ****  *         for the host with name name
  85:Middlewares/Third_Party/LwIP/src/api/netdb.c ****  */
  86:Middlewares/Third_Party/LwIP/src/api/netdb.c **** struct hostent*
  87:Middlewares/Third_Party/LwIP/src/api/netdb.c **** lwip_gethostbyname(const char *name)
  88:Middlewares/Third_Party/LwIP/src/api/netdb.c **** {
ARM GAS  C:\Users\milek\AppData\Local\Temp\ccm0WwNc.s 			page 3


  28              		.loc 1 88 0
  29              		.cfi_startproc
  30              		@ args = 0, pretend = 0, frame = 8
  31              		@ frame_needed = 0, uses_anonymous_args = 0
  32              	.LVL0:
  33 0000 F0B5     		push	{r4, r5, r6, r7, lr}
  34              	.LCFI0:
  35              		.cfi_def_cfa_offset 20
  36              		.cfi_offset 4, -20
  37              		.cfi_offset 5, -16
  38              		.cfi_offset 6, -12
  39              		.cfi_offset 7, -8
  40              		.cfi_offset 14, -4
  41 0002 83B0     		sub	sp, sp, #12
  42              	.LCFI1:
  43              		.cfi_def_cfa_offset 32
  44 0004 0746     		mov	r7, r0
  89:Middlewares/Third_Party/LwIP/src/api/netdb.c ****   err_t err;
  90:Middlewares/Third_Party/LwIP/src/api/netdb.c ****   ip_addr_t addr;
  91:Middlewares/Third_Party/LwIP/src/api/netdb.c **** 
  92:Middlewares/Third_Party/LwIP/src/api/netdb.c ****   /* buffer variables for lwip_gethostbyname() */
  93:Middlewares/Third_Party/LwIP/src/api/netdb.c ****   HOSTENT_STORAGE struct hostent s_hostent;
  94:Middlewares/Third_Party/LwIP/src/api/netdb.c ****   HOSTENT_STORAGE char *s_aliases;
  95:Middlewares/Third_Party/LwIP/src/api/netdb.c ****   HOSTENT_STORAGE ip_addr_t s_hostent_addr;
  96:Middlewares/Third_Party/LwIP/src/api/netdb.c ****   HOSTENT_STORAGE ip_addr_t *s_phostent_addr[2];
  97:Middlewares/Third_Party/LwIP/src/api/netdb.c ****   HOSTENT_STORAGE char s_hostname[DNS_MAX_NAME_LENGTH + 1];
  98:Middlewares/Third_Party/LwIP/src/api/netdb.c **** 
  99:Middlewares/Third_Party/LwIP/src/api/netdb.c ****   /* query host IP address */
 100:Middlewares/Third_Party/LwIP/src/api/netdb.c ****   err = netconn_gethostbyname(name, &addr);
  45              		.loc 1 100 0
  46 0006 01A9     		add	r1, sp, #4
  47 0008 FFF7FEFF 		bl	netconn_gethostbyname
  48              	.LVL1:
 101:Middlewares/Third_Party/LwIP/src/api/netdb.c ****   if (err != ERR_OK) {
  49              		.loc 1 101 0
  50 000c D8B9     		cbnz	r0, .L5
 102:Middlewares/Third_Party/LwIP/src/api/netdb.c ****     LWIP_DEBUGF(DNS_DEBUG, ("lwip_gethostbyname(%s) failed, err=%d\n", name, err));
 103:Middlewares/Third_Party/LwIP/src/api/netdb.c ****     h_errno = HOST_NOT_FOUND;
 104:Middlewares/Third_Party/LwIP/src/api/netdb.c ****     return NULL;
 105:Middlewares/Third_Party/LwIP/src/api/netdb.c ****   }
 106:Middlewares/Third_Party/LwIP/src/api/netdb.c **** 
 107:Middlewares/Third_Party/LwIP/src/api/netdb.c ****   /* fill hostent */
 108:Middlewares/Third_Party/LwIP/src/api/netdb.c ****   s_hostent_addr = addr;
  51              		.loc 1 108 0
  52 000e 104B     		ldr	r3, .L6
  53 0010 019A     		ldr	r2, [sp, #4]
  54 0012 1A60     		str	r2, [r3]
 109:Middlewares/Third_Party/LwIP/src/api/netdb.c ****   s_phostent_addr[0] = &s_hostent_addr;
  55              		.loc 1 109 0
  56 0014 0F4C     		ldr	r4, .L6+4
  57 0016 2360     		str	r3, [r4]
 110:Middlewares/Third_Party/LwIP/src/api/netdb.c ****   s_phostent_addr[1] = NULL;
  58              		.loc 1 110 0
  59 0018 0025     		movs	r5, #0
  60 001a 6560     		str	r5, [r4, #4]
 111:Middlewares/Third_Party/LwIP/src/api/netdb.c ****   strncpy(s_hostname, name, DNS_MAX_NAME_LENGTH);
  61              		.loc 1 111 0
ARM GAS  C:\Users\milek\AppData\Local\Temp\ccm0WwNc.s 			page 4


  62 001c 0E4E     		ldr	r6, .L6+8
  63 001e 4FF48072 		mov	r2, #256
  64 0022 3946     		mov	r1, r7
  65 0024 3046     		mov	r0, r6
  66              	.LVL2:
  67 0026 FFF7FEFF 		bl	strncpy
  68              	.LVL3:
 112:Middlewares/Third_Party/LwIP/src/api/netdb.c ****   s_hostname[DNS_MAX_NAME_LENGTH] = 0;
  69              		.loc 1 112 0
  70 002a 86F80051 		strb	r5, [r6, #256]
 113:Middlewares/Third_Party/LwIP/src/api/netdb.c ****   s_hostent.h_name = s_hostname;
  71              		.loc 1 113 0
  72 002e 0B48     		ldr	r0, .L6+12
  73 0030 0660     		str	r6, [r0]
 114:Middlewares/Third_Party/LwIP/src/api/netdb.c ****   s_aliases = NULL;
  74              		.loc 1 114 0
  75 0032 0B4B     		ldr	r3, .L6+16
  76 0034 1D60     		str	r5, [r3]
 115:Middlewares/Third_Party/LwIP/src/api/netdb.c ****   s_hostent.h_aliases = &s_aliases;
  77              		.loc 1 115 0
  78 0036 4360     		str	r3, [r0, #4]
 116:Middlewares/Third_Party/LwIP/src/api/netdb.c ****   s_hostent.h_addrtype = AF_INET;
  79              		.loc 1 116 0
  80 0038 0223     		movs	r3, #2
  81 003a 8360     		str	r3, [r0, #8]
 117:Middlewares/Third_Party/LwIP/src/api/netdb.c ****   s_hostent.h_length = sizeof(ip_addr_t);
  82              		.loc 1 117 0
  83 003c 0423     		movs	r3, #4
  84 003e C360     		str	r3, [r0, #12]
 118:Middlewares/Third_Party/LwIP/src/api/netdb.c ****   s_hostent.h_addr_list = (char**)&s_phostent_addr;
  85              		.loc 1 118 0
  86 0040 0461     		str	r4, [r0, #16]
  87              	.L1:
 119:Middlewares/Third_Party/LwIP/src/api/netdb.c **** 
 120:Middlewares/Third_Party/LwIP/src/api/netdb.c **** #if DNS_DEBUG
 121:Middlewares/Third_Party/LwIP/src/api/netdb.c ****   /* dump hostent */
 122:Middlewares/Third_Party/LwIP/src/api/netdb.c ****   LWIP_DEBUGF(DNS_DEBUG, ("hostent.h_name           == %s\n", s_hostent.h_name));
 123:Middlewares/Third_Party/LwIP/src/api/netdb.c ****   LWIP_DEBUGF(DNS_DEBUG, ("hostent.h_aliases        == %p\n", (void*)s_hostent.h_aliases));
 124:Middlewares/Third_Party/LwIP/src/api/netdb.c ****   /* h_aliases are always empty */
 125:Middlewares/Third_Party/LwIP/src/api/netdb.c ****   LWIP_DEBUGF(DNS_DEBUG, ("hostent.h_addrtype       == %d\n", s_hostent.h_addrtype));
 126:Middlewares/Third_Party/LwIP/src/api/netdb.c ****   LWIP_DEBUGF(DNS_DEBUG, ("hostent.h_length         == %d\n", s_hostent.h_length));
 127:Middlewares/Third_Party/LwIP/src/api/netdb.c ****   LWIP_DEBUGF(DNS_DEBUG, ("hostent.h_addr_list      == %p\n", (void*)s_hostent.h_addr_list));
 128:Middlewares/Third_Party/LwIP/src/api/netdb.c ****   if (s_hostent.h_addr_list != NULL) {
 129:Middlewares/Third_Party/LwIP/src/api/netdb.c ****     u8_t idx;
 130:Middlewares/Third_Party/LwIP/src/api/netdb.c ****     for (idx=0; s_hostent.h_addr_list[idx]; idx++) {
 131:Middlewares/Third_Party/LwIP/src/api/netdb.c ****       LWIP_DEBUGF(DNS_DEBUG, ("hostent.h_addr_list[%i]   == %p\n", idx, s_hostent.h_addr_list[idx])
 132:Middlewares/Third_Party/LwIP/src/api/netdb.c ****       LWIP_DEBUGF(DNS_DEBUG, ("hostent.h_addr_list[%i]-> == %s\n", idx, ipaddr_ntoa((ip_addr_t*)s_h
 133:Middlewares/Third_Party/LwIP/src/api/netdb.c ****     }
 134:Middlewares/Third_Party/LwIP/src/api/netdb.c ****   }
 135:Middlewares/Third_Party/LwIP/src/api/netdb.c **** #endif /* DNS_DEBUG */
 136:Middlewares/Third_Party/LwIP/src/api/netdb.c **** 
 137:Middlewares/Third_Party/LwIP/src/api/netdb.c **** #if LWIP_DNS_API_HOSTENT_STORAGE
 138:Middlewares/Third_Party/LwIP/src/api/netdb.c ****   /* this function should return the "per-thread" hostent after copy from s_hostent */
 139:Middlewares/Third_Party/LwIP/src/api/netdb.c ****   return sys_thread_hostent(&s_hostent);
 140:Middlewares/Third_Party/LwIP/src/api/netdb.c **** #else
 141:Middlewares/Third_Party/LwIP/src/api/netdb.c ****   return &s_hostent;
 142:Middlewares/Third_Party/LwIP/src/api/netdb.c **** #endif /* LWIP_DNS_API_HOSTENT_STORAGE */
ARM GAS  C:\Users\milek\AppData\Local\Temp\ccm0WwNc.s 			page 5


 143:Middlewares/Third_Party/LwIP/src/api/netdb.c **** }
  88              		.loc 1 143 0
  89 0042 03B0     		add	sp, sp, #12
  90              	.LCFI2:
  91              		.cfi_remember_state
  92              		.cfi_def_cfa_offset 20
  93              		@ sp needed
  94 0044 F0BD     		pop	{r4, r5, r6, r7, pc}
  95              	.LVL4:
  96              	.L5:
  97              	.LCFI3:
  98              		.cfi_restore_state
 103:Middlewares/Third_Party/LwIP/src/api/netdb.c ****     return NULL;
  99              		.loc 1 103 0
 100 0046 074B     		ldr	r3, .L6+20
 101 0048 D222     		movs	r2, #210
 102 004a 1A60     		str	r2, [r3]
 104:Middlewares/Third_Party/LwIP/src/api/netdb.c ****   }
 103              		.loc 1 104 0
 104 004c 0020     		movs	r0, #0
 105              	.LVL5:
 106 004e F8E7     		b	.L1
 107              	.L7:
 108              		.align	2
 109              	.L6:
 110 0050 00000000 		.word	.LANCHOR1
 111 0054 00000000 		.word	.LANCHOR2
 112 0058 00000000 		.word	.LANCHOR3
 113 005c 00000000 		.word	.LANCHOR0
 114 0060 00000000 		.word	.LANCHOR4
 115 0064 00000000 		.word	h_errno
 116              		.cfi_endproc
 117              	.LFE159:
 119              		.section	.text.lwip_gethostbyname_r,"ax",%progbits
 120              		.align	1
 121              		.global	lwip_gethostbyname_r
 122              		.syntax unified
 123              		.thumb
 124              		.thumb_func
 125              		.fpu fpv5-sp-d16
 127              	lwip_gethostbyname_r:
 128              	.LFB160:
 144:Middlewares/Third_Party/LwIP/src/api/netdb.c **** 
 145:Middlewares/Third_Party/LwIP/src/api/netdb.c **** /**
 146:Middlewares/Third_Party/LwIP/src/api/netdb.c ****  * Thread-safe variant of lwip_gethostbyname: instead of using a static
 147:Middlewares/Third_Party/LwIP/src/api/netdb.c ****  * buffer, this function takes buffer and errno pointers as arguments
 148:Middlewares/Third_Party/LwIP/src/api/netdb.c ****  * and uses these for the result.
 149:Middlewares/Third_Party/LwIP/src/api/netdb.c ****  *
 150:Middlewares/Third_Party/LwIP/src/api/netdb.c ****  * @param name the hostname to resolve
 151:Middlewares/Third_Party/LwIP/src/api/netdb.c ****  * @param ret pre-allocated struct where to store the result
 152:Middlewares/Third_Party/LwIP/src/api/netdb.c ****  * @param buf pre-allocated buffer where to store additional data
 153:Middlewares/Third_Party/LwIP/src/api/netdb.c ****  * @param buflen the size of buf
 154:Middlewares/Third_Party/LwIP/src/api/netdb.c ****  * @param result pointer to a hostent pointer that is set to ret on success
 155:Middlewares/Third_Party/LwIP/src/api/netdb.c ****  *               and set to zero on error
 156:Middlewares/Third_Party/LwIP/src/api/netdb.c ****  * @param h_errnop pointer to an int where to store errors (instead of modifying
 157:Middlewares/Third_Party/LwIP/src/api/netdb.c ****  *                 the global h_errno)
 158:Middlewares/Third_Party/LwIP/src/api/netdb.c ****  * @return 0 on success, non-zero on error, additional error information
ARM GAS  C:\Users\milek\AppData\Local\Temp\ccm0WwNc.s 			page 6


 159:Middlewares/Third_Party/LwIP/src/api/netdb.c ****  *         is stored in *h_errnop instead of h_errno to be thread-safe
 160:Middlewares/Third_Party/LwIP/src/api/netdb.c ****  */
 161:Middlewares/Third_Party/LwIP/src/api/netdb.c **** int
 162:Middlewares/Third_Party/LwIP/src/api/netdb.c **** lwip_gethostbyname_r(const char *name, struct hostent *ret, char *buf,
 163:Middlewares/Third_Party/LwIP/src/api/netdb.c ****                 size_t buflen, struct hostent **result, int *h_errnop)
 164:Middlewares/Third_Party/LwIP/src/api/netdb.c **** {
 129              		.loc 1 164 0
 130              		.cfi_startproc
 131              		@ args = 8, pretend = 0, frame = 8
 132              		@ frame_needed = 0, uses_anonymous_args = 0
 133              	.LVL6:
 134 0000 2DE9F04F 		push	{r4, r5, r6, r7, r8, r9, r10, fp, lr}
 135              	.LCFI4:
 136              		.cfi_def_cfa_offset 36
 137              		.cfi_offset 4, -36
 138              		.cfi_offset 5, -32
 139              		.cfi_offset 6, -28
 140              		.cfi_offset 7, -24
 141              		.cfi_offset 8, -20
 142              		.cfi_offset 9, -16
 143              		.cfi_offset 10, -12
 144              		.cfi_offset 11, -8
 145              		.cfi_offset 14, -4
 146 0004 83B0     		sub	sp, sp, #12
 147              	.LCFI5:
 148              		.cfi_def_cfa_offset 48
 149 0006 0C9F     		ldr	r7, [sp, #48]
 150 0008 0D9E     		ldr	r6, [sp, #52]
 165:Middlewares/Third_Party/LwIP/src/api/netdb.c ****   err_t err;
 166:Middlewares/Third_Party/LwIP/src/api/netdb.c ****   struct gethostbyname_r_helper *h;
 167:Middlewares/Third_Party/LwIP/src/api/netdb.c ****   char *hostname;
 168:Middlewares/Third_Party/LwIP/src/api/netdb.c ****   size_t namelen;
 169:Middlewares/Third_Party/LwIP/src/api/netdb.c ****   int lh_errno;
 170:Middlewares/Third_Party/LwIP/src/api/netdb.c **** 
 171:Middlewares/Third_Party/LwIP/src/api/netdb.c ****   if (h_errnop == NULL) {
 151              		.loc 1 171 0
 152 000a 002E     		cmp	r6, #0
 153 000c 40D0     		beq	.L18
 154              	.L9:
 155              	.LVL7:
 172:Middlewares/Third_Party/LwIP/src/api/netdb.c ****     /* ensure h_errnop is never NULL */
 173:Middlewares/Third_Party/LwIP/src/api/netdb.c ****     h_errnop = &lh_errno;
 174:Middlewares/Third_Party/LwIP/src/api/netdb.c ****   }
 175:Middlewares/Third_Party/LwIP/src/api/netdb.c **** 
 176:Middlewares/Third_Party/LwIP/src/api/netdb.c ****   if (result == NULL) {
 156              		.loc 1 176 0
 157 000e 002F     		cmp	r7, #0
 158 0010 40D0     		beq	.L19
 177:Middlewares/Third_Party/LwIP/src/api/netdb.c ****     /* not all arguments given */
 178:Middlewares/Third_Party/LwIP/src/api/netdb.c ****     *h_errnop = EINVAL;
 179:Middlewares/Third_Party/LwIP/src/api/netdb.c ****     return -1;
 180:Middlewares/Third_Party/LwIP/src/api/netdb.c ****   }
 181:Middlewares/Third_Party/LwIP/src/api/netdb.c ****   /* first thing to do: set *result to nothing */
 182:Middlewares/Third_Party/LwIP/src/api/netdb.c ****   *result = NULL;
 159              		.loc 1 182 0
 160 0012 0024     		movs	r4, #0
 161 0014 3C60     		str	r4, [r7]
ARM GAS  C:\Users\milek\AppData\Local\Temp\ccm0WwNc.s 			page 7


 183:Middlewares/Third_Party/LwIP/src/api/netdb.c ****   if ((name == NULL) || (ret == NULL) || (buf == NULL)) {
 162              		.loc 1 183 0
 163 0016 B1FA81FC 		clz	ip, r1
 164 001a 4FEA5C1C 		lsr	ip, ip, #5
 165 001e A042     		cmp	r0, r4
 166 0020 14BF     		ite	ne
 167 0022 6446     		movne	r4, ip
 168 0024 0124     		moveq	r4, #1
 169 0026 002C     		cmp	r4, #0
 170 0028 39D1     		bne	.L12
 171              		.loc 1 183 0 is_stmt 0 discriminator 1
 172 002a 002A     		cmp	r2, #0
 173 002c 37D0     		beq	.L12
 174 002e 9946     		mov	r9, r3
 175 0030 1446     		mov	r4, r2
 176 0032 0D46     		mov	r5, r1
 177 0034 8246     		mov	r10, r0
 184:Middlewares/Third_Party/LwIP/src/api/netdb.c ****     /* not all arguments given */
 185:Middlewares/Third_Party/LwIP/src/api/netdb.c ****     *h_errnop = EINVAL;
 186:Middlewares/Third_Party/LwIP/src/api/netdb.c ****     return -1;
 187:Middlewares/Third_Party/LwIP/src/api/netdb.c ****   }
 188:Middlewares/Third_Party/LwIP/src/api/netdb.c **** 
 189:Middlewares/Third_Party/LwIP/src/api/netdb.c ****   namelen = strlen(name);
 178              		.loc 1 189 0 is_stmt 1
 179 0036 FFF7FEFF 		bl	strlen
 180              	.LVL8:
 181 003a 8046     		mov	r8, r0
 182              	.LVL9:
 190:Middlewares/Third_Party/LwIP/src/api/netdb.c ****   if (buflen < (sizeof(struct gethostbyname_r_helper) + namelen + 1 + (MEM_ALIGNMENT - 1))) {
 183              		.loc 1 190 0
 184 003c 00F11403 		add	r3, r0, #20
 185 0040 4B45     		cmp	r3, r9
 186 0042 31D8     		bhi	.L20
 191:Middlewares/Third_Party/LwIP/src/api/netdb.c ****     /* buf can't hold the data needed + a copy of name */
 192:Middlewares/Third_Party/LwIP/src/api/netdb.c ****     *h_errnop = ERANGE;
 193:Middlewares/Third_Party/LwIP/src/api/netdb.c ****     return -1;
 194:Middlewares/Third_Party/LwIP/src/api/netdb.c ****   }
 195:Middlewares/Third_Party/LwIP/src/api/netdb.c **** 
 196:Middlewares/Third_Party/LwIP/src/api/netdb.c ****   h = (struct gethostbyname_r_helper*)LWIP_MEM_ALIGN(buf);
 187              		.loc 1 196 0
 188 0044 0334     		adds	r4, r4, #3
 189              	.LVL10:
 190 0046 24F00304 		bic	r4, r4, #3
 191              	.LVL11:
 197:Middlewares/Third_Party/LwIP/src/api/netdb.c ****   hostname = ((char*)h) + sizeof(struct gethostbyname_r_helper);
 192              		.loc 1 197 0
 193 004a 04F11009 		add	r9, r4, #16
 194              	.LVL12:
 198:Middlewares/Third_Party/LwIP/src/api/netdb.c **** 
 199:Middlewares/Third_Party/LwIP/src/api/netdb.c ****   /* query host IP address */
 200:Middlewares/Third_Party/LwIP/src/api/netdb.c ****   err = netconn_gethostbyname(name, &h->addr);
 195              		.loc 1 200 0
 196 004e 04F1080B 		add	fp, r4, #8
 197 0052 5946     		mov	r1, fp
 198 0054 5046     		mov	r0, r10
 199              	.LVL13:
 200 0056 FFF7FEFF 		bl	netconn_gethostbyname
ARM GAS  C:\Users\milek\AppData\Local\Temp\ccm0WwNc.s 			page 8


 201              	.LVL14:
 201:Middlewares/Third_Party/LwIP/src/api/netdb.c ****   if (err != ERR_OK) {
 202              		.loc 1 201 0
 203 005a 50BB     		cbnz	r0, .L21
 202:Middlewares/Third_Party/LwIP/src/api/netdb.c ****     LWIP_DEBUGF(DNS_DEBUG, ("lwip_gethostbyname(%s) failed, err=%d\n", name, err));
 203:Middlewares/Third_Party/LwIP/src/api/netdb.c ****     *h_errnop = HOST_NOT_FOUND;
 204:Middlewares/Third_Party/LwIP/src/api/netdb.c ****     return -1;
 205:Middlewares/Third_Party/LwIP/src/api/netdb.c ****   }
 206:Middlewares/Third_Party/LwIP/src/api/netdb.c **** 
 207:Middlewares/Third_Party/LwIP/src/api/netdb.c ****   /* copy the hostname into buf */
 208:Middlewares/Third_Party/LwIP/src/api/netdb.c ****   MEMCPY(hostname, name, namelen);
 204              		.loc 1 208 0
 205 005c 4246     		mov	r2, r8
 206 005e 5146     		mov	r1, r10
 207 0060 4846     		mov	r0, r9
 208              	.LVL15:
 209 0062 FFF7FEFF 		bl	memcpy
 210              	.LVL16:
 209:Middlewares/Third_Party/LwIP/src/api/netdb.c ****   hostname[namelen] = 0;
 211              		.loc 1 209 0
 212 0066 0020     		movs	r0, #0
 213 0068 09F80800 		strb	r0, [r9, r8]
 210:Middlewares/Third_Party/LwIP/src/api/netdb.c **** 
 211:Middlewares/Third_Party/LwIP/src/api/netdb.c ****   /* fill hostent */
 212:Middlewares/Third_Party/LwIP/src/api/netdb.c ****   h->addr_list[0] = &h->addr;
 214              		.loc 1 212 0
 215 006c C4F800B0 		str	fp, [r4]
 213:Middlewares/Third_Party/LwIP/src/api/netdb.c ****   h->addr_list[1] = NULL;
 216              		.loc 1 213 0
 217 0070 6060     		str	r0, [r4, #4]
 214:Middlewares/Third_Party/LwIP/src/api/netdb.c ****   h->aliases = NULL;
 218              		.loc 1 214 0
 219 0072 2346     		mov	r3, r4
 220 0074 43F80C0F 		str	r0, [r3, #12]!
 215:Middlewares/Third_Party/LwIP/src/api/netdb.c ****   ret->h_name = hostname;
 221              		.loc 1 215 0
 222 0078 C5F80090 		str	r9, [r5]
 216:Middlewares/Third_Party/LwIP/src/api/netdb.c ****   ret->h_aliases = &h->aliases;
 223              		.loc 1 216 0
 224 007c 6B60     		str	r3, [r5, #4]
 217:Middlewares/Third_Party/LwIP/src/api/netdb.c ****   ret->h_addrtype = AF_INET;
 225              		.loc 1 217 0
 226 007e 0223     		movs	r3, #2
 227 0080 AB60     		str	r3, [r5, #8]
 218:Middlewares/Third_Party/LwIP/src/api/netdb.c ****   ret->h_length = sizeof(ip_addr_t);
 228              		.loc 1 218 0
 229 0082 0423     		movs	r3, #4
 230 0084 EB60     		str	r3, [r5, #12]
 219:Middlewares/Third_Party/LwIP/src/api/netdb.c ****   ret->h_addr_list = (char**)&h->addr_list;
 231              		.loc 1 219 0
 232 0086 2C61     		str	r4, [r5, #16]
 220:Middlewares/Third_Party/LwIP/src/api/netdb.c **** 
 221:Middlewares/Third_Party/LwIP/src/api/netdb.c ****   /* set result != NULL */
 222:Middlewares/Third_Party/LwIP/src/api/netdb.c ****   *result = ret;
 233              		.loc 1 222 0
 234 0088 3D60     		str	r5, [r7]
 235              	.LVL17:
ARM GAS  C:\Users\milek\AppData\Local\Temp\ccm0WwNc.s 			page 9


 236              	.L8:
 223:Middlewares/Third_Party/LwIP/src/api/netdb.c **** 
 224:Middlewares/Third_Party/LwIP/src/api/netdb.c ****   /* return success */
 225:Middlewares/Third_Party/LwIP/src/api/netdb.c ****   return 0;
 226:Middlewares/Third_Party/LwIP/src/api/netdb.c **** }
 237              		.loc 1 226 0
 238 008a 03B0     		add	sp, sp, #12
 239              	.LCFI6:
 240              		.cfi_remember_state
 241              		.cfi_def_cfa_offset 36
 242              		@ sp needed
 243 008c BDE8F08F 		pop	{r4, r5, r6, r7, r8, r9, r10, fp, pc}
 244              	.LVL18:
 245              	.L18:
 246              	.LCFI7:
 247              		.cfi_restore_state
 173:Middlewares/Third_Party/LwIP/src/api/netdb.c ****   }
 248              		.loc 1 173 0
 249 0090 01AE     		add	r6, sp, #4
 250 0092 BCE7     		b	.L9
 251              	.LVL19:
 252              	.L19:
 178:Middlewares/Third_Party/LwIP/src/api/netdb.c ****     return -1;
 253              		.loc 1 178 0
 254 0094 1623     		movs	r3, #22
 255              	.LVL20:
 256 0096 3360     		str	r3, [r6]
 179:Middlewares/Third_Party/LwIP/src/api/netdb.c ****   }
 257              		.loc 1 179 0
 258 0098 4FF0FF30 		mov	r0, #-1
 259              	.LVL21:
 260 009c F5E7     		b	.L8
 261              	.LVL22:
 262              	.L12:
 185:Middlewares/Third_Party/LwIP/src/api/netdb.c ****     return -1;
 263              		.loc 1 185 0
 264 009e 1623     		movs	r3, #22
 265              	.LVL23:
 266 00a0 3360     		str	r3, [r6]
 186:Middlewares/Third_Party/LwIP/src/api/netdb.c ****   }
 267              		.loc 1 186 0
 268 00a2 4FF0FF30 		mov	r0, #-1
 269              	.LVL24:
 270 00a6 F0E7     		b	.L8
 271              	.LVL25:
 272              	.L20:
 192:Middlewares/Third_Party/LwIP/src/api/netdb.c ****     return -1;
 273              		.loc 1 192 0
 274 00a8 2223     		movs	r3, #34
 275 00aa 3360     		str	r3, [r6]
 193:Middlewares/Third_Party/LwIP/src/api/netdb.c ****   }
 276              		.loc 1 193 0
 277 00ac 4FF0FF30 		mov	r0, #-1
 278              	.LVL26:
 279 00b0 EBE7     		b	.L8
 280              	.LVL27:
 281              	.L21:
ARM GAS  C:\Users\milek\AppData\Local\Temp\ccm0WwNc.s 			page 10


 203:Middlewares/Third_Party/LwIP/src/api/netdb.c ****     return -1;
 282              		.loc 1 203 0
 283 00b2 D223     		movs	r3, #210
 284 00b4 3360     		str	r3, [r6]
 204:Middlewares/Third_Party/LwIP/src/api/netdb.c ****   }
 285              		.loc 1 204 0
 286 00b6 4FF0FF30 		mov	r0, #-1
 287              	.LVL28:
 288 00ba E6E7     		b	.L8
 289              		.cfi_endproc
 290              	.LFE160:
 292              		.section	.text.lwip_freeaddrinfo,"ax",%progbits
 293              		.align	1
 294              		.global	lwip_freeaddrinfo
 295              		.syntax unified
 296              		.thumb
 297              		.thumb_func
 298              		.fpu fpv5-sp-d16
 300              	lwip_freeaddrinfo:
 301              	.LFB161:
 227:Middlewares/Third_Party/LwIP/src/api/netdb.c **** 
 228:Middlewares/Third_Party/LwIP/src/api/netdb.c **** /**
 229:Middlewares/Third_Party/LwIP/src/api/netdb.c ****  * Frees one or more addrinfo structures returned by getaddrinfo(), along with
 230:Middlewares/Third_Party/LwIP/src/api/netdb.c ****  * any additional storage associated with those structures. If the ai_next field
 231:Middlewares/Third_Party/LwIP/src/api/netdb.c ****  * of the structure is not null, the entire list of structures is freed.
 232:Middlewares/Third_Party/LwIP/src/api/netdb.c ****  *
 233:Middlewares/Third_Party/LwIP/src/api/netdb.c ****  * @param ai struct addrinfo to free
 234:Middlewares/Third_Party/LwIP/src/api/netdb.c ****  */
 235:Middlewares/Third_Party/LwIP/src/api/netdb.c **** void
 236:Middlewares/Third_Party/LwIP/src/api/netdb.c **** lwip_freeaddrinfo(struct addrinfo *ai)
 237:Middlewares/Third_Party/LwIP/src/api/netdb.c **** {
 302              		.loc 1 237 0
 303              		.cfi_startproc
 304              		@ args = 0, pretend = 0, frame = 0
 305              		@ frame_needed = 0, uses_anonymous_args = 0
 306              	.LVL29:
 307 0000 0146     		mov	r1, r0
 238:Middlewares/Third_Party/LwIP/src/api/netdb.c ****   struct addrinfo *next;
 239:Middlewares/Third_Party/LwIP/src/api/netdb.c **** 
 240:Middlewares/Third_Party/LwIP/src/api/netdb.c ****   while (ai != NULL) {
 308              		.loc 1 240 0
 309 0002 40B1     		cbz	r0, .L28
 237:Middlewares/Third_Party/LwIP/src/api/netdb.c ****   struct addrinfo *next;
 310              		.loc 1 237 0
 311 0004 10B5     		push	{r4, lr}
 312              	.LCFI8:
 313              		.cfi_def_cfa_offset 8
 314              		.cfi_offset 4, -8
 315              		.cfi_offset 14, -4
 316              	.LVL30:
 317              	.L24:
 241:Middlewares/Third_Party/LwIP/src/api/netdb.c ****     next = ai->ai_next;
 318              		.loc 1 241 0
 319 0006 CC69     		ldr	r4, [r1, #28]
 320              	.LVL31:
 242:Middlewares/Third_Party/LwIP/src/api/netdb.c ****     memp_free(MEMP_NETDB, ai);
 321              		.loc 1 242 0
ARM GAS  C:\Users\milek\AppData\Local\Temp\ccm0WwNc.s 			page 11


 322 0008 0B20     		movs	r0, #11
 323 000a FFF7FEFF 		bl	memp_free
 324              	.LVL32:
 243:Middlewares/Third_Party/LwIP/src/api/netdb.c ****     ai = next;
 325              		.loc 1 243 0
 326 000e 2146     		mov	r1, r4
 240:Middlewares/Third_Party/LwIP/src/api/netdb.c ****     next = ai->ai_next;
 327              		.loc 1 240 0
 328 0010 002C     		cmp	r4, #0
 329 0012 F8D1     		bne	.L24
 244:Middlewares/Third_Party/LwIP/src/api/netdb.c ****   }
 245:Middlewares/Third_Party/LwIP/src/api/netdb.c **** }
 330              		.loc 1 245 0
 331 0014 10BD     		pop	{r4, pc}
 332              	.LVL33:
 333              	.L28:
 334              	.LCFI9:
 335              		.cfi_def_cfa_offset 0
 336              		.cfi_restore 4
 337              		.cfi_restore 14
 338 0016 7047     		bx	lr
 339              		.cfi_endproc
 340              	.LFE161:
 342              		.section	.text.lwip_getaddrinfo,"ax",%progbits
 343              		.align	1
 344              		.global	lwip_getaddrinfo
 345              		.syntax unified
 346              		.thumb
 347              		.thumb_func
 348              		.fpu fpv5-sp-d16
 350              	lwip_getaddrinfo:
 351              	.LFB162:
 246:Middlewares/Third_Party/LwIP/src/api/netdb.c **** 
 247:Middlewares/Third_Party/LwIP/src/api/netdb.c **** /**
 248:Middlewares/Third_Party/LwIP/src/api/netdb.c ****  * Translates the name of a service location (for example, a host name) and/or
 249:Middlewares/Third_Party/LwIP/src/api/netdb.c ****  * a service name and returns a set of socket addresses and associated
 250:Middlewares/Third_Party/LwIP/src/api/netdb.c ****  * information to be used in creating a socket with which to address the
 251:Middlewares/Third_Party/LwIP/src/api/netdb.c ****  * specified service.
 252:Middlewares/Third_Party/LwIP/src/api/netdb.c ****  * Memory for the result is allocated internally and must be freed by calling
 253:Middlewares/Third_Party/LwIP/src/api/netdb.c ****  * lwip_freeaddrinfo()!
 254:Middlewares/Third_Party/LwIP/src/api/netdb.c ****  *
 255:Middlewares/Third_Party/LwIP/src/api/netdb.c ****  * Due to a limitation in dns_gethostbyname, only the first address of a
 256:Middlewares/Third_Party/LwIP/src/api/netdb.c ****  * host is returned.
 257:Middlewares/Third_Party/LwIP/src/api/netdb.c ****  * Also, service names are not supported (only port numbers)!
 258:Middlewares/Third_Party/LwIP/src/api/netdb.c ****  *
 259:Middlewares/Third_Party/LwIP/src/api/netdb.c ****  * @param nodename descriptive name or address string of the host
 260:Middlewares/Third_Party/LwIP/src/api/netdb.c ****  *                 (may be NULL -> local address)
 261:Middlewares/Third_Party/LwIP/src/api/netdb.c ****  * @param servname port number as string of NULL
 262:Middlewares/Third_Party/LwIP/src/api/netdb.c ****  * @param hints structure containing input values that set socktype and protocol
 263:Middlewares/Third_Party/LwIP/src/api/netdb.c ****  * @param res pointer to a pointer where to store the result (set to NULL on failure)
 264:Middlewares/Third_Party/LwIP/src/api/netdb.c ****  * @return 0 on success, non-zero on failure
 265:Middlewares/Third_Party/LwIP/src/api/netdb.c ****  *
 266:Middlewares/Third_Party/LwIP/src/api/netdb.c ****  * @todo: implement AI_V4MAPPED, AI_ADDRCONFIG
 267:Middlewares/Third_Party/LwIP/src/api/netdb.c ****  */
 268:Middlewares/Third_Party/LwIP/src/api/netdb.c **** int
 269:Middlewares/Third_Party/LwIP/src/api/netdb.c **** lwip_getaddrinfo(const char *nodename, const char *servname,
 270:Middlewares/Third_Party/LwIP/src/api/netdb.c ****        const struct addrinfo *hints, struct addrinfo **res)
ARM GAS  C:\Users\milek\AppData\Local\Temp\ccm0WwNc.s 			page 12


 271:Middlewares/Third_Party/LwIP/src/api/netdb.c **** {
 352              		.loc 1 271 0
 353              		.cfi_startproc
 354              		@ args = 0, pretend = 0, frame = 8
 355              		@ frame_needed = 0, uses_anonymous_args = 0
 356              	.LVL34:
 272:Middlewares/Third_Party/LwIP/src/api/netdb.c ****   err_t err;
 273:Middlewares/Third_Party/LwIP/src/api/netdb.c ****   ip_addr_t addr;
 274:Middlewares/Third_Party/LwIP/src/api/netdb.c ****   struct addrinfo *ai;
 275:Middlewares/Third_Party/LwIP/src/api/netdb.c ****   struct sockaddr_storage *sa = NULL;
 276:Middlewares/Third_Party/LwIP/src/api/netdb.c ****   int port_nr = 0;
 277:Middlewares/Third_Party/LwIP/src/api/netdb.c ****   size_t total_size;
 278:Middlewares/Third_Party/LwIP/src/api/netdb.c ****   size_t namelen = 0;
 279:Middlewares/Third_Party/LwIP/src/api/netdb.c ****   int ai_family;
 280:Middlewares/Third_Party/LwIP/src/api/netdb.c **** 
 281:Middlewares/Third_Party/LwIP/src/api/netdb.c ****   if (res == NULL) {
 357              		.loc 1 281 0
 358 0000 002B     		cmp	r3, #0
 359 0002 00F0A380 		beq	.L41
 271:Middlewares/Third_Party/LwIP/src/api/netdb.c ****   err_t err;
 360              		.loc 1 271 0
 361 0006 2DE9F04F 		push	{r4, r5, r6, r7, r8, r9, r10, fp, lr}
 362              	.LCFI10:
 363              		.cfi_def_cfa_offset 36
 364              		.cfi_offset 4, -36
 365              		.cfi_offset 5, -32
 366              		.cfi_offset 6, -28
 367              		.cfi_offset 7, -24
 368              		.cfi_offset 8, -20
 369              		.cfi_offset 9, -16
 370              		.cfi_offset 10, -12
 371              		.cfi_offset 11, -8
 372              		.cfi_offset 14, -4
 373 000a 83B0     		sub	sp, sp, #12
 374              	.LCFI11:
 375              		.cfi_def_cfa_offset 48
 376 000c 1C46     		mov	r4, r3
 282:Middlewares/Third_Party/LwIP/src/api/netdb.c ****     return EAI_FAIL;
 283:Middlewares/Third_Party/LwIP/src/api/netdb.c ****   }
 284:Middlewares/Third_Party/LwIP/src/api/netdb.c ****   *res = NULL;
 377              		.loc 1 284 0
 378 000e 0023     		movs	r3, #0
 379              	.LVL35:
 380 0010 2360     		str	r3, [r4]
 285:Middlewares/Third_Party/LwIP/src/api/netdb.c ****   if ((nodename == NULL) && (servname == NULL)) {
 381              		.loc 1 285 0
 382 0012 B1FA81F3 		clz	r3, r1
 383 0016 5B09     		lsrs	r3, r3, #5
 384 0018 0028     		cmp	r0, #0
 385 001a 18BF     		it	ne
 386 001c 0023     		movne	r3, #0
 387 001e 002B     		cmp	r3, #0
 388 0020 40F09680 		bne	.L42
 286:Middlewares/Third_Party/LwIP/src/api/netdb.c ****     return EAI_NONAME;
 287:Middlewares/Third_Party/LwIP/src/api/netdb.c ****   }
 288:Middlewares/Third_Party/LwIP/src/api/netdb.c **** 
 289:Middlewares/Third_Party/LwIP/src/api/netdb.c ****   if (hints != NULL) {
ARM GAS  C:\Users\milek\AppData\Local\Temp\ccm0WwNc.s 			page 13


 389              		.loc 1 289 0
 390 0024 4AB1     		cbz	r2, .L31
 290:Middlewares/Third_Party/LwIP/src/api/netdb.c ****     ai_family = hints->ai_family;
 391              		.loc 1 290 0
 392 0026 5568     		ldr	r5, [r2, #4]
 393              	.LVL36:
 291:Middlewares/Third_Party/LwIP/src/api/netdb.c ****     if ((ai_family != AF_UNSPEC)
 292:Middlewares/Third_Party/LwIP/src/api/netdb.c **** #if LWIP_IPV4
 293:Middlewares/Third_Party/LwIP/src/api/netdb.c ****       && (ai_family != AF_INET)
 394              		.loc 1 293 0
 395 0028 AB1E     		subs	r3, r5, #2
 396 002a 18BF     		it	ne
 397 002c 0123     		movne	r3, #1
 398 002e 002D     		cmp	r5, #0
 399 0030 08BF     		it	eq
 400 0032 0023     		moveq	r3, #0
 291:Middlewares/Third_Party/LwIP/src/api/netdb.c ****     if ((ai_family != AF_UNSPEC)
 401              		.loc 1 291 0
 402 0034 002B     		cmp	r3, #0
 403 0036 40F08F80 		bne	.L43
 404              	.LVL37:
 405              	.L31:
 406 003a 2546     		mov	r5, r4
 407 003c 1446     		mov	r4, r2
 408              	.LVL38:
 409 003e 0746     		mov	r7, r0
 294:Middlewares/Third_Party/LwIP/src/api/netdb.c **** #endif /* LWIP_IPV4 */
 295:Middlewares/Third_Party/LwIP/src/api/netdb.c **** #if LWIP_IPV6
 296:Middlewares/Third_Party/LwIP/src/api/netdb.c ****       && (ai_family != AF_INET6)
 297:Middlewares/Third_Party/LwIP/src/api/netdb.c **** #endif /* LWIP_IPV6 */
 298:Middlewares/Third_Party/LwIP/src/api/netdb.c ****       ) {
 299:Middlewares/Third_Party/LwIP/src/api/netdb.c ****       return EAI_FAMILY;
 300:Middlewares/Third_Party/LwIP/src/api/netdb.c ****     }
 301:Middlewares/Third_Party/LwIP/src/api/netdb.c ****   } else {
 302:Middlewares/Third_Party/LwIP/src/api/netdb.c ****     ai_family = AF_UNSPEC;
 303:Middlewares/Third_Party/LwIP/src/api/netdb.c ****   }
 304:Middlewares/Third_Party/LwIP/src/api/netdb.c **** 
 305:Middlewares/Third_Party/LwIP/src/api/netdb.c ****   if (servname != NULL) {
 410              		.loc 1 305 0
 411 0040 51B1     		cbz	r1, .L44
 306:Middlewares/Third_Party/LwIP/src/api/netdb.c ****     /* service name specified: convert to port number
 307:Middlewares/Third_Party/LwIP/src/api/netdb.c ****      * @todo?: currently, only ASCII integers (port numbers) are supported (AI_NUMERICSERV)! */
 308:Middlewares/Third_Party/LwIP/src/api/netdb.c ****     port_nr = atoi(servname);
 412              		.loc 1 308 0
 413 0042 0846     		mov	r0, r1
 414              	.LVL39:
 415 0044 FFF7FEFF 		bl	atoi
 416              	.LVL40:
 417 0048 8146     		mov	r9, r0
 418              	.LVL41:
 309:Middlewares/Third_Party/LwIP/src/api/netdb.c ****     if ((port_nr <= 0) || (port_nr > 0xffff)) {
 419              		.loc 1 309 0
 420 004a 421E     		subs	r2, r0, #1
 421 004c 4FF6FE73 		movw	r3, #65534
 422 0050 9A42     		cmp	r2, r3
 423 0052 03D9     		bls	.L32
 310:Middlewares/Third_Party/LwIP/src/api/netdb.c ****       return EAI_SERVICE;
ARM GAS  C:\Users\milek\AppData\Local\Temp\ccm0WwNc.s 			page 14


 424              		.loc 1 310 0
 425 0054 C920     		movs	r0, #201
 426              	.LVL42:
 427 0056 7CE0     		b	.L29
 428              	.LVL43:
 429              	.L44:
 276:Middlewares/Third_Party/LwIP/src/api/netdb.c ****   size_t total_size;
 430              		.loc 1 276 0
 431 0058 4FF00009 		mov	r9, #0
 432              	.LVL44:
 433              	.L32:
 311:Middlewares/Third_Party/LwIP/src/api/netdb.c ****     }
 312:Middlewares/Third_Party/LwIP/src/api/netdb.c ****   }
 313:Middlewares/Third_Party/LwIP/src/api/netdb.c **** 
 314:Middlewares/Third_Party/LwIP/src/api/netdb.c ****   if (nodename != NULL) {
 434              		.loc 1 314 0
 435 005c 002F     		cmp	r7, #0
 436 005e 55D0     		beq	.L33
 315:Middlewares/Third_Party/LwIP/src/api/netdb.c ****     /* service location specified, try to resolve */
 316:Middlewares/Third_Party/LwIP/src/api/netdb.c ****     if ((hints != NULL) && (hints->ai_flags & AI_NUMERICHOST)) {
 437              		.loc 1 316 0
 438 0060 1CB1     		cbz	r4, .L34
 439              		.loc 1 316 0 is_stmt 0 discriminator 1
 440 0062 2368     		ldr	r3, [r4]
 441 0064 13F0040F 		tst	r3, #4
 442 0068 48D1     		bne	.L55
 443              	.L34:
 317:Middlewares/Third_Party/LwIP/src/api/netdb.c ****       /* no DNS lookup, just parse for an address string */
 318:Middlewares/Third_Party/LwIP/src/api/netdb.c ****       if (!ipaddr_aton(nodename, &addr)) {
 319:Middlewares/Third_Party/LwIP/src/api/netdb.c ****         return EAI_NONAME;
 320:Middlewares/Third_Party/LwIP/src/api/netdb.c ****       }
 321:Middlewares/Third_Party/LwIP/src/api/netdb.c **** #if LWIP_IPV4 && LWIP_IPV6
 322:Middlewares/Third_Party/LwIP/src/api/netdb.c ****       if ((IP_IS_V6_VAL(addr) && ai_family == AF_INET) ||
 323:Middlewares/Third_Party/LwIP/src/api/netdb.c ****           (IP_IS_V4_VAL(addr) && ai_family == AF_INET6)) {
 324:Middlewares/Third_Party/LwIP/src/api/netdb.c ****         return EAI_NONAME;
 325:Middlewares/Third_Party/LwIP/src/api/netdb.c ****       }
 326:Middlewares/Third_Party/LwIP/src/api/netdb.c **** #endif /* LWIP_IPV4 && LWIP_IPV6 */
 327:Middlewares/Third_Party/LwIP/src/api/netdb.c ****     } else {
 328:Middlewares/Third_Party/LwIP/src/api/netdb.c **** #if LWIP_IPV4 && LWIP_IPV6
 329:Middlewares/Third_Party/LwIP/src/api/netdb.c ****       /* AF_UNSPEC: prefer IPv4 */
 330:Middlewares/Third_Party/LwIP/src/api/netdb.c ****       u8_t type = NETCONN_DNS_IPV4_IPV6;
 331:Middlewares/Third_Party/LwIP/src/api/netdb.c ****       if (ai_family == AF_INET) {
 332:Middlewares/Third_Party/LwIP/src/api/netdb.c ****         type = NETCONN_DNS_IPV4;
 333:Middlewares/Third_Party/LwIP/src/api/netdb.c ****       } else if (ai_family == AF_INET6) {
 334:Middlewares/Third_Party/LwIP/src/api/netdb.c ****         type = NETCONN_DNS_IPV6;
 335:Middlewares/Third_Party/LwIP/src/api/netdb.c ****       }
 336:Middlewares/Third_Party/LwIP/src/api/netdb.c **** #endif /* LWIP_IPV4 && LWIP_IPV6 */
 337:Middlewares/Third_Party/LwIP/src/api/netdb.c ****       err = netconn_gethostbyname_addrtype(nodename, &addr, type);
 444              		.loc 1 337 0 is_stmt 1
 445 006a 01A9     		add	r1, sp, #4
 446 006c 3846     		mov	r0, r7
 447 006e FFF7FEFF 		bl	netconn_gethostbyname
 448              	.LVL45:
 338:Middlewares/Third_Party/LwIP/src/api/netdb.c ****       if (err != ERR_OK) {
 449              		.loc 1 338 0
 450 0072 0028     		cmp	r0, #0
 451 0074 72D1     		bne	.L56
ARM GAS  C:\Users\milek\AppData\Local\Temp\ccm0WwNc.s 			page 15


 452              	.LVL46:
 453              	.L35:
 339:Middlewares/Third_Party/LwIP/src/api/netdb.c ****         return EAI_FAIL;
 340:Middlewares/Third_Party/LwIP/src/api/netdb.c ****       }
 341:Middlewares/Third_Party/LwIP/src/api/netdb.c ****     }
 342:Middlewares/Third_Party/LwIP/src/api/netdb.c ****   } else {
 343:Middlewares/Third_Party/LwIP/src/api/netdb.c ****     /* service location specified, use loopback address */
 344:Middlewares/Third_Party/LwIP/src/api/netdb.c ****     if ((hints != NULL) && (hints->ai_flags & AI_PASSIVE)) {
 345:Middlewares/Third_Party/LwIP/src/api/netdb.c ****       ip_addr_set_any(ai_family == AF_INET6, &addr);
 346:Middlewares/Third_Party/LwIP/src/api/netdb.c ****     } else {
 347:Middlewares/Third_Party/LwIP/src/api/netdb.c ****       ip_addr_set_loopback(ai_family == AF_INET6, &addr);
 348:Middlewares/Third_Party/LwIP/src/api/netdb.c ****     }
 349:Middlewares/Third_Party/LwIP/src/api/netdb.c ****   }
 350:Middlewares/Third_Party/LwIP/src/api/netdb.c **** 
 351:Middlewares/Third_Party/LwIP/src/api/netdb.c ****   total_size = sizeof(struct addrinfo) + sizeof(struct sockaddr_storage);
 352:Middlewares/Third_Party/LwIP/src/api/netdb.c ****   if (nodename != NULL) {
 454              		.loc 1 352 0
 455 0076 002F     		cmp	r7, #0
 456 0078 63D0     		beq	.L48
 353:Middlewares/Third_Party/LwIP/src/api/netdb.c ****     namelen = strlen(nodename);
 457              		.loc 1 353 0
 458 007a 3846     		mov	r0, r7
 459 007c FFF7FEFF 		bl	strlen
 460              	.LVL47:
 461 0080 8046     		mov	r8, r0
 462              	.LVL48:
 354:Middlewares/Third_Party/LwIP/src/api/netdb.c ****     if (namelen > DNS_MAX_NAME_LENGTH) {
 463              		.loc 1 354 0
 464 0082 B0F5807F 		cmp	r0, #256
 465 0086 6BD8     		bhi	.L49
 355:Middlewares/Third_Party/LwIP/src/api/netdb.c ****       /* invalid name length */
 356:Middlewares/Third_Party/LwIP/src/api/netdb.c ****       return EAI_FAIL;
 357:Middlewares/Third_Party/LwIP/src/api/netdb.c ****     }
 358:Middlewares/Third_Party/LwIP/src/api/netdb.c ****     LWIP_ASSERT("namelen is too long", total_size + namelen + 1 > total_size);
 466              		.loc 1 358 0
 467 0088 10F1310A 		adds	r10, r0, #49
 468 008c 49D2     		bcs	.L57
 469              	.LVL49:
 470              	.L38:
 359:Middlewares/Third_Party/LwIP/src/api/netdb.c ****     total_size += namelen + 1;
 360:Middlewares/Third_Party/LwIP/src/api/netdb.c ****   }
 361:Middlewares/Third_Party/LwIP/src/api/netdb.c ****   /* If this fails, please report to lwip-devel! :-) */
 362:Middlewares/Third_Party/LwIP/src/api/netdb.c ****   LWIP_ASSERT("total_size <= NETDB_ELEM_SIZE: please report this!",
 471              		.loc 1 362 0
 472 008e BAF5997F 		cmp	r10, #306
 473 0092 4ED2     		bcs	.L58
 474              	.LVL50:
 475              	.L37:
 363:Middlewares/Third_Party/LwIP/src/api/netdb.c ****     total_size <= NETDB_ELEM_SIZE);
 364:Middlewares/Third_Party/LwIP/src/api/netdb.c ****   ai = (struct addrinfo *)memp_malloc(MEMP_NETDB);
 476              		.loc 1 364 0
 477 0094 0B20     		movs	r0, #11
 478 0096 FFF7FEFF 		bl	memp_malloc
 479              	.LVL51:
 365:Middlewares/Third_Party/LwIP/src/api/netdb.c ****   if (ai == NULL) {
 480              		.loc 1 365 0
 481 009a 0646     		mov	r6, r0
ARM GAS  C:\Users\milek\AppData\Local\Temp\ccm0WwNc.s 			page 16


 482 009c 0028     		cmp	r0, #0
 483 009e 61D0     		beq	.L50
 366:Middlewares/Third_Party/LwIP/src/api/netdb.c ****     return EAI_MEMORY;
 367:Middlewares/Third_Party/LwIP/src/api/netdb.c ****   }
 368:Middlewares/Third_Party/LwIP/src/api/netdb.c ****   memset(ai, 0, total_size);
 484              		.loc 1 368 0
 485 00a0 5246     		mov	r2, r10
 486 00a2 0021     		movs	r1, #0
 487 00a4 FFF7FEFF 		bl	memset
 488              	.LVL52:
 369:Middlewares/Third_Party/LwIP/src/api/netdb.c ****   /* cast through void* to get rid of alignment warnings */
 370:Middlewares/Third_Party/LwIP/src/api/netdb.c ****   sa = (struct sockaddr_storage *)(void*)((u8_t*)ai + sizeof(struct addrinfo));
 489              		.loc 1 370 0
 490 00a8 06F1200B 		add	fp, r6, #32
 491              	.LVL53:
 492              	.LBB2:
 371:Middlewares/Third_Party/LwIP/src/api/netdb.c ****   if (IP_IS_V6_VAL(addr)) {
 372:Middlewares/Third_Party/LwIP/src/api/netdb.c **** #if LWIP_IPV6
 373:Middlewares/Third_Party/LwIP/src/api/netdb.c ****     struct sockaddr_in6 *sa6 = (struct sockaddr_in6*)sa;
 374:Middlewares/Third_Party/LwIP/src/api/netdb.c ****     /* set up sockaddr */
 375:Middlewares/Third_Party/LwIP/src/api/netdb.c ****     inet6_addr_from_ip6addr(&sa6->sin6_addr, ip_2_ip6(&addr));
 376:Middlewares/Third_Party/LwIP/src/api/netdb.c ****     sa6->sin6_family = AF_INET6;
 377:Middlewares/Third_Party/LwIP/src/api/netdb.c ****     sa6->sin6_len = sizeof(struct sockaddr_in6);
 378:Middlewares/Third_Party/LwIP/src/api/netdb.c ****     sa6->sin6_port = lwip_htons((u16_t)port_nr);
 379:Middlewares/Third_Party/LwIP/src/api/netdb.c ****     ai->ai_family = AF_INET6;
 380:Middlewares/Third_Party/LwIP/src/api/netdb.c **** #endif /* LWIP_IPV6 */
 381:Middlewares/Third_Party/LwIP/src/api/netdb.c ****   } else {
 382:Middlewares/Third_Party/LwIP/src/api/netdb.c **** #if LWIP_IPV4
 383:Middlewares/Third_Party/LwIP/src/api/netdb.c ****     struct sockaddr_in *sa4 = (struct sockaddr_in*)sa;
 384:Middlewares/Third_Party/LwIP/src/api/netdb.c ****     /* set up sockaddr */
 385:Middlewares/Third_Party/LwIP/src/api/netdb.c ****     inet_addr_from_ip4addr(&sa4->sin_addr, ip_2_ip4(&addr));
 493              		.loc 1 385 0
 494 00ac 019B     		ldr	r3, [sp, #4]
 495 00ae 7362     		str	r3, [r6, #36]
 386:Middlewares/Third_Party/LwIP/src/api/netdb.c ****     sa4->sin_family = AF_INET;
 496              		.loc 1 386 0
 497 00b0 4FF0020A 		mov	r10, #2
 498 00b4 86F821A0 		strb	r10, [r6, #33]
 387:Middlewares/Third_Party/LwIP/src/api/netdb.c ****     sa4->sin_len = sizeof(struct sockaddr_in);
 499              		.loc 1 387 0
 500 00b8 1023     		movs	r3, #16
 501 00ba 86F82030 		strb	r3, [r6, #32]
 388:Middlewares/Third_Party/LwIP/src/api/netdb.c ****     sa4->sin_port = lwip_htons((u16_t)port_nr);
 502              		.loc 1 388 0
 503 00be 1FFA89F0 		uxth	r0, r9
 504 00c2 FFF7FEFF 		bl	lwip_htons
 505              	.LVL54:
 506 00c6 7084     		strh	r0, [r6, #34]	@ movhi
 389:Middlewares/Third_Party/LwIP/src/api/netdb.c ****     ai->ai_family = AF_INET;
 507              		.loc 1 389 0
 508 00c8 C6F804A0 		str	r10, [r6, #4]
 509              	.LBE2:
 390:Middlewares/Third_Party/LwIP/src/api/netdb.c **** #endif /* LWIP_IPV4 */
 391:Middlewares/Third_Party/LwIP/src/api/netdb.c ****   }
 392:Middlewares/Third_Party/LwIP/src/api/netdb.c **** 
 393:Middlewares/Third_Party/LwIP/src/api/netdb.c ****   /* set up addrinfo */
 394:Middlewares/Third_Party/LwIP/src/api/netdb.c ****   if (hints != NULL) {
ARM GAS  C:\Users\milek\AppData\Local\Temp\ccm0WwNc.s 			page 17


 510              		.loc 1 394 0
 511 00cc 1CB1     		cbz	r4, .L39
 395:Middlewares/Third_Party/LwIP/src/api/netdb.c ****     /* copy socktype & protocol from hints if specified */
 396:Middlewares/Third_Party/LwIP/src/api/netdb.c ****     ai->ai_socktype = hints->ai_socktype;
 512              		.loc 1 396 0
 513 00ce A368     		ldr	r3, [r4, #8]
 514 00d0 B360     		str	r3, [r6, #8]
 397:Middlewares/Third_Party/LwIP/src/api/netdb.c ****     ai->ai_protocol = hints->ai_protocol;
 515              		.loc 1 397 0
 516 00d2 E368     		ldr	r3, [r4, #12]
 517 00d4 F360     		str	r3, [r6, #12]
 518              	.L39:
 398:Middlewares/Third_Party/LwIP/src/api/netdb.c ****   }
 399:Middlewares/Third_Party/LwIP/src/api/netdb.c ****   if (nodename != NULL) {
 519              		.loc 1 399 0
 520 00d6 57B1     		cbz	r7, .L40
 400:Middlewares/Third_Party/LwIP/src/api/netdb.c ****     /* copy nodename to canonname if specified */
 401:Middlewares/Third_Party/LwIP/src/api/netdb.c ****     ai->ai_canonname = ((char*)ai + sizeof(struct addrinfo) + sizeof(struct sockaddr_storage));
 521              		.loc 1 401 0
 522 00d8 06F13004 		add	r4, r6, #48
 523              	.LVL55:
 524 00dc B461     		str	r4, [r6, #24]
 402:Middlewares/Third_Party/LwIP/src/api/netdb.c ****     MEMCPY(ai->ai_canonname, nodename, namelen);
 525              		.loc 1 402 0
 526 00de 4246     		mov	r2, r8
 527 00e0 3946     		mov	r1, r7
 528 00e2 2046     		mov	r0, r4
 529 00e4 FFF7FEFF 		bl	memcpy
 530              	.LVL56:
 403:Middlewares/Third_Party/LwIP/src/api/netdb.c ****     ai->ai_canonname[namelen] = 0;
 531              		.loc 1 403 0
 532 00e8 0023     		movs	r3, #0
 533 00ea 04F80830 		strb	r3, [r4, r8]
 534              	.L40:
 404:Middlewares/Third_Party/LwIP/src/api/netdb.c ****   }
 405:Middlewares/Third_Party/LwIP/src/api/netdb.c ****   ai->ai_addrlen = sizeof(struct sockaddr_storage);
 535              		.loc 1 405 0
 536 00ee 1023     		movs	r3, #16
 537 00f0 3361     		str	r3, [r6, #16]
 406:Middlewares/Third_Party/LwIP/src/api/netdb.c ****   ai->ai_addr = (struct sockaddr*)sa;
 538              		.loc 1 406 0
 539 00f2 C6F814B0 		str	fp, [r6, #20]
 407:Middlewares/Third_Party/LwIP/src/api/netdb.c **** 
 408:Middlewares/Third_Party/LwIP/src/api/netdb.c ****   *res = ai;
 540              		.loc 1 408 0
 541 00f6 2E60     		str	r6, [r5]
 409:Middlewares/Third_Party/LwIP/src/api/netdb.c **** 
 410:Middlewares/Third_Party/LwIP/src/api/netdb.c ****   return 0;
 542              		.loc 1 410 0
 543 00f8 0020     		movs	r0, #0
 544 00fa 2AE0     		b	.L29
 545              	.LVL57:
 546              	.L55:
 318:Middlewares/Third_Party/LwIP/src/api/netdb.c ****         return EAI_NONAME;
 547              		.loc 1 318 0
 548 00fc 01A9     		add	r1, sp, #4
 549 00fe 3846     		mov	r0, r7
ARM GAS  C:\Users\milek\AppData\Local\Temp\ccm0WwNc.s 			page 18


 550 0100 FFF7FEFF 		bl	ip4addr_aton
 551              	.LVL58:
 552 0104 0028     		cmp	r0, #0
 553 0106 B6D1     		bne	.L35
 319:Middlewares/Third_Party/LwIP/src/api/netdb.c ****       }
 554              		.loc 1 319 0
 555 0108 C820     		movs	r0, #200
 556 010a 22E0     		b	.L29
 557              	.L33:
 344:Middlewares/Third_Party/LwIP/src/api/netdb.c ****       ip_addr_set_any(ai_family == AF_INET6, &addr);
 558              		.loc 1 344 0
 559 010c 34B1     		cbz	r4, .L36
 344:Middlewares/Third_Party/LwIP/src/api/netdb.c ****       ip_addr_set_any(ai_family == AF_INET6, &addr);
 560              		.loc 1 344 0 is_stmt 0 discriminator 1
 561 010e 2368     		ldr	r3, [r4]
 562 0110 13F0010F 		tst	r3, #1
 563 0114 02D0     		beq	.L36
 345:Middlewares/Third_Party/LwIP/src/api/netdb.c ****     } else {
 564              		.loc 1 345 0 is_stmt 1
 565 0116 0023     		movs	r3, #0
 566 0118 0193     		str	r3, [sp, #4]
 567 011a ACE7     		b	.L35
 568              	.L36:
 347:Middlewares/Third_Party/LwIP/src/api/netdb.c ****     }
 569              		.loc 1 347 0
 570 011c 124B     		ldr	r3, .L59
 571 011e 0193     		str	r3, [sp, #4]
 572 0120 A9E7     		b	.L35
 573              	.LVL59:
 574              	.L57:
 358:Middlewares/Third_Party/LwIP/src/api/netdb.c ****     total_size += namelen + 1;
 575              		.loc 1 358 0 discriminator 1
 576 0122 124B     		ldr	r3, .L59+4
 577 0124 4FF4B372 		mov	r2, #358
 578 0128 1149     		ldr	r1, .L59+8
 579 012a 1248     		ldr	r0, .L59+12
 580              	.LVL60:
 581 012c FFF7FEFF 		bl	printf
 582              	.LVL61:
 583 0130 ADE7     		b	.L38
 584              	.LVL62:
 585              	.L58:
 362:Middlewares/Third_Party/LwIP/src/api/netdb.c ****     total_size <= NETDB_ELEM_SIZE);
 586              		.loc 1 362 0 discriminator 1
 587 0132 0E4B     		ldr	r3, .L59+4
 588 0134 40F26B12 		movw	r2, #363
 589 0138 0F49     		ldr	r1, .L59+16
 590 013a 0E48     		ldr	r0, .L59+12
 591 013c FFF7FEFF 		bl	printf
 592              	.LVL63:
 593 0140 A8E7     		b	.L37
 594              	.LVL64:
 595              	.L48:
 278:Middlewares/Third_Party/LwIP/src/api/netdb.c ****   int ai_family;
 596              		.loc 1 278 0
 597 0142 4FF00008 		mov	r8, #0
 351:Middlewares/Third_Party/LwIP/src/api/netdb.c ****   if (nodename != NULL) {
ARM GAS  C:\Users\milek\AppData\Local\Temp\ccm0WwNc.s 			page 19


 598              		.loc 1 351 0
 599 0146 4FF0300A 		mov	r10, #48
 600 014a A3E7     		b	.L37
 601              	.LVL65:
 602              	.L41:
 603              	.LCFI12:
 604              		.cfi_def_cfa_offset 0
 605              		.cfi_restore 4
 606              		.cfi_restore 5
 607              		.cfi_restore 6
 608              		.cfi_restore 7
 609              		.cfi_restore 8
 610              		.cfi_restore 9
 611              		.cfi_restore 10
 612              		.cfi_restore 11
 613              		.cfi_restore 14
 282:Middlewares/Third_Party/LwIP/src/api/netdb.c ****   }
 614              		.loc 1 282 0
 615 014c CA20     		movs	r0, #202
 616              	.LVL66:
 411:Middlewares/Third_Party/LwIP/src/api/netdb.c **** }
 617              		.loc 1 411 0
 618 014e 7047     		bx	lr
 619              	.LVL67:
 620              	.L42:
 621              	.LCFI13:
 622              		.cfi_def_cfa_offset 48
 623              		.cfi_offset 4, -36
 624              		.cfi_offset 5, -32
 625              		.cfi_offset 6, -28
 626              		.cfi_offset 7, -24
 627              		.cfi_offset 8, -20
 628              		.cfi_offset 9, -16
 629              		.cfi_offset 10, -12
 630              		.cfi_offset 11, -8
 631              		.cfi_offset 14, -4
 286:Middlewares/Third_Party/LwIP/src/api/netdb.c ****   }
 632              		.loc 1 286 0
 633 0150 C820     		movs	r0, #200
 634              	.LVL68:
 635              	.L29:
 636              		.loc 1 411 0
 637 0152 03B0     		add	sp, sp, #12
 638              	.LCFI14:
 639              		.cfi_remember_state
 640              		.cfi_def_cfa_offset 36
 641              		@ sp needed
 642 0154 BDE8F08F 		pop	{r4, r5, r6, r7, r8, r9, r10, fp, pc}
 643              	.LVL69:
 644              	.L43:
 645              	.LCFI15:
 646              		.cfi_restore_state
 299:Middlewares/Third_Party/LwIP/src/api/netdb.c ****     }
 647              		.loc 1 299 0
 648 0158 CC20     		movs	r0, #204
 649              	.LVL70:
 650 015a FAE7     		b	.L29
ARM GAS  C:\Users\milek\AppData\Local\Temp\ccm0WwNc.s 			page 20


 651              	.LVL71:
 652              	.L56:
 339:Middlewares/Third_Party/LwIP/src/api/netdb.c ****       }
 653              		.loc 1 339 0
 654 015c CA20     		movs	r0, #202
 655              	.LVL72:
 656 015e F8E7     		b	.L29
 657              	.LVL73:
 658              	.L49:
 356:Middlewares/Third_Party/LwIP/src/api/netdb.c ****     }
 659              		.loc 1 356 0
 660 0160 CA20     		movs	r0, #202
 661              	.LVL74:
 662 0162 F6E7     		b	.L29
 663              	.LVL75:
 664              	.L50:
 366:Middlewares/Third_Party/LwIP/src/api/netdb.c ****   }
 665              		.loc 1 366 0
 666 0164 CB20     		movs	r0, #203
 667              	.LVL76:
 668 0166 F4E7     		b	.L29
 669              	.L60:
 670              		.align	2
 671              	.L59:
 672 0168 7F000001 		.word	16777343
 673 016c 00000000 		.word	.LC0
 674 0170 30000000 		.word	.LC1
 675 0174 44000000 		.word	.LC2
 676 0178 6C000000 		.word	.LC3
 677              		.cfi_endproc
 678              	.LFE162:
 680              		.comm	h_errno,4,4
 681              		.section	.bss.s_aliases.14076,"aw",%nobits
 682              		.align	2
 683              		.set	.LANCHOR4,. + 0
 686              	s_aliases.14076:
 687 0000 00000000 		.space	4
 688              		.section	.bss.s_hostent.14075,"aw",%nobits
 689              		.align	2
 690              		.set	.LANCHOR0,. + 0
 693              	s_hostent.14075:
 694 0000 00000000 		.space	20
 694      00000000 
 694      00000000 
 694      00000000 
 694      00000000 
 695              		.section	.bss.s_hostent_addr.14077,"aw",%nobits
 696              		.align	2
 697              		.set	.LANCHOR1,. + 0
 700              	s_hostent_addr.14077:
 701 0000 00000000 		.space	4
 702              		.section	.bss.s_hostname.14079,"aw",%nobits
 703              		.align	2
 704              		.set	.LANCHOR3,. + 0
 707              	s_hostname.14079:
 708 0000 00000000 		.space	257
 708      00000000 
ARM GAS  C:\Users\milek\AppData\Local\Temp\ccm0WwNc.s 			page 21


 708      00000000 
 708      00000000 
 708      00000000 
 709              		.section	.bss.s_phostent_addr.14078,"aw",%nobits
 710              		.align	2
 711              		.set	.LANCHOR2,. + 0
 714              	s_phostent_addr.14078:
 715 0000 00000000 		.space	8
 715      00000000 
 716              		.section	.rodata.lwip_getaddrinfo.str1.4,"aMS",%progbits,1
 717              		.align	2
 718              	.LC0:
 719 0000 4D696464 		.ascii	"Middlewares/Third_Party/LwIP/src/api/netdb.c\000"
 719      6C657761 
 719      7265732F 
 719      54686972 
 719      645F5061 
 720 002d 000000   		.space	3
 721              	.LC1:
 722 0030 6E616D65 		.ascii	"namelen is too long\000"
 722      6C656E20 
 722      69732074 
 722      6F6F206C 
 722      6F6E6700 
 723              	.LC2:
 724 0044 41737365 		.ascii	"Assertion \"%s\" failed at line %d in %s\012\000"
 724      7274696F 
 724      6E202225 
 724      73222066 
 724      61696C65 
 725              	.LC3:
 726 006c 746F7461 		.ascii	"total_size <= NETDB_ELEM_SIZE: please report this!\000"
 726      6C5F7369 
 726      7A65203C 
 726      3D204E45 
 726      5444425F 
 727              		.text
 728              	.Letext0:
 729              		.file 2 "d:\\program files (x86)\\gnu\\7_2018-q2-update\\arm-none-eabi\\include\\machine\\_default
 730              		.file 3 "d:\\program files (x86)\\gnu\\7_2018-q2-update\\arm-none-eabi\\include\\sys\\_stdint.h"
 731              		.file 4 "Drivers/CMSIS/Include/core_cm7.h"
 732              		.file 5 "Drivers/CMSIS/Device/ST/STM32F7xx/Include/system_stm32f7xx.h"
 733              		.file 6 "d:\\program files (x86)\\gnu\\7_2018-q2-update\\lib\\gcc\\arm-none-eabi\\7.3.1\\include\\
 734              		.file 7 "d:\\program files (x86)\\gnu\\7_2018-q2-update\\arm-none-eabi\\include\\sys\\lock.h"
 735              		.file 8 "d:\\program files (x86)\\gnu\\7_2018-q2-update\\arm-none-eabi\\include\\sys\\_types.h"
 736              		.file 9 "d:\\program files (x86)\\gnu\\7_2018-q2-update\\arm-none-eabi\\include\\sys\\reent.h"
 737              		.file 10 "d:\\program files (x86)\\gnu\\7_2018-q2-update\\arm-none-eabi\\include\\sys\\types.h"
 738              		.file 11 "d:\\program files (x86)\\gnu\\7_2018-q2-update\\arm-none-eabi\\include\\stdlib.h"
 739              		.file 12 "d:\\program files (x86)\\gnu\\7_2018-q2-update\\arm-none-eabi\\include\\time.h"
 740              		.file 13 "Middlewares/Third_Party/LwIP/src/include/lwip/arch.h"
 741              		.file 14 "Middlewares/Third_Party/LwIP/src/include/lwip/ip4_addr.h"
 742              		.file 15 "Middlewares/Third_Party/LwIP/src/include/lwip/ip_addr.h"
 743              		.file 16 "Middlewares/Third_Party/LwIP/src/include/lwip/inet.h"
 744              		.file 17 "Middlewares/Third_Party/LwIP/src/include/lwip/err.h"
 745              		.file 18 "Middlewares/Third_Party/LwIP/src/include/lwip/errno.h"
 746              		.file 19 "Middlewares/Third_Party/LwIP/src/include/lwip/sockets.h"
 747              		.file 20 "Middlewares/Third_Party/LwIP/src/include/lwip/netdb.h"
ARM GAS  C:\Users\milek\AppData\Local\Temp\ccm0WwNc.s 			page 22


 748              		.file 21 "Middlewares/Third_Party/LwIP/src/include/lwip/memp.h"
 749              		.file 22 "Middlewares/Third_Party/LwIP/src/include/lwip/priv/memp_priv.h"
 750              		.file 23 "Middlewares/Third_Party/LwIP/src/include/lwip/dns.h"
 751              		.file 24 "Middlewares/Third_Party/LwIP/src/include/lwip/def.h"
 752              		.file 25 "Middlewares/Third_Party/LwIP/src/include/lwip/api.h"
 753              		.file 26 "d:\\program files (x86)\\gnu\\7_2018-q2-update\\arm-none-eabi\\include\\string.h"
 754              		.file 27 "<built-in>"
 755              		.file 28 "d:\\program files (x86)\\gnu\\7_2018-q2-update\\arm-none-eabi\\include\\stdio.h"
ARM GAS  C:\Users\milek\AppData\Local\Temp\ccm0WwNc.s 			page 23


DEFINED SYMBOLS
                            *ABS*:00000000 netdb.c
C:\Users\milek\AppData\Local\Temp\ccm0WwNc.s:18     .text.lwip_gethostbyname:00000000 $t
C:\Users\milek\AppData\Local\Temp\ccm0WwNc.s:25     .text.lwip_gethostbyname:00000000 lwip_gethostbyname
C:\Users\milek\AppData\Local\Temp\ccm0WwNc.s:110    .text.lwip_gethostbyname:00000050 $d
                            *COM*:00000004 h_errno
C:\Users\milek\AppData\Local\Temp\ccm0WwNc.s:120    .text.lwip_gethostbyname_r:00000000 $t
C:\Users\milek\AppData\Local\Temp\ccm0WwNc.s:127    .text.lwip_gethostbyname_r:00000000 lwip_gethostbyname_r
C:\Users\milek\AppData\Local\Temp\ccm0WwNc.s:293    .text.lwip_freeaddrinfo:00000000 $t
C:\Users\milek\AppData\Local\Temp\ccm0WwNc.s:300    .text.lwip_freeaddrinfo:00000000 lwip_freeaddrinfo
C:\Users\milek\AppData\Local\Temp\ccm0WwNc.s:343    .text.lwip_getaddrinfo:00000000 $t
C:\Users\milek\AppData\Local\Temp\ccm0WwNc.s:350    .text.lwip_getaddrinfo:00000000 lwip_getaddrinfo
C:\Users\milek\AppData\Local\Temp\ccm0WwNc.s:672    .text.lwip_getaddrinfo:00000168 $d
C:\Users\milek\AppData\Local\Temp\ccm0WwNc.s:682    .bss.s_aliases.14076:00000000 $d
C:\Users\milek\AppData\Local\Temp\ccm0WwNc.s:686    .bss.s_aliases.14076:00000000 s_aliases.14076
C:\Users\milek\AppData\Local\Temp\ccm0WwNc.s:689    .bss.s_hostent.14075:00000000 $d
C:\Users\milek\AppData\Local\Temp\ccm0WwNc.s:693    .bss.s_hostent.14075:00000000 s_hostent.14075
C:\Users\milek\AppData\Local\Temp\ccm0WwNc.s:696    .bss.s_hostent_addr.14077:00000000 $d
C:\Users\milek\AppData\Local\Temp\ccm0WwNc.s:700    .bss.s_hostent_addr.14077:00000000 s_hostent_addr.14077
C:\Users\milek\AppData\Local\Temp\ccm0WwNc.s:703    .bss.s_hostname.14079:00000000 $d
C:\Users\milek\AppData\Local\Temp\ccm0WwNc.s:707    .bss.s_hostname.14079:00000000 s_hostname.14079
C:\Users\milek\AppData\Local\Temp\ccm0WwNc.s:710    .bss.s_phostent_addr.14078:00000000 $d
C:\Users\milek\AppData\Local\Temp\ccm0WwNc.s:714    .bss.s_phostent_addr.14078:00000000 s_phostent_addr.14078
C:\Users\milek\AppData\Local\Temp\ccm0WwNc.s:717    .rodata.lwip_getaddrinfo.str1.4:00000000 $d

UNDEFINED SYMBOLS
netconn_gethostbyname
strncpy
strlen
memcpy
memp_free
atoi
memp_malloc
memset
lwip_htons
ip4addr_aton
printf
