ARM GAS  C:\Users\Patryk\AppData\Local\Temp\ccLyNHvw.s 			page 1


   1              		.cpu cortex-m7
   2              		.eabi_attribute 27, 1
   3              		.eabi_attribute 28, 1
   4              		.eabi_attribute 20, 1
   5              		.eabi_attribute 21, 1
   6              		.eabi_attribute 23, 3
   7              		.eabi_attribute 24, 1
   8              		.eabi_attribute 25, 1
   9              		.eabi_attribute 26, 1
  10              		.eabi_attribute 30, 1
  11              		.eabi_attribute 34, 1
  12              		.eabi_attribute 18, 4
  13              		.file	"netifapi.c"
  14              		.text
  15              	.Ltext0:
  16              		.cfi_sections	.debug_frame
  17              	.Letext0:
  18              		.file 1 "c:\\program files (x86)\\gnu\\7_2018-q2-update\\arm-none-eabi\\include\\machine\\_default
  19              		.file 2 "c:\\program files (x86)\\gnu\\7_2018-q2-update\\arm-none-eabi\\include\\sys\\_stdint.h"
  20              		.file 3 "Drivers/CMSIS/Include/core_cm7.h"
  21              		.file 4 "Drivers/CMSIS/Device/ST/STM32F7xx/Include/system_stm32f7xx.h"
  22              		.file 5 "c:\\program files (x86)\\gnu\\7_2018-q2-update\\arm-none-eabi\\include\\sys\\lock.h"
  23              		.file 6 "c:\\program files (x86)\\gnu\\7_2018-q2-update\\arm-none-eabi\\include\\sys\\_types.h"
  24              		.file 7 "c:\\program files (x86)\\gnu\\7_2018-q2-update\\lib\\gcc\\arm-none-eabi\\7.3.1\\include\\
  25              		.file 8 "c:\\program files (x86)\\gnu\\7_2018-q2-update\\arm-none-eabi\\include\\sys\\reent.h"
  26              		.file 9 "c:\\program files (x86)\\gnu\\7_2018-q2-update\\arm-none-eabi\\include\\stdlib.h"
  27              		.file 10 "c:\\program files (x86)\\gnu\\7_2018-q2-update\\arm-none-eabi\\include\\time.h"
ARM GAS  C:\Users\Patryk\AppData\Local\Temp\ccLyNHvw.s 			page 2


DEFINED SYMBOLS
                            *ABS*:00000000 netifapi.c

NO UNDEFINED SYMBOLS
