ARM GAS  C:\Users\milek\AppData\Local\Temp\ccevGnUV.s 			page 1


   1              		.cpu cortex-m7
   2              		.eabi_attribute 27, 1
   3              		.eabi_attribute 28, 1
   4              		.eabi_attribute 20, 1
   5              		.eabi_attribute 21, 1
   6              		.eabi_attribute 23, 3
   7              		.eabi_attribute 24, 1
   8              		.eabi_attribute 25, 1
   9              		.eabi_attribute 26, 1
  10              		.eabi_attribute 30, 1
  11              		.eabi_attribute 34, 1
  12              		.eabi_attribute 18, 4
  13              		.file	"slipif.c"
  14              		.text
  15              	.Ltext0:
  16              		.cfi_sections	.debug_frame
  17              		.section	.text.slipif_rxbyte,"ax",%progbits
  18              		.align	1
  19              		.syntax unified
  20              		.thumb
  21              		.thumb_func
  22              		.fpu fpv5-sp-d16
  24              	slipif_rxbyte:
  25              	.LFB161:
  26              		.file 1 "Middlewares/Third_Party/LwIP/src/netif/slipif.c"
   1:Middlewares/Third_Party/LwIP/src/netif/slipif.c **** /**
   2:Middlewares/Third_Party/LwIP/src/netif/slipif.c ****  * @file
   3:Middlewares/Third_Party/LwIP/src/netif/slipif.c ****  * SLIP Interface
   4:Middlewares/Third_Party/LwIP/src/netif/slipif.c ****  *
   5:Middlewares/Third_Party/LwIP/src/netif/slipif.c ****  */
   6:Middlewares/Third_Party/LwIP/src/netif/slipif.c **** 
   7:Middlewares/Third_Party/LwIP/src/netif/slipif.c **** /*
   8:Middlewares/Third_Party/LwIP/src/netif/slipif.c ****  * Copyright (c) 2001-2004 Swedish Institute of Computer Science.
   9:Middlewares/Third_Party/LwIP/src/netif/slipif.c ****  * All rights reserved.
  10:Middlewares/Third_Party/LwIP/src/netif/slipif.c ****  *
  11:Middlewares/Third_Party/LwIP/src/netif/slipif.c ****  * Redistribution and use in source and binary forms, with or without
  12:Middlewares/Third_Party/LwIP/src/netif/slipif.c ****  * modification, are permitted provided that the following conditions
  13:Middlewares/Third_Party/LwIP/src/netif/slipif.c ****  * are met:
  14:Middlewares/Third_Party/LwIP/src/netif/slipif.c ****  * 1. Redistributions of source code must retain the above copyright
  15:Middlewares/Third_Party/LwIP/src/netif/slipif.c ****  *    notice, this list of conditions and the following disclaimer.
  16:Middlewares/Third_Party/LwIP/src/netif/slipif.c ****  * 2. Redistributions in binary form must reproduce the above copyright
  17:Middlewares/Third_Party/LwIP/src/netif/slipif.c ****  *    notice, this list of conditions and the following disclaimer in the
  18:Middlewares/Third_Party/LwIP/src/netif/slipif.c ****  *    documentation and/or other materials provided with the distribution.
  19:Middlewares/Third_Party/LwIP/src/netif/slipif.c ****  * 3. Neither the name of the Institute nor the names of its contributors
  20:Middlewares/Third_Party/LwIP/src/netif/slipif.c ****  *    may be used to endorse or promote products derived from this software
  21:Middlewares/Third_Party/LwIP/src/netif/slipif.c ****  *    without specific prior written permission.
  22:Middlewares/Third_Party/LwIP/src/netif/slipif.c ****  *
  23:Middlewares/Third_Party/LwIP/src/netif/slipif.c ****  * THIS SOFTWARE IS PROVIDED BY THE INSTITUTE AND CONTRIBUTORS ``AS IS'' AND
  24:Middlewares/Third_Party/LwIP/src/netif/slipif.c ****  * ANY EXPRESS OR IMPLIED WARRANTIES, INCLUDING, BUT NOT LIMITED TO, THE
  25:Middlewares/Third_Party/LwIP/src/netif/slipif.c ****  * IMPLIED WARRANTIES OF MERCHANTABILITY AND FITNESS FOR A PARTICULAR PURPOSE
  26:Middlewares/Third_Party/LwIP/src/netif/slipif.c ****  * ARE DISCLAIMED.  IN NO EVENT SHALL THE INSTITUTE OR CONTRIBUTORS BE LIABLE
  27:Middlewares/Third_Party/LwIP/src/netif/slipif.c ****  * FOR ANY DIRECT, INDIRECT, INCIDENTAL, SPECIAL, EXEMPLARY, OR CONSEQUENTIAL
  28:Middlewares/Third_Party/LwIP/src/netif/slipif.c ****  * DAMAGES (INCLUDING, BUT NOT LIMITED TO, PROCUREMENT OF SUBSTITUTE GOODS
  29:Middlewares/Third_Party/LwIP/src/netif/slipif.c ****  * OR SERVICES; LOSS OF USE, DATA, OR PROFITS; OR BUSINESS INTERRUPTION)
  30:Middlewares/Third_Party/LwIP/src/netif/slipif.c ****  * HOWEVER CAUSED AND ON ANY THEORY OF LIABILITY, WHETHER IN CONTRACT, STRICT
  31:Middlewares/Third_Party/LwIP/src/netif/slipif.c ****  * LIABILITY, OR TORT (INCLUDING NEGLIGENCE OR OTHERWISE) ARISING IN ANY WAY
  32:Middlewares/Third_Party/LwIP/src/netif/slipif.c ****  * OUT OF THE USE OF THIS SOFTWARE, EVEN IF ADVISED OF THE POSSIBILITY OF
ARM GAS  C:\Users\milek\AppData\Local\Temp\ccevGnUV.s 			page 2


  33:Middlewares/Third_Party/LwIP/src/netif/slipif.c ****  * SUCH DAMAGE.
  34:Middlewares/Third_Party/LwIP/src/netif/slipif.c ****  *
  35:Middlewares/Third_Party/LwIP/src/netif/slipif.c ****  * This file is built upon the file: src/arch/rtxc/netif/sioslip.c
  36:Middlewares/Third_Party/LwIP/src/netif/slipif.c ****  *
  37:Middlewares/Third_Party/LwIP/src/netif/slipif.c ****  * Author: Magnus Ivarsson <magnus.ivarsson(at)volvo.com>
  38:Middlewares/Third_Party/LwIP/src/netif/slipif.c ****  *         Simon Goldschmidt
  39:Middlewares/Third_Party/LwIP/src/netif/slipif.c ****  */
  40:Middlewares/Third_Party/LwIP/src/netif/slipif.c **** 
  41:Middlewares/Third_Party/LwIP/src/netif/slipif.c **** 
  42:Middlewares/Third_Party/LwIP/src/netif/slipif.c **** /**
  43:Middlewares/Third_Party/LwIP/src/netif/slipif.c ****  * @defgroup slipif SLIP netif
  44:Middlewares/Third_Party/LwIP/src/netif/slipif.c ****  * @ingroup addons
  45:Middlewares/Third_Party/LwIP/src/netif/slipif.c ****  *
  46:Middlewares/Third_Party/LwIP/src/netif/slipif.c ****  * This is an arch independent SLIP netif. The specific serial hooks must be
  47:Middlewares/Third_Party/LwIP/src/netif/slipif.c ****  * provided by another file. They are sio_open, sio_read/sio_tryread and sio_send
  48:Middlewares/Third_Party/LwIP/src/netif/slipif.c ****  *
  49:Middlewares/Third_Party/LwIP/src/netif/slipif.c ****  * Usage: This netif can be used in three ways:\n
  50:Middlewares/Third_Party/LwIP/src/netif/slipif.c ****  *        1) For NO_SYS==0, an RX thread can be used which blocks on sio_read()
  51:Middlewares/Third_Party/LwIP/src/netif/slipif.c ****  *           until data is received.\n
  52:Middlewares/Third_Party/LwIP/src/netif/slipif.c ****  *        2) In your main loop, call slipif_poll() to check for new RX bytes,
  53:Middlewares/Third_Party/LwIP/src/netif/slipif.c ****  *           completed packets are fed into netif->input().\n
  54:Middlewares/Third_Party/LwIP/src/netif/slipif.c ****  *        3) Call slipif_received_byte[s]() from your serial RX ISR and
  55:Middlewares/Third_Party/LwIP/src/netif/slipif.c ****  *           slipif_process_rxqueue() from your main loop. ISR level decodes
  56:Middlewares/Third_Party/LwIP/src/netif/slipif.c ****  *           packets and puts completed packets on a queue which is fed into
  57:Middlewares/Third_Party/LwIP/src/netif/slipif.c ****  *           the stack from the main loop (needs SYS_LIGHTWEIGHT_PROT for
  58:Middlewares/Third_Party/LwIP/src/netif/slipif.c ****  *           pbuf_alloc to work on ISR level!).
  59:Middlewares/Third_Party/LwIP/src/netif/slipif.c ****  *
  60:Middlewares/Third_Party/LwIP/src/netif/slipif.c ****  */
  61:Middlewares/Third_Party/LwIP/src/netif/slipif.c **** 
  62:Middlewares/Third_Party/LwIP/src/netif/slipif.c **** #include "netif/slipif.h"
  63:Middlewares/Third_Party/LwIP/src/netif/slipif.c **** #include "lwip/opt.h"
  64:Middlewares/Third_Party/LwIP/src/netif/slipif.c **** 
  65:Middlewares/Third_Party/LwIP/src/netif/slipif.c **** #include "lwip/def.h"
  66:Middlewares/Third_Party/LwIP/src/netif/slipif.c **** #include "lwip/pbuf.h"
  67:Middlewares/Third_Party/LwIP/src/netif/slipif.c **** #include "lwip/stats.h"
  68:Middlewares/Third_Party/LwIP/src/netif/slipif.c **** #include "lwip/snmp.h"
  69:Middlewares/Third_Party/LwIP/src/netif/slipif.c **** #include "lwip/sys.h"
  70:Middlewares/Third_Party/LwIP/src/netif/slipif.c **** #include "lwip/sio.h"
  71:Middlewares/Third_Party/LwIP/src/netif/slipif.c **** 
  72:Middlewares/Third_Party/LwIP/src/netif/slipif.c **** #define SLIP_END     0xC0 /* 0300: start and end of every packet */
  73:Middlewares/Third_Party/LwIP/src/netif/slipif.c **** #define SLIP_ESC     0xDB /* 0333: escape start (one byte escaped data follows) */
  74:Middlewares/Third_Party/LwIP/src/netif/slipif.c **** #define SLIP_ESC_END 0xDC /* 0334: following escape: original byte is 0xC0 (END) */
  75:Middlewares/Third_Party/LwIP/src/netif/slipif.c **** #define SLIP_ESC_ESC 0xDD /* 0335: following escape: original byte is 0xDB (ESC) */
  76:Middlewares/Third_Party/LwIP/src/netif/slipif.c **** 
  77:Middlewares/Third_Party/LwIP/src/netif/slipif.c **** /** Maximum packet size that is received by this netif */
  78:Middlewares/Third_Party/LwIP/src/netif/slipif.c **** #ifndef SLIP_MAX_SIZE
  79:Middlewares/Third_Party/LwIP/src/netif/slipif.c **** #define SLIP_MAX_SIZE 1500
  80:Middlewares/Third_Party/LwIP/src/netif/slipif.c **** #endif
  81:Middlewares/Third_Party/LwIP/src/netif/slipif.c **** 
  82:Middlewares/Third_Party/LwIP/src/netif/slipif.c **** /** Define this to the interface speed for SNMP
  83:Middlewares/Third_Party/LwIP/src/netif/slipif.c ****  * (sio_fd is the sio_fd_t returned by sio_open).
  84:Middlewares/Third_Party/LwIP/src/netif/slipif.c ****  * The default value of zero means 'unknown'.
  85:Middlewares/Third_Party/LwIP/src/netif/slipif.c ****  */
  86:Middlewares/Third_Party/LwIP/src/netif/slipif.c **** #ifndef SLIP_SIO_SPEED
  87:Middlewares/Third_Party/LwIP/src/netif/slipif.c **** #define SLIP_SIO_SPEED(sio_fd) 0
  88:Middlewares/Third_Party/LwIP/src/netif/slipif.c **** #endif
  89:Middlewares/Third_Party/LwIP/src/netif/slipif.c **** 
ARM GAS  C:\Users\milek\AppData\Local\Temp\ccevGnUV.s 			page 3


  90:Middlewares/Third_Party/LwIP/src/netif/slipif.c **** enum slipif_recv_state {
  91:Middlewares/Third_Party/LwIP/src/netif/slipif.c ****     SLIP_RECV_NORMAL,
  92:Middlewares/Third_Party/LwIP/src/netif/slipif.c ****     SLIP_RECV_ESCAPE
  93:Middlewares/Third_Party/LwIP/src/netif/slipif.c **** };
  94:Middlewares/Third_Party/LwIP/src/netif/slipif.c **** 
  95:Middlewares/Third_Party/LwIP/src/netif/slipif.c **** struct slipif_priv {
  96:Middlewares/Third_Party/LwIP/src/netif/slipif.c ****   sio_fd_t sd;
  97:Middlewares/Third_Party/LwIP/src/netif/slipif.c ****   /* q is the whole pbuf chain for a packet, p is the current pbuf in the chain */
  98:Middlewares/Third_Party/LwIP/src/netif/slipif.c ****   struct pbuf *p, *q;
  99:Middlewares/Third_Party/LwIP/src/netif/slipif.c ****   u8_t state;
 100:Middlewares/Third_Party/LwIP/src/netif/slipif.c ****   u16_t i, recved;
 101:Middlewares/Third_Party/LwIP/src/netif/slipif.c **** #if SLIP_RX_FROM_ISR
 102:Middlewares/Third_Party/LwIP/src/netif/slipif.c ****   struct pbuf *rxpackets;
 103:Middlewares/Third_Party/LwIP/src/netif/slipif.c **** #endif
 104:Middlewares/Third_Party/LwIP/src/netif/slipif.c **** };
 105:Middlewares/Third_Party/LwIP/src/netif/slipif.c **** 
 106:Middlewares/Third_Party/LwIP/src/netif/slipif.c **** /**
 107:Middlewares/Third_Party/LwIP/src/netif/slipif.c ****  * Send a pbuf doing the necessary SLIP encapsulation
 108:Middlewares/Third_Party/LwIP/src/netif/slipif.c ****  *
 109:Middlewares/Third_Party/LwIP/src/netif/slipif.c ****  * Uses the serial layer's sio_send()
 110:Middlewares/Third_Party/LwIP/src/netif/slipif.c ****  *
 111:Middlewares/Third_Party/LwIP/src/netif/slipif.c ****  * @param netif the lwip network interface structure for this slipif
 112:Middlewares/Third_Party/LwIP/src/netif/slipif.c ****  * @param p the pbuf chain packet to send
 113:Middlewares/Third_Party/LwIP/src/netif/slipif.c ****  * @return always returns ERR_OK since the serial layer does not provide return values
 114:Middlewares/Third_Party/LwIP/src/netif/slipif.c ****  */
 115:Middlewares/Third_Party/LwIP/src/netif/slipif.c **** static err_t
 116:Middlewares/Third_Party/LwIP/src/netif/slipif.c **** slipif_output(struct netif *netif, struct pbuf *p)
 117:Middlewares/Third_Party/LwIP/src/netif/slipif.c **** {
 118:Middlewares/Third_Party/LwIP/src/netif/slipif.c ****   struct slipif_priv *priv;
 119:Middlewares/Third_Party/LwIP/src/netif/slipif.c ****   struct pbuf *q;
 120:Middlewares/Third_Party/LwIP/src/netif/slipif.c ****   u16_t i;
 121:Middlewares/Third_Party/LwIP/src/netif/slipif.c ****   u8_t c;
 122:Middlewares/Third_Party/LwIP/src/netif/slipif.c **** 
 123:Middlewares/Third_Party/LwIP/src/netif/slipif.c ****   LWIP_ASSERT("netif != NULL", (netif != NULL));
 124:Middlewares/Third_Party/LwIP/src/netif/slipif.c ****   LWIP_ASSERT("netif->state != NULL", (netif->state != NULL));
 125:Middlewares/Third_Party/LwIP/src/netif/slipif.c ****   LWIP_ASSERT("p != NULL", (p != NULL));
 126:Middlewares/Third_Party/LwIP/src/netif/slipif.c **** 
 127:Middlewares/Third_Party/LwIP/src/netif/slipif.c ****   LWIP_DEBUGF(SLIP_DEBUG, ("slipif_output(%"U16_F"): sending %"U16_F" bytes\n", (u16_t)netif->num, 
 128:Middlewares/Third_Party/LwIP/src/netif/slipif.c ****   priv = (struct slipif_priv *)netif->state;
 129:Middlewares/Third_Party/LwIP/src/netif/slipif.c **** 
 130:Middlewares/Third_Party/LwIP/src/netif/slipif.c ****   /* Send pbuf out on the serial I/O device. */
 131:Middlewares/Third_Party/LwIP/src/netif/slipif.c ****   /* Start with packet delimiter. */
 132:Middlewares/Third_Party/LwIP/src/netif/slipif.c ****   sio_send(SLIP_END, priv->sd);
 133:Middlewares/Third_Party/LwIP/src/netif/slipif.c **** 
 134:Middlewares/Third_Party/LwIP/src/netif/slipif.c ****   for (q = p; q != NULL; q = q->next) {
 135:Middlewares/Third_Party/LwIP/src/netif/slipif.c ****     for (i = 0; i < q->len; i++) {
 136:Middlewares/Third_Party/LwIP/src/netif/slipif.c ****       c = ((u8_t *)q->payload)[i];
 137:Middlewares/Third_Party/LwIP/src/netif/slipif.c ****       switch (c) {
 138:Middlewares/Third_Party/LwIP/src/netif/slipif.c ****       case SLIP_END:
 139:Middlewares/Third_Party/LwIP/src/netif/slipif.c ****         /* need to escape this byte (0xC0 -> 0xDB, 0xDC) */
 140:Middlewares/Third_Party/LwIP/src/netif/slipif.c ****         sio_send(SLIP_ESC, priv->sd);
 141:Middlewares/Third_Party/LwIP/src/netif/slipif.c ****         sio_send(SLIP_ESC_END, priv->sd);
 142:Middlewares/Third_Party/LwIP/src/netif/slipif.c ****         break;
 143:Middlewares/Third_Party/LwIP/src/netif/slipif.c ****       case SLIP_ESC:
 144:Middlewares/Third_Party/LwIP/src/netif/slipif.c ****         /* need to escape this byte (0xDB -> 0xDB, 0xDD) */
 145:Middlewares/Third_Party/LwIP/src/netif/slipif.c ****         sio_send(SLIP_ESC, priv->sd);
 146:Middlewares/Third_Party/LwIP/src/netif/slipif.c ****         sio_send(SLIP_ESC_ESC, priv->sd);
ARM GAS  C:\Users\milek\AppData\Local\Temp\ccevGnUV.s 			page 4


 147:Middlewares/Third_Party/LwIP/src/netif/slipif.c ****         break;
 148:Middlewares/Third_Party/LwIP/src/netif/slipif.c ****       default:
 149:Middlewares/Third_Party/LwIP/src/netif/slipif.c ****         /* normal byte - no need for escaping */
 150:Middlewares/Third_Party/LwIP/src/netif/slipif.c ****         sio_send(c, priv->sd);
 151:Middlewares/Third_Party/LwIP/src/netif/slipif.c ****         break;
 152:Middlewares/Third_Party/LwIP/src/netif/slipif.c ****       }
 153:Middlewares/Third_Party/LwIP/src/netif/slipif.c ****     }
 154:Middlewares/Third_Party/LwIP/src/netif/slipif.c ****   }
 155:Middlewares/Third_Party/LwIP/src/netif/slipif.c ****   /* End with packet delimiter. */
 156:Middlewares/Third_Party/LwIP/src/netif/slipif.c ****   sio_send(SLIP_END, priv->sd);
 157:Middlewares/Third_Party/LwIP/src/netif/slipif.c ****   return ERR_OK;
 158:Middlewares/Third_Party/LwIP/src/netif/slipif.c **** }
 159:Middlewares/Third_Party/LwIP/src/netif/slipif.c **** 
 160:Middlewares/Third_Party/LwIP/src/netif/slipif.c **** #if LWIP_IPV4
 161:Middlewares/Third_Party/LwIP/src/netif/slipif.c **** /**
 162:Middlewares/Third_Party/LwIP/src/netif/slipif.c ****  * Send a pbuf doing the necessary SLIP encapsulation
 163:Middlewares/Third_Party/LwIP/src/netif/slipif.c ****  *
 164:Middlewares/Third_Party/LwIP/src/netif/slipif.c ****  * Uses the serial layer's sio_send()
 165:Middlewares/Third_Party/LwIP/src/netif/slipif.c ****  *
 166:Middlewares/Third_Party/LwIP/src/netif/slipif.c ****  * @param netif the lwip network interface structure for this slipif
 167:Middlewares/Third_Party/LwIP/src/netif/slipif.c ****  * @param p the pbuf chain packet to send
 168:Middlewares/Third_Party/LwIP/src/netif/slipif.c ****  * @param ipaddr the ip address to send the packet to (not used for slipif)
 169:Middlewares/Third_Party/LwIP/src/netif/slipif.c ****  * @return always returns ERR_OK since the serial layer does not provide return values
 170:Middlewares/Third_Party/LwIP/src/netif/slipif.c ****  */
 171:Middlewares/Third_Party/LwIP/src/netif/slipif.c **** static err_t
 172:Middlewares/Third_Party/LwIP/src/netif/slipif.c **** slipif_output_v4(struct netif *netif, struct pbuf *p, const ip4_addr_t *ipaddr)
 173:Middlewares/Third_Party/LwIP/src/netif/slipif.c **** {
 174:Middlewares/Third_Party/LwIP/src/netif/slipif.c ****   LWIP_UNUSED_ARG(ipaddr);
 175:Middlewares/Third_Party/LwIP/src/netif/slipif.c ****   return slipif_output(netif, p);
 176:Middlewares/Third_Party/LwIP/src/netif/slipif.c **** }
 177:Middlewares/Third_Party/LwIP/src/netif/slipif.c **** #endif /* LWIP_IPV4 */
 178:Middlewares/Third_Party/LwIP/src/netif/slipif.c **** 
 179:Middlewares/Third_Party/LwIP/src/netif/slipif.c **** #if LWIP_IPV6
 180:Middlewares/Third_Party/LwIP/src/netif/slipif.c **** /**
 181:Middlewares/Third_Party/LwIP/src/netif/slipif.c ****  * Send a pbuf doing the necessary SLIP encapsulation
 182:Middlewares/Third_Party/LwIP/src/netif/slipif.c ****  *
 183:Middlewares/Third_Party/LwIP/src/netif/slipif.c ****  * Uses the serial layer's sio_send()
 184:Middlewares/Third_Party/LwIP/src/netif/slipif.c ****  *
 185:Middlewares/Third_Party/LwIP/src/netif/slipif.c ****  * @param netif the lwip network interface structure for this slipif
 186:Middlewares/Third_Party/LwIP/src/netif/slipif.c ****  * @param p the pbuf chain packet to send
 187:Middlewares/Third_Party/LwIP/src/netif/slipif.c ****  * @param ipaddr the ip address to send the packet to (not used for slipif)
 188:Middlewares/Third_Party/LwIP/src/netif/slipif.c ****  * @return always returns ERR_OK since the serial layer does not provide return values
 189:Middlewares/Third_Party/LwIP/src/netif/slipif.c ****  */
 190:Middlewares/Third_Party/LwIP/src/netif/slipif.c **** static err_t
 191:Middlewares/Third_Party/LwIP/src/netif/slipif.c **** slipif_output_v6(struct netif *netif, struct pbuf *p, const ip6_addr_t *ipaddr)
 192:Middlewares/Third_Party/LwIP/src/netif/slipif.c **** {
 193:Middlewares/Third_Party/LwIP/src/netif/slipif.c ****   LWIP_UNUSED_ARG(ipaddr);
 194:Middlewares/Third_Party/LwIP/src/netif/slipif.c ****   return slipif_output(netif, p);
 195:Middlewares/Third_Party/LwIP/src/netif/slipif.c **** }
 196:Middlewares/Third_Party/LwIP/src/netif/slipif.c **** #endif /* LWIP_IPV6 */
 197:Middlewares/Third_Party/LwIP/src/netif/slipif.c **** 
 198:Middlewares/Third_Party/LwIP/src/netif/slipif.c **** /**
 199:Middlewares/Third_Party/LwIP/src/netif/slipif.c ****  * Handle the incoming SLIP stream character by character
 200:Middlewares/Third_Party/LwIP/src/netif/slipif.c ****  *
 201:Middlewares/Third_Party/LwIP/src/netif/slipif.c ****  * @param netif the lwip network interface structure for this slipif
 202:Middlewares/Third_Party/LwIP/src/netif/slipif.c ****  * @param c received character (multiple calls to this function will
 203:Middlewares/Third_Party/LwIP/src/netif/slipif.c ****  *        return a complete packet, NULL is returned before - used for polling)
ARM GAS  C:\Users\milek\AppData\Local\Temp\ccevGnUV.s 			page 5


 204:Middlewares/Third_Party/LwIP/src/netif/slipif.c ****  * @return The IP packet when SLIP_END is received
 205:Middlewares/Third_Party/LwIP/src/netif/slipif.c ****  */
 206:Middlewares/Third_Party/LwIP/src/netif/slipif.c **** static struct pbuf*
 207:Middlewares/Third_Party/LwIP/src/netif/slipif.c **** slipif_rxbyte(struct netif *netif, u8_t c)
 208:Middlewares/Third_Party/LwIP/src/netif/slipif.c **** {
  27              		.loc 1 208 0
  28              		.cfi_startproc
  29              		@ args = 0, pretend = 0, frame = 0
  30              		@ frame_needed = 0, uses_anonymous_args = 0
  31              	.LVL0:
  32 0000 38B5     		push	{r3, r4, r5, lr}
  33              	.LCFI0:
  34              		.cfi_def_cfa_offset 16
  35              		.cfi_offset 3, -16
  36              		.cfi_offset 4, -12
  37              		.cfi_offset 5, -8
  38              		.cfi_offset 14, -4
  39 0002 0D46     		mov	r5, r1
 209:Middlewares/Third_Party/LwIP/src/netif/slipif.c ****   struct slipif_priv *priv;
 210:Middlewares/Third_Party/LwIP/src/netif/slipif.c ****   struct pbuf *t;
 211:Middlewares/Third_Party/LwIP/src/netif/slipif.c **** 
 212:Middlewares/Third_Party/LwIP/src/netif/slipif.c ****   LWIP_ASSERT("netif != NULL", (netif != NULL));
  40              		.loc 1 212 0
  41 0004 0446     		mov	r4, r0
  42 0006 0028     		cmp	r0, #0
  43 0008 2CD0     		beq	.L21
  44              	.LVL1:
  45              	.L2:
 213:Middlewares/Third_Party/LwIP/src/netif/slipif.c ****   LWIP_ASSERT("netif->state != NULL", (netif->state != NULL));
  46              		.loc 1 213 0
  47 000a E369     		ldr	r3, [r4, #28]
  48 000c 002B     		cmp	r3, #0
  49 000e 30D0     		beq	.L22
  50              	.L3:
 214:Middlewares/Third_Party/LwIP/src/netif/slipif.c **** 
 215:Middlewares/Third_Party/LwIP/src/netif/slipif.c ****   priv = (struct slipif_priv *)netif->state;
  51              		.loc 1 215 0
  52 0010 E469     		ldr	r4, [r4, #28]
  53              	.LVL2:
 216:Middlewares/Third_Party/LwIP/src/netif/slipif.c **** 
 217:Middlewares/Third_Party/LwIP/src/netif/slipif.c ****   switch (priv->state) {
  54              		.loc 1 217 0
  55 0012 237B     		ldrb	r3, [r4, #12]	@ zero_extendqisi2
  56 0014 002B     		cmp	r3, #0
  57 0016 33D0     		beq	.L5
  58 0018 012B     		cmp	r3, #1
  59 001a 45D0     		beq	.L6
  60              	.LVL3:
  61              	.L4:
 218:Middlewares/Third_Party/LwIP/src/netif/slipif.c ****   case SLIP_RECV_NORMAL:
 219:Middlewares/Third_Party/LwIP/src/netif/slipif.c ****     switch (c) {
 220:Middlewares/Third_Party/LwIP/src/netif/slipif.c ****     case SLIP_END:
 221:Middlewares/Third_Party/LwIP/src/netif/slipif.c ****       if (priv->recved > 0) {
 222:Middlewares/Third_Party/LwIP/src/netif/slipif.c ****         /* Received whole packet. */
 223:Middlewares/Third_Party/LwIP/src/netif/slipif.c ****         /* Trim the pbuf to the size of the received packet. */
 224:Middlewares/Third_Party/LwIP/src/netif/slipif.c ****         pbuf_realloc(priv->q, priv->recved);
 225:Middlewares/Third_Party/LwIP/src/netif/slipif.c **** 
ARM GAS  C:\Users\milek\AppData\Local\Temp\ccevGnUV.s 			page 6


 226:Middlewares/Third_Party/LwIP/src/netif/slipif.c ****         LINK_STATS_INC(link.recv);
 227:Middlewares/Third_Party/LwIP/src/netif/slipif.c **** 
 228:Middlewares/Third_Party/LwIP/src/netif/slipif.c ****         LWIP_DEBUGF(SLIP_DEBUG, ("slipif: Got packet (%"U16_F" bytes)\n", priv->recved));
 229:Middlewares/Third_Party/LwIP/src/netif/slipif.c ****         t = priv->q;
 230:Middlewares/Third_Party/LwIP/src/netif/slipif.c ****         priv->p = priv->q = NULL;
 231:Middlewares/Third_Party/LwIP/src/netif/slipif.c ****         priv->i = priv->recved = 0;
 232:Middlewares/Third_Party/LwIP/src/netif/slipif.c ****         return t;
 233:Middlewares/Third_Party/LwIP/src/netif/slipif.c ****       }
 234:Middlewares/Third_Party/LwIP/src/netif/slipif.c ****       return NULL;
 235:Middlewares/Third_Party/LwIP/src/netif/slipif.c ****     case SLIP_ESC:
 236:Middlewares/Third_Party/LwIP/src/netif/slipif.c ****       priv->state = SLIP_RECV_ESCAPE;
 237:Middlewares/Third_Party/LwIP/src/netif/slipif.c ****       return NULL;
 238:Middlewares/Third_Party/LwIP/src/netif/slipif.c ****     default:
 239:Middlewares/Third_Party/LwIP/src/netif/slipif.c ****       break;
 240:Middlewares/Third_Party/LwIP/src/netif/slipif.c ****     } /* end switch (c) */
 241:Middlewares/Third_Party/LwIP/src/netif/slipif.c ****     break;
 242:Middlewares/Third_Party/LwIP/src/netif/slipif.c ****   case SLIP_RECV_ESCAPE:
 243:Middlewares/Third_Party/LwIP/src/netif/slipif.c ****     /* un-escape END or ESC bytes, leave other bytes
 244:Middlewares/Third_Party/LwIP/src/netif/slipif.c ****        (although that would be a protocol error) */
 245:Middlewares/Third_Party/LwIP/src/netif/slipif.c ****     switch (c) {
 246:Middlewares/Third_Party/LwIP/src/netif/slipif.c ****     case SLIP_ESC_END:
 247:Middlewares/Third_Party/LwIP/src/netif/slipif.c ****       c = SLIP_END;
 248:Middlewares/Third_Party/LwIP/src/netif/slipif.c ****       break;
 249:Middlewares/Third_Party/LwIP/src/netif/slipif.c ****     case SLIP_ESC_ESC:
 250:Middlewares/Third_Party/LwIP/src/netif/slipif.c ****       c = SLIP_ESC;
 251:Middlewares/Third_Party/LwIP/src/netif/slipif.c ****       break;
 252:Middlewares/Third_Party/LwIP/src/netif/slipif.c ****     default:
 253:Middlewares/Third_Party/LwIP/src/netif/slipif.c ****       break;
 254:Middlewares/Third_Party/LwIP/src/netif/slipif.c ****     }
 255:Middlewares/Third_Party/LwIP/src/netif/slipif.c ****     priv->state = SLIP_RECV_NORMAL;
 256:Middlewares/Third_Party/LwIP/src/netif/slipif.c ****     break;
 257:Middlewares/Third_Party/LwIP/src/netif/slipif.c ****   default:
 258:Middlewares/Third_Party/LwIP/src/netif/slipif.c ****     break;
 259:Middlewares/Third_Party/LwIP/src/netif/slipif.c ****   } /* end switch (priv->state) */
 260:Middlewares/Third_Party/LwIP/src/netif/slipif.c **** 
 261:Middlewares/Third_Party/LwIP/src/netif/slipif.c ****   /* byte received, packet not yet completely received */
 262:Middlewares/Third_Party/LwIP/src/netif/slipif.c ****   if (priv->p == NULL) {
  62              		.loc 1 262 0
  63 001c 6368     		ldr	r3, [r4, #4]
  64 001e 002B     		cmp	r3, #0
  65 0020 4CD0     		beq	.L23
  66              	.L13:
 263:Middlewares/Third_Party/LwIP/src/netif/slipif.c ****     /* allocate a new pbuf */
 264:Middlewares/Third_Party/LwIP/src/netif/slipif.c ****     LWIP_DEBUGF(SLIP_DEBUG, ("slipif_input: alloc\n"));
 265:Middlewares/Third_Party/LwIP/src/netif/slipif.c ****     priv->p = pbuf_alloc(PBUF_LINK, (PBUF_POOL_BUFSIZE - PBUF_LINK_HLEN - PBUF_LINK_ENCAPSULATION_H
 266:Middlewares/Third_Party/LwIP/src/netif/slipif.c **** 
 267:Middlewares/Third_Party/LwIP/src/netif/slipif.c ****     if (priv->p == NULL) {
 268:Middlewares/Third_Party/LwIP/src/netif/slipif.c ****       LINK_STATS_INC(link.drop);
 269:Middlewares/Third_Party/LwIP/src/netif/slipif.c ****       LWIP_DEBUGF(SLIP_DEBUG, ("slipif_input: no new pbuf! (DROP)\n"));
 270:Middlewares/Third_Party/LwIP/src/netif/slipif.c ****       /* don't process any further since we got no pbuf to receive to */
 271:Middlewares/Third_Party/LwIP/src/netif/slipif.c ****       return NULL;
 272:Middlewares/Third_Party/LwIP/src/netif/slipif.c ****     }
 273:Middlewares/Third_Party/LwIP/src/netif/slipif.c **** 
 274:Middlewares/Third_Party/LwIP/src/netif/slipif.c ****     if (priv->q != NULL) {
 275:Middlewares/Third_Party/LwIP/src/netif/slipif.c ****       /* 'chain' the pbuf to the existing chain */
 276:Middlewares/Third_Party/LwIP/src/netif/slipif.c ****       pbuf_cat(priv->q, priv->p);
 277:Middlewares/Third_Party/LwIP/src/netif/slipif.c ****     } else {
ARM GAS  C:\Users\milek\AppData\Local\Temp\ccevGnUV.s 			page 7


 278:Middlewares/Third_Party/LwIP/src/netif/slipif.c ****       /* p is the first pbuf in the chain */
 279:Middlewares/Third_Party/LwIP/src/netif/slipif.c ****       priv->q = priv->p;
 280:Middlewares/Third_Party/LwIP/src/netif/slipif.c ****     }
 281:Middlewares/Third_Party/LwIP/src/netif/slipif.c ****   }
 282:Middlewares/Third_Party/LwIP/src/netif/slipif.c **** 
 283:Middlewares/Third_Party/LwIP/src/netif/slipif.c ****   /* this automatically drops bytes if > SLIP_MAX_SIZE */
 284:Middlewares/Third_Party/LwIP/src/netif/slipif.c ****   if ((priv->p != NULL) && (priv->recved <= SLIP_MAX_SIZE)) {
  67              		.loc 1 284 0
  68 0022 6068     		ldr	r0, [r4, #4]
  69 0024 0028     		cmp	r0, #0
  70 0026 5CD0     		beq	.L1
  71              		.loc 1 284 0 is_stmt 0 discriminator 1
  72 0028 228A     		ldrh	r2, [r4, #16]
  73 002a 40F2DC53 		movw	r3, #1500
  74 002e 9A42     		cmp	r2, r3
  75 0030 5AD8     		bhi	.L18
 285:Middlewares/Third_Party/LwIP/src/netif/slipif.c ****     ((u8_t *)priv->p->payload)[priv->i] = c;
  76              		.loc 1 285 0 is_stmt 1
  77 0032 4268     		ldr	r2, [r0, #4]
  78 0034 E389     		ldrh	r3, [r4, #14]
  79 0036 D554     		strb	r5, [r2, r3]
 286:Middlewares/Third_Party/LwIP/src/netif/slipif.c ****     priv->recved++;
  80              		.loc 1 286 0
  81 0038 238A     		ldrh	r3, [r4, #16]
  82 003a 0133     		adds	r3, r3, #1
  83 003c 2382     		strh	r3, [r4, #16]	@ movhi
 287:Middlewares/Third_Party/LwIP/src/netif/slipif.c ****     priv->i++;
  84              		.loc 1 287 0
  85 003e E389     		ldrh	r3, [r4, #14]
  86 0040 0133     		adds	r3, r3, #1
  87 0042 9BB2     		uxth	r3, r3
  88 0044 E381     		strh	r3, [r4, #14]	@ movhi
 288:Middlewares/Third_Party/LwIP/src/netif/slipif.c ****     if (priv->i >= priv->p->len) {
  89              		.loc 1 288 0
  90 0046 6268     		ldr	r2, [r4, #4]
  91 0048 5189     		ldrh	r1, [r2, #10]
  92 004a 8B42     		cmp	r3, r1
  93 004c 4ED3     		bcc	.L19
 289:Middlewares/Third_Party/LwIP/src/netif/slipif.c ****       /* on to the next pbuf */
 290:Middlewares/Third_Party/LwIP/src/netif/slipif.c ****       priv->i = 0;
  94              		.loc 1 290 0
  95 004e 0023     		movs	r3, #0
  96 0050 E381     		strh	r3, [r4, #14]	@ movhi
 291:Middlewares/Third_Party/LwIP/src/netif/slipif.c ****       if (priv->p->next != NULL && priv->p->next->len > 0) {
  97              		.loc 1 291 0
  98 0052 1368     		ldr	r3, [r2]
  99 0054 002B     		cmp	r3, #0
 100 0056 42D0     		beq	.L15
 101              		.loc 1 291 0 is_stmt 0 discriminator 1
 102 0058 5A89     		ldrh	r2, [r3, #10]
 103 005a 002A     		cmp	r2, #0
 104 005c 3FD0     		beq	.L15
 292:Middlewares/Third_Party/LwIP/src/netif/slipif.c ****         /* p is a chain, on to the next in the chain */
 293:Middlewares/Third_Party/LwIP/src/netif/slipif.c ****           priv->p = priv->p->next;
 105              		.loc 1 293 0 is_stmt 1
 106 005e 6360     		str	r3, [r4, #4]
 294:Middlewares/Third_Party/LwIP/src/netif/slipif.c ****       } else {
ARM GAS  C:\Users\milek\AppData\Local\Temp\ccevGnUV.s 			page 8


 295:Middlewares/Third_Party/LwIP/src/netif/slipif.c ****         /* p is a single pbuf, set it to NULL so next time a new
 296:Middlewares/Third_Party/LwIP/src/netif/slipif.c ****          * pbuf is allocated */
 297:Middlewares/Third_Party/LwIP/src/netif/slipif.c ****           priv->p = NULL;
 298:Middlewares/Third_Party/LwIP/src/netif/slipif.c ****       }
 299:Middlewares/Third_Party/LwIP/src/netif/slipif.c ****     }
 300:Middlewares/Third_Party/LwIP/src/netif/slipif.c ****   }
 301:Middlewares/Third_Party/LwIP/src/netif/slipif.c ****   return NULL;
 107              		.loc 1 301 0
 108 0060 0020     		movs	r0, #0
 293:Middlewares/Third_Party/LwIP/src/netif/slipif.c ****       } else {
 109              		.loc 1 293 0
 110 0062 3EE0     		b	.L1
 111              	.LVL4:
 112              	.L21:
 212:Middlewares/Third_Party/LwIP/src/netif/slipif.c ****   LWIP_ASSERT("netif->state != NULL", (netif->state != NULL));
 113              		.loc 1 212 0 discriminator 1
 114 0064 224B     		ldr	r3, .L24
 115 0066 D422     		movs	r2, #212
 116 0068 2249     		ldr	r1, .L24+4
 117              	.LVL5:
 118 006a 2348     		ldr	r0, .L24+8
 119              	.LVL6:
 120 006c FFF7FEFF 		bl	printf
 121              	.LVL7:
 122 0070 CBE7     		b	.L2
 123              	.L22:
 213:Middlewares/Third_Party/LwIP/src/netif/slipif.c **** 
 124              		.loc 1 213 0 discriminator 1
 125 0072 1F4B     		ldr	r3, .L24
 126 0074 D522     		movs	r2, #213
 127 0076 2149     		ldr	r1, .L24+12
 128 0078 1F48     		ldr	r0, .L24+8
 129 007a FFF7FEFF 		bl	printf
 130              	.LVL8:
 131 007e C7E7     		b	.L3
 132              	.LVL9:
 133              	.L5:
 219:Middlewares/Third_Party/LwIP/src/netif/slipif.c ****     case SLIP_END:
 134              		.loc 1 219 0
 135 0080 C02D     		cmp	r5, #192
 136 0082 05D0     		beq	.L7
 137 0084 DB2D     		cmp	r5, #219
 138 0086 C9D1     		bne	.L4
 236:Middlewares/Third_Party/LwIP/src/netif/slipif.c ****       return NULL;
 139              		.loc 1 236 0
 140 0088 0123     		movs	r3, #1
 141 008a 2373     		strb	r3, [r4, #12]
 237:Middlewares/Third_Party/LwIP/src/netif/slipif.c ****     default:
 142              		.loc 1 237 0
 143 008c 0020     		movs	r0, #0
 144 008e 28E0     		b	.L1
 145              	.L7:
 221:Middlewares/Third_Party/LwIP/src/netif/slipif.c ****         /* Received whole packet. */
 146              		.loc 1 221 0
 147 0090 218A     		ldrh	r1, [r4, #16]
 148 0092 39B3     		cbz	r1, .L16
 224:Middlewares/Third_Party/LwIP/src/netif/slipif.c **** 
ARM GAS  C:\Users\milek\AppData\Local\Temp\ccevGnUV.s 			page 9


 149              		.loc 1 224 0
 150 0094 A068     		ldr	r0, [r4, #8]
 151 0096 FFF7FEFF 		bl	pbuf_realloc
 152              	.LVL10:
 229:Middlewares/Third_Party/LwIP/src/netif/slipif.c ****         priv->p = priv->q = NULL;
 153              		.loc 1 229 0
 154 009a A068     		ldr	r0, [r4, #8]
 155              	.LVL11:
 230:Middlewares/Third_Party/LwIP/src/netif/slipif.c ****         priv->i = priv->recved = 0;
 156              		.loc 1 230 0
 157 009c 0023     		movs	r3, #0
 158 009e A360     		str	r3, [r4, #8]
 159 00a0 6360     		str	r3, [r4, #4]
 231:Middlewares/Third_Party/LwIP/src/netif/slipif.c ****         return t;
 160              		.loc 1 231 0
 161 00a2 2382     		strh	r3, [r4, #16]	@ movhi
 162 00a4 E381     		strh	r3, [r4, #14]	@ movhi
 232:Middlewares/Third_Party/LwIP/src/netif/slipif.c ****       }
 163              		.loc 1 232 0
 164 00a6 1CE0     		b	.L1
 165              	.LVL12:
 166              	.L6:
 245:Middlewares/Third_Party/LwIP/src/netif/slipif.c ****     case SLIP_ESC_END:
 167              		.loc 1 245 0
 168 00a8 DC2D     		cmp	r5, #220
 169 00aa 05D0     		beq	.L17
 170 00ac DD2D     		cmp	r5, #221
 171 00ae 00D1     		bne	.L11
 172              	.LVL13:
 250:Middlewares/Third_Party/LwIP/src/netif/slipif.c ****       break;
 173              		.loc 1 250 0
 174 00b0 DB25     		movs	r5, #219
 175              	.LVL14:
 176              	.L11:
 255:Middlewares/Third_Party/LwIP/src/netif/slipif.c ****     break;
 177              		.loc 1 255 0
 178 00b2 0023     		movs	r3, #0
 179 00b4 2373     		strb	r3, [r4, #12]
 256:Middlewares/Third_Party/LwIP/src/netif/slipif.c ****   default:
 180              		.loc 1 256 0
 181 00b6 B1E7     		b	.L4
 182              	.LVL15:
 183              	.L17:
 247:Middlewares/Third_Party/LwIP/src/netif/slipif.c ****       break;
 184              		.loc 1 247 0
 185 00b8 C025     		movs	r5, #192
 186 00ba FAE7     		b	.L11
 187              	.LVL16:
 188              	.L23:
 265:Middlewares/Third_Party/LwIP/src/netif/slipif.c **** 
 189              		.loc 1 265 0
 190 00bc 0322     		movs	r2, #3
 191 00be 40F24221 		movw	r1, #578
 192 00c2 0220     		movs	r0, #2
 193 00c4 FFF7FEFF 		bl	pbuf_alloc
 194              	.LVL17:
 195 00c8 6060     		str	r0, [r4, #4]
ARM GAS  C:\Users\milek\AppData\Local\Temp\ccevGnUV.s 			page 10


 267:Middlewares/Third_Party/LwIP/src/netif/slipif.c ****       LINK_STATS_INC(link.drop);
 196              		.loc 1 267 0
 197 00ca 50B1     		cbz	r0, .L1
 274:Middlewares/Third_Party/LwIP/src/netif/slipif.c ****       /* 'chain' the pbuf to the existing chain */
 198              		.loc 1 274 0
 199 00cc A368     		ldr	r3, [r4, #8]
 200 00ce 23B1     		cbz	r3, .L14
 276:Middlewares/Third_Party/LwIP/src/netif/slipif.c ****     } else {
 201              		.loc 1 276 0
 202 00d0 0146     		mov	r1, r0
 203 00d2 1846     		mov	r0, r3
 204 00d4 FFF7FEFF 		bl	pbuf_cat
 205              	.LVL18:
 206 00d8 A3E7     		b	.L13
 207              	.L14:
 279:Middlewares/Third_Party/LwIP/src/netif/slipif.c ****     }
 208              		.loc 1 279 0
 209 00da A060     		str	r0, [r4, #8]
 210 00dc A1E7     		b	.L13
 211              	.L15:
 297:Middlewares/Third_Party/LwIP/src/netif/slipif.c ****       }
 212              		.loc 1 297 0
 213 00de 0020     		movs	r0, #0
 214 00e0 6060     		str	r0, [r4, #4]
 215              	.LVL19:
 216              	.L1:
 302:Middlewares/Third_Party/LwIP/src/netif/slipif.c **** }
 217              		.loc 1 302 0
 218 00e2 38BD     		pop	{r3, r4, r5, pc}
 219              	.LVL20:
 220              	.L16:
 234:Middlewares/Third_Party/LwIP/src/netif/slipif.c ****     case SLIP_ESC:
 221              		.loc 1 234 0
 222 00e4 0020     		movs	r0, #0
 223 00e6 FCE7     		b	.L1
 224              	.LVL21:
 225              	.L18:
 301:Middlewares/Third_Party/LwIP/src/netif/slipif.c **** }
 226              		.loc 1 301 0
 227 00e8 0020     		movs	r0, #0
 228 00ea FAE7     		b	.L1
 229              	.L19:
 230 00ec 0020     		movs	r0, #0
 231 00ee F8E7     		b	.L1
 232              	.L25:
 233              		.align	2
 234              	.L24:
 235 00f0 00000000 		.word	.LC0
 236 00f4 30000000 		.word	.LC1
 237 00f8 40000000 		.word	.LC2
 238 00fc 68000000 		.word	.LC3
 239              		.cfi_endproc
 240              	.LFE161:
 242              		.section	.text.slipif_rxbyte_input,"ax",%progbits
 243              		.align	1
 244              		.syntax unified
 245              		.thumb
ARM GAS  C:\Users\milek\AppData\Local\Temp\ccevGnUV.s 			page 11


 246              		.thumb_func
 247              		.fpu fpv5-sp-d16
 249              	slipif_rxbyte_input:
 250              	.LFB162:
 303:Middlewares/Third_Party/LwIP/src/netif/slipif.c **** 
 304:Middlewares/Third_Party/LwIP/src/netif/slipif.c **** /** Like slipif_rxbyte, but passes completed packets to netif->input
 305:Middlewares/Third_Party/LwIP/src/netif/slipif.c ****  *
 306:Middlewares/Third_Party/LwIP/src/netif/slipif.c ****  * @param netif The lwip network interface structure for this slipif
 307:Middlewares/Third_Party/LwIP/src/netif/slipif.c ****  * @param c received character
 308:Middlewares/Third_Party/LwIP/src/netif/slipif.c ****  */
 309:Middlewares/Third_Party/LwIP/src/netif/slipif.c **** static void
 310:Middlewares/Third_Party/LwIP/src/netif/slipif.c **** slipif_rxbyte_input(struct netif *netif, u8_t c)
 311:Middlewares/Third_Party/LwIP/src/netif/slipif.c **** {
 251              		.loc 1 311 0
 252              		.cfi_startproc
 253              		@ args = 0, pretend = 0, frame = 0
 254              		@ frame_needed = 0, uses_anonymous_args = 0
 255              	.LVL22:
 256 0000 38B5     		push	{r3, r4, r5, lr}
 257              	.LCFI1:
 258              		.cfi_def_cfa_offset 16
 259              		.cfi_offset 3, -16
 260              		.cfi_offset 4, -12
 261              		.cfi_offset 5, -8
 262              		.cfi_offset 14, -4
 263 0002 0446     		mov	r4, r0
 312:Middlewares/Third_Party/LwIP/src/netif/slipif.c ****   struct pbuf *p;
 313:Middlewares/Third_Party/LwIP/src/netif/slipif.c ****   p = slipif_rxbyte(netif, c);
 264              		.loc 1 313 0
 265 0004 FFF7FEFF 		bl	slipif_rxbyte
 266              	.LVL23:
 314:Middlewares/Third_Party/LwIP/src/netif/slipif.c ****   if (p != NULL) {
 267              		.loc 1 314 0
 268 0008 20B1     		cbz	r0, .L26
 269 000a 0546     		mov	r5, r0
 315:Middlewares/Third_Party/LwIP/src/netif/slipif.c ****     if (netif->input(p, netif) != ERR_OK) {
 270              		.loc 1 315 0
 271 000c 2369     		ldr	r3, [r4, #16]
 272 000e 2146     		mov	r1, r4
 273 0010 9847     		blx	r3
 274              	.LVL24:
 275 0012 00B9     		cbnz	r0, .L29
 276              	.LVL25:
 277              	.L26:
 316:Middlewares/Third_Party/LwIP/src/netif/slipif.c ****       pbuf_free(p);
 317:Middlewares/Third_Party/LwIP/src/netif/slipif.c ****     }
 318:Middlewares/Third_Party/LwIP/src/netif/slipif.c ****   }
 319:Middlewares/Third_Party/LwIP/src/netif/slipif.c **** }
 278              		.loc 1 319 0
 279 0014 38BD     		pop	{r3, r4, r5, pc}
 280              	.LVL26:
 281              	.L29:
 316:Middlewares/Third_Party/LwIP/src/netif/slipif.c ****       pbuf_free(p);
 282              		.loc 1 316 0
 283 0016 2846     		mov	r0, r5
 284 0018 FFF7FEFF 		bl	pbuf_free
 285              	.LVL27:
ARM GAS  C:\Users\milek\AppData\Local\Temp\ccevGnUV.s 			page 12


 286              		.loc 1 319 0
 287 001c FAE7     		b	.L26
 288              		.cfi_endproc
 289              	.LFE162:
 291              		.section	.text.slipif_loop_thread,"ax",%progbits
 292              		.align	1
 293              		.syntax unified
 294              		.thumb
 295              		.thumb_func
 296              		.fpu fpv5-sp-d16
 298              	slipif_loop_thread:
 299              	.LFB163:
 320:Middlewares/Third_Party/LwIP/src/netif/slipif.c **** 
 321:Middlewares/Third_Party/LwIP/src/netif/slipif.c **** #if SLIP_USE_RX_THREAD
 322:Middlewares/Third_Party/LwIP/src/netif/slipif.c **** /**
 323:Middlewares/Third_Party/LwIP/src/netif/slipif.c ****  * The SLIP input thread.
 324:Middlewares/Third_Party/LwIP/src/netif/slipif.c ****  *
 325:Middlewares/Third_Party/LwIP/src/netif/slipif.c ****  * Feed the IP layer with incoming packets
 326:Middlewares/Third_Party/LwIP/src/netif/slipif.c ****  *
 327:Middlewares/Third_Party/LwIP/src/netif/slipif.c ****  * @param nf the lwip network interface structure for this slipif
 328:Middlewares/Third_Party/LwIP/src/netif/slipif.c ****  */
 329:Middlewares/Third_Party/LwIP/src/netif/slipif.c **** static void
 330:Middlewares/Third_Party/LwIP/src/netif/slipif.c **** slipif_loop_thread(void *nf)
 331:Middlewares/Third_Party/LwIP/src/netif/slipif.c **** {
 300              		.loc 1 331 0
 301              		.cfi_startproc
 302              		@ args = 0, pretend = 0, frame = 8
 303              		@ frame_needed = 0, uses_anonymous_args = 0
 304              	.LVL28:
 305 0000 30B5     		push	{r4, r5, lr}
 306              	.LCFI2:
 307              		.cfi_def_cfa_offset 12
 308              		.cfi_offset 4, -12
 309              		.cfi_offset 5, -8
 310              		.cfi_offset 14, -4
 311 0002 83B0     		sub	sp, sp, #12
 312              	.LCFI3:
 313              		.cfi_def_cfa_offset 24
 314 0004 0546     		mov	r5, r0
 315              	.LVL29:
 332:Middlewares/Third_Party/LwIP/src/netif/slipif.c ****   u8_t c;
 333:Middlewares/Third_Party/LwIP/src/netif/slipif.c ****   struct netif *netif = (struct netif *)nf;
 334:Middlewares/Third_Party/LwIP/src/netif/slipif.c ****   struct slipif_priv *priv = (struct slipif_priv *)netif->state;
 316              		.loc 1 334 0
 317 0006 C469     		ldr	r4, [r0, #28]
 318              	.LVL30:
 319              	.L31:
 335:Middlewares/Third_Party/LwIP/src/netif/slipif.c **** 
 336:Middlewares/Third_Party/LwIP/src/netif/slipif.c ****   while (1) {
 337:Middlewares/Third_Party/LwIP/src/netif/slipif.c ****     if (sio_read(priv->sd, &c, 1) > 0) {
 320              		.loc 1 337 0
 321 0008 0122     		movs	r2, #1
 322 000a 0DF10701 		add	r1, sp, #7
 323 000e 2068     		ldr	r0, [r4]
 324 0010 FFF7FEFF 		bl	sio_read
 325              	.LVL31:
 326 0014 0028     		cmp	r0, #0
ARM GAS  C:\Users\milek\AppData\Local\Temp\ccevGnUV.s 			page 13


 327 0016 F7D0     		beq	.L31
 338:Middlewares/Third_Party/LwIP/src/netif/slipif.c ****       slipif_rxbyte_input(netif, c);
 328              		.loc 1 338 0
 329 0018 9DF80710 		ldrb	r1, [sp, #7]	@ zero_extendqisi2
 330 001c 2846     		mov	r0, r5
 331 001e FFF7FEFF 		bl	slipif_rxbyte_input
 332              	.LVL32:
 333 0022 F1E7     		b	.L31
 334              		.cfi_endproc
 335              	.LFE163:
 337              		.section	.text.slipif_output,"ax",%progbits
 338              		.align	1
 339              		.syntax unified
 340              		.thumb
 341              		.thumb_func
 342              		.fpu fpv5-sp-d16
 344              	slipif_output:
 345              	.LFB159:
 117:Middlewares/Third_Party/LwIP/src/netif/slipif.c ****   struct slipif_priv *priv;
 346              		.loc 1 117 0
 347              		.cfi_startproc
 348              		@ args = 0, pretend = 0, frame = 0
 349              		@ frame_needed = 0, uses_anonymous_args = 0
 350              	.LVL33:
 351 0000 70B5     		push	{r4, r5, r6, lr}
 352              	.LCFI4:
 353              		.cfi_def_cfa_offset 16
 354              		.cfi_offset 4, -16
 355              		.cfi_offset 5, -12
 356              		.cfi_offset 6, -8
 357              		.cfi_offset 14, -4
 358 0002 0D46     		mov	r5, r1
 123:Middlewares/Third_Party/LwIP/src/netif/slipif.c ****   LWIP_ASSERT("netif->state != NULL", (netif->state != NULL));
 359              		.loc 1 123 0
 360 0004 0446     		mov	r4, r0
 361 0006 40B1     		cbz	r0, .L48
 362              	.LVL34:
 363              	.L35:
 124:Middlewares/Third_Party/LwIP/src/netif/slipif.c ****   LWIP_ASSERT("p != NULL", (p != NULL));
 364              		.loc 1 124 0
 365 0008 E369     		ldr	r3, [r4, #28]
 366 000a 6BB1     		cbz	r3, .L49
 367              	.L36:
 125:Middlewares/Third_Party/LwIP/src/netif/slipif.c **** 
 368              		.loc 1 125 0
 369 000c 9DB1     		cbz	r5, .L50
 370              	.L37:
 128:Middlewares/Third_Party/LwIP/src/netif/slipif.c **** 
 371              		.loc 1 128 0
 372 000e E669     		ldr	r6, [r4, #28]
 373              	.LVL35:
 132:Middlewares/Third_Party/LwIP/src/netif/slipif.c **** 
 374              		.loc 1 132 0
 375 0010 3168     		ldr	r1, [r6]
 376 0012 C020     		movs	r0, #192
 377 0014 FFF7FEFF 		bl	sio_send
 378              	.LVL36:
ARM GAS  C:\Users\milek\AppData\Local\Temp\ccevGnUV.s 			page 14


 134:Middlewares/Third_Party/LwIP/src/netif/slipif.c ****     for (i = 0; i < q->len; i++) {
 379              		.loc 1 134 0
 380 0018 35E0     		b	.L38
 381              	.LVL37:
 382              	.L48:
 123:Middlewares/Third_Party/LwIP/src/netif/slipif.c ****   LWIP_ASSERT("netif->state != NULL", (netif->state != NULL));
 383              		.loc 1 123 0 discriminator 1
 384 001a 1F4B     		ldr	r3, .L53
 385 001c 7B22     		movs	r2, #123
 386 001e 1F49     		ldr	r1, .L53+4
 387              	.LVL38:
 388 0020 1F48     		ldr	r0, .L53+8
 389              	.LVL39:
 390 0022 FFF7FEFF 		bl	printf
 391              	.LVL40:
 392 0026 EFE7     		b	.L35
 393              	.L49:
 124:Middlewares/Third_Party/LwIP/src/netif/slipif.c ****   LWIP_ASSERT("p != NULL", (p != NULL));
 394              		.loc 1 124 0 discriminator 1
 395 0028 1B4B     		ldr	r3, .L53
 396 002a 7C22     		movs	r2, #124
 397 002c 1D49     		ldr	r1, .L53+12
 398 002e 1C48     		ldr	r0, .L53+8
 399 0030 FFF7FEFF 		bl	printf
 400              	.LVL41:
 401 0034 EAE7     		b	.L36
 402              	.L50:
 125:Middlewares/Third_Party/LwIP/src/netif/slipif.c **** 
 403              		.loc 1 125 0 discriminator 1
 404 0036 184B     		ldr	r3, .L53
 405 0038 7D22     		movs	r2, #125
 406 003a 1B49     		ldr	r1, .L53+16
 407 003c 1848     		ldr	r0, .L53+8
 408 003e FFF7FEFF 		bl	printf
 409              	.LVL42:
 410 0042 E4E7     		b	.L37
 411              	.LVL43:
 412              	.L40:
 140:Middlewares/Third_Party/LwIP/src/netif/slipif.c ****         sio_send(SLIP_ESC_END, priv->sd);
 413              		.loc 1 140 0
 414 0044 3168     		ldr	r1, [r6]
 415 0046 DB20     		movs	r0, #219
 416              	.LVL44:
 417 0048 FFF7FEFF 		bl	sio_send
 418              	.LVL45:
 141:Middlewares/Third_Party/LwIP/src/netif/slipif.c ****         break;
 419              		.loc 1 141 0
 420 004c 3168     		ldr	r1, [r6]
 421 004e DC20     		movs	r0, #220
 422 0050 FFF7FEFF 		bl	sio_send
 423              	.LVL46:
 424              	.L42:
 135:Middlewares/Third_Party/LwIP/src/netif/slipif.c ****       c = ((u8_t *)q->payload)[i];
 425              		.loc 1 135 0 discriminator 2
 426 0054 0134     		adds	r4, r4, #1
 427              	.LVL47:
 428 0056 A4B2     		uxth	r4, r4
ARM GAS  C:\Users\milek\AppData\Local\Temp\ccevGnUV.s 			page 15


 429              	.LVL48:
 430              	.L44:
 135:Middlewares/Third_Party/LwIP/src/netif/slipif.c ****       c = ((u8_t *)q->payload)[i];
 431              		.loc 1 135 0 is_stmt 0 discriminator 1
 432 0058 6B89     		ldrh	r3, [r5, #10]
 433 005a A342     		cmp	r3, r4
 434 005c 12D9     		bls	.L51
 136:Middlewares/Third_Party/LwIP/src/netif/slipif.c ****       switch (c) {
 435              		.loc 1 136 0 is_stmt 1
 436 005e 6B68     		ldr	r3, [r5, #4]
 437 0060 185D     		ldrb	r0, [r3, r4]	@ zero_extendqisi2
 438              	.LVL49:
 137:Middlewares/Third_Party/LwIP/src/netif/slipif.c ****       case SLIP_END:
 439              		.loc 1 137 0
 440 0062 C028     		cmp	r0, #192
 441 0064 EED0     		beq	.L40
 442 0066 DB28     		cmp	r0, #219
 443 0068 03D0     		beq	.L41
 150:Middlewares/Third_Party/LwIP/src/netif/slipif.c ****         break;
 444              		.loc 1 150 0
 445 006a 3168     		ldr	r1, [r6]
 446 006c FFF7FEFF 		bl	sio_send
 447              	.LVL50:
 151:Middlewares/Third_Party/LwIP/src/netif/slipif.c ****       }
 448              		.loc 1 151 0
 449 0070 F0E7     		b	.L42
 450              	.LVL51:
 451              	.L41:
 145:Middlewares/Third_Party/LwIP/src/netif/slipif.c ****         sio_send(SLIP_ESC_ESC, priv->sd);
 452              		.loc 1 145 0
 453 0072 3168     		ldr	r1, [r6]
 454 0074 DB20     		movs	r0, #219
 455              	.LVL52:
 456 0076 FFF7FEFF 		bl	sio_send
 457              	.LVL53:
 146:Middlewares/Third_Party/LwIP/src/netif/slipif.c ****         break;
 458              		.loc 1 146 0
 459 007a 3168     		ldr	r1, [r6]
 460 007c DD20     		movs	r0, #221
 461 007e FFF7FEFF 		bl	sio_send
 462              	.LVL54:
 147:Middlewares/Third_Party/LwIP/src/netif/slipif.c ****       default:
 463              		.loc 1 147 0
 464 0082 E7E7     		b	.L42
 465              	.L51:
 134:Middlewares/Third_Party/LwIP/src/netif/slipif.c ****     for (i = 0; i < q->len; i++) {
 466              		.loc 1 134 0 discriminator 2
 467 0084 2D68     		ldr	r5, [r5]
 468              	.LVL55:
 469              	.L38:
 134:Middlewares/Third_Party/LwIP/src/netif/slipif.c ****     for (i = 0; i < q->len; i++) {
 470              		.loc 1 134 0 is_stmt 0 discriminator 1
 471 0086 0DB1     		cbz	r5, .L52
 135:Middlewares/Third_Party/LwIP/src/netif/slipif.c ****       c = ((u8_t *)q->payload)[i];
 472              		.loc 1 135 0 is_stmt 1
 473 0088 0024     		movs	r4, #0
 474 008a E5E7     		b	.L44
ARM GAS  C:\Users\milek\AppData\Local\Temp\ccevGnUV.s 			page 16


 475              	.L52:
 156:Middlewares/Third_Party/LwIP/src/netif/slipif.c ****   return ERR_OK;
 476              		.loc 1 156 0
 477 008c 3168     		ldr	r1, [r6]
 478 008e C020     		movs	r0, #192
 479 0090 FFF7FEFF 		bl	sio_send
 480              	.LVL56:
 158:Middlewares/Third_Party/LwIP/src/netif/slipif.c **** 
 481              		.loc 1 158 0
 482 0094 0020     		movs	r0, #0
 483 0096 70BD     		pop	{r4, r5, r6, pc}
 484              	.LVL57:
 485              	.L54:
 486              		.align	2
 487              	.L53:
 488 0098 00000000 		.word	.LC0
 489 009c 30000000 		.word	.LC1
 490 00a0 40000000 		.word	.LC2
 491 00a4 68000000 		.word	.LC3
 492 00a8 00000000 		.word	.LC4
 493              		.cfi_endproc
 494              	.LFE159:
 496              		.section	.text.slipif_output_v4,"ax",%progbits
 497              		.align	1
 498              		.syntax unified
 499              		.thumb
 500              		.thumb_func
 501              		.fpu fpv5-sp-d16
 503              	slipif_output_v4:
 504              	.LFB160:
 173:Middlewares/Third_Party/LwIP/src/netif/slipif.c ****   LWIP_UNUSED_ARG(ipaddr);
 505              		.loc 1 173 0
 506              		.cfi_startproc
 507              		@ args = 0, pretend = 0, frame = 0
 508              		@ frame_needed = 0, uses_anonymous_args = 0
 509              	.LVL58:
 510 0000 08B5     		push	{r3, lr}
 511              	.LCFI5:
 512              		.cfi_def_cfa_offset 8
 513              		.cfi_offset 3, -8
 514              		.cfi_offset 14, -4
 175:Middlewares/Third_Party/LwIP/src/netif/slipif.c **** }
 515              		.loc 1 175 0
 516 0002 FFF7FEFF 		bl	slipif_output
 517              	.LVL59:
 176:Middlewares/Third_Party/LwIP/src/netif/slipif.c **** #endif /* LWIP_IPV4 */
 518              		.loc 1 176 0
 519 0006 08BD     		pop	{r3, pc}
 520              		.cfi_endproc
 521              	.LFE160:
 523              		.section	.text.slipif_init,"ax",%progbits
 524              		.align	1
 525              		.global	slipif_init
 526              		.syntax unified
 527              		.thumb
 528              		.thumb_func
 529              		.fpu fpv5-sp-d16
ARM GAS  C:\Users\milek\AppData\Local\Temp\ccevGnUV.s 			page 17


 531              	slipif_init:
 532              	.LFB164:
 339:Middlewares/Third_Party/LwIP/src/netif/slipif.c ****     }
 340:Middlewares/Third_Party/LwIP/src/netif/slipif.c ****   }
 341:Middlewares/Third_Party/LwIP/src/netif/slipif.c **** }
 342:Middlewares/Third_Party/LwIP/src/netif/slipif.c **** #endif /* SLIP_USE_RX_THREAD */
 343:Middlewares/Third_Party/LwIP/src/netif/slipif.c **** 
 344:Middlewares/Third_Party/LwIP/src/netif/slipif.c **** /**
 345:Middlewares/Third_Party/LwIP/src/netif/slipif.c ****  * SLIP netif initialization
 346:Middlewares/Third_Party/LwIP/src/netif/slipif.c ****  *
 347:Middlewares/Third_Party/LwIP/src/netif/slipif.c ****  * Call the arch specific sio_open and remember
 348:Middlewares/Third_Party/LwIP/src/netif/slipif.c ****  * the opened device in the state field of the netif.
 349:Middlewares/Third_Party/LwIP/src/netif/slipif.c ****  *
 350:Middlewares/Third_Party/LwIP/src/netif/slipif.c ****  * @param netif the lwip network interface structure for this slipif
 351:Middlewares/Third_Party/LwIP/src/netif/slipif.c ****  * @return ERR_OK if serial line could be opened,
 352:Middlewares/Third_Party/LwIP/src/netif/slipif.c ****  *         ERR_MEM if no memory could be allocated,
 353:Middlewares/Third_Party/LwIP/src/netif/slipif.c ****  *         ERR_IF is serial line couldn't be opened
 354:Middlewares/Third_Party/LwIP/src/netif/slipif.c ****  *
 355:Middlewares/Third_Party/LwIP/src/netif/slipif.c ****  * @note netif->num must contain the number of the serial port to open
 356:Middlewares/Third_Party/LwIP/src/netif/slipif.c ****  *       (0 by default). If netif->state is != NULL, it is interpreted as an
 357:Middlewares/Third_Party/LwIP/src/netif/slipif.c ****  *       u8_t pointer pointing to the serial port number instead of netif->num.
 358:Middlewares/Third_Party/LwIP/src/netif/slipif.c ****  *
 359:Middlewares/Third_Party/LwIP/src/netif/slipif.c ****  */
 360:Middlewares/Third_Party/LwIP/src/netif/slipif.c **** err_t
 361:Middlewares/Third_Party/LwIP/src/netif/slipif.c **** slipif_init(struct netif *netif)
 362:Middlewares/Third_Party/LwIP/src/netif/slipif.c **** {
 533              		.loc 1 362 0
 534              		.cfi_startproc
 535              		@ args = 0, pretend = 0, frame = 0
 536              		@ frame_needed = 0, uses_anonymous_args = 0
 537              	.LVL60:
 538 0000 70B5     		push	{r4, r5, r6, lr}
 539              	.LCFI6:
 540              		.cfi_def_cfa_offset 16
 541              		.cfi_offset 4, -16
 542              		.cfi_offset 5, -12
 543              		.cfi_offset 6, -8
 544              		.cfi_offset 14, -4
 545 0002 82B0     		sub	sp, sp, #8
 546              	.LCFI7:
 547              		.cfi_def_cfa_offset 24
 548 0004 0546     		mov	r5, r0
 363:Middlewares/Third_Party/LwIP/src/netif/slipif.c ****   struct slipif_priv *priv;
 364:Middlewares/Third_Party/LwIP/src/netif/slipif.c ****   u8_t sio_num;
 365:Middlewares/Third_Party/LwIP/src/netif/slipif.c **** 
 366:Middlewares/Third_Party/LwIP/src/netif/slipif.c ****   LWIP_DEBUGF(SLIP_DEBUG, ("slipif_init: netif->num=%"U16_F"\n", (u16_t)netif->num));
 367:Middlewares/Third_Party/LwIP/src/netif/slipif.c **** 
 368:Middlewares/Third_Party/LwIP/src/netif/slipif.c ****   /* Allocate private data */
 369:Middlewares/Third_Party/LwIP/src/netif/slipif.c ****   priv = (struct slipif_priv *)mem_malloc(sizeof(struct slipif_priv));
 549              		.loc 1 369 0
 550 0006 1420     		movs	r0, #20
 551              	.LVL61:
 552 0008 FFF7FEFF 		bl	mem_malloc
 553              	.LVL62:
 370:Middlewares/Third_Party/LwIP/src/netif/slipif.c ****   if (!priv) {
 554              		.loc 1 370 0
 555 000c 70B3     		cbz	r0, .L62
ARM GAS  C:\Users\milek\AppData\Local\Temp\ccevGnUV.s 			page 18


 556 000e 0646     		mov	r6, r0
 371:Middlewares/Third_Party/LwIP/src/netif/slipif.c ****     return ERR_MEM;
 372:Middlewares/Third_Party/LwIP/src/netif/slipif.c ****   }
 373:Middlewares/Third_Party/LwIP/src/netif/slipif.c **** 
 374:Middlewares/Third_Party/LwIP/src/netif/slipif.c ****   netif->name[0] = 's';
 557              		.loc 1 374 0
 558 0010 7323     		movs	r3, #115
 559 0012 85F83030 		strb	r3, [r5, #48]
 375:Middlewares/Third_Party/LwIP/src/netif/slipif.c ****   netif->name[1] = 'l';
 560              		.loc 1 375 0
 561 0016 6C23     		movs	r3, #108
 562 0018 85F83130 		strb	r3, [r5, #49]
 376:Middlewares/Third_Party/LwIP/src/netif/slipif.c **** #if LWIP_IPV4
 377:Middlewares/Third_Party/LwIP/src/netif/slipif.c ****   netif->output = slipif_output_v4;
 563              		.loc 1 377 0
 564 001c 154B     		ldr	r3, .L65
 565 001e 6B61     		str	r3, [r5, #20]
 378:Middlewares/Third_Party/LwIP/src/netif/slipif.c **** #endif /* LWIP_IPV4 */
 379:Middlewares/Third_Party/LwIP/src/netif/slipif.c **** #if LWIP_IPV6
 380:Middlewares/Third_Party/LwIP/src/netif/slipif.c ****   netif->output_ip6 = slipif_output_v6;
 381:Middlewares/Third_Party/LwIP/src/netif/slipif.c **** #endif /* LWIP_IPV6 */
 382:Middlewares/Third_Party/LwIP/src/netif/slipif.c ****   netif->mtu = SLIP_MAX_SIZE;
 566              		.loc 1 382 0
 567 0020 40F2DC53 		movw	r3, #1500
 568 0024 EB84     		strh	r3, [r5, #38]	@ movhi
 383:Middlewares/Third_Party/LwIP/src/netif/slipif.c **** 
 384:Middlewares/Third_Party/LwIP/src/netif/slipif.c ****   /* netif->state or netif->num contain the port number */
 385:Middlewares/Third_Party/LwIP/src/netif/slipif.c ****   if (netif->state != NULL) {
 569              		.loc 1 385 0
 570 0026 EB69     		ldr	r3, [r5, #28]
 571 0028 BBB1     		cbz	r3, .L59
 386:Middlewares/Third_Party/LwIP/src/netif/slipif.c ****     sio_num = *(u8_t*)netif->state;
 572              		.loc 1 386 0
 573 002a 1878     		ldrb	r0, [r3]	@ zero_extendqisi2
 574              	.LVL63:
 575              	.L60:
 387:Middlewares/Third_Party/LwIP/src/netif/slipif.c ****   } else {
 388:Middlewares/Third_Party/LwIP/src/netif/slipif.c ****     sio_num = netif->num;
 389:Middlewares/Third_Party/LwIP/src/netif/slipif.c ****   }
 390:Middlewares/Third_Party/LwIP/src/netif/slipif.c ****   /* Try to open the serial port. */
 391:Middlewares/Third_Party/LwIP/src/netif/slipif.c ****   priv->sd = sio_open(sio_num);
 576              		.loc 1 391 0
 577 002c FFF7FEFF 		bl	sio_open
 578              	.LVL64:
 579 0030 3060     		str	r0, [r6]
 392:Middlewares/Third_Party/LwIP/src/netif/slipif.c ****   if (!priv->sd) {
 580              		.loc 1 392 0
 581 0032 A8B1     		cbz	r0, .L64
 393:Middlewares/Third_Party/LwIP/src/netif/slipif.c ****     /* Opening the serial port failed. */
 394:Middlewares/Third_Party/LwIP/src/netif/slipif.c ****     mem_free(priv);
 395:Middlewares/Third_Party/LwIP/src/netif/slipif.c ****     return ERR_IF;
 396:Middlewares/Third_Party/LwIP/src/netif/slipif.c ****   }
 397:Middlewares/Third_Party/LwIP/src/netif/slipif.c **** 
 398:Middlewares/Third_Party/LwIP/src/netif/slipif.c ****   /* Initialize private data */
 399:Middlewares/Third_Party/LwIP/src/netif/slipif.c ****   priv->p = NULL;
 582              		.loc 1 399 0
 583 0034 0024     		movs	r4, #0
ARM GAS  C:\Users\milek\AppData\Local\Temp\ccevGnUV.s 			page 19


 584 0036 7460     		str	r4, [r6, #4]
 400:Middlewares/Third_Party/LwIP/src/netif/slipif.c ****   priv->q = NULL;
 585              		.loc 1 400 0
 586 0038 B460     		str	r4, [r6, #8]
 401:Middlewares/Third_Party/LwIP/src/netif/slipif.c ****   priv->state = SLIP_RECV_NORMAL;
 587              		.loc 1 401 0
 588 003a 3473     		strb	r4, [r6, #12]
 402:Middlewares/Third_Party/LwIP/src/netif/slipif.c ****   priv->i = 0;
 589              		.loc 1 402 0
 590 003c F481     		strh	r4, [r6, #14]	@ movhi
 403:Middlewares/Third_Party/LwIP/src/netif/slipif.c ****   priv->recved = 0;
 591              		.loc 1 403 0
 592 003e 3482     		strh	r4, [r6, #16]	@ movhi
 404:Middlewares/Third_Party/LwIP/src/netif/slipif.c **** #if SLIP_RX_FROM_ISR
 405:Middlewares/Third_Party/LwIP/src/netif/slipif.c ****   priv->rxpackets = NULL;
 406:Middlewares/Third_Party/LwIP/src/netif/slipif.c **** #endif
 407:Middlewares/Third_Party/LwIP/src/netif/slipif.c **** 
 408:Middlewares/Third_Party/LwIP/src/netif/slipif.c ****   netif->state = priv;
 593              		.loc 1 408 0
 594 0040 EE61     		str	r6, [r5, #28]
 409:Middlewares/Third_Party/LwIP/src/netif/slipif.c **** 
 410:Middlewares/Third_Party/LwIP/src/netif/slipif.c ****   /* initialize the snmp variables and counters inside the struct netif */
 411:Middlewares/Third_Party/LwIP/src/netif/slipif.c ****   MIB2_INIT_NETIF(netif, snmp_ifType_slip, SLIP_SIO_SPEED(priv->sd));
 412:Middlewares/Third_Party/LwIP/src/netif/slipif.c **** 
 413:Middlewares/Third_Party/LwIP/src/netif/slipif.c **** #if SLIP_USE_RX_THREAD
 414:Middlewares/Third_Party/LwIP/src/netif/slipif.c ****   /* Create a thread to poll the serial line. */
 415:Middlewares/Third_Party/LwIP/src/netif/slipif.c ****   sys_thread_new(SLIPIF_THREAD_NAME, slipif_loop_thread, netif,
 595              		.loc 1 415 0
 596 0042 0323     		movs	r3, #3
 597 0044 0093     		str	r3, [sp]
 598 0046 4FF48063 		mov	r3, #1024
 599 004a 2A46     		mov	r2, r5
 600 004c 0A49     		ldr	r1, .L65+4
 601 004e 0B48     		ldr	r0, .L65+8
 602 0050 FFF7FEFF 		bl	sys_thread_new
 603              	.LVL65:
 416:Middlewares/Third_Party/LwIP/src/netif/slipif.c ****     SLIPIF_THREAD_STACKSIZE, SLIPIF_THREAD_PRIO);
 417:Middlewares/Third_Party/LwIP/src/netif/slipif.c **** #endif /* SLIP_USE_RX_THREAD */
 418:Middlewares/Third_Party/LwIP/src/netif/slipif.c ****   return ERR_OK;
 604              		.loc 1 418 0
 605 0054 2046     		mov	r0, r4
 606              	.LVL66:
 607              	.L58:
 419:Middlewares/Third_Party/LwIP/src/netif/slipif.c **** }
 608              		.loc 1 419 0
 609 0056 02B0     		add	sp, sp, #8
 610              	.LCFI8:
 611              		.cfi_remember_state
 612              		.cfi_def_cfa_offset 16
 613              		@ sp needed
 614 0058 70BD     		pop	{r4, r5, r6, pc}
 615              	.LVL67:
 616              	.L59:
 617              	.LCFI9:
 618              		.cfi_restore_state
 388:Middlewares/Third_Party/LwIP/src/netif/slipif.c ****   }
 619              		.loc 1 388 0
ARM GAS  C:\Users\milek\AppData\Local\Temp\ccevGnUV.s 			page 20


 620 005a 95F83200 		ldrb	r0, [r5, #50]	@ zero_extendqisi2
 621              	.LVL68:
 622 005e E5E7     		b	.L60
 623              	.LVL69:
 624              	.L64:
 394:Middlewares/Third_Party/LwIP/src/netif/slipif.c ****     return ERR_IF;
 625              		.loc 1 394 0
 626 0060 3046     		mov	r0, r6
 627 0062 FFF7FEFF 		bl	mem_free
 628              	.LVL70:
 395:Middlewares/Third_Party/LwIP/src/netif/slipif.c ****   }
 629              		.loc 1 395 0
 630 0066 6FF00B00 		mvn	r0, #11
 631 006a F4E7     		b	.L58
 632              	.LVL71:
 633              	.L62:
 371:Middlewares/Third_Party/LwIP/src/netif/slipif.c ****   }
 634              		.loc 1 371 0
 635 006c 4FF0FF30 		mov	r0, #-1
 636              	.LVL72:
 637 0070 F1E7     		b	.L58
 638              	.L66:
 639 0072 00BF     		.align	2
 640              	.L65:
 641 0074 00000000 		.word	slipif_output_v4
 642 0078 00000000 		.word	slipif_loop_thread
 643 007c 00000000 		.word	.LC5
 644              		.cfi_endproc
 645              	.LFE164:
 647              		.section	.text.slipif_poll,"ax",%progbits
 648              		.align	1
 649              		.global	slipif_poll
 650              		.syntax unified
 651              		.thumb
 652              		.thumb_func
 653              		.fpu fpv5-sp-d16
 655              	slipif_poll:
 656              	.LFB165:
 420:Middlewares/Third_Party/LwIP/src/netif/slipif.c **** 
 421:Middlewares/Third_Party/LwIP/src/netif/slipif.c **** /**
 422:Middlewares/Third_Party/LwIP/src/netif/slipif.c ****  * Polls the serial device and feeds the IP layer with incoming packets.
 423:Middlewares/Third_Party/LwIP/src/netif/slipif.c ****  *
 424:Middlewares/Third_Party/LwIP/src/netif/slipif.c ****  * @param netif The lwip network interface structure for this slipif
 425:Middlewares/Third_Party/LwIP/src/netif/slipif.c ****  */
 426:Middlewares/Third_Party/LwIP/src/netif/slipif.c **** void
 427:Middlewares/Third_Party/LwIP/src/netif/slipif.c **** slipif_poll(struct netif *netif)
 428:Middlewares/Third_Party/LwIP/src/netif/slipif.c **** {
 657              		.loc 1 428 0
 658              		.cfi_startproc
 659              		@ args = 0, pretend = 0, frame = 8
 660              		@ frame_needed = 0, uses_anonymous_args = 0
 661              	.LVL73:
 662 0000 30B5     		push	{r4, r5, lr}
 663              	.LCFI10:
 664              		.cfi_def_cfa_offset 12
 665              		.cfi_offset 4, -12
 666              		.cfi_offset 5, -8
ARM GAS  C:\Users\milek\AppData\Local\Temp\ccevGnUV.s 			page 21


 667              		.cfi_offset 14, -4
 668 0002 83B0     		sub	sp, sp, #12
 669              	.LCFI11:
 670              		.cfi_def_cfa_offset 24
 429:Middlewares/Third_Party/LwIP/src/netif/slipif.c ****   u8_t c;
 430:Middlewares/Third_Party/LwIP/src/netif/slipif.c ****   struct slipif_priv *priv;
 431:Middlewares/Third_Party/LwIP/src/netif/slipif.c **** 
 432:Middlewares/Third_Party/LwIP/src/netif/slipif.c ****   LWIP_ASSERT("netif != NULL", (netif != NULL));
 671              		.loc 1 432 0
 672 0004 0446     		mov	r4, r0
 673 0006 18B1     		cbz	r0, .L73
 674              	.LVL74:
 675              	.L68:
 433:Middlewares/Third_Party/LwIP/src/netif/slipif.c ****   LWIP_ASSERT("netif->state != NULL", (netif->state != NULL));
 676              		.loc 1 433 0
 677 0008 E369     		ldr	r3, [r4, #28]
 678 000a 4BB1     		cbz	r3, .L74
 679              	.L69:
 434:Middlewares/Third_Party/LwIP/src/netif/slipif.c **** 
 435:Middlewares/Third_Party/LwIP/src/netif/slipif.c ****   priv = (struct slipif_priv *)netif->state;
 680              		.loc 1 435 0
 681 000c E569     		ldr	r5, [r4, #28]
 682              	.LVL75:
 436:Middlewares/Third_Party/LwIP/src/netif/slipif.c **** 
 437:Middlewares/Third_Party/LwIP/src/netif/slipif.c ****   while (sio_tryread(priv->sd, &c, 1) > 0) {
 683              		.loc 1 437 0
 684 000e 14E0     		b	.L70
 685              	.LVL76:
 686              	.L73:
 432:Middlewares/Third_Party/LwIP/src/netif/slipif.c ****   LWIP_ASSERT("netif->state != NULL", (netif->state != NULL));
 687              		.loc 1 432 0 discriminator 1
 688 0010 0F4B     		ldr	r3, .L75
 689 0012 4FF4D872 		mov	r2, #432
 690 0016 0F49     		ldr	r1, .L75+4
 691 0018 0F48     		ldr	r0, .L75+8
 692              	.LVL77:
 693 001a FFF7FEFF 		bl	printf
 694              	.LVL78:
 695 001e F3E7     		b	.L68
 696              	.L74:
 433:Middlewares/Third_Party/LwIP/src/netif/slipif.c **** 
 697              		.loc 1 433 0 discriminator 1
 698 0020 0B4B     		ldr	r3, .L75
 699 0022 40F2B112 		movw	r2, #433
 700 0026 0D49     		ldr	r1, .L75+12
 701 0028 0B48     		ldr	r0, .L75+8
 702 002a FFF7FEFF 		bl	printf
 703              	.LVL79:
 704 002e EDE7     		b	.L69
 705              	.LVL80:
 706              	.L71:
 438:Middlewares/Third_Party/LwIP/src/netif/slipif.c ****     slipif_rxbyte_input(netif, c);
 707              		.loc 1 438 0
 708 0030 9DF80710 		ldrb	r1, [sp, #7]	@ zero_extendqisi2
 709 0034 2046     		mov	r0, r4
 710 0036 FFF7FEFF 		bl	slipif_rxbyte_input
 711              	.LVL81:
ARM GAS  C:\Users\milek\AppData\Local\Temp\ccevGnUV.s 			page 22


 712              	.L70:
 437:Middlewares/Third_Party/LwIP/src/netif/slipif.c ****     slipif_rxbyte_input(netif, c);
 713              		.loc 1 437 0
 714 003a 0122     		movs	r2, #1
 715 003c 0DF10701 		add	r1, sp, #7
 716 0040 2868     		ldr	r0, [r5]
 717 0042 FFF7FEFF 		bl	sio_tryread
 718              	.LVL82:
 719 0046 0028     		cmp	r0, #0
 720 0048 F2D1     		bne	.L71
 439:Middlewares/Third_Party/LwIP/src/netif/slipif.c ****   }
 440:Middlewares/Third_Party/LwIP/src/netif/slipif.c **** }
 721              		.loc 1 440 0
 722 004a 03B0     		add	sp, sp, #12
 723              	.LCFI12:
 724              		.cfi_def_cfa_offset 12
 725              		@ sp needed
 726 004c 30BD     		pop	{r4, r5, pc}
 727              	.LVL83:
 728              	.L76:
 729 004e 00BF     		.align	2
 730              	.L75:
 731 0050 00000000 		.word	.LC0
 732 0054 30000000 		.word	.LC1
 733 0058 40000000 		.word	.LC2
 734 005c 68000000 		.word	.LC3
 735              		.cfi_endproc
 736              	.LFE165:
 738              		.section	.rodata.slipif_init.str1.4,"aMS",%progbits,1
 739              		.align	2
 740              	.LC5:
 741 0000 736C6970 		.ascii	"slipif_loop\000"
 741      69665F6C 
 741      6F6F7000 
 742              		.section	.rodata.slipif_output.str1.4,"aMS",%progbits,1
 743              		.align	2
 744              	.LC4:
 745 0000 7020213D 		.ascii	"p != NULL\000"
 745      204E554C 
 745      4C00
 746              		.section	.rodata.slipif_rxbyte.str1.4,"aMS",%progbits,1
 747              		.align	2
 748              	.LC0:
 749 0000 4D696464 		.ascii	"Middlewares/Third_Party/LwIP/src/netif/slipif.c\000"
 749      6C657761 
 749      7265732F 
 749      54686972 
 749      645F5061 
 750              	.LC1:
 751 0030 6E657469 		.ascii	"netif != NULL\000"
 751      6620213D 
 751      204E554C 
 751      4C00
 752 003e 0000     		.space	2
 753              	.LC2:
 754 0040 41737365 		.ascii	"Assertion \"%s\" failed at line %d in %s\012\000"
 754      7274696F 
ARM GAS  C:\Users\milek\AppData\Local\Temp\ccevGnUV.s 			page 23


 754      6E202225 
 754      73222066 
 754      61696C65 
 755              	.LC3:
 756 0068 6E657469 		.ascii	"netif->state != NULL\000"
 756      662D3E73 
 756      74617465 
 756      20213D20 
 756      4E554C4C 
 757              		.text
 758              	.Letext0:
 759              		.file 2 "d:\\program files (x86)\\gnu\\7_2018-q2-update\\arm-none-eabi\\include\\machine\\_default
 760              		.file 3 "d:\\program files (x86)\\gnu\\7_2018-q2-update\\arm-none-eabi\\include\\sys\\_stdint.h"
 761              		.file 4 "Drivers/CMSIS/Include/core_cm7.h"
 762              		.file 5 "Drivers/CMSIS/Device/ST/STM32F7xx/Include/system_stm32f7xx.h"
 763              		.file 6 "d:\\program files (x86)\\gnu\\7_2018-q2-update\\arm-none-eabi\\include\\sys\\lock.h"
 764              		.file 7 "d:\\program files (x86)\\gnu\\7_2018-q2-update\\arm-none-eabi\\include\\sys\\_types.h"
 765              		.file 8 "d:\\program files (x86)\\gnu\\7_2018-q2-update\\lib\\gcc\\arm-none-eabi\\7.3.1\\include\\
 766              		.file 9 "d:\\program files (x86)\\gnu\\7_2018-q2-update\\arm-none-eabi\\include\\sys\\reent.h"
 767              		.file 10 "d:\\program files (x86)\\gnu\\7_2018-q2-update\\arm-none-eabi\\include\\stdlib.h"
 768              		.file 11 "d:\\program files (x86)\\gnu\\7_2018-q2-update\\arm-none-eabi\\include\\time.h"
 769              		.file 12 "Middlewares/Third_Party/LwIP/src/include/lwip/arch.h"
 770              		.file 13 "Middlewares/Third_Party/LwIP/src/include/lwip/err.h"
 771              		.file 14 "Middlewares/Third_Party/LwIP/src/include/lwip/ip4_addr.h"
 772              		.file 15 "Middlewares/Third_Party/LwIP/src/include/lwip/ip_addr.h"
 773              		.file 16 "Middlewares/Third_Party/LwIP/src/include/lwip/pbuf.h"
 774              		.file 17 "Middlewares/Third_Party/LwIP/src/include/lwip/priv/memp_priv.h"
 775              		.file 18 "Middlewares/Third_Party/LwIP/src/include/lwip/memp.h"
 776              		.file 19 "Middlewares/Third_Party/LwIP/src/include/lwip/netif.h"
 777              		.file 20 "Middlewares/Third_Party/LwIP/src/include/lwip/sio.h"
 778              		.file 21 "d:\\program files (x86)\\gnu\\7_2018-q2-update\\arm-none-eabi\\include\\stdio.h"
 779              		.file 22 "Middlewares/Third_Party/LwIP/src/include/lwip/mem.h"
 780              		.file 23 "Middlewares/Third_Party/LwIP/src/include/lwip/sys.h"
ARM GAS  C:\Users\milek\AppData\Local\Temp\ccevGnUV.s 			page 24


DEFINED SYMBOLS
                            *ABS*:00000000 slipif.c
C:\Users\milek\AppData\Local\Temp\ccevGnUV.s:18     .text.slipif_rxbyte:00000000 $t
C:\Users\milek\AppData\Local\Temp\ccevGnUV.s:24     .text.slipif_rxbyte:00000000 slipif_rxbyte
C:\Users\milek\AppData\Local\Temp\ccevGnUV.s:235    .text.slipif_rxbyte:000000f0 $d
C:\Users\milek\AppData\Local\Temp\ccevGnUV.s:243    .text.slipif_rxbyte_input:00000000 $t
C:\Users\milek\AppData\Local\Temp\ccevGnUV.s:249    .text.slipif_rxbyte_input:00000000 slipif_rxbyte_input
C:\Users\milek\AppData\Local\Temp\ccevGnUV.s:292    .text.slipif_loop_thread:00000000 $t
C:\Users\milek\AppData\Local\Temp\ccevGnUV.s:298    .text.slipif_loop_thread:00000000 slipif_loop_thread
C:\Users\milek\AppData\Local\Temp\ccevGnUV.s:338    .text.slipif_output:00000000 $t
C:\Users\milek\AppData\Local\Temp\ccevGnUV.s:344    .text.slipif_output:00000000 slipif_output
C:\Users\milek\AppData\Local\Temp\ccevGnUV.s:488    .text.slipif_output:00000098 $d
C:\Users\milek\AppData\Local\Temp\ccevGnUV.s:497    .text.slipif_output_v4:00000000 $t
C:\Users\milek\AppData\Local\Temp\ccevGnUV.s:503    .text.slipif_output_v4:00000000 slipif_output_v4
C:\Users\milek\AppData\Local\Temp\ccevGnUV.s:524    .text.slipif_init:00000000 $t
C:\Users\milek\AppData\Local\Temp\ccevGnUV.s:531    .text.slipif_init:00000000 slipif_init
C:\Users\milek\AppData\Local\Temp\ccevGnUV.s:641    .text.slipif_init:00000074 $d
C:\Users\milek\AppData\Local\Temp\ccevGnUV.s:648    .text.slipif_poll:00000000 $t
C:\Users\milek\AppData\Local\Temp\ccevGnUV.s:655    .text.slipif_poll:00000000 slipif_poll
C:\Users\milek\AppData\Local\Temp\ccevGnUV.s:731    .text.slipif_poll:00000050 $d
C:\Users\milek\AppData\Local\Temp\ccevGnUV.s:739    .rodata.slipif_init.str1.4:00000000 $d
C:\Users\milek\AppData\Local\Temp\ccevGnUV.s:743    .rodata.slipif_output.str1.4:00000000 $d
C:\Users\milek\AppData\Local\Temp\ccevGnUV.s:747    .rodata.slipif_rxbyte.str1.4:00000000 $d

UNDEFINED SYMBOLS
printf
pbuf_realloc
pbuf_alloc
pbuf_cat
pbuf_free
sio_read
sio_send
mem_malloc
sio_open
sys_thread_new
mem_free
sio_tryread
