ARM GAS  C:\Users\Patryk\AppData\Local\Temp\ccnIaxLM.s 			page 1


   1              		.cpu cortex-m7
   2              		.eabi_attribute 27, 1
   3              		.eabi_attribute 28, 1
   4              		.eabi_attribute 20, 1
   5              		.eabi_attribute 21, 1
   6              		.eabi_attribute 23, 3
   7              		.eabi_attribute 24, 1
   8              		.eabi_attribute 25, 1
   9              		.eabi_attribute 26, 1
  10              		.eabi_attribute 30, 1
  11              		.eabi_attribute 34, 1
  12              		.eabi_attribute 18, 4
  13              		.file	"stm32f7xx_it.c"
  14              		.text
  15              	.Ltext0:
  16              		.cfi_sections	.debug_frame
  17              		.section	.text.HL_Default_Handler,"ax",%progbits
  18              		.align	1
  19              		.global	HL_Default_Handler
  20              		.syntax unified
  21              		.thumb
  22              		.thumb_func
  23              		.fpu fpv5-sp-d16
  25              	HL_Default_Handler:
  26              	.LFB143:
  27              		.file 1 "Src/stm32f7xx_it.c"
   1:Src/stm32f7xx_it.c **** /**
   2:Src/stm32f7xx_it.c ****   ******************************************************************************
   3:Src/stm32f7xx_it.c ****   * @file    stm32f7xx_it.c
   4:Src/stm32f7xx_it.c ****   * @brief   Interrupt Service Routines.
   5:Src/stm32f7xx_it.c ****   ******************************************************************************
   6:Src/stm32f7xx_it.c ****   *
   7:Src/stm32f7xx_it.c ****   * COPYRIGHT(c) 2018 STMicroelectronics
   8:Src/stm32f7xx_it.c ****   *
   9:Src/stm32f7xx_it.c ****   * Redistribution and use in source and binary forms, with or without modification,
  10:Src/stm32f7xx_it.c ****   * are permitted provided that the following conditions are met:
  11:Src/stm32f7xx_it.c ****   *   1. Redistributions of source code must retain the above copyright notice,
  12:Src/stm32f7xx_it.c ****   *      this list of conditions and the following disclaimer.
  13:Src/stm32f7xx_it.c ****   *   2. Redistributions in binary form must reproduce the above copyright notice,
  14:Src/stm32f7xx_it.c ****   *      this list of conditions and the following disclaimer in the documentation
  15:Src/stm32f7xx_it.c ****   *      and/or other materials provided with the distribution.
  16:Src/stm32f7xx_it.c ****   *   3. Neither the name of STMicroelectronics nor the names of its contributors
  17:Src/stm32f7xx_it.c ****   *      may be used to endorse or promote products derived from this software
  18:Src/stm32f7xx_it.c ****   *      without specific prior written permission.
  19:Src/stm32f7xx_it.c ****   *
  20:Src/stm32f7xx_it.c ****   * THIS SOFTWARE IS PROVIDED BY THE COPYRIGHT HOLDERS AND CONTRIBUTORS "AS IS"
  21:Src/stm32f7xx_it.c ****   * AND ANY EXPRESS OR IMPLIED WARRANTIES, INCLUDING, BUT NOT LIMITED TO, THE
  22:Src/stm32f7xx_it.c ****   * IMPLIED WARRANTIES OF MERCHANTABILITY AND FITNESS FOR A PARTICULAR PURPOSE ARE
  23:Src/stm32f7xx_it.c ****   * DISCLAIMED. IN NO EVENT SHALL THE COPYRIGHT HOLDER OR CONTRIBUTORS BE LIABLE
  24:Src/stm32f7xx_it.c ****   * FOR ANY DIRECT, INDIRECT, INCIDENTAL, SPECIAL, EXEMPLARY, OR CONSEQUENTIAL
  25:Src/stm32f7xx_it.c ****   * DAMAGES (INCLUDING, BUT NOT LIMITED TO, PROCUREMENT OF SUBSTITUTE GOODS OR
  26:Src/stm32f7xx_it.c ****   * SERVICES; LOSS OF USE, DATA, OR PROFITS; OR BUSINESS INTERRUPTION) HOWEVER
  27:Src/stm32f7xx_it.c ****   * CAUSED AND ON ANY THEORY OF LIABILITY, WHETHER IN CONTRACT, STRICT LIABILITY,
  28:Src/stm32f7xx_it.c ****   * OR TORT (INCLUDING NEGLIGENCE OR OTHERWISE) ARISING IN ANY WAY OUT OF THE USE
  29:Src/stm32f7xx_it.c ****   * OF THIS SOFTWARE, EVEN IF ADVISED OF THE POSSIBILITY OF SUCH DAMAGE.
  30:Src/stm32f7xx_it.c ****   *
  31:Src/stm32f7xx_it.c ****   ******************************************************************************
ARM GAS  C:\Users\Patryk\AppData\Local\Temp\ccnIaxLM.s 			page 2


  32:Src/stm32f7xx_it.c ****   */
  33:Src/stm32f7xx_it.c **** /* Includes ------------------------------------------------------------------*/
  34:Src/stm32f7xx_it.c **** #include "stm32f7xx_hal.h"
  35:Src/stm32f7xx_it.c **** #include "stm32f7xx.h"
  36:Src/stm32f7xx_it.c **** #include "stm32f7xx_it.h"
  37:Src/stm32f7xx_it.c **** #include "cmsis_os.h"
  38:Src/stm32f7xx_it.c **** 
  39:Src/stm32f7xx_it.c **** /* USER CODE BEGIN 0 */
  40:Src/stm32f7xx_it.c **** #include "term_io.h"
  41:Src/stm32f7xx_it.c **** 
  42:Src/stm32f7xx_it.c **** /* SAI handler declared in "stm32746g_discovery_audio.c" file */
  43:Src/stm32f7xx_it.c **** extern SAI_HandleTypeDef haudio_out_sai;
  44:Src/stm32f7xx_it.c **** /* SAI handler declared in "stm32746g_discovery_audio.c" file */
  45:Src/stm32f7xx_it.c **** extern SAI_HandleTypeDef haudio_in_sai;
  46:Src/stm32f7xx_it.c **** 
  47:Src/stm32f7xx_it.c **** 
  48:Src/stm32f7xx_it.c **** 
  49:Src/stm32f7xx_it.c **** 
  50:Src/stm32f7xx_it.c **** void HL_Default_Handler(void)
  51:Src/stm32f7xx_it.c **** {
  28              		.loc 1 51 0
  29              		.cfi_startproc
  30              		@ Volatile: function does not return.
  31              		@ args = 0, pretend = 0, frame = 0
  32              		@ frame_needed = 0, uses_anonymous_args = 0
  33 0000 08B5     		push	{r3, lr}
  34              	.LCFI0:
  35              		.cfi_def_cfa_offset 8
  36              		.cfi_offset 3, -8
  37              		.cfi_offset 14, -4
  52:Src/stm32f7xx_it.c **** 	xprintf("HL_Default_Handler\n");
  38              		.loc 1 52 0
  39 0002 0248     		ldr	r0, .L4
  40 0004 FFF7FEFF 		bl	xprintf
  41              	.LVL0:
  42              	.L2:
  43 0008 FEE7     		b	.L2
  44              	.L5:
  45 000a 00BF     		.align	2
  46              	.L4:
  47 000c 00000000 		.word	.LC0
  48              		.cfi_endproc
  49              	.LFE143:
  51              		.section	.text.DMA2_Stream7_IRQHandler,"ax",%progbits
  52              		.align	1
  53              		.global	DMA2_Stream7_IRQHandler
  54              		.syntax unified
  55              		.thumb
  56              		.thumb_func
  57              		.fpu fpv5-sp-d16
  59              	DMA2_Stream7_IRQHandler:
  60              	.LFB144:
  53:Src/stm32f7xx_it.c **** 	while(1);
  54:Src/stm32f7xx_it.c **** }
  55:Src/stm32f7xx_it.c **** 
  56:Src/stm32f7xx_it.c **** /**
  57:Src/stm32f7xx_it.c ****   * @brief This function handles DMA2 Stream 7 interrupt request.
ARM GAS  C:\Users\Patryk\AppData\Local\Temp\ccnIaxLM.s 			page 3


  58:Src/stm32f7xx_it.c ****   * @param None
  59:Src/stm32f7xx_it.c ****   * @retval None
  60:Src/stm32f7xx_it.c ****   */
  61:Src/stm32f7xx_it.c **** void DMA2_Stream7_IRQHandler(void)
  62:Src/stm32f7xx_it.c **** {
  61              		.loc 1 62 0
  62              		.cfi_startproc
  63              		@ args = 0, pretend = 0, frame = 0
  64              		@ frame_needed = 0, uses_anonymous_args = 0
  65 0000 08B5     		push	{r3, lr}
  66              	.LCFI1:
  67              		.cfi_def_cfa_offset 8
  68              		.cfi_offset 3, -8
  69              		.cfi_offset 14, -4
  63:Src/stm32f7xx_it.c ****   HAL_DMA_IRQHandler(haudio_in_sai.hdmarx);
  70              		.loc 1 63 0
  71 0002 024B     		ldr	r3, .L8
  72 0004 186F     		ldr	r0, [r3, #112]
  73 0006 FFF7FEFF 		bl	HAL_DMA_IRQHandler
  74              	.LVL1:
  64:Src/stm32f7xx_it.c **** }
  75              		.loc 1 64 0
  76 000a 08BD     		pop	{r3, pc}
  77              	.L9:
  78              		.align	2
  79              	.L8:
  80 000c 00000000 		.word	haudio_in_sai
  81              		.cfi_endproc
  82              	.LFE144:
  84              		.section	.text.DMA2_Stream4_IRQHandler,"ax",%progbits
  85              		.align	1
  86              		.global	DMA2_Stream4_IRQHandler
  87              		.syntax unified
  88              		.thumb
  89              		.thumb_func
  90              		.fpu fpv5-sp-d16
  92              	DMA2_Stream4_IRQHandler:
  93              	.LFB145:
  65:Src/stm32f7xx_it.c **** 
  66:Src/stm32f7xx_it.c ****   /* @brief  This function handles DMA2 Stream 6 interrupt request.
  67:Src/stm32f7xx_it.c ****   * @param  None
  68:Src/stm32f7xx_it.c ****   * @retval None
  69:Src/stm32f7xx_it.c ****   */
  70:Src/stm32f7xx_it.c **** void DMA2_Stream4_IRQHandler(void)
  71:Src/stm32f7xx_it.c **** {
  94              		.loc 1 71 0
  95              		.cfi_startproc
  96              		@ args = 0, pretend = 0, frame = 0
  97              		@ frame_needed = 0, uses_anonymous_args = 0
  98 0000 08B5     		push	{r3, lr}
  99              	.LCFI2:
 100              		.cfi_def_cfa_offset 8
 101              		.cfi_offset 3, -8
 102              		.cfi_offset 14, -4
  72:Src/stm32f7xx_it.c ****   HAL_DMA_IRQHandler(haudio_out_sai.hdmatx);
 103              		.loc 1 72 0
 104 0002 024B     		ldr	r3, .L12
ARM GAS  C:\Users\Patryk\AppData\Local\Temp\ccnIaxLM.s 			page 4


 105 0004 D86E     		ldr	r0, [r3, #108]
 106 0006 FFF7FEFF 		bl	HAL_DMA_IRQHandler
 107              	.LVL2:
  73:Src/stm32f7xx_it.c **** }
 108              		.loc 1 73 0
 109 000a 08BD     		pop	{r3, pc}
 110              	.L13:
 111              		.align	2
 112              	.L12:
 113 000c 00000000 		.word	haudio_out_sai
 114              		.cfi_endproc
 115              	.LFE145:
 117              		.section	.text.NMI_Handler,"ax",%progbits
 118              		.align	1
 119              		.global	NMI_Handler
 120              		.syntax unified
 121              		.thumb
 122              		.thumb_func
 123              		.fpu fpv5-sp-d16
 125              	NMI_Handler:
 126              	.LFB146:
  74:Src/stm32f7xx_it.c **** 
  75:Src/stm32f7xx_it.c **** /* USER CODE END 0 */
  76:Src/stm32f7xx_it.c **** 
  77:Src/stm32f7xx_it.c **** /* External variables --------------------------------------------------------*/
  78:Src/stm32f7xx_it.c **** extern ETH_HandleTypeDef heth;
  79:Src/stm32f7xx_it.c **** extern HCD_HandleTypeDef hhcd_USB_OTG_FS;
  80:Src/stm32f7xx_it.c **** extern DMA2D_HandleTypeDef hdma2d;
  81:Src/stm32f7xx_it.c **** extern LTDC_HandleTypeDef hltdc;
  82:Src/stm32f7xx_it.c **** 
  83:Src/stm32f7xx_it.c **** extern TIM_HandleTypeDef htim6;
  84:Src/stm32f7xx_it.c **** 
  85:Src/stm32f7xx_it.c **** /******************************************************************************/
  86:Src/stm32f7xx_it.c **** /*            Cortex-M7 Processor Interruption and Exception Handlers         */ 
  87:Src/stm32f7xx_it.c **** /******************************************************************************/
  88:Src/stm32f7xx_it.c **** 
  89:Src/stm32f7xx_it.c **** /**
  90:Src/stm32f7xx_it.c **** * @brief This function handles Non maskable interrupt.
  91:Src/stm32f7xx_it.c **** */
  92:Src/stm32f7xx_it.c **** void NMI_Handler(void)
  93:Src/stm32f7xx_it.c **** {
 127              		.loc 1 93 0
 128              		.cfi_startproc
 129              		@ args = 0, pretend = 0, frame = 0
 130              		@ frame_needed = 0, uses_anonymous_args = 0
 131              		@ link register save eliminated.
  94:Src/stm32f7xx_it.c ****   /* USER CODE BEGIN NonMaskableInt_IRQn 0 */
  95:Src/stm32f7xx_it.c **** 
  96:Src/stm32f7xx_it.c ****   /* USER CODE END NonMaskableInt_IRQn 0 */
  97:Src/stm32f7xx_it.c ****   /* USER CODE BEGIN NonMaskableInt_IRQn 1 */
  98:Src/stm32f7xx_it.c **** 
  99:Src/stm32f7xx_it.c ****   /* USER CODE END NonMaskableInt_IRQn 1 */
 100:Src/stm32f7xx_it.c **** }
 132              		.loc 1 100 0
 133 0000 7047     		bx	lr
 134              		.cfi_endproc
 135              	.LFE146:
ARM GAS  C:\Users\Patryk\AppData\Local\Temp\ccnIaxLM.s 			page 5


 137              		.section	.text.HardFault_Handler,"ax",%progbits
 138              		.align	1
 139              		.global	HardFault_Handler
 140              		.syntax unified
 141              		.thumb
 142              		.thumb_func
 143              		.fpu fpv5-sp-d16
 145              	HardFault_Handler:
 146              	.LFB147:
 101:Src/stm32f7xx_it.c **** 
 102:Src/stm32f7xx_it.c **** /**
 103:Src/stm32f7xx_it.c **** * @brief This function handles Hard fault interrupt.
 104:Src/stm32f7xx_it.c **** */
 105:Src/stm32f7xx_it.c **** void HardFault_Handler(void)
 106:Src/stm32f7xx_it.c **** {
 147              		.loc 1 106 0
 148              		.cfi_startproc
 149              		@ Volatile: function does not return.
 150              		@ args = 0, pretend = 0, frame = 0
 151              		@ frame_needed = 0, uses_anonymous_args = 0
 152              		@ link register save eliminated.
 153              	.L16:
 154 0000 FEE7     		b	.L16
 155              		.cfi_endproc
 156              	.LFE147:
 158              		.section	.text.MemManage_Handler,"ax",%progbits
 159              		.align	1
 160              		.global	MemManage_Handler
 161              		.syntax unified
 162              		.thumb
 163              		.thumb_func
 164              		.fpu fpv5-sp-d16
 166              	MemManage_Handler:
 167              	.LFB148:
 107:Src/stm32f7xx_it.c ****   /* USER CODE BEGIN HardFault_IRQn 0 */
 108:Src/stm32f7xx_it.c **** 
 109:Src/stm32f7xx_it.c ****   /* USER CODE END HardFault_IRQn 0 */
 110:Src/stm32f7xx_it.c ****   while (1)
 111:Src/stm32f7xx_it.c ****   {
 112:Src/stm32f7xx_it.c ****     /* USER CODE BEGIN W1_HardFault_IRQn 0 */
 113:Src/stm32f7xx_it.c ****     /* USER CODE END W1_HardFault_IRQn 0 */
 114:Src/stm32f7xx_it.c ****   }
 115:Src/stm32f7xx_it.c ****   /* USER CODE BEGIN HardFault_IRQn 1 */
 116:Src/stm32f7xx_it.c **** 
 117:Src/stm32f7xx_it.c ****   /* USER CODE END HardFault_IRQn 1 */
 118:Src/stm32f7xx_it.c **** }
 119:Src/stm32f7xx_it.c **** 
 120:Src/stm32f7xx_it.c **** /**
 121:Src/stm32f7xx_it.c **** * @brief This function handles Memory management fault.
 122:Src/stm32f7xx_it.c **** */
 123:Src/stm32f7xx_it.c **** void MemManage_Handler(void)
 124:Src/stm32f7xx_it.c **** {
 168              		.loc 1 124 0
 169              		.cfi_startproc
 170              		@ Volatile: function does not return.
 171              		@ args = 0, pretend = 0, frame = 0
 172              		@ frame_needed = 0, uses_anonymous_args = 0
ARM GAS  C:\Users\Patryk\AppData\Local\Temp\ccnIaxLM.s 			page 6


 173              		@ link register save eliminated.
 174              	.L18:
 175 0000 FEE7     		b	.L18
 176              		.cfi_endproc
 177              	.LFE148:
 179              		.section	.text.BusFault_Handler,"ax",%progbits
 180              		.align	1
 181              		.global	BusFault_Handler
 182              		.syntax unified
 183              		.thumb
 184              		.thumb_func
 185              		.fpu fpv5-sp-d16
 187              	BusFault_Handler:
 188              	.LFB149:
 125:Src/stm32f7xx_it.c ****   /* USER CODE BEGIN MemoryManagement_IRQn 0 */
 126:Src/stm32f7xx_it.c **** 
 127:Src/stm32f7xx_it.c ****   /* USER CODE END MemoryManagement_IRQn 0 */
 128:Src/stm32f7xx_it.c ****   while (1)
 129:Src/stm32f7xx_it.c ****   {
 130:Src/stm32f7xx_it.c ****     /* USER CODE BEGIN W1_MemoryManagement_IRQn 0 */
 131:Src/stm32f7xx_it.c ****     /* USER CODE END W1_MemoryManagement_IRQn 0 */
 132:Src/stm32f7xx_it.c ****   }
 133:Src/stm32f7xx_it.c ****   /* USER CODE BEGIN MemoryManagement_IRQn 1 */
 134:Src/stm32f7xx_it.c **** 
 135:Src/stm32f7xx_it.c ****   /* USER CODE END MemoryManagement_IRQn 1 */
 136:Src/stm32f7xx_it.c **** }
 137:Src/stm32f7xx_it.c **** 
 138:Src/stm32f7xx_it.c **** /**
 139:Src/stm32f7xx_it.c **** * @brief This function handles Pre-fetch fault, memory access fault.
 140:Src/stm32f7xx_it.c **** */
 141:Src/stm32f7xx_it.c **** void BusFault_Handler(void)
 142:Src/stm32f7xx_it.c **** {
 189              		.loc 1 142 0
 190              		.cfi_startproc
 191              		@ Volatile: function does not return.
 192              		@ args = 0, pretend = 0, frame = 0
 193              		@ frame_needed = 0, uses_anonymous_args = 0
 194              		@ link register save eliminated.
 195              	.L20:
 196 0000 FEE7     		b	.L20
 197              		.cfi_endproc
 198              	.LFE149:
 200              		.section	.text.UsageFault_Handler,"ax",%progbits
 201              		.align	1
 202              		.global	UsageFault_Handler
 203              		.syntax unified
 204              		.thumb
 205              		.thumb_func
 206              		.fpu fpv5-sp-d16
 208              	UsageFault_Handler:
 209              	.LFB150:
 143:Src/stm32f7xx_it.c ****   /* USER CODE BEGIN BusFault_IRQn 0 */
 144:Src/stm32f7xx_it.c **** 
 145:Src/stm32f7xx_it.c ****   /* USER CODE END BusFault_IRQn 0 */
 146:Src/stm32f7xx_it.c ****   while (1)
 147:Src/stm32f7xx_it.c ****   {
 148:Src/stm32f7xx_it.c ****     /* USER CODE BEGIN W1_BusFault_IRQn 0 */
ARM GAS  C:\Users\Patryk\AppData\Local\Temp\ccnIaxLM.s 			page 7


 149:Src/stm32f7xx_it.c ****     /* USER CODE END W1_BusFault_IRQn 0 */
 150:Src/stm32f7xx_it.c ****   }
 151:Src/stm32f7xx_it.c ****   /* USER CODE BEGIN BusFault_IRQn 1 */
 152:Src/stm32f7xx_it.c **** 
 153:Src/stm32f7xx_it.c ****   /* USER CODE END BusFault_IRQn 1 */
 154:Src/stm32f7xx_it.c **** }
 155:Src/stm32f7xx_it.c **** 
 156:Src/stm32f7xx_it.c **** /**
 157:Src/stm32f7xx_it.c **** * @brief This function handles Undefined instruction or illegal state.
 158:Src/stm32f7xx_it.c **** */
 159:Src/stm32f7xx_it.c **** void UsageFault_Handler(void)
 160:Src/stm32f7xx_it.c **** {
 210              		.loc 1 160 0
 211              		.cfi_startproc
 212              		@ Volatile: function does not return.
 213              		@ args = 0, pretend = 0, frame = 0
 214              		@ frame_needed = 0, uses_anonymous_args = 0
 215              		@ link register save eliminated.
 216              	.L22:
 217 0000 FEE7     		b	.L22
 218              		.cfi_endproc
 219              	.LFE150:
 221              		.section	.text.DebugMon_Handler,"ax",%progbits
 222              		.align	1
 223              		.global	DebugMon_Handler
 224              		.syntax unified
 225              		.thumb
 226              		.thumb_func
 227              		.fpu fpv5-sp-d16
 229              	DebugMon_Handler:
 230              	.LFB151:
 161:Src/stm32f7xx_it.c ****   /* USER CODE BEGIN UsageFault_IRQn 0 */
 162:Src/stm32f7xx_it.c **** 
 163:Src/stm32f7xx_it.c ****   /* USER CODE END UsageFault_IRQn 0 */
 164:Src/stm32f7xx_it.c ****   while (1)
 165:Src/stm32f7xx_it.c ****   {
 166:Src/stm32f7xx_it.c ****     /* USER CODE BEGIN W1_UsageFault_IRQn 0 */
 167:Src/stm32f7xx_it.c ****     /* USER CODE END W1_UsageFault_IRQn 0 */
 168:Src/stm32f7xx_it.c ****   }
 169:Src/stm32f7xx_it.c ****   /* USER CODE BEGIN UsageFault_IRQn 1 */
 170:Src/stm32f7xx_it.c **** 
 171:Src/stm32f7xx_it.c ****   /* USER CODE END UsageFault_IRQn 1 */
 172:Src/stm32f7xx_it.c **** }
 173:Src/stm32f7xx_it.c **** 
 174:Src/stm32f7xx_it.c **** /**
 175:Src/stm32f7xx_it.c **** * @brief This function handles Debug monitor.
 176:Src/stm32f7xx_it.c **** */
 177:Src/stm32f7xx_it.c **** void DebugMon_Handler(void)
 178:Src/stm32f7xx_it.c **** {
 231              		.loc 1 178 0
 232              		.cfi_startproc
 233              		@ args = 0, pretend = 0, frame = 0
 234              		@ frame_needed = 0, uses_anonymous_args = 0
 235              		@ link register save eliminated.
 179:Src/stm32f7xx_it.c ****   /* USER CODE BEGIN DebugMonitor_IRQn 0 */
 180:Src/stm32f7xx_it.c **** 
 181:Src/stm32f7xx_it.c ****   /* USER CODE END DebugMonitor_IRQn 0 */
ARM GAS  C:\Users\Patryk\AppData\Local\Temp\ccnIaxLM.s 			page 8


 182:Src/stm32f7xx_it.c ****   /* USER CODE BEGIN DebugMonitor_IRQn 1 */
 183:Src/stm32f7xx_it.c **** 
 184:Src/stm32f7xx_it.c ****   /* USER CODE END DebugMonitor_IRQn 1 */
 185:Src/stm32f7xx_it.c **** }
 236              		.loc 1 185 0
 237 0000 7047     		bx	lr
 238              		.cfi_endproc
 239              	.LFE151:
 241              		.section	.text.SysTick_Handler,"ax",%progbits
 242              		.align	1
 243              		.global	SysTick_Handler
 244              		.syntax unified
 245              		.thumb
 246              		.thumb_func
 247              		.fpu fpv5-sp-d16
 249              	SysTick_Handler:
 250              	.LFB152:
 186:Src/stm32f7xx_it.c **** 
 187:Src/stm32f7xx_it.c **** /**
 188:Src/stm32f7xx_it.c **** * @brief This function handles System tick timer.
 189:Src/stm32f7xx_it.c **** */
 190:Src/stm32f7xx_it.c **** void SysTick_Handler(void)
 191:Src/stm32f7xx_it.c **** {
 251              		.loc 1 191 0
 252              		.cfi_startproc
 253              		@ args = 0, pretend = 0, frame = 0
 254              		@ frame_needed = 0, uses_anonymous_args = 0
 255 0000 08B5     		push	{r3, lr}
 256              	.LCFI3:
 257              		.cfi_def_cfa_offset 8
 258              		.cfi_offset 3, -8
 259              		.cfi_offset 14, -4
 192:Src/stm32f7xx_it.c ****   /* USER CODE BEGIN SysTick_IRQn 0 */
 193:Src/stm32f7xx_it.c **** 
 194:Src/stm32f7xx_it.c ****   /* USER CODE END SysTick_IRQn 0 */
 195:Src/stm32f7xx_it.c ****   osSystickHandler();
 260              		.loc 1 195 0
 261 0002 FFF7FEFF 		bl	osSystickHandler
 262              	.LVL3:
 196:Src/stm32f7xx_it.c ****   /* USER CODE BEGIN SysTick_IRQn 1 */
 197:Src/stm32f7xx_it.c **** 
 198:Src/stm32f7xx_it.c ****   /* USER CODE END SysTick_IRQn 1 */
 199:Src/stm32f7xx_it.c **** }
 263              		.loc 1 199 0
 264 0006 08BD     		pop	{r3, pc}
 265              		.cfi_endproc
 266              	.LFE152:
 268              		.section	.text.TIM6_DAC_IRQHandler,"ax",%progbits
 269              		.align	1
 270              		.global	TIM6_DAC_IRQHandler
 271              		.syntax unified
 272              		.thumb
 273              		.thumb_func
 274              		.fpu fpv5-sp-d16
 276              	TIM6_DAC_IRQHandler:
 277              	.LFB153:
 200:Src/stm32f7xx_it.c **** 
ARM GAS  C:\Users\Patryk\AppData\Local\Temp\ccnIaxLM.s 			page 9


 201:Src/stm32f7xx_it.c **** /******************************************************************************/
 202:Src/stm32f7xx_it.c **** /* STM32F7xx Peripheral Interrupt Handlers                                    */
 203:Src/stm32f7xx_it.c **** /* Add here the Interrupt Handlers for the used peripherals.                  */
 204:Src/stm32f7xx_it.c **** /* For the available peripheral interrupt handler names,                      */
 205:Src/stm32f7xx_it.c **** /* please refer to the startup file (startup_stm32f7xx.s).                    */
 206:Src/stm32f7xx_it.c **** /******************************************************************************/
 207:Src/stm32f7xx_it.c **** 
 208:Src/stm32f7xx_it.c **** /**
 209:Src/stm32f7xx_it.c **** * @brief This function handles TIM6 global interrupt, DAC1 and DAC2 underrun error interrupts.
 210:Src/stm32f7xx_it.c **** */
 211:Src/stm32f7xx_it.c **** void TIM6_DAC_IRQHandler(void)
 212:Src/stm32f7xx_it.c **** {
 278              		.loc 1 212 0
 279              		.cfi_startproc
 280              		@ args = 0, pretend = 0, frame = 0
 281              		@ frame_needed = 0, uses_anonymous_args = 0
 282 0000 08B5     		push	{r3, lr}
 283              	.LCFI4:
 284              		.cfi_def_cfa_offset 8
 285              		.cfi_offset 3, -8
 286              		.cfi_offset 14, -4
 213:Src/stm32f7xx_it.c ****   /* USER CODE BEGIN TIM6_DAC_IRQn 0 */
 214:Src/stm32f7xx_it.c **** 
 215:Src/stm32f7xx_it.c ****   /* USER CODE END TIM6_DAC_IRQn 0 */
 216:Src/stm32f7xx_it.c ****   HAL_TIM_IRQHandler(&htim6);
 287              		.loc 1 216 0
 288 0002 0248     		ldr	r0, .L28
 289 0004 FFF7FEFF 		bl	HAL_TIM_IRQHandler
 290              	.LVL4:
 217:Src/stm32f7xx_it.c ****   /* USER CODE BEGIN TIM6_DAC_IRQn 1 */
 218:Src/stm32f7xx_it.c **** 
 219:Src/stm32f7xx_it.c ****   /* USER CODE END TIM6_DAC_IRQn 1 */
 220:Src/stm32f7xx_it.c **** }
 291              		.loc 1 220 0
 292 0008 08BD     		pop	{r3, pc}
 293              	.L29:
 294 000a 00BF     		.align	2
 295              	.L28:
 296 000c 00000000 		.word	htim6
 297              		.cfi_endproc
 298              	.LFE153:
 300              		.section	.text.ETH_IRQHandler,"ax",%progbits
 301              		.align	1
 302              		.global	ETH_IRQHandler
 303              		.syntax unified
 304              		.thumb
 305              		.thumb_func
 306              		.fpu fpv5-sp-d16
 308              	ETH_IRQHandler:
 309              	.LFB154:
 221:Src/stm32f7xx_it.c **** 
 222:Src/stm32f7xx_it.c **** /**
 223:Src/stm32f7xx_it.c **** * @brief This function handles Ethernet global interrupt.
 224:Src/stm32f7xx_it.c **** */
 225:Src/stm32f7xx_it.c **** void ETH_IRQHandler(void)
 226:Src/stm32f7xx_it.c **** {
 310              		.loc 1 226 0
ARM GAS  C:\Users\Patryk\AppData\Local\Temp\ccnIaxLM.s 			page 10


 311              		.cfi_startproc
 312              		@ args = 0, pretend = 0, frame = 0
 313              		@ frame_needed = 0, uses_anonymous_args = 0
 314              		@ link register save eliminated.
 227:Src/stm32f7xx_it.c ****   /* USER CODE BEGIN ETH_IRQn 0 */
 228:Src/stm32f7xx_it.c **** 
 229:Src/stm32f7xx_it.c ****   /* USER CODE END ETH_IRQn 0 */
 230:Src/stm32f7xx_it.c ****   // HAL_ETH_IRQHandler(&heth);
 231:Src/stm32f7xx_it.c ****   /* USER CODE BEGIN ETH_IRQn 1 */
 232:Src/stm32f7xx_it.c **** 
 233:Src/stm32f7xx_it.c ****   /* USER CODE END ETH_IRQn 1 */
 234:Src/stm32f7xx_it.c **** }
 315              		.loc 1 234 0
 316 0000 7047     		bx	lr
 317              		.cfi_endproc
 318              	.LFE154:
 320              		.section	.text.OTG_FS_IRQHandler,"ax",%progbits
 321              		.align	1
 322              		.global	OTG_FS_IRQHandler
 323              		.syntax unified
 324              		.thumb
 325              		.thumb_func
 326              		.fpu fpv5-sp-d16
 328              	OTG_FS_IRQHandler:
 329              	.LFB155:
 235:Src/stm32f7xx_it.c **** 
 236:Src/stm32f7xx_it.c **** /**
 237:Src/stm32f7xx_it.c **** * @brief This function handles USB On The Go FS global interrupt.
 238:Src/stm32f7xx_it.c **** */
 239:Src/stm32f7xx_it.c **** void OTG_FS_IRQHandler(void)
 240:Src/stm32f7xx_it.c **** {
 330              		.loc 1 240 0
 331              		.cfi_startproc
 332              		@ args = 0, pretend = 0, frame = 0
 333              		@ frame_needed = 0, uses_anonymous_args = 0
 334 0000 08B5     		push	{r3, lr}
 335              	.LCFI5:
 336              		.cfi_def_cfa_offset 8
 337              		.cfi_offset 3, -8
 338              		.cfi_offset 14, -4
 241:Src/stm32f7xx_it.c ****   /* USER CODE BEGIN OTG_FS_IRQn 0 */
 242:Src/stm32f7xx_it.c **** 
 243:Src/stm32f7xx_it.c ****   /* USER CODE END OTG_FS_IRQn 0 */
 244:Src/stm32f7xx_it.c ****   HAL_HCD_IRQHandler(&hhcd_USB_OTG_FS);
 339              		.loc 1 244 0
 340 0002 0248     		ldr	r0, .L33
 341 0004 FFF7FEFF 		bl	HAL_HCD_IRQHandler
 342              	.LVL5:
 245:Src/stm32f7xx_it.c ****   /* USER CODE BEGIN OTG_FS_IRQn 1 */
 246:Src/stm32f7xx_it.c **** 
 247:Src/stm32f7xx_it.c ****   /* USER CODE END OTG_FS_IRQn 1 */
 248:Src/stm32f7xx_it.c **** }
 343              		.loc 1 248 0
 344 0008 08BD     		pop	{r3, pc}
 345              	.L34:
 346 000a 00BF     		.align	2
 347              	.L33:
ARM GAS  C:\Users\Patryk\AppData\Local\Temp\ccnIaxLM.s 			page 11


 348 000c 00000000 		.word	hhcd_USB_OTG_FS
 349              		.cfi_endproc
 350              	.LFE155:
 352              		.section	.text.LTDC_IRQHandler,"ax",%progbits
 353              		.align	1
 354              		.global	LTDC_IRQHandler
 355              		.syntax unified
 356              		.thumb
 357              		.thumb_func
 358              		.fpu fpv5-sp-d16
 360              	LTDC_IRQHandler:
 361              	.LFB156:
 249:Src/stm32f7xx_it.c **** 
 250:Src/stm32f7xx_it.c **** /**
 251:Src/stm32f7xx_it.c **** * @brief This function handles LTDC global interrupt.
 252:Src/stm32f7xx_it.c **** */
 253:Src/stm32f7xx_it.c **** void LTDC_IRQHandler(void)
 254:Src/stm32f7xx_it.c **** {
 362              		.loc 1 254 0
 363              		.cfi_startproc
 364              		@ args = 0, pretend = 0, frame = 0
 365              		@ frame_needed = 0, uses_anonymous_args = 0
 366 0000 08B5     		push	{r3, lr}
 367              	.LCFI6:
 368              		.cfi_def_cfa_offset 8
 369              		.cfi_offset 3, -8
 370              		.cfi_offset 14, -4
 255:Src/stm32f7xx_it.c ****   /* USER CODE BEGIN LTDC_IRQn 0 */
 256:Src/stm32f7xx_it.c **** 
 257:Src/stm32f7xx_it.c ****   /* USER CODE END LTDC_IRQn 0 */
 258:Src/stm32f7xx_it.c ****   HAL_LTDC_IRQHandler(&hltdc);
 371              		.loc 1 258 0
 372 0002 0248     		ldr	r0, .L37
 373 0004 FFF7FEFF 		bl	HAL_LTDC_IRQHandler
 374              	.LVL6:
 259:Src/stm32f7xx_it.c ****   /* USER CODE BEGIN LTDC_IRQn 1 */
 260:Src/stm32f7xx_it.c **** 
 261:Src/stm32f7xx_it.c ****   /* USER CODE END LTDC_IRQn 1 */
 262:Src/stm32f7xx_it.c **** }
 375              		.loc 1 262 0
 376 0008 08BD     		pop	{r3, pc}
 377              	.L38:
 378 000a 00BF     		.align	2
 379              	.L37:
 380 000c 00000000 		.word	hltdc
 381              		.cfi_endproc
 382              	.LFE156:
 384              		.section	.text.DMA2D_IRQHandler,"ax",%progbits
 385              		.align	1
 386              		.global	DMA2D_IRQHandler
 387              		.syntax unified
 388              		.thumb
 389              		.thumb_func
 390              		.fpu fpv5-sp-d16
 392              	DMA2D_IRQHandler:
 393              	.LFB157:
 263:Src/stm32f7xx_it.c **** 
ARM GAS  C:\Users\Patryk\AppData\Local\Temp\ccnIaxLM.s 			page 12


 264:Src/stm32f7xx_it.c **** /**
 265:Src/stm32f7xx_it.c **** * @brief This function handles DMA2D global interrupt.
 266:Src/stm32f7xx_it.c **** */
 267:Src/stm32f7xx_it.c **** void DMA2D_IRQHandler(void)
 268:Src/stm32f7xx_it.c **** {
 394              		.loc 1 268 0
 395              		.cfi_startproc
 396              		@ args = 0, pretend = 0, frame = 0
 397              		@ frame_needed = 0, uses_anonymous_args = 0
 398 0000 08B5     		push	{r3, lr}
 399              	.LCFI7:
 400              		.cfi_def_cfa_offset 8
 401              		.cfi_offset 3, -8
 402              		.cfi_offset 14, -4
 269:Src/stm32f7xx_it.c ****   /* USER CODE BEGIN DMA2D_IRQn 0 */
 270:Src/stm32f7xx_it.c **** 
 271:Src/stm32f7xx_it.c ****   /* USER CODE END DMA2D_IRQn 0 */
 272:Src/stm32f7xx_it.c ****   HAL_DMA2D_IRQHandler(&hdma2d);
 403              		.loc 1 272 0
 404 0002 0248     		ldr	r0, .L41
 405 0004 FFF7FEFF 		bl	HAL_DMA2D_IRQHandler
 406              	.LVL7:
 273:Src/stm32f7xx_it.c ****   /* USER CODE BEGIN DMA2D_IRQn 1 */
 274:Src/stm32f7xx_it.c **** 
 275:Src/stm32f7xx_it.c ****   /* USER CODE END DMA2D_IRQn 1 */
 276:Src/stm32f7xx_it.c **** }
 407              		.loc 1 276 0
 408 0008 08BD     		pop	{r3, pc}
 409              	.L42:
 410 000a 00BF     		.align	2
 411              	.L41:
 412 000c 00000000 		.word	hdma2d
 413              		.cfi_endproc
 414              	.LFE157:
 416              		.section	.rodata.HL_Default_Handler.str1.4,"aMS",%progbits,1
 417              		.align	2
 418              	.LC0:
 419 0000 484C5F44 		.ascii	"HL_Default_Handler\012\000"
 419      65666175 
 419      6C745F48 
 419      616E646C 
 419      65720A00 
 420              		.text
 421              	.Letext0:
 422              		.file 2 "c:\\program files (x86)\\gnu\\7_2018-q2-update\\arm-none-eabi\\include\\machine\\_default
 423              		.file 3 "c:\\program files (x86)\\gnu\\7_2018-q2-update\\arm-none-eabi\\include\\sys\\_stdint.h"
 424              		.file 4 "Drivers/CMSIS/Include/core_cm7.h"
 425              		.file 5 "Drivers/CMSIS/Device/ST/STM32F7xx/Include/system_stm32f7xx.h"
 426              		.file 6 "Drivers/CMSIS/Device/ST/STM32F7xx/Include/stm32f746xx.h"
 427              		.file 7 "c:\\program files (x86)\\gnu\\7_2018-q2-update\\arm-none-eabi\\include\\sys\\lock.h"
 428              		.file 8 "c:\\program files (x86)\\gnu\\7_2018-q2-update\\arm-none-eabi\\include\\sys\\_types.h"
 429              		.file 9 "c:\\program files (x86)\\gnu\\7_2018-q2-update\\lib\\gcc\\arm-none-eabi\\7.3.1\\include\\
 430              		.file 10 "c:\\program files (x86)\\gnu\\7_2018-q2-update\\arm-none-eabi\\include\\sys\\reent.h"
 431              		.file 11 "Drivers/STM32F7xx_HAL_Driver/Inc/stm32f7xx_hal_def.h"
 432              		.file 12 "Drivers/STM32F7xx_HAL_Driver/Inc/stm32f7xx_hal_dma.h"
 433              		.file 13 "Drivers/STM32F7xx_HAL_Driver/Inc/stm32f7xx_hal_dma2d.h"
 434              		.file 14 "Drivers/STM32F7xx_HAL_Driver/Inc/stm32f7xx_hal_eth.h"
ARM GAS  C:\Users\Patryk\AppData\Local\Temp\ccnIaxLM.s 			page 13


 435              		.file 15 "Drivers/STM32F7xx_HAL_Driver/Inc/stm32f7xx_hal_ltdc.h"
 436              		.file 16 "Drivers/STM32F7xx_HAL_Driver/Inc/stm32f7xx_hal_sai.h"
 437              		.file 17 "Drivers/STM32F7xx_HAL_Driver/Inc/stm32f7xx_hal_tim.h"
 438              		.file 18 "Drivers/STM32F7xx_HAL_Driver/Inc/stm32f7xx_ll_usb.h"
 439              		.file 19 "Drivers/STM32F7xx_HAL_Driver/Inc/stm32f7xx_hal_hcd.h"
 440              		.file 20 "Middlewares/Third_Party/FreeRTOS/Source/CMSIS_RTOS/cmsis_os.h"
 441              		.file 21 "Inc/term_io.h"
ARM GAS  C:\Users\Patryk\AppData\Local\Temp\ccnIaxLM.s 			page 14


DEFINED SYMBOLS
                            *ABS*:00000000 stm32f7xx_it.c
C:\Users\Patryk\AppData\Local\Temp\ccnIaxLM.s:18     .text.HL_Default_Handler:00000000 $t
C:\Users\Patryk\AppData\Local\Temp\ccnIaxLM.s:25     .text.HL_Default_Handler:00000000 HL_Default_Handler
C:\Users\Patryk\AppData\Local\Temp\ccnIaxLM.s:47     .text.HL_Default_Handler:0000000c $d
C:\Users\Patryk\AppData\Local\Temp\ccnIaxLM.s:52     .text.DMA2_Stream7_IRQHandler:00000000 $t
C:\Users\Patryk\AppData\Local\Temp\ccnIaxLM.s:59     .text.DMA2_Stream7_IRQHandler:00000000 DMA2_Stream7_IRQHandler
C:\Users\Patryk\AppData\Local\Temp\ccnIaxLM.s:80     .text.DMA2_Stream7_IRQHandler:0000000c $d
C:\Users\Patryk\AppData\Local\Temp\ccnIaxLM.s:85     .text.DMA2_Stream4_IRQHandler:00000000 $t
C:\Users\Patryk\AppData\Local\Temp\ccnIaxLM.s:92     .text.DMA2_Stream4_IRQHandler:00000000 DMA2_Stream4_IRQHandler
C:\Users\Patryk\AppData\Local\Temp\ccnIaxLM.s:113    .text.DMA2_Stream4_IRQHandler:0000000c $d
C:\Users\Patryk\AppData\Local\Temp\ccnIaxLM.s:118    .text.NMI_Handler:00000000 $t
C:\Users\Patryk\AppData\Local\Temp\ccnIaxLM.s:125    .text.NMI_Handler:00000000 NMI_Handler
C:\Users\Patryk\AppData\Local\Temp\ccnIaxLM.s:138    .text.HardFault_Handler:00000000 $t
C:\Users\Patryk\AppData\Local\Temp\ccnIaxLM.s:145    .text.HardFault_Handler:00000000 HardFault_Handler
C:\Users\Patryk\AppData\Local\Temp\ccnIaxLM.s:159    .text.MemManage_Handler:00000000 $t
C:\Users\Patryk\AppData\Local\Temp\ccnIaxLM.s:166    .text.MemManage_Handler:00000000 MemManage_Handler
C:\Users\Patryk\AppData\Local\Temp\ccnIaxLM.s:180    .text.BusFault_Handler:00000000 $t
C:\Users\Patryk\AppData\Local\Temp\ccnIaxLM.s:187    .text.BusFault_Handler:00000000 BusFault_Handler
C:\Users\Patryk\AppData\Local\Temp\ccnIaxLM.s:201    .text.UsageFault_Handler:00000000 $t
C:\Users\Patryk\AppData\Local\Temp\ccnIaxLM.s:208    .text.UsageFault_Handler:00000000 UsageFault_Handler
C:\Users\Patryk\AppData\Local\Temp\ccnIaxLM.s:222    .text.DebugMon_Handler:00000000 $t
C:\Users\Patryk\AppData\Local\Temp\ccnIaxLM.s:229    .text.DebugMon_Handler:00000000 DebugMon_Handler
C:\Users\Patryk\AppData\Local\Temp\ccnIaxLM.s:242    .text.SysTick_Handler:00000000 $t
C:\Users\Patryk\AppData\Local\Temp\ccnIaxLM.s:249    .text.SysTick_Handler:00000000 SysTick_Handler
C:\Users\Patryk\AppData\Local\Temp\ccnIaxLM.s:269    .text.TIM6_DAC_IRQHandler:00000000 $t
C:\Users\Patryk\AppData\Local\Temp\ccnIaxLM.s:276    .text.TIM6_DAC_IRQHandler:00000000 TIM6_DAC_IRQHandler
C:\Users\Patryk\AppData\Local\Temp\ccnIaxLM.s:296    .text.TIM6_DAC_IRQHandler:0000000c $d
C:\Users\Patryk\AppData\Local\Temp\ccnIaxLM.s:301    .text.ETH_IRQHandler:00000000 $t
C:\Users\Patryk\AppData\Local\Temp\ccnIaxLM.s:308    .text.ETH_IRQHandler:00000000 ETH_IRQHandler
C:\Users\Patryk\AppData\Local\Temp\ccnIaxLM.s:321    .text.OTG_FS_IRQHandler:00000000 $t
C:\Users\Patryk\AppData\Local\Temp\ccnIaxLM.s:328    .text.OTG_FS_IRQHandler:00000000 OTG_FS_IRQHandler
C:\Users\Patryk\AppData\Local\Temp\ccnIaxLM.s:348    .text.OTG_FS_IRQHandler:0000000c $d
C:\Users\Patryk\AppData\Local\Temp\ccnIaxLM.s:353    .text.LTDC_IRQHandler:00000000 $t
C:\Users\Patryk\AppData\Local\Temp\ccnIaxLM.s:360    .text.LTDC_IRQHandler:00000000 LTDC_IRQHandler
C:\Users\Patryk\AppData\Local\Temp\ccnIaxLM.s:380    .text.LTDC_IRQHandler:0000000c $d
C:\Users\Patryk\AppData\Local\Temp\ccnIaxLM.s:385    .text.DMA2D_IRQHandler:00000000 $t
C:\Users\Patryk\AppData\Local\Temp\ccnIaxLM.s:392    .text.DMA2D_IRQHandler:00000000 DMA2D_IRQHandler
C:\Users\Patryk\AppData\Local\Temp\ccnIaxLM.s:412    .text.DMA2D_IRQHandler:0000000c $d
C:\Users\Patryk\AppData\Local\Temp\ccnIaxLM.s:417    .rodata.HL_Default_Handler.str1.4:00000000 $d

UNDEFINED SYMBOLS
xprintf
HAL_DMA_IRQHandler
haudio_in_sai
haudio_out_sai
osSystickHandler
HAL_TIM_IRQHandler
htim6
HAL_HCD_IRQHandler
hhcd_USB_OTG_FS
HAL_LTDC_IRQHandler
hltdc
HAL_DMA2D_IRQHandler
hdma2d
