ARM GAS  C:\Users\milek\AppData\Local\Temp\ccq1w5oa.s 			page 1


   1              		.cpu cortex-m7
   2              		.eabi_attribute 27, 1
   3              		.eabi_attribute 28, 1
   4              		.eabi_attribute 20, 1
   5              		.eabi_attribute 21, 1
   6              		.eabi_attribute 23, 3
   7              		.eabi_attribute 24, 1
   8              		.eabi_attribute 25, 1
   9              		.eabi_attribute 26, 1
  10              		.eabi_attribute 30, 1
  11              		.eabi_attribute 34, 1
  12              		.eabi_attribute 18, 4
  13              		.file	"stm32746g_discovery_sdram.c"
  14              		.text
  15              	.Ltext0:
  16              		.cfi_sections	.debug_frame
  17              		.section	.text.BSP_SDRAM_Initialization_sequence,"ax",%progbits
  18              		.align	1
  19              		.global	BSP_SDRAM_Initialization_sequence
  20              		.syntax unified
  21              		.thumb
  22              		.thumb_func
  23              		.fpu fpv5-sp-d16
  25              	BSP_SDRAM_Initialization_sequence:
  26              	.LFB140:
  27              		.file 1 "Drivers/BSP/STM32746G-Discovery/stm32746g_discovery_sdram.c"
   1:Drivers/BSP/STM32746G-Discovery/stm32746g_discovery_sdram.c **** /**
   2:Drivers/BSP/STM32746G-Discovery/stm32746g_discovery_sdram.c ****   ******************************************************************************
   3:Drivers/BSP/STM32746G-Discovery/stm32746g_discovery_sdram.c ****   * @file    stm32746g_discovery_sdram.c
   4:Drivers/BSP/STM32746G-Discovery/stm32746g_discovery_sdram.c ****   * @author  MCD Application Team
   5:Drivers/BSP/STM32746G-Discovery/stm32746g_discovery_sdram.c ****   * @brief   This file includes the SDRAM driver for the MT48LC4M32B2B5-7 memory 
   6:Drivers/BSP/STM32746G-Discovery/stm32746g_discovery_sdram.c ****   *          device mounted on STM32746G-Discovery board.
   7:Drivers/BSP/STM32746G-Discovery/stm32746g_discovery_sdram.c ****   @verbatim
   8:Drivers/BSP/STM32746G-Discovery/stm32746g_discovery_sdram.c ****    1. How To use this driver:
   9:Drivers/BSP/STM32746G-Discovery/stm32746g_discovery_sdram.c ****    --------------------------
  10:Drivers/BSP/STM32746G-Discovery/stm32746g_discovery_sdram.c ****       - This driver is used to drive the MT48LC4M32B2B5-7 SDRAM external memory mounted
  11:Drivers/BSP/STM32746G-Discovery/stm32746g_discovery_sdram.c ****         on STM32746G-Discovery board.
  12:Drivers/BSP/STM32746G-Discovery/stm32746g_discovery_sdram.c ****       - This driver does not need a specific component driver for the SDRAM device
  13:Drivers/BSP/STM32746G-Discovery/stm32746g_discovery_sdram.c ****         to be included with.
  14:Drivers/BSP/STM32746G-Discovery/stm32746g_discovery_sdram.c ****    
  15:Drivers/BSP/STM32746G-Discovery/stm32746g_discovery_sdram.c ****    2. Driver description:
  16:Drivers/BSP/STM32746G-Discovery/stm32746g_discovery_sdram.c ****    ---------------------
  17:Drivers/BSP/STM32746G-Discovery/stm32746g_discovery_sdram.c ****      + Initialization steps:
  18:Drivers/BSP/STM32746G-Discovery/stm32746g_discovery_sdram.c ****         o Initialize the SDRAM external memory using the BSP_SDRAM_Init() function. This 
  19:Drivers/BSP/STM32746G-Discovery/stm32746g_discovery_sdram.c ****           function includes the MSP layer hardware resources initialization and the
  20:Drivers/BSP/STM32746G-Discovery/stm32746g_discovery_sdram.c ****           FMC controller configuration to interface with the external SDRAM memory.
  21:Drivers/BSP/STM32746G-Discovery/stm32746g_discovery_sdram.c ****         o It contains the SDRAM initialization sequence to program the SDRAM external 
  22:Drivers/BSP/STM32746G-Discovery/stm32746g_discovery_sdram.c ****           device using the function BSP_SDRAM_Initialization_sequence(). Note that this 
  23:Drivers/BSP/STM32746G-Discovery/stm32746g_discovery_sdram.c ****           sequence is standard for all SDRAM devices, but can include some differences
  24:Drivers/BSP/STM32746G-Discovery/stm32746g_discovery_sdram.c ****           from a device to another. If it is the case, the right sequence should be 
  25:Drivers/BSP/STM32746G-Discovery/stm32746g_discovery_sdram.c ****           implemented separately.
  26:Drivers/BSP/STM32746G-Discovery/stm32746g_discovery_sdram.c ****      
  27:Drivers/BSP/STM32746G-Discovery/stm32746g_discovery_sdram.c ****      + SDRAM read/write operations
  28:Drivers/BSP/STM32746G-Discovery/stm32746g_discovery_sdram.c ****         o SDRAM external memory can be accessed with read/write operations once it is
  29:Drivers/BSP/STM32746G-Discovery/stm32746g_discovery_sdram.c ****           initialized.
  30:Drivers/BSP/STM32746G-Discovery/stm32746g_discovery_sdram.c ****           Read/write operation can be performed with AHB access using the functions
  31:Drivers/BSP/STM32746G-Discovery/stm32746g_discovery_sdram.c ****           BSP_SDRAM_ReadData()/BSP_SDRAM_WriteData(), or by DMA transfer using the functions
ARM GAS  C:\Users\milek\AppData\Local\Temp\ccq1w5oa.s 			page 2


  32:Drivers/BSP/STM32746G-Discovery/stm32746g_discovery_sdram.c ****           BSP_SDRAM_ReadData_DMA()/BSP_SDRAM_WriteData_DMA().
  33:Drivers/BSP/STM32746G-Discovery/stm32746g_discovery_sdram.c ****         o The AHB access is performed with 32-bit width transaction, the DMA transfer
  34:Drivers/BSP/STM32746G-Discovery/stm32746g_discovery_sdram.c ****           configuration is fixed at single (no burst) word transfer (see the 
  35:Drivers/BSP/STM32746G-Discovery/stm32746g_discovery_sdram.c ****           SDRAM_MspInit() static function).
  36:Drivers/BSP/STM32746G-Discovery/stm32746g_discovery_sdram.c ****         o User can implement his own functions for read/write access with his desired 
  37:Drivers/BSP/STM32746G-Discovery/stm32746g_discovery_sdram.c ****           configurations.
  38:Drivers/BSP/STM32746G-Discovery/stm32746g_discovery_sdram.c ****         o If interrupt mode is used for DMA transfer, the function BSP_SDRAM_DMA_IRQHandler()
  39:Drivers/BSP/STM32746G-Discovery/stm32746g_discovery_sdram.c ****           is called in IRQ handler file, to serve the generated interrupt once the DMA 
  40:Drivers/BSP/STM32746G-Discovery/stm32746g_discovery_sdram.c ****           transfer is complete.
  41:Drivers/BSP/STM32746G-Discovery/stm32746g_discovery_sdram.c ****         o You can send a command to the SDRAM device in runtime using the function 
  42:Drivers/BSP/STM32746G-Discovery/stm32746g_discovery_sdram.c ****           BSP_SDRAM_Sendcmd(), and giving the desired command as parameter chosen between 
  43:Drivers/BSP/STM32746G-Discovery/stm32746g_discovery_sdram.c ****           the predefined commands of the "FMC_SDRAM_CommandTypeDef" structure. 
  44:Drivers/BSP/STM32746G-Discovery/stm32746g_discovery_sdram.c ****  
  45:Drivers/BSP/STM32746G-Discovery/stm32746g_discovery_sdram.c ****   @endverbatim
  46:Drivers/BSP/STM32746G-Discovery/stm32746g_discovery_sdram.c ****   ******************************************************************************
  47:Drivers/BSP/STM32746G-Discovery/stm32746g_discovery_sdram.c ****   * @attention
  48:Drivers/BSP/STM32746G-Discovery/stm32746g_discovery_sdram.c ****   *
  49:Drivers/BSP/STM32746G-Discovery/stm32746g_discovery_sdram.c ****   * <h2><center>&copy; COPYRIGHT(c) 2016 STMicroelectronics</center></h2>
  50:Drivers/BSP/STM32746G-Discovery/stm32746g_discovery_sdram.c ****   *
  51:Drivers/BSP/STM32746G-Discovery/stm32746g_discovery_sdram.c ****   * Redistribution and use in source and binary forms, with or without modification,
  52:Drivers/BSP/STM32746G-Discovery/stm32746g_discovery_sdram.c ****   * are permitted provided that the following conditions are met:
  53:Drivers/BSP/STM32746G-Discovery/stm32746g_discovery_sdram.c ****   *   1. Redistributions of source code must retain the above copyright notice,
  54:Drivers/BSP/STM32746G-Discovery/stm32746g_discovery_sdram.c ****   *      this list of conditions and the following disclaimer.
  55:Drivers/BSP/STM32746G-Discovery/stm32746g_discovery_sdram.c ****   *   2. Redistributions in binary form must reproduce the above copyright notice,
  56:Drivers/BSP/STM32746G-Discovery/stm32746g_discovery_sdram.c ****   *      this list of conditions and the following disclaimer in the documentation
  57:Drivers/BSP/STM32746G-Discovery/stm32746g_discovery_sdram.c ****   *      and/or other materials provided with the distribution.
  58:Drivers/BSP/STM32746G-Discovery/stm32746g_discovery_sdram.c ****   *   3. Neither the name of STMicroelectronics nor the names of its contributors
  59:Drivers/BSP/STM32746G-Discovery/stm32746g_discovery_sdram.c ****   *      may be used to endorse or promote products derived from this software
  60:Drivers/BSP/STM32746G-Discovery/stm32746g_discovery_sdram.c ****   *      without specific prior written permission.
  61:Drivers/BSP/STM32746G-Discovery/stm32746g_discovery_sdram.c ****   *
  62:Drivers/BSP/STM32746G-Discovery/stm32746g_discovery_sdram.c ****   * THIS SOFTWARE IS PROVIDED BY THE COPYRIGHT HOLDERS AND CONTRIBUTORS "AS IS"
  63:Drivers/BSP/STM32746G-Discovery/stm32746g_discovery_sdram.c ****   * AND ANY EXPRESS OR IMPLIED WARRANTIES, INCLUDING, BUT NOT LIMITED TO, THE
  64:Drivers/BSP/STM32746G-Discovery/stm32746g_discovery_sdram.c ****   * IMPLIED WARRANTIES OF MERCHANTABILITY AND FITNESS FOR A PARTICULAR PURPOSE ARE
  65:Drivers/BSP/STM32746G-Discovery/stm32746g_discovery_sdram.c ****   * DISCLAIMED. IN NO EVENT SHALL THE COPYRIGHT HOLDER OR CONTRIBUTORS BE LIABLE
  66:Drivers/BSP/STM32746G-Discovery/stm32746g_discovery_sdram.c ****   * FOR ANY DIRECT, INDIRECT, INCIDENTAL, SPECIAL, EXEMPLARY, OR CONSEQUENTIAL
  67:Drivers/BSP/STM32746G-Discovery/stm32746g_discovery_sdram.c ****   * DAMAGES (INCLUDING, BUT NOT LIMITED TO, PROCUREMENT OF SUBSTITUTE GOODS OR
  68:Drivers/BSP/STM32746G-Discovery/stm32746g_discovery_sdram.c ****   * SERVICES; LOSS OF USE, DATA, OR PROFITS; OR BUSINESS INTERRUPTION) HOWEVER
  69:Drivers/BSP/STM32746G-Discovery/stm32746g_discovery_sdram.c ****   * CAUSED AND ON ANY THEORY OF LIABILITY, WHETHER IN CONTRACT, STRICT LIABILITY,
  70:Drivers/BSP/STM32746G-Discovery/stm32746g_discovery_sdram.c ****   * OR TORT (INCLUDING NEGLIGENCE OR OTHERWISE) ARISING IN ANY WAY OUT OF THE USE
  71:Drivers/BSP/STM32746G-Discovery/stm32746g_discovery_sdram.c ****   * OF THIS SOFTWARE, EVEN IF ADVISED OF THE POSSIBILITY OF SUCH DAMAGE.
  72:Drivers/BSP/STM32746G-Discovery/stm32746g_discovery_sdram.c ****   *
  73:Drivers/BSP/STM32746G-Discovery/stm32746g_discovery_sdram.c ****   ******************************************************************************
  74:Drivers/BSP/STM32746G-Discovery/stm32746g_discovery_sdram.c ****   */
  75:Drivers/BSP/STM32746G-Discovery/stm32746g_discovery_sdram.c **** 
  76:Drivers/BSP/STM32746G-Discovery/stm32746g_discovery_sdram.c **** /* Dependencies
  77:Drivers/BSP/STM32746G-Discovery/stm32746g_discovery_sdram.c **** - stm32f7xx_hal_sdram.c
  78:Drivers/BSP/STM32746G-Discovery/stm32746g_discovery_sdram.c **** - stm32f7xx_ll_fmc.c
  79:Drivers/BSP/STM32746G-Discovery/stm32746g_discovery_sdram.c **** - stm32f7xx_hal_dma.c  
  80:Drivers/BSP/STM32746G-Discovery/stm32746g_discovery_sdram.c **** - stm32f7xx_hal_gpio.c
  81:Drivers/BSP/STM32746G-Discovery/stm32746g_discovery_sdram.c **** - stm32f7xx_hal_cortex.c
  82:Drivers/BSP/STM32746G-Discovery/stm32746g_discovery_sdram.c **** - stm32f7xx_hal_rcc_ex.h
  83:Drivers/BSP/STM32746G-Discovery/stm32746g_discovery_sdram.c **** EndDependencies */
  84:Drivers/BSP/STM32746G-Discovery/stm32746g_discovery_sdram.c **** 
  85:Drivers/BSP/STM32746G-Discovery/stm32746g_discovery_sdram.c **** /* Includes ------------------------------------------------------------------*/
  86:Drivers/BSP/STM32746G-Discovery/stm32746g_discovery_sdram.c **** #include "stm32746g_discovery_sdram.h"
  87:Drivers/BSP/STM32746G-Discovery/stm32746g_discovery_sdram.c **** 
  88:Drivers/BSP/STM32746G-Discovery/stm32746g_discovery_sdram.c **** /** @addtogroup BSP
ARM GAS  C:\Users\milek\AppData\Local\Temp\ccq1w5oa.s 			page 3


  89:Drivers/BSP/STM32746G-Discovery/stm32746g_discovery_sdram.c ****   * @{
  90:Drivers/BSP/STM32746G-Discovery/stm32746g_discovery_sdram.c ****   */
  91:Drivers/BSP/STM32746G-Discovery/stm32746g_discovery_sdram.c **** 
  92:Drivers/BSP/STM32746G-Discovery/stm32746g_discovery_sdram.c **** /** @addtogroup STM32746G_DISCOVERY
  93:Drivers/BSP/STM32746G-Discovery/stm32746g_discovery_sdram.c ****   * @{
  94:Drivers/BSP/STM32746G-Discovery/stm32746g_discovery_sdram.c ****   */ 
  95:Drivers/BSP/STM32746G-Discovery/stm32746g_discovery_sdram.c ****   
  96:Drivers/BSP/STM32746G-Discovery/stm32746g_discovery_sdram.c **** /** @defgroup STM32746G_DISCOVERY_SDRAM STM32746G_DISCOVERY_SDRAM
  97:Drivers/BSP/STM32746G-Discovery/stm32746g_discovery_sdram.c ****   * @{
  98:Drivers/BSP/STM32746G-Discovery/stm32746g_discovery_sdram.c ****   */ 
  99:Drivers/BSP/STM32746G-Discovery/stm32746g_discovery_sdram.c **** 
 100:Drivers/BSP/STM32746G-Discovery/stm32746g_discovery_sdram.c **** /** @defgroup STM32746G_DISCOVERY_SDRAM_Private_Types_Definitions STM32746G_DISCOVERY_SDRAM Private
 101:Drivers/BSP/STM32746G-Discovery/stm32746g_discovery_sdram.c ****   * @{
 102:Drivers/BSP/STM32746G-Discovery/stm32746g_discovery_sdram.c ****   */ 
 103:Drivers/BSP/STM32746G-Discovery/stm32746g_discovery_sdram.c **** /**
 104:Drivers/BSP/STM32746G-Discovery/stm32746g_discovery_sdram.c ****   * @}
 105:Drivers/BSP/STM32746G-Discovery/stm32746g_discovery_sdram.c ****   */
 106:Drivers/BSP/STM32746G-Discovery/stm32746g_discovery_sdram.c **** 
 107:Drivers/BSP/STM32746G-Discovery/stm32746g_discovery_sdram.c **** /** @defgroup STM32746G_DISCOVERY_SDRAM_Private_Defines STM32746G_DISCOVERY_SDRAM Private Defines
 108:Drivers/BSP/STM32746G-Discovery/stm32746g_discovery_sdram.c ****   * @{
 109:Drivers/BSP/STM32746G-Discovery/stm32746g_discovery_sdram.c ****   */
 110:Drivers/BSP/STM32746G-Discovery/stm32746g_discovery_sdram.c **** /**
 111:Drivers/BSP/STM32746G-Discovery/stm32746g_discovery_sdram.c ****   * @}
 112:Drivers/BSP/STM32746G-Discovery/stm32746g_discovery_sdram.c ****   */
 113:Drivers/BSP/STM32746G-Discovery/stm32746g_discovery_sdram.c **** 
 114:Drivers/BSP/STM32746G-Discovery/stm32746g_discovery_sdram.c **** /** @defgroup STM32746G_DISCOVERY_SDRAM_Private_Macros STM32746G_DISCOVERY_SDRAM Private Macros
 115:Drivers/BSP/STM32746G-Discovery/stm32746g_discovery_sdram.c ****   * @{
 116:Drivers/BSP/STM32746G-Discovery/stm32746g_discovery_sdram.c ****   */  
 117:Drivers/BSP/STM32746G-Discovery/stm32746g_discovery_sdram.c **** /**
 118:Drivers/BSP/STM32746G-Discovery/stm32746g_discovery_sdram.c ****   * @}
 119:Drivers/BSP/STM32746G-Discovery/stm32746g_discovery_sdram.c ****   */
 120:Drivers/BSP/STM32746G-Discovery/stm32746g_discovery_sdram.c **** 
 121:Drivers/BSP/STM32746G-Discovery/stm32746g_discovery_sdram.c **** /** @defgroup STM32746G_DISCOVERY_SDRAM_Private_Variables STM32746G_DISCOVERY_SDRAM Private Variabl
 122:Drivers/BSP/STM32746G-Discovery/stm32746g_discovery_sdram.c ****   * @{
 123:Drivers/BSP/STM32746G-Discovery/stm32746g_discovery_sdram.c ****   */       
 124:Drivers/BSP/STM32746G-Discovery/stm32746g_discovery_sdram.c **** SDRAM_HandleTypeDef sdramHandle;
 125:Drivers/BSP/STM32746G-Discovery/stm32746g_discovery_sdram.c **** static FMC_SDRAM_TimingTypeDef Timing;
 126:Drivers/BSP/STM32746G-Discovery/stm32746g_discovery_sdram.c **** static FMC_SDRAM_CommandTypeDef Command;
 127:Drivers/BSP/STM32746G-Discovery/stm32746g_discovery_sdram.c **** /**
 128:Drivers/BSP/STM32746G-Discovery/stm32746g_discovery_sdram.c ****   * @}
 129:Drivers/BSP/STM32746G-Discovery/stm32746g_discovery_sdram.c ****   */ 
 130:Drivers/BSP/STM32746G-Discovery/stm32746g_discovery_sdram.c **** 
 131:Drivers/BSP/STM32746G-Discovery/stm32746g_discovery_sdram.c **** /** @defgroup STM32746G_DISCOVERY_SDRAM_Private_Function_Prototypes STM32746G_DISCOVERY_SDRAM Priva
 132:Drivers/BSP/STM32746G-Discovery/stm32746g_discovery_sdram.c ****   * @{
 133:Drivers/BSP/STM32746G-Discovery/stm32746g_discovery_sdram.c ****   */ 
 134:Drivers/BSP/STM32746G-Discovery/stm32746g_discovery_sdram.c **** /**
 135:Drivers/BSP/STM32746G-Discovery/stm32746g_discovery_sdram.c ****   * @}
 136:Drivers/BSP/STM32746G-Discovery/stm32746g_discovery_sdram.c ****   */
 137:Drivers/BSP/STM32746G-Discovery/stm32746g_discovery_sdram.c ****     
 138:Drivers/BSP/STM32746G-Discovery/stm32746g_discovery_sdram.c **** /** @defgroup STM32746G_DISCOVERY_SDRAM_Exported_Functions STM32746G_DISCOVERY_SDRAM Exported Funct
 139:Drivers/BSP/STM32746G-Discovery/stm32746g_discovery_sdram.c ****   * @{
 140:Drivers/BSP/STM32746G-Discovery/stm32746g_discovery_sdram.c ****   */ 
 141:Drivers/BSP/STM32746G-Discovery/stm32746g_discovery_sdram.c **** 
 142:Drivers/BSP/STM32746G-Discovery/stm32746g_discovery_sdram.c **** /**
 143:Drivers/BSP/STM32746G-Discovery/stm32746g_discovery_sdram.c ****   * @brief  Initializes the SDRAM device.
 144:Drivers/BSP/STM32746G-Discovery/stm32746g_discovery_sdram.c ****   * @retval SDRAM status
 145:Drivers/BSP/STM32746G-Discovery/stm32746g_discovery_sdram.c ****   */
ARM GAS  C:\Users\milek\AppData\Local\Temp\ccq1w5oa.s 			page 4


 146:Drivers/BSP/STM32746G-Discovery/stm32746g_discovery_sdram.c **** uint8_t BSP_SDRAM_Init(void)
 147:Drivers/BSP/STM32746G-Discovery/stm32746g_discovery_sdram.c **** { 
 148:Drivers/BSP/STM32746G-Discovery/stm32746g_discovery_sdram.c ****   static uint8_t sdramstatus = SDRAM_ERROR;
 149:Drivers/BSP/STM32746G-Discovery/stm32746g_discovery_sdram.c ****   /* SDRAM device configuration */
 150:Drivers/BSP/STM32746G-Discovery/stm32746g_discovery_sdram.c ****   sdramHandle.Instance = FMC_SDRAM_DEVICE;
 151:Drivers/BSP/STM32746G-Discovery/stm32746g_discovery_sdram.c ****     
 152:Drivers/BSP/STM32746G-Discovery/stm32746g_discovery_sdram.c ****   /* Timing configuration for 100Mhz as SD clock frequency (System clock is up to 200Mhz) */
 153:Drivers/BSP/STM32746G-Discovery/stm32746g_discovery_sdram.c ****   Timing.LoadToActiveDelay    = 2;
 154:Drivers/BSP/STM32746G-Discovery/stm32746g_discovery_sdram.c ****   Timing.ExitSelfRefreshDelay = 7;
 155:Drivers/BSP/STM32746G-Discovery/stm32746g_discovery_sdram.c ****   Timing.SelfRefreshTime      = 4;
 156:Drivers/BSP/STM32746G-Discovery/stm32746g_discovery_sdram.c ****   Timing.RowCycleDelay        = 7;
 157:Drivers/BSP/STM32746G-Discovery/stm32746g_discovery_sdram.c ****   Timing.WriteRecoveryTime    = 2;
 158:Drivers/BSP/STM32746G-Discovery/stm32746g_discovery_sdram.c ****   Timing.RPDelay              = 2;
 159:Drivers/BSP/STM32746G-Discovery/stm32746g_discovery_sdram.c ****   Timing.RCDDelay             = 2;
 160:Drivers/BSP/STM32746G-Discovery/stm32746g_discovery_sdram.c ****   
 161:Drivers/BSP/STM32746G-Discovery/stm32746g_discovery_sdram.c ****   sdramHandle.Init.SDBank             = FMC_SDRAM_BANK1;
 162:Drivers/BSP/STM32746G-Discovery/stm32746g_discovery_sdram.c ****   sdramHandle.Init.ColumnBitsNumber   = FMC_SDRAM_COLUMN_BITS_NUM_8;
 163:Drivers/BSP/STM32746G-Discovery/stm32746g_discovery_sdram.c ****   sdramHandle.Init.RowBitsNumber      = FMC_SDRAM_ROW_BITS_NUM_12;
 164:Drivers/BSP/STM32746G-Discovery/stm32746g_discovery_sdram.c ****   sdramHandle.Init.MemoryDataWidth    = SDRAM_MEMORY_WIDTH;
 165:Drivers/BSP/STM32746G-Discovery/stm32746g_discovery_sdram.c ****   sdramHandle.Init.InternalBankNumber = FMC_SDRAM_INTERN_BANKS_NUM_4;
 166:Drivers/BSP/STM32746G-Discovery/stm32746g_discovery_sdram.c ****   sdramHandle.Init.CASLatency         = FMC_SDRAM_CAS_LATENCY_2;
 167:Drivers/BSP/STM32746G-Discovery/stm32746g_discovery_sdram.c ****   sdramHandle.Init.WriteProtection    = FMC_SDRAM_WRITE_PROTECTION_DISABLE;
 168:Drivers/BSP/STM32746G-Discovery/stm32746g_discovery_sdram.c ****   sdramHandle.Init.SDClockPeriod      = SDCLOCK_PERIOD;
 169:Drivers/BSP/STM32746G-Discovery/stm32746g_discovery_sdram.c ****   sdramHandle.Init.ReadBurst          = FMC_SDRAM_RBURST_ENABLE;
 170:Drivers/BSP/STM32746G-Discovery/stm32746g_discovery_sdram.c ****   sdramHandle.Init.ReadPipeDelay      = FMC_SDRAM_RPIPE_DELAY_0;
 171:Drivers/BSP/STM32746G-Discovery/stm32746g_discovery_sdram.c ****   
 172:Drivers/BSP/STM32746G-Discovery/stm32746g_discovery_sdram.c ****   /* SDRAM controller initialization */
 173:Drivers/BSP/STM32746G-Discovery/stm32746g_discovery_sdram.c **** 
 174:Drivers/BSP/STM32746G-Discovery/stm32746g_discovery_sdram.c ****   BSP_SDRAM_MspInit(&sdramHandle, NULL); /* __weak function can be rewritten by the application */
 175:Drivers/BSP/STM32746G-Discovery/stm32746g_discovery_sdram.c **** 
 176:Drivers/BSP/STM32746G-Discovery/stm32746g_discovery_sdram.c ****   if(HAL_SDRAM_Init(&sdramHandle, &Timing) != HAL_OK)
 177:Drivers/BSP/STM32746G-Discovery/stm32746g_discovery_sdram.c ****   {
 178:Drivers/BSP/STM32746G-Discovery/stm32746g_discovery_sdram.c ****     sdramstatus = SDRAM_ERROR;
 179:Drivers/BSP/STM32746G-Discovery/stm32746g_discovery_sdram.c ****   }
 180:Drivers/BSP/STM32746G-Discovery/stm32746g_discovery_sdram.c ****   else
 181:Drivers/BSP/STM32746G-Discovery/stm32746g_discovery_sdram.c ****   {
 182:Drivers/BSP/STM32746G-Discovery/stm32746g_discovery_sdram.c ****     sdramstatus = SDRAM_OK;
 183:Drivers/BSP/STM32746G-Discovery/stm32746g_discovery_sdram.c ****   }
 184:Drivers/BSP/STM32746G-Discovery/stm32746g_discovery_sdram.c ****   
 185:Drivers/BSP/STM32746G-Discovery/stm32746g_discovery_sdram.c ****   /* SDRAM initialization sequence */
 186:Drivers/BSP/STM32746G-Discovery/stm32746g_discovery_sdram.c ****   BSP_SDRAM_Initialization_sequence(REFRESH_COUNT);
 187:Drivers/BSP/STM32746G-Discovery/stm32746g_discovery_sdram.c ****   
 188:Drivers/BSP/STM32746G-Discovery/stm32746g_discovery_sdram.c ****   return sdramstatus;
 189:Drivers/BSP/STM32746G-Discovery/stm32746g_discovery_sdram.c **** }
 190:Drivers/BSP/STM32746G-Discovery/stm32746g_discovery_sdram.c **** 
 191:Drivers/BSP/STM32746G-Discovery/stm32746g_discovery_sdram.c **** /**
 192:Drivers/BSP/STM32746G-Discovery/stm32746g_discovery_sdram.c ****   * @brief  DeInitializes the SDRAM device.
 193:Drivers/BSP/STM32746G-Discovery/stm32746g_discovery_sdram.c ****   * @retval SDRAM status
 194:Drivers/BSP/STM32746G-Discovery/stm32746g_discovery_sdram.c ****   */
 195:Drivers/BSP/STM32746G-Discovery/stm32746g_discovery_sdram.c **** uint8_t BSP_SDRAM_DeInit(void)
 196:Drivers/BSP/STM32746G-Discovery/stm32746g_discovery_sdram.c **** { 
 197:Drivers/BSP/STM32746G-Discovery/stm32746g_discovery_sdram.c ****   static uint8_t sdramstatus = SDRAM_ERROR;
 198:Drivers/BSP/STM32746G-Discovery/stm32746g_discovery_sdram.c ****   /* SDRAM device de-initialization */
 199:Drivers/BSP/STM32746G-Discovery/stm32746g_discovery_sdram.c ****   sdramHandle.Instance = FMC_SDRAM_DEVICE;
 200:Drivers/BSP/STM32746G-Discovery/stm32746g_discovery_sdram.c **** 
 201:Drivers/BSP/STM32746G-Discovery/stm32746g_discovery_sdram.c ****   if(HAL_SDRAM_DeInit(&sdramHandle) != HAL_OK)
 202:Drivers/BSP/STM32746G-Discovery/stm32746g_discovery_sdram.c ****   {
ARM GAS  C:\Users\milek\AppData\Local\Temp\ccq1w5oa.s 			page 5


 203:Drivers/BSP/STM32746G-Discovery/stm32746g_discovery_sdram.c ****     sdramstatus = SDRAM_ERROR;
 204:Drivers/BSP/STM32746G-Discovery/stm32746g_discovery_sdram.c ****   }
 205:Drivers/BSP/STM32746G-Discovery/stm32746g_discovery_sdram.c ****   else
 206:Drivers/BSP/STM32746G-Discovery/stm32746g_discovery_sdram.c ****   {
 207:Drivers/BSP/STM32746G-Discovery/stm32746g_discovery_sdram.c ****     sdramstatus = SDRAM_OK;
 208:Drivers/BSP/STM32746G-Discovery/stm32746g_discovery_sdram.c ****   }
 209:Drivers/BSP/STM32746G-Discovery/stm32746g_discovery_sdram.c ****   
 210:Drivers/BSP/STM32746G-Discovery/stm32746g_discovery_sdram.c ****   /* SDRAM controller de-initialization */
 211:Drivers/BSP/STM32746G-Discovery/stm32746g_discovery_sdram.c ****   BSP_SDRAM_MspDeInit(&sdramHandle, NULL);
 212:Drivers/BSP/STM32746G-Discovery/stm32746g_discovery_sdram.c ****   
 213:Drivers/BSP/STM32746G-Discovery/stm32746g_discovery_sdram.c ****   return sdramstatus;
 214:Drivers/BSP/STM32746G-Discovery/stm32746g_discovery_sdram.c **** }
 215:Drivers/BSP/STM32746G-Discovery/stm32746g_discovery_sdram.c **** 
 216:Drivers/BSP/STM32746G-Discovery/stm32746g_discovery_sdram.c **** /**
 217:Drivers/BSP/STM32746G-Discovery/stm32746g_discovery_sdram.c ****   * @brief  Programs the SDRAM device.
 218:Drivers/BSP/STM32746G-Discovery/stm32746g_discovery_sdram.c ****   * @param  RefreshCount: SDRAM refresh counter value 
 219:Drivers/BSP/STM32746G-Discovery/stm32746g_discovery_sdram.c ****   * @retval None
 220:Drivers/BSP/STM32746G-Discovery/stm32746g_discovery_sdram.c ****   */
 221:Drivers/BSP/STM32746G-Discovery/stm32746g_discovery_sdram.c **** void BSP_SDRAM_Initialization_sequence(uint32_t RefreshCount)
 222:Drivers/BSP/STM32746G-Discovery/stm32746g_discovery_sdram.c **** {
  28              		.loc 1 222 0
  29              		.cfi_startproc
  30              		@ args = 0, pretend = 0, frame = 8
  31              		@ frame_needed = 0, uses_anonymous_args = 0
  32              	.LVL0:
  33 0000 2DE9F043 		push	{r4, r5, r6, r7, r8, r9, lr}
  34              	.LCFI0:
  35              		.cfi_def_cfa_offset 28
  36              		.cfi_offset 4, -28
  37              		.cfi_offset 5, -24
  38              		.cfi_offset 6, -20
  39              		.cfi_offset 7, -16
  40              		.cfi_offset 8, -12
  41              		.cfi_offset 9, -8
  42              		.cfi_offset 14, -4
  43 0004 83B0     		sub	sp, sp, #12
  44              	.LCFI1:
  45              		.cfi_def_cfa_offset 40
  46 0006 8146     		mov	r9, r0
 223:Drivers/BSP/STM32746G-Discovery/stm32746g_discovery_sdram.c ****   __IO uint32_t tmpmrd = 0;
  47              		.loc 1 223 0
  48 0008 4FF00008 		mov	r8, #0
  49 000c CDF80480 		str	r8, [sp, #4]
 224:Drivers/BSP/STM32746G-Discovery/stm32746g_discovery_sdram.c ****   
 225:Drivers/BSP/STM32746G-Discovery/stm32746g_discovery_sdram.c ****   /* Step 1: Configure a clock configuration enable command */
 226:Drivers/BSP/STM32746G-Discovery/stm32746g_discovery_sdram.c ****   Command.CommandMode            = FMC_SDRAM_CMD_CLK_ENABLE;
  50              		.loc 1 226 0
  51 0010 204C     		ldr	r4, .L3
  52 0012 0126     		movs	r6, #1
  53 0014 2660     		str	r6, [r4]
 227:Drivers/BSP/STM32746G-Discovery/stm32746g_discovery_sdram.c ****   Command.CommandTarget          = FMC_SDRAM_CMD_TARGET_BANK1;
  54              		.loc 1 227 0
  55 0016 1027     		movs	r7, #16
  56 0018 6760     		str	r7, [r4, #4]
 228:Drivers/BSP/STM32746G-Discovery/stm32746g_discovery_sdram.c ****   Command.AutoRefreshNumber      = 1;
  57              		.loc 1 228 0
  58 001a A660     		str	r6, [r4, #8]
ARM GAS  C:\Users\milek\AppData\Local\Temp\ccq1w5oa.s 			page 6


 229:Drivers/BSP/STM32746G-Discovery/stm32746g_discovery_sdram.c ****   Command.ModeRegisterDefinition = 0;
  59              		.loc 1 229 0
  60 001c C4F80C80 		str	r8, [r4, #12]
 230:Drivers/BSP/STM32746G-Discovery/stm32746g_discovery_sdram.c **** 
 231:Drivers/BSP/STM32746G-Discovery/stm32746g_discovery_sdram.c ****   /* Send the command */
 232:Drivers/BSP/STM32746G-Discovery/stm32746g_discovery_sdram.c ****   HAL_SDRAM_SendCommand(&sdramHandle, &Command, SDRAM_TIMEOUT);
  61              		.loc 1 232 0
  62 0020 1D4D     		ldr	r5, .L3+4
  63 0022 4FF6FF72 		movw	r2, #65535
  64 0026 2146     		mov	r1, r4
  65 0028 2846     		mov	r0, r5
  66              	.LVL1:
  67 002a FFF7FEFF 		bl	HAL_SDRAM_SendCommand
  68              	.LVL2:
 233:Drivers/BSP/STM32746G-Discovery/stm32746g_discovery_sdram.c **** 
 234:Drivers/BSP/STM32746G-Discovery/stm32746g_discovery_sdram.c ****   /* Step 2: Insert 100 us minimum delay */ 
 235:Drivers/BSP/STM32746G-Discovery/stm32746g_discovery_sdram.c ****   /* Inserted delay is equal to 1 ms due to systick time base unit (ms) */
 236:Drivers/BSP/STM32746G-Discovery/stm32746g_discovery_sdram.c ****   HAL_Delay(1);
  69              		.loc 1 236 0
  70 002e 3046     		mov	r0, r6
  71 0030 FFF7FEFF 		bl	HAL_Delay
  72              	.LVL3:
 237:Drivers/BSP/STM32746G-Discovery/stm32746g_discovery_sdram.c ****     
 238:Drivers/BSP/STM32746G-Discovery/stm32746g_discovery_sdram.c ****   /* Step 3: Configure a PALL (precharge all) command */ 
 239:Drivers/BSP/STM32746G-Discovery/stm32746g_discovery_sdram.c ****   Command.CommandMode            = FMC_SDRAM_CMD_PALL;
  73              		.loc 1 239 0
  74 0034 0223     		movs	r3, #2
  75 0036 2360     		str	r3, [r4]
 240:Drivers/BSP/STM32746G-Discovery/stm32746g_discovery_sdram.c ****   Command.CommandTarget          = FMC_SDRAM_CMD_TARGET_BANK1;
  76              		.loc 1 240 0
  77 0038 6760     		str	r7, [r4, #4]
 241:Drivers/BSP/STM32746G-Discovery/stm32746g_discovery_sdram.c ****   Command.AutoRefreshNumber      = 1;
  78              		.loc 1 241 0
  79 003a A660     		str	r6, [r4, #8]
 242:Drivers/BSP/STM32746G-Discovery/stm32746g_discovery_sdram.c ****   Command.ModeRegisterDefinition = 0;
  80              		.loc 1 242 0
  81 003c C4F80C80 		str	r8, [r4, #12]
 243:Drivers/BSP/STM32746G-Discovery/stm32746g_discovery_sdram.c **** 
 244:Drivers/BSP/STM32746G-Discovery/stm32746g_discovery_sdram.c ****   /* Send the command */
 245:Drivers/BSP/STM32746G-Discovery/stm32746g_discovery_sdram.c ****   HAL_SDRAM_SendCommand(&sdramHandle, &Command, SDRAM_TIMEOUT);  
  82              		.loc 1 245 0
  83 0040 4FF6FF72 		movw	r2, #65535
  84 0044 2146     		mov	r1, r4
  85 0046 2846     		mov	r0, r5
  86 0048 FFF7FEFF 		bl	HAL_SDRAM_SendCommand
  87              	.LVL4:
 246:Drivers/BSP/STM32746G-Discovery/stm32746g_discovery_sdram.c ****   
 247:Drivers/BSP/STM32746G-Discovery/stm32746g_discovery_sdram.c ****   /* Step 4: Configure an Auto Refresh command */ 
 248:Drivers/BSP/STM32746G-Discovery/stm32746g_discovery_sdram.c ****   Command.CommandMode            = FMC_SDRAM_CMD_AUTOREFRESH_MODE;
  88              		.loc 1 248 0
  89 004c 0323     		movs	r3, #3
  90 004e 2360     		str	r3, [r4]
 249:Drivers/BSP/STM32746G-Discovery/stm32746g_discovery_sdram.c ****   Command.CommandTarget          = FMC_SDRAM_CMD_TARGET_BANK1;
  91              		.loc 1 249 0
  92 0050 6760     		str	r7, [r4, #4]
 250:Drivers/BSP/STM32746G-Discovery/stm32746g_discovery_sdram.c ****   Command.AutoRefreshNumber      = 8;
  93              		.loc 1 250 0
ARM GAS  C:\Users\milek\AppData\Local\Temp\ccq1w5oa.s 			page 7


  94 0052 0823     		movs	r3, #8
  95 0054 A360     		str	r3, [r4, #8]
 251:Drivers/BSP/STM32746G-Discovery/stm32746g_discovery_sdram.c ****   Command.ModeRegisterDefinition = 0;
  96              		.loc 1 251 0
  97 0056 C4F80C80 		str	r8, [r4, #12]
 252:Drivers/BSP/STM32746G-Discovery/stm32746g_discovery_sdram.c **** 
 253:Drivers/BSP/STM32746G-Discovery/stm32746g_discovery_sdram.c ****   /* Send the command */
 254:Drivers/BSP/STM32746G-Discovery/stm32746g_discovery_sdram.c ****   HAL_SDRAM_SendCommand(&sdramHandle, &Command, SDRAM_TIMEOUT);
  98              		.loc 1 254 0
  99 005a 4FF6FF72 		movw	r2, #65535
 100 005e 2146     		mov	r1, r4
 101 0060 2846     		mov	r0, r5
 102 0062 FFF7FEFF 		bl	HAL_SDRAM_SendCommand
 103              	.LVL5:
 255:Drivers/BSP/STM32746G-Discovery/stm32746g_discovery_sdram.c ****   
 256:Drivers/BSP/STM32746G-Discovery/stm32746g_discovery_sdram.c ****   /* Step 5: Program the external memory mode register */
 257:Drivers/BSP/STM32746G-Discovery/stm32746g_discovery_sdram.c ****   tmpmrd = (uint32_t)SDRAM_MODEREG_BURST_LENGTH_1          |\
 104              		.loc 1 257 0
 105 0066 4FF40873 		mov	r3, #544
 106 006a 0193     		str	r3, [sp, #4]
 258:Drivers/BSP/STM32746G-Discovery/stm32746g_discovery_sdram.c ****                      SDRAM_MODEREG_BURST_TYPE_SEQUENTIAL   |\
 259:Drivers/BSP/STM32746G-Discovery/stm32746g_discovery_sdram.c ****                      SDRAM_MODEREG_CAS_LATENCY_2           |\
 260:Drivers/BSP/STM32746G-Discovery/stm32746g_discovery_sdram.c ****                      SDRAM_MODEREG_OPERATING_MODE_STANDARD |\
 261:Drivers/BSP/STM32746G-Discovery/stm32746g_discovery_sdram.c ****                      SDRAM_MODEREG_WRITEBURST_MODE_SINGLE;
 262:Drivers/BSP/STM32746G-Discovery/stm32746g_discovery_sdram.c ****   
 263:Drivers/BSP/STM32746G-Discovery/stm32746g_discovery_sdram.c ****   Command.CommandMode            = FMC_SDRAM_CMD_LOAD_MODE;
 107              		.loc 1 263 0
 108 006c 0423     		movs	r3, #4
 109 006e 2360     		str	r3, [r4]
 264:Drivers/BSP/STM32746G-Discovery/stm32746g_discovery_sdram.c ****   Command.CommandTarget          = FMC_SDRAM_CMD_TARGET_BANK1;
 110              		.loc 1 264 0
 111 0070 6760     		str	r7, [r4, #4]
 265:Drivers/BSP/STM32746G-Discovery/stm32746g_discovery_sdram.c ****   Command.AutoRefreshNumber      = 1;
 112              		.loc 1 265 0
 113 0072 A660     		str	r6, [r4, #8]
 266:Drivers/BSP/STM32746G-Discovery/stm32746g_discovery_sdram.c ****   Command.ModeRegisterDefinition = tmpmrd;
 114              		.loc 1 266 0
 115 0074 019B     		ldr	r3, [sp, #4]
 116 0076 E360     		str	r3, [r4, #12]
 267:Drivers/BSP/STM32746G-Discovery/stm32746g_discovery_sdram.c **** 
 268:Drivers/BSP/STM32746G-Discovery/stm32746g_discovery_sdram.c ****   /* Send the command */
 269:Drivers/BSP/STM32746G-Discovery/stm32746g_discovery_sdram.c ****   HAL_SDRAM_SendCommand(&sdramHandle, &Command, SDRAM_TIMEOUT);
 117              		.loc 1 269 0
 118 0078 4FF6FF72 		movw	r2, #65535
 119 007c 2146     		mov	r1, r4
 120 007e 2846     		mov	r0, r5
 121 0080 FFF7FEFF 		bl	HAL_SDRAM_SendCommand
 122              	.LVL6:
 270:Drivers/BSP/STM32746G-Discovery/stm32746g_discovery_sdram.c ****   
 271:Drivers/BSP/STM32746G-Discovery/stm32746g_discovery_sdram.c ****   /* Step 6: Set the refresh rate counter */
 272:Drivers/BSP/STM32746G-Discovery/stm32746g_discovery_sdram.c ****   /* Set the device refresh rate */
 273:Drivers/BSP/STM32746G-Discovery/stm32746g_discovery_sdram.c ****   HAL_SDRAM_ProgramRefreshRate(&sdramHandle, RefreshCount); 
 123              		.loc 1 273 0
 124 0084 4946     		mov	r1, r9
 125 0086 2846     		mov	r0, r5
 126 0088 FFF7FEFF 		bl	HAL_SDRAM_ProgramRefreshRate
 127              	.LVL7:
ARM GAS  C:\Users\milek\AppData\Local\Temp\ccq1w5oa.s 			page 8


 274:Drivers/BSP/STM32746G-Discovery/stm32746g_discovery_sdram.c **** }
 128              		.loc 1 274 0
 129 008c 03B0     		add	sp, sp, #12
 130              	.LCFI2:
 131              		.cfi_def_cfa_offset 28
 132              		@ sp needed
 133 008e BDE8F083 		pop	{r4, r5, r6, r7, r8, r9, pc}
 134              	.LVL8:
 135              	.L4:
 136 0092 00BF     		.align	2
 137              	.L3:
 138 0094 00000000 		.word	.LANCHOR0
 139 0098 00000000 		.word	sdramHandle
 140              		.cfi_endproc
 141              	.LFE140:
 143              		.section	.text.BSP_SDRAM_ReadData,"ax",%progbits
 144              		.align	1
 145              		.global	BSP_SDRAM_ReadData
 146              		.syntax unified
 147              		.thumb
 148              		.thumb_func
 149              		.fpu fpv5-sp-d16
 151              	BSP_SDRAM_ReadData:
 152              	.LFB141:
 275:Drivers/BSP/STM32746G-Discovery/stm32746g_discovery_sdram.c **** 
 276:Drivers/BSP/STM32746G-Discovery/stm32746g_discovery_sdram.c **** /**
 277:Drivers/BSP/STM32746G-Discovery/stm32746g_discovery_sdram.c ****   * @brief  Reads an amount of data from the SDRAM memory in polling mode.
 278:Drivers/BSP/STM32746G-Discovery/stm32746g_discovery_sdram.c ****   * @param  uwStartAddress: Read start address
 279:Drivers/BSP/STM32746G-Discovery/stm32746g_discovery_sdram.c ****   * @param  pData: Pointer to data to be read  
 280:Drivers/BSP/STM32746G-Discovery/stm32746g_discovery_sdram.c ****   * @param  uwDataSize: Size of read data from the memory
 281:Drivers/BSP/STM32746G-Discovery/stm32746g_discovery_sdram.c ****   * @retval SDRAM status
 282:Drivers/BSP/STM32746G-Discovery/stm32746g_discovery_sdram.c ****   */
 283:Drivers/BSP/STM32746G-Discovery/stm32746g_discovery_sdram.c **** uint8_t BSP_SDRAM_ReadData(uint32_t uwStartAddress, uint32_t *pData, uint32_t uwDataSize)
 284:Drivers/BSP/STM32746G-Discovery/stm32746g_discovery_sdram.c **** {
 153              		.loc 1 284 0
 154              		.cfi_startproc
 155              		@ args = 0, pretend = 0, frame = 0
 156              		@ frame_needed = 0, uses_anonymous_args = 0
 157              	.LVL9:
 158 0000 08B5     		push	{r3, lr}
 159              	.LCFI3:
 160              		.cfi_def_cfa_offset 8
 161              		.cfi_offset 3, -8
 162              		.cfi_offset 14, -4
 285:Drivers/BSP/STM32746G-Discovery/stm32746g_discovery_sdram.c ****   if(HAL_SDRAM_Read_32b(&sdramHandle, (uint32_t *)uwStartAddress, pData, uwDataSize) != HAL_OK)
 163              		.loc 1 285 0
 164 0002 1346     		mov	r3, r2
 165 0004 0A46     		mov	r2, r1
 166              	.LVL10:
 167 0006 0146     		mov	r1, r0
 168              	.LVL11:
 169 0008 0348     		ldr	r0, .L10
 170              	.LVL12:
 171 000a FFF7FEFF 		bl	HAL_SDRAM_Read_32b
 172              	.LVL13:
 173 000e 08B9     		cbnz	r0, .L9
 286:Drivers/BSP/STM32746G-Discovery/stm32746g_discovery_sdram.c ****   {
ARM GAS  C:\Users\milek\AppData\Local\Temp\ccq1w5oa.s 			page 9


 287:Drivers/BSP/STM32746G-Discovery/stm32746g_discovery_sdram.c ****     return SDRAM_ERROR;
 288:Drivers/BSP/STM32746G-Discovery/stm32746g_discovery_sdram.c ****   }
 289:Drivers/BSP/STM32746G-Discovery/stm32746g_discovery_sdram.c ****   else
 290:Drivers/BSP/STM32746G-Discovery/stm32746g_discovery_sdram.c ****   {
 291:Drivers/BSP/STM32746G-Discovery/stm32746g_discovery_sdram.c ****     return SDRAM_OK;
 174              		.loc 1 291 0
 175 0010 0020     		movs	r0, #0
 176              	.L6:
 292:Drivers/BSP/STM32746G-Discovery/stm32746g_discovery_sdram.c ****   } 
 293:Drivers/BSP/STM32746G-Discovery/stm32746g_discovery_sdram.c **** }
 177              		.loc 1 293 0
 178 0012 08BD     		pop	{r3, pc}
 179              	.L9:
 287:Drivers/BSP/STM32746G-Discovery/stm32746g_discovery_sdram.c ****   }
 180              		.loc 1 287 0
 181 0014 0120     		movs	r0, #1
 182 0016 FCE7     		b	.L6
 183              	.L11:
 184              		.align	2
 185              	.L10:
 186 0018 00000000 		.word	sdramHandle
 187              		.cfi_endproc
 188              	.LFE141:
 190              		.section	.text.BSP_SDRAM_ReadData_DMA,"ax",%progbits
 191              		.align	1
 192              		.global	BSP_SDRAM_ReadData_DMA
 193              		.syntax unified
 194              		.thumb
 195              		.thumb_func
 196              		.fpu fpv5-sp-d16
 198              	BSP_SDRAM_ReadData_DMA:
 199              	.LFB142:
 294:Drivers/BSP/STM32746G-Discovery/stm32746g_discovery_sdram.c **** 
 295:Drivers/BSP/STM32746G-Discovery/stm32746g_discovery_sdram.c **** /**
 296:Drivers/BSP/STM32746G-Discovery/stm32746g_discovery_sdram.c ****   * @brief  Reads an amount of data from the SDRAM memory in DMA mode.
 297:Drivers/BSP/STM32746G-Discovery/stm32746g_discovery_sdram.c ****   * @param  uwStartAddress: Read start address
 298:Drivers/BSP/STM32746G-Discovery/stm32746g_discovery_sdram.c ****   * @param  pData: Pointer to data to be read  
 299:Drivers/BSP/STM32746G-Discovery/stm32746g_discovery_sdram.c ****   * @param  uwDataSize: Size of read data from the memory
 300:Drivers/BSP/STM32746G-Discovery/stm32746g_discovery_sdram.c ****   * @retval SDRAM status
 301:Drivers/BSP/STM32746G-Discovery/stm32746g_discovery_sdram.c ****   */
 302:Drivers/BSP/STM32746G-Discovery/stm32746g_discovery_sdram.c **** uint8_t BSP_SDRAM_ReadData_DMA(uint32_t uwStartAddress, uint32_t *pData, uint32_t uwDataSize)
 303:Drivers/BSP/STM32746G-Discovery/stm32746g_discovery_sdram.c **** {
 200              		.loc 1 303 0
 201              		.cfi_startproc
 202              		@ args = 0, pretend = 0, frame = 0
 203              		@ frame_needed = 0, uses_anonymous_args = 0
 204              	.LVL14:
 205 0000 08B5     		push	{r3, lr}
 206              	.LCFI4:
 207              		.cfi_def_cfa_offset 8
 208              		.cfi_offset 3, -8
 209              		.cfi_offset 14, -4
 304:Drivers/BSP/STM32746G-Discovery/stm32746g_discovery_sdram.c ****   if(HAL_SDRAM_Read_DMA(&sdramHandle, (uint32_t *)uwStartAddress, pData, uwDataSize) != HAL_OK)
 210              		.loc 1 304 0
 211 0002 1346     		mov	r3, r2
 212 0004 0A46     		mov	r2, r1
 213              	.LVL15:
ARM GAS  C:\Users\milek\AppData\Local\Temp\ccq1w5oa.s 			page 10


 214 0006 0146     		mov	r1, r0
 215              	.LVL16:
 216 0008 0348     		ldr	r0, .L17
 217              	.LVL17:
 218 000a FFF7FEFF 		bl	HAL_SDRAM_Read_DMA
 219              	.LVL18:
 220 000e 08B9     		cbnz	r0, .L16
 305:Drivers/BSP/STM32746G-Discovery/stm32746g_discovery_sdram.c ****   {
 306:Drivers/BSP/STM32746G-Discovery/stm32746g_discovery_sdram.c ****     return SDRAM_ERROR;
 307:Drivers/BSP/STM32746G-Discovery/stm32746g_discovery_sdram.c ****   }
 308:Drivers/BSP/STM32746G-Discovery/stm32746g_discovery_sdram.c ****   else
 309:Drivers/BSP/STM32746G-Discovery/stm32746g_discovery_sdram.c ****   {
 310:Drivers/BSP/STM32746G-Discovery/stm32746g_discovery_sdram.c ****     return SDRAM_OK;
 221              		.loc 1 310 0
 222 0010 0020     		movs	r0, #0
 223              	.L13:
 311:Drivers/BSP/STM32746G-Discovery/stm32746g_discovery_sdram.c ****   }     
 312:Drivers/BSP/STM32746G-Discovery/stm32746g_discovery_sdram.c **** }
 224              		.loc 1 312 0
 225 0012 08BD     		pop	{r3, pc}
 226              	.L16:
 306:Drivers/BSP/STM32746G-Discovery/stm32746g_discovery_sdram.c ****   }
 227              		.loc 1 306 0
 228 0014 0120     		movs	r0, #1
 229 0016 FCE7     		b	.L13
 230              	.L18:
 231              		.align	2
 232              	.L17:
 233 0018 00000000 		.word	sdramHandle
 234              		.cfi_endproc
 235              	.LFE142:
 237              		.section	.text.BSP_SDRAM_WriteData,"ax",%progbits
 238              		.align	1
 239              		.global	BSP_SDRAM_WriteData
 240              		.syntax unified
 241              		.thumb
 242              		.thumb_func
 243              		.fpu fpv5-sp-d16
 245              	BSP_SDRAM_WriteData:
 246              	.LFB143:
 313:Drivers/BSP/STM32746G-Discovery/stm32746g_discovery_sdram.c **** 
 314:Drivers/BSP/STM32746G-Discovery/stm32746g_discovery_sdram.c **** /**
 315:Drivers/BSP/STM32746G-Discovery/stm32746g_discovery_sdram.c ****   * @brief  Writes an amount of data to the SDRAM memory in polling mode.
 316:Drivers/BSP/STM32746G-Discovery/stm32746g_discovery_sdram.c ****   * @param  uwStartAddress: Write start address
 317:Drivers/BSP/STM32746G-Discovery/stm32746g_discovery_sdram.c ****   * @param  pData: Pointer to data to be written  
 318:Drivers/BSP/STM32746G-Discovery/stm32746g_discovery_sdram.c ****   * @param  uwDataSize: Size of written data from the memory
 319:Drivers/BSP/STM32746G-Discovery/stm32746g_discovery_sdram.c ****   * @retval SDRAM status
 320:Drivers/BSP/STM32746G-Discovery/stm32746g_discovery_sdram.c ****   */
 321:Drivers/BSP/STM32746G-Discovery/stm32746g_discovery_sdram.c **** uint8_t BSP_SDRAM_WriteData(uint32_t uwStartAddress, uint32_t *pData, uint32_t uwDataSize) 
 322:Drivers/BSP/STM32746G-Discovery/stm32746g_discovery_sdram.c **** {
 247              		.loc 1 322 0
 248              		.cfi_startproc
 249              		@ args = 0, pretend = 0, frame = 0
 250              		@ frame_needed = 0, uses_anonymous_args = 0
 251              	.LVL19:
 252 0000 08B5     		push	{r3, lr}
 253              	.LCFI5:
ARM GAS  C:\Users\milek\AppData\Local\Temp\ccq1w5oa.s 			page 11


 254              		.cfi_def_cfa_offset 8
 255              		.cfi_offset 3, -8
 256              		.cfi_offset 14, -4
 323:Drivers/BSP/STM32746G-Discovery/stm32746g_discovery_sdram.c ****   if(HAL_SDRAM_Write_32b(&sdramHandle, (uint32_t *)uwStartAddress, pData, uwDataSize) != HAL_OK)
 257              		.loc 1 323 0
 258 0002 1346     		mov	r3, r2
 259 0004 0A46     		mov	r2, r1
 260              	.LVL20:
 261 0006 0146     		mov	r1, r0
 262              	.LVL21:
 263 0008 0348     		ldr	r0, .L24
 264              	.LVL22:
 265 000a FFF7FEFF 		bl	HAL_SDRAM_Write_32b
 266              	.LVL23:
 267 000e 08B9     		cbnz	r0, .L23
 324:Drivers/BSP/STM32746G-Discovery/stm32746g_discovery_sdram.c ****   {
 325:Drivers/BSP/STM32746G-Discovery/stm32746g_discovery_sdram.c ****     return SDRAM_ERROR;
 326:Drivers/BSP/STM32746G-Discovery/stm32746g_discovery_sdram.c ****   }
 327:Drivers/BSP/STM32746G-Discovery/stm32746g_discovery_sdram.c ****   else
 328:Drivers/BSP/STM32746G-Discovery/stm32746g_discovery_sdram.c ****   {
 329:Drivers/BSP/STM32746G-Discovery/stm32746g_discovery_sdram.c ****     return SDRAM_OK;
 268              		.loc 1 329 0
 269 0010 0020     		movs	r0, #0
 270              	.L20:
 330:Drivers/BSP/STM32746G-Discovery/stm32746g_discovery_sdram.c ****   }
 331:Drivers/BSP/STM32746G-Discovery/stm32746g_discovery_sdram.c **** }
 271              		.loc 1 331 0
 272 0012 08BD     		pop	{r3, pc}
 273              	.L23:
 325:Drivers/BSP/STM32746G-Discovery/stm32746g_discovery_sdram.c ****   }
 274              		.loc 1 325 0
 275 0014 0120     		movs	r0, #1
 276 0016 FCE7     		b	.L20
 277              	.L25:
 278              		.align	2
 279              	.L24:
 280 0018 00000000 		.word	sdramHandle
 281              		.cfi_endproc
 282              	.LFE143:
 284              		.section	.text.BSP_SDRAM_WriteData_DMA,"ax",%progbits
 285              		.align	1
 286              		.global	BSP_SDRAM_WriteData_DMA
 287              		.syntax unified
 288              		.thumb
 289              		.thumb_func
 290              		.fpu fpv5-sp-d16
 292              	BSP_SDRAM_WriteData_DMA:
 293              	.LFB144:
 332:Drivers/BSP/STM32746G-Discovery/stm32746g_discovery_sdram.c **** 
 333:Drivers/BSP/STM32746G-Discovery/stm32746g_discovery_sdram.c **** /**
 334:Drivers/BSP/STM32746G-Discovery/stm32746g_discovery_sdram.c ****   * @brief  Writes an amount of data to the SDRAM memory in DMA mode.
 335:Drivers/BSP/STM32746G-Discovery/stm32746g_discovery_sdram.c ****   * @param  uwStartAddress: Write start address
 336:Drivers/BSP/STM32746G-Discovery/stm32746g_discovery_sdram.c ****   * @param  pData: Pointer to data to be written  
 337:Drivers/BSP/STM32746G-Discovery/stm32746g_discovery_sdram.c ****   * @param  uwDataSize: Size of written data from the memory
 338:Drivers/BSP/STM32746G-Discovery/stm32746g_discovery_sdram.c ****   * @retval SDRAM status
 339:Drivers/BSP/STM32746G-Discovery/stm32746g_discovery_sdram.c ****   */
 340:Drivers/BSP/STM32746G-Discovery/stm32746g_discovery_sdram.c **** uint8_t BSP_SDRAM_WriteData_DMA(uint32_t uwStartAddress, uint32_t *pData, uint32_t uwDataSize) 
ARM GAS  C:\Users\milek\AppData\Local\Temp\ccq1w5oa.s 			page 12


 341:Drivers/BSP/STM32746G-Discovery/stm32746g_discovery_sdram.c **** {
 294              		.loc 1 341 0
 295              		.cfi_startproc
 296              		@ args = 0, pretend = 0, frame = 0
 297              		@ frame_needed = 0, uses_anonymous_args = 0
 298              	.LVL24:
 299 0000 08B5     		push	{r3, lr}
 300              	.LCFI6:
 301              		.cfi_def_cfa_offset 8
 302              		.cfi_offset 3, -8
 303              		.cfi_offset 14, -4
 342:Drivers/BSP/STM32746G-Discovery/stm32746g_discovery_sdram.c ****   if(HAL_SDRAM_Write_DMA(&sdramHandle, (uint32_t *)uwStartAddress, pData, uwDataSize) != HAL_OK)
 304              		.loc 1 342 0
 305 0002 1346     		mov	r3, r2
 306 0004 0A46     		mov	r2, r1
 307              	.LVL25:
 308 0006 0146     		mov	r1, r0
 309              	.LVL26:
 310 0008 0348     		ldr	r0, .L31
 311              	.LVL27:
 312 000a FFF7FEFF 		bl	HAL_SDRAM_Write_DMA
 313              	.LVL28:
 314 000e 08B9     		cbnz	r0, .L30
 343:Drivers/BSP/STM32746G-Discovery/stm32746g_discovery_sdram.c ****   {
 344:Drivers/BSP/STM32746G-Discovery/stm32746g_discovery_sdram.c ****     return SDRAM_ERROR;
 345:Drivers/BSP/STM32746G-Discovery/stm32746g_discovery_sdram.c ****   }
 346:Drivers/BSP/STM32746G-Discovery/stm32746g_discovery_sdram.c ****   else
 347:Drivers/BSP/STM32746G-Discovery/stm32746g_discovery_sdram.c ****   {
 348:Drivers/BSP/STM32746G-Discovery/stm32746g_discovery_sdram.c ****     return SDRAM_OK;
 315              		.loc 1 348 0
 316 0010 0020     		movs	r0, #0
 317              	.L27:
 349:Drivers/BSP/STM32746G-Discovery/stm32746g_discovery_sdram.c ****   } 
 350:Drivers/BSP/STM32746G-Discovery/stm32746g_discovery_sdram.c **** }
 318              		.loc 1 350 0
 319 0012 08BD     		pop	{r3, pc}
 320              	.L30:
 344:Drivers/BSP/STM32746G-Discovery/stm32746g_discovery_sdram.c ****   }
 321              		.loc 1 344 0
 322 0014 0120     		movs	r0, #1
 323 0016 FCE7     		b	.L27
 324              	.L32:
 325              		.align	2
 326              	.L31:
 327 0018 00000000 		.word	sdramHandle
 328              		.cfi_endproc
 329              	.LFE144:
 331              		.section	.text.BSP_SDRAM_Sendcmd,"ax",%progbits
 332              		.align	1
 333              		.global	BSP_SDRAM_Sendcmd
 334              		.syntax unified
 335              		.thumb
 336              		.thumb_func
 337              		.fpu fpv5-sp-d16
 339              	BSP_SDRAM_Sendcmd:
 340              	.LFB145:
 351:Drivers/BSP/STM32746G-Discovery/stm32746g_discovery_sdram.c **** 
ARM GAS  C:\Users\milek\AppData\Local\Temp\ccq1w5oa.s 			page 13


 352:Drivers/BSP/STM32746G-Discovery/stm32746g_discovery_sdram.c **** /**
 353:Drivers/BSP/STM32746G-Discovery/stm32746g_discovery_sdram.c ****   * @brief  Sends command to the SDRAM bank.
 354:Drivers/BSP/STM32746G-Discovery/stm32746g_discovery_sdram.c ****   * @param  SdramCmd: Pointer to SDRAM command structure 
 355:Drivers/BSP/STM32746G-Discovery/stm32746g_discovery_sdram.c ****   * @retval SDRAM status
 356:Drivers/BSP/STM32746G-Discovery/stm32746g_discovery_sdram.c ****   */  
 357:Drivers/BSP/STM32746G-Discovery/stm32746g_discovery_sdram.c **** uint8_t BSP_SDRAM_Sendcmd(FMC_SDRAM_CommandTypeDef *SdramCmd)
 358:Drivers/BSP/STM32746G-Discovery/stm32746g_discovery_sdram.c **** {
 341              		.loc 1 358 0
 342              		.cfi_startproc
 343              		@ args = 0, pretend = 0, frame = 0
 344              		@ frame_needed = 0, uses_anonymous_args = 0
 345              	.LVL29:
 346 0000 08B5     		push	{r3, lr}
 347              	.LCFI7:
 348              		.cfi_def_cfa_offset 8
 349              		.cfi_offset 3, -8
 350              		.cfi_offset 14, -4
 359:Drivers/BSP/STM32746G-Discovery/stm32746g_discovery_sdram.c ****   if(HAL_SDRAM_SendCommand(&sdramHandle, SdramCmd, SDRAM_TIMEOUT) != HAL_OK)
 351              		.loc 1 359 0
 352 0002 4FF6FF72 		movw	r2, #65535
 353 0006 0146     		mov	r1, r0
 354 0008 0348     		ldr	r0, .L38
 355              	.LVL30:
 356 000a FFF7FEFF 		bl	HAL_SDRAM_SendCommand
 357              	.LVL31:
 358 000e 08B9     		cbnz	r0, .L37
 360:Drivers/BSP/STM32746G-Discovery/stm32746g_discovery_sdram.c ****   {
 361:Drivers/BSP/STM32746G-Discovery/stm32746g_discovery_sdram.c ****     return SDRAM_ERROR;
 362:Drivers/BSP/STM32746G-Discovery/stm32746g_discovery_sdram.c ****   }
 363:Drivers/BSP/STM32746G-Discovery/stm32746g_discovery_sdram.c ****   else
 364:Drivers/BSP/STM32746G-Discovery/stm32746g_discovery_sdram.c ****   {
 365:Drivers/BSP/STM32746G-Discovery/stm32746g_discovery_sdram.c ****     return SDRAM_OK;
 359              		.loc 1 365 0
 360 0010 0020     		movs	r0, #0
 361              	.L34:
 366:Drivers/BSP/STM32746G-Discovery/stm32746g_discovery_sdram.c ****   }
 367:Drivers/BSP/STM32746G-Discovery/stm32746g_discovery_sdram.c **** }
 362              		.loc 1 367 0
 363 0012 08BD     		pop	{r3, pc}
 364              	.L37:
 361:Drivers/BSP/STM32746G-Discovery/stm32746g_discovery_sdram.c ****   }
 365              		.loc 1 361 0
 366 0014 0120     		movs	r0, #1
 367 0016 FCE7     		b	.L34
 368              	.L39:
 369              		.align	2
 370              	.L38:
 371 0018 00000000 		.word	sdramHandle
 372              		.cfi_endproc
 373              	.LFE145:
 375              		.section	.text.BSP_SDRAM_MspInit,"ax",%progbits
 376              		.align	1
 377              		.weak	BSP_SDRAM_MspInit
 378              		.syntax unified
 379              		.thumb
 380              		.thumb_func
 381              		.fpu fpv5-sp-d16
ARM GAS  C:\Users\milek\AppData\Local\Temp\ccq1w5oa.s 			page 14


 383              	BSP_SDRAM_MspInit:
 384              	.LFB146:
 368:Drivers/BSP/STM32746G-Discovery/stm32746g_discovery_sdram.c **** 
 369:Drivers/BSP/STM32746G-Discovery/stm32746g_discovery_sdram.c **** /**
 370:Drivers/BSP/STM32746G-Discovery/stm32746g_discovery_sdram.c ****   * @brief  Initializes SDRAM MSP.
 371:Drivers/BSP/STM32746G-Discovery/stm32746g_discovery_sdram.c ****   * @param  hsdram: SDRAM handle
 372:Drivers/BSP/STM32746G-Discovery/stm32746g_discovery_sdram.c ****   * @param  Params
 373:Drivers/BSP/STM32746G-Discovery/stm32746g_discovery_sdram.c ****   * @retval None
 374:Drivers/BSP/STM32746G-Discovery/stm32746g_discovery_sdram.c ****   */
 375:Drivers/BSP/STM32746G-Discovery/stm32746g_discovery_sdram.c **** __weak void BSP_SDRAM_MspInit(SDRAM_HandleTypeDef  *hsdram, void *Params)
 376:Drivers/BSP/STM32746G-Discovery/stm32746g_discovery_sdram.c **** {  
 385              		.loc 1 376 0
 386              		.cfi_startproc
 387              		@ args = 0, pretend = 0, frame = 56
 388              		@ frame_needed = 0, uses_anonymous_args = 0
 389              	.LVL32:
 390 0000 70B5     		push	{r4, r5, r6, lr}
 391              	.LCFI8:
 392              		.cfi_def_cfa_offset 16
 393              		.cfi_offset 4, -16
 394              		.cfi_offset 5, -12
 395              		.cfi_offset 6, -8
 396              		.cfi_offset 14, -4
 397 0002 8EB0     		sub	sp, sp, #56
 398              	.LCFI9:
 399              		.cfi_def_cfa_offset 72
 400 0004 0646     		mov	r6, r0
 401              	.LBB2:
 377:Drivers/BSP/STM32746G-Discovery/stm32746g_discovery_sdram.c ****   static DMA_HandleTypeDef dma_handle;
 378:Drivers/BSP/STM32746G-Discovery/stm32746g_discovery_sdram.c ****   GPIO_InitTypeDef gpio_init_structure;
 379:Drivers/BSP/STM32746G-Discovery/stm32746g_discovery_sdram.c ****   
 380:Drivers/BSP/STM32746G-Discovery/stm32746g_discovery_sdram.c ****   /* Enable FMC clock */
 381:Drivers/BSP/STM32746G-Discovery/stm32746g_discovery_sdram.c ****   __HAL_RCC_FMC_CLK_ENABLE();
 402              		.loc 1 381 0
 403 0006 544B     		ldr	r3, .L42
 404 0008 9A6B     		ldr	r2, [r3, #56]
 405 000a 42F00102 		orr	r2, r2, #1
 406 000e 9A63     		str	r2, [r3, #56]
 407 0010 9A6B     		ldr	r2, [r3, #56]
 408 0012 02F00102 		and	r2, r2, #1
 409 0016 0192     		str	r2, [sp, #4]
 410 0018 019A     		ldr	r2, [sp, #4]
 411              	.LBE2:
 412              	.LBB3:
 382:Drivers/BSP/STM32746G-Discovery/stm32746g_discovery_sdram.c ****   
 383:Drivers/BSP/STM32746G-Discovery/stm32746g_discovery_sdram.c ****   /* Enable chosen DMAx clock */
 384:Drivers/BSP/STM32746G-Discovery/stm32746g_discovery_sdram.c ****   __DMAx_CLK_ENABLE();
 413              		.loc 1 384 0
 414 001a 1A6B     		ldr	r2, [r3, #48]
 415 001c 42F48002 		orr	r2, r2, #4194304
 416 0020 1A63     		str	r2, [r3, #48]
 417 0022 1A6B     		ldr	r2, [r3, #48]
 418 0024 02F48002 		and	r2, r2, #4194304
 419 0028 0292     		str	r2, [sp, #8]
 420 002a 029A     		ldr	r2, [sp, #8]
 421              	.LBE3:
 422              	.LBB4:
ARM GAS  C:\Users\milek\AppData\Local\Temp\ccq1w5oa.s 			page 15


 385:Drivers/BSP/STM32746G-Discovery/stm32746g_discovery_sdram.c **** 
 386:Drivers/BSP/STM32746G-Discovery/stm32746g_discovery_sdram.c ****   /* Enable GPIOs clock */
 387:Drivers/BSP/STM32746G-Discovery/stm32746g_discovery_sdram.c ****   __HAL_RCC_GPIOC_CLK_ENABLE();
 423              		.loc 1 387 0
 424 002c 1A6B     		ldr	r2, [r3, #48]
 425 002e 42F00402 		orr	r2, r2, #4
 426 0032 1A63     		str	r2, [r3, #48]
 427 0034 1A6B     		ldr	r2, [r3, #48]
 428 0036 02F00402 		and	r2, r2, #4
 429 003a 0392     		str	r2, [sp, #12]
 430 003c 039A     		ldr	r2, [sp, #12]
 431              	.LBE4:
 432              	.LBB5:
 388:Drivers/BSP/STM32746G-Discovery/stm32746g_discovery_sdram.c ****   __HAL_RCC_GPIOD_CLK_ENABLE();
 433              		.loc 1 388 0
 434 003e 1A6B     		ldr	r2, [r3, #48]
 435 0040 42F00802 		orr	r2, r2, #8
 436 0044 1A63     		str	r2, [r3, #48]
 437 0046 1A6B     		ldr	r2, [r3, #48]
 438 0048 02F00802 		and	r2, r2, #8
 439 004c 0492     		str	r2, [sp, #16]
 440 004e 049A     		ldr	r2, [sp, #16]
 441              	.LBE5:
 442              	.LBB6:
 389:Drivers/BSP/STM32746G-Discovery/stm32746g_discovery_sdram.c ****   __HAL_RCC_GPIOE_CLK_ENABLE();
 443              		.loc 1 389 0
 444 0050 1A6B     		ldr	r2, [r3, #48]
 445 0052 42F01002 		orr	r2, r2, #16
 446 0056 1A63     		str	r2, [r3, #48]
 447 0058 1A6B     		ldr	r2, [r3, #48]
 448 005a 02F01002 		and	r2, r2, #16
 449 005e 0592     		str	r2, [sp, #20]
 450 0060 059A     		ldr	r2, [sp, #20]
 451              	.LBE6:
 452              	.LBB7:
 390:Drivers/BSP/STM32746G-Discovery/stm32746g_discovery_sdram.c ****   __HAL_RCC_GPIOF_CLK_ENABLE();
 453              		.loc 1 390 0
 454 0062 1A6B     		ldr	r2, [r3, #48]
 455 0064 42F02002 		orr	r2, r2, #32
 456 0068 1A63     		str	r2, [r3, #48]
 457 006a 1A6B     		ldr	r2, [r3, #48]
 458 006c 02F02002 		and	r2, r2, #32
 459 0070 0692     		str	r2, [sp, #24]
 460 0072 069A     		ldr	r2, [sp, #24]
 461              	.LBE7:
 462              	.LBB8:
 391:Drivers/BSP/STM32746G-Discovery/stm32746g_discovery_sdram.c ****   __HAL_RCC_GPIOG_CLK_ENABLE();
 463              		.loc 1 391 0
 464 0074 1A6B     		ldr	r2, [r3, #48]
 465 0076 42F04002 		orr	r2, r2, #64
 466 007a 1A63     		str	r2, [r3, #48]
 467 007c 1A6B     		ldr	r2, [r3, #48]
 468 007e 02F04002 		and	r2, r2, #64
 469 0082 0792     		str	r2, [sp, #28]
 470 0084 079A     		ldr	r2, [sp, #28]
 471              	.LBE8:
 472              	.LBB9:
ARM GAS  C:\Users\milek\AppData\Local\Temp\ccq1w5oa.s 			page 16


 392:Drivers/BSP/STM32746G-Discovery/stm32746g_discovery_sdram.c ****   __HAL_RCC_GPIOH_CLK_ENABLE();
 473              		.loc 1 392 0
 474 0086 1A6B     		ldr	r2, [r3, #48]
 475 0088 42F08002 		orr	r2, r2, #128
 476 008c 1A63     		str	r2, [r3, #48]
 477 008e 1B6B     		ldr	r3, [r3, #48]
 478 0090 03F08003 		and	r3, r3, #128
 479 0094 0893     		str	r3, [sp, #32]
 480 0096 089B     		ldr	r3, [sp, #32]
 481              	.LBE9:
 393:Drivers/BSP/STM32746G-Discovery/stm32746g_discovery_sdram.c ****   
 394:Drivers/BSP/STM32746G-Discovery/stm32746g_discovery_sdram.c ****   /* Common GPIO configuration */
 395:Drivers/BSP/STM32746G-Discovery/stm32746g_discovery_sdram.c ****   gpio_init_structure.Mode      = GPIO_MODE_AF_PP;
 482              		.loc 1 395 0
 483 0098 0223     		movs	r3, #2
 484 009a 0A93     		str	r3, [sp, #40]
 396:Drivers/BSP/STM32746G-Discovery/stm32746g_discovery_sdram.c ****   gpio_init_structure.Pull      = GPIO_PULLUP;
 485              		.loc 1 396 0
 486 009c 0122     		movs	r2, #1
 487 009e 0B92     		str	r2, [sp, #44]
 397:Drivers/BSP/STM32746G-Discovery/stm32746g_discovery_sdram.c ****   gpio_init_structure.Speed     = GPIO_SPEED_FAST;
 488              		.loc 1 397 0
 489 00a0 0C93     		str	r3, [sp, #48]
 398:Drivers/BSP/STM32746G-Discovery/stm32746g_discovery_sdram.c ****   gpio_init_structure.Alternate = GPIO_AF12_FMC;
 490              		.loc 1 398 0
 491 00a2 0C23     		movs	r3, #12
 492 00a4 0D93     		str	r3, [sp, #52]
 399:Drivers/BSP/STM32746G-Discovery/stm32746g_discovery_sdram.c ****   
 400:Drivers/BSP/STM32746G-Discovery/stm32746g_discovery_sdram.c ****   /* GPIOC configuration */
 401:Drivers/BSP/STM32746G-Discovery/stm32746g_discovery_sdram.c ****   gpio_init_structure.Pin   = GPIO_PIN_3;
 493              		.loc 1 401 0
 494 00a6 0EAC     		add	r4, sp, #56
 495 00a8 0823     		movs	r3, #8
 496 00aa 44F8143D 		str	r3, [r4, #-20]!
 402:Drivers/BSP/STM32746G-Discovery/stm32746g_discovery_sdram.c ****   HAL_GPIO_Init(GPIOC, &gpio_init_structure);
 497              		.loc 1 402 0
 498 00ae 2146     		mov	r1, r4
 499              	.LVL33:
 500 00b0 2A48     		ldr	r0, .L42+4
 501              	.LVL34:
 502 00b2 FFF7FEFF 		bl	HAL_GPIO_Init
 503              	.LVL35:
 403:Drivers/BSP/STM32746G-Discovery/stm32746g_discovery_sdram.c **** 
 404:Drivers/BSP/STM32746G-Discovery/stm32746g_discovery_sdram.c ****   /* GPIOD configuration */
 405:Drivers/BSP/STM32746G-Discovery/stm32746g_discovery_sdram.c ****   gpio_init_structure.Pin   = GPIO_PIN_0 | GPIO_PIN_1 | GPIO_PIN_8 | GPIO_PIN_9 |
 504              		.loc 1 405 0
 505 00b6 4CF20373 		movw	r3, #50947
 506 00ba 0993     		str	r3, [sp, #36]
 406:Drivers/BSP/STM32746G-Discovery/stm32746g_discovery_sdram.c ****                               GPIO_PIN_10 | GPIO_PIN_14 | GPIO_PIN_15;
 407:Drivers/BSP/STM32746G-Discovery/stm32746g_discovery_sdram.c ****   HAL_GPIO_Init(GPIOD, &gpio_init_structure);
 507              		.loc 1 407 0
 508 00bc 2146     		mov	r1, r4
 509 00be 2848     		ldr	r0, .L42+8
 510 00c0 FFF7FEFF 		bl	HAL_GPIO_Init
 511              	.LVL36:
 408:Drivers/BSP/STM32746G-Discovery/stm32746g_discovery_sdram.c **** 
 409:Drivers/BSP/STM32746G-Discovery/stm32746g_discovery_sdram.c ****   /* GPIOE configuration */  
ARM GAS  C:\Users\milek\AppData\Local\Temp\ccq1w5oa.s 			page 17


 410:Drivers/BSP/STM32746G-Discovery/stm32746g_discovery_sdram.c ****   gpio_init_structure.Pin   = GPIO_PIN_0 | GPIO_PIN_1 | GPIO_PIN_7| GPIO_PIN_8 | GPIO_PIN_9 |\
 512              		.loc 1 410 0
 513 00c4 4FF68373 		movw	r3, #65411
 514 00c8 0993     		str	r3, [sp, #36]
 411:Drivers/BSP/STM32746G-Discovery/stm32746g_discovery_sdram.c ****                               GPIO_PIN_10 | GPIO_PIN_11 | GPIO_PIN_12 | GPIO_PIN_13 | GPIO_PIN_14 |
 412:Drivers/BSP/STM32746G-Discovery/stm32746g_discovery_sdram.c ****                               GPIO_PIN_15;
 413:Drivers/BSP/STM32746G-Discovery/stm32746g_discovery_sdram.c ****   HAL_GPIO_Init(GPIOE, &gpio_init_structure);
 515              		.loc 1 413 0
 516 00ca 2146     		mov	r1, r4
 517 00cc 2548     		ldr	r0, .L42+12
 518 00ce FFF7FEFF 		bl	HAL_GPIO_Init
 519              	.LVL37:
 414:Drivers/BSP/STM32746G-Discovery/stm32746g_discovery_sdram.c ****   
 415:Drivers/BSP/STM32746G-Discovery/stm32746g_discovery_sdram.c ****   /* GPIOF configuration */  
 416:Drivers/BSP/STM32746G-Discovery/stm32746g_discovery_sdram.c ****   gpio_init_structure.Pin   = GPIO_PIN_0 | GPIO_PIN_1 | GPIO_PIN_2| GPIO_PIN_3 | GPIO_PIN_4 |\
 520              		.loc 1 416 0
 521 00d2 4FF63F03 		movw	r3, #63551
 522 00d6 0993     		str	r3, [sp, #36]
 417:Drivers/BSP/STM32746G-Discovery/stm32746g_discovery_sdram.c ****                               GPIO_PIN_5 | GPIO_PIN_11 | GPIO_PIN_12 | GPIO_PIN_13 | GPIO_PIN_14 |\
 418:Drivers/BSP/STM32746G-Discovery/stm32746g_discovery_sdram.c ****                               GPIO_PIN_15;
 419:Drivers/BSP/STM32746G-Discovery/stm32746g_discovery_sdram.c ****   HAL_GPIO_Init(GPIOF, &gpio_init_structure);
 523              		.loc 1 419 0
 524 00d8 2146     		mov	r1, r4
 525 00da 2348     		ldr	r0, .L42+16
 526 00dc FFF7FEFF 		bl	HAL_GPIO_Init
 527              	.LVL38:
 420:Drivers/BSP/STM32746G-Discovery/stm32746g_discovery_sdram.c ****   
 421:Drivers/BSP/STM32746G-Discovery/stm32746g_discovery_sdram.c ****   /* GPIOG configuration */  
 422:Drivers/BSP/STM32746G-Discovery/stm32746g_discovery_sdram.c ****   gpio_init_structure.Pin   = GPIO_PIN_0 | GPIO_PIN_1 | GPIO_PIN_4| GPIO_PIN_5 | GPIO_PIN_8 |\
 528              		.loc 1 422 0
 529 00e0 48F23313 		movw	r3, #33075
 530 00e4 0993     		str	r3, [sp, #36]
 423:Drivers/BSP/STM32746G-Discovery/stm32746g_discovery_sdram.c ****                               GPIO_PIN_15;
 424:Drivers/BSP/STM32746G-Discovery/stm32746g_discovery_sdram.c ****   HAL_GPIO_Init(GPIOG, &gpio_init_structure);
 531              		.loc 1 424 0
 532 00e6 2146     		mov	r1, r4
 533 00e8 2048     		ldr	r0, .L42+20
 534 00ea FFF7FEFF 		bl	HAL_GPIO_Init
 535              	.LVL39:
 425:Drivers/BSP/STM32746G-Discovery/stm32746g_discovery_sdram.c **** 
 426:Drivers/BSP/STM32746G-Discovery/stm32746g_discovery_sdram.c ****   /* GPIOH configuration */  
 427:Drivers/BSP/STM32746G-Discovery/stm32746g_discovery_sdram.c ****   gpio_init_structure.Pin   = GPIO_PIN_3 | GPIO_PIN_5;
 536              		.loc 1 427 0
 537 00ee 2823     		movs	r3, #40
 538 00f0 0993     		str	r3, [sp, #36]
 428:Drivers/BSP/STM32746G-Discovery/stm32746g_discovery_sdram.c ****   HAL_GPIO_Init(GPIOH, &gpio_init_structure); 
 539              		.loc 1 428 0
 540 00f2 2146     		mov	r1, r4
 541 00f4 1E48     		ldr	r0, .L42+24
 542 00f6 FFF7FEFF 		bl	HAL_GPIO_Init
 543              	.LVL40:
 429:Drivers/BSP/STM32746G-Discovery/stm32746g_discovery_sdram.c ****   
 430:Drivers/BSP/STM32746G-Discovery/stm32746g_discovery_sdram.c ****   /* Configure common DMA parameters */
 431:Drivers/BSP/STM32746G-Discovery/stm32746g_discovery_sdram.c ****   dma_handle.Init.Channel             = SDRAM_DMAx_CHANNEL;
 544              		.loc 1 431 0
 545 00fa 1E4C     		ldr	r4, .L42+28
 546 00fc 0025     		movs	r5, #0
ARM GAS  C:\Users\milek\AppData\Local\Temp\ccq1w5oa.s 			page 18


 547 00fe 6560     		str	r5, [r4, #4]
 432:Drivers/BSP/STM32746G-Discovery/stm32746g_discovery_sdram.c ****   dma_handle.Init.Direction           = DMA_MEMORY_TO_MEMORY;
 548              		.loc 1 432 0
 549 0100 8023     		movs	r3, #128
 550 0102 A360     		str	r3, [r4, #8]
 433:Drivers/BSP/STM32746G-Discovery/stm32746g_discovery_sdram.c ****   dma_handle.Init.PeriphInc           = DMA_PINC_ENABLE;
 551              		.loc 1 433 0
 552 0104 4FF40073 		mov	r3, #512
 553 0108 E360     		str	r3, [r4, #12]
 434:Drivers/BSP/STM32746G-Discovery/stm32746g_discovery_sdram.c ****   dma_handle.Init.MemInc              = DMA_MINC_ENABLE;
 554              		.loc 1 434 0
 555 010a 4FF48063 		mov	r3, #1024
 556 010e 2361     		str	r3, [r4, #16]
 435:Drivers/BSP/STM32746G-Discovery/stm32746g_discovery_sdram.c ****   dma_handle.Init.PeriphDataAlignment = DMA_PDATAALIGN_WORD;
 557              		.loc 1 435 0
 558 0110 4FF48053 		mov	r3, #4096
 559 0114 6361     		str	r3, [r4, #20]
 436:Drivers/BSP/STM32746G-Discovery/stm32746g_discovery_sdram.c ****   dma_handle.Init.MemDataAlignment    = DMA_MDATAALIGN_WORD;
 560              		.loc 1 436 0
 561 0116 4FF48043 		mov	r3, #16384
 562 011a A361     		str	r3, [r4, #24]
 437:Drivers/BSP/STM32746G-Discovery/stm32746g_discovery_sdram.c ****   dma_handle.Init.Mode                = DMA_NORMAL;
 563              		.loc 1 437 0
 564 011c E561     		str	r5, [r4, #28]
 438:Drivers/BSP/STM32746G-Discovery/stm32746g_discovery_sdram.c ****   dma_handle.Init.Priority            = DMA_PRIORITY_HIGH;
 565              		.loc 1 438 0
 566 011e 4FF40033 		mov	r3, #131072
 567 0122 2362     		str	r3, [r4, #32]
 439:Drivers/BSP/STM32746G-Discovery/stm32746g_discovery_sdram.c ****   dma_handle.Init.FIFOMode            = DMA_FIFOMODE_DISABLE;         
 568              		.loc 1 439 0
 569 0124 6562     		str	r5, [r4, #36]
 440:Drivers/BSP/STM32746G-Discovery/stm32746g_discovery_sdram.c ****   dma_handle.Init.FIFOThreshold       = DMA_FIFO_THRESHOLD_FULL;
 570              		.loc 1 440 0
 571 0126 0323     		movs	r3, #3
 572 0128 A362     		str	r3, [r4, #40]
 441:Drivers/BSP/STM32746G-Discovery/stm32746g_discovery_sdram.c ****   dma_handle.Init.MemBurst            = DMA_MBURST_SINGLE;
 573              		.loc 1 441 0
 574 012a E562     		str	r5, [r4, #44]
 442:Drivers/BSP/STM32746G-Discovery/stm32746g_discovery_sdram.c ****   dma_handle.Init.PeriphBurst         = DMA_PBURST_SINGLE; 
 575              		.loc 1 442 0
 576 012c 2563     		str	r5, [r4, #48]
 443:Drivers/BSP/STM32746G-Discovery/stm32746g_discovery_sdram.c ****   
 444:Drivers/BSP/STM32746G-Discovery/stm32746g_discovery_sdram.c ****   dma_handle.Instance = SDRAM_DMAx_STREAM;
 577              		.loc 1 444 0
 578 012e 124B     		ldr	r3, .L42+32
 579 0130 2360     		str	r3, [r4]
 445:Drivers/BSP/STM32746G-Discovery/stm32746g_discovery_sdram.c ****   
 446:Drivers/BSP/STM32746G-Discovery/stm32746g_discovery_sdram.c ****    /* Associate the DMA handle */
 447:Drivers/BSP/STM32746G-Discovery/stm32746g_discovery_sdram.c ****   __HAL_LINKDMA(hsdram, hdma, dma_handle);
 580              		.loc 1 447 0
 581 0132 3463     		str	r4, [r6, #48]
 582 0134 A663     		str	r6, [r4, #56]
 448:Drivers/BSP/STM32746G-Discovery/stm32746g_discovery_sdram.c ****   
 449:Drivers/BSP/STM32746G-Discovery/stm32746g_discovery_sdram.c ****   /* Deinitialize the stream for new transfer */
 450:Drivers/BSP/STM32746G-Discovery/stm32746g_discovery_sdram.c ****   HAL_DMA_DeInit(&dma_handle);
 583              		.loc 1 450 0
 584 0136 2046     		mov	r0, r4
ARM GAS  C:\Users\milek\AppData\Local\Temp\ccq1w5oa.s 			page 19


 585 0138 FFF7FEFF 		bl	HAL_DMA_DeInit
 586              	.LVL41:
 451:Drivers/BSP/STM32746G-Discovery/stm32746g_discovery_sdram.c ****   
 452:Drivers/BSP/STM32746G-Discovery/stm32746g_discovery_sdram.c ****   /* Configure the DMA stream */
 453:Drivers/BSP/STM32746G-Discovery/stm32746g_discovery_sdram.c ****   HAL_DMA_Init(&dma_handle); 
 587              		.loc 1 453 0
 588 013c 2046     		mov	r0, r4
 589 013e FFF7FEFF 		bl	HAL_DMA_Init
 590              	.LVL42:
 454:Drivers/BSP/STM32746G-Discovery/stm32746g_discovery_sdram.c ****   
 455:Drivers/BSP/STM32746G-Discovery/stm32746g_discovery_sdram.c ****   /* NVIC configuration for DMA transfer complete interrupt */
 456:Drivers/BSP/STM32746G-Discovery/stm32746g_discovery_sdram.c ****   HAL_NVIC_SetPriority(SDRAM_DMAx_IRQn, 0x0F, 0);
 591              		.loc 1 456 0
 592 0142 2A46     		mov	r2, r5
 593 0144 0F21     		movs	r1, #15
 594 0146 3820     		movs	r0, #56
 595 0148 FFF7FEFF 		bl	HAL_NVIC_SetPriority
 596              	.LVL43:
 457:Drivers/BSP/STM32746G-Discovery/stm32746g_discovery_sdram.c ****   HAL_NVIC_EnableIRQ(SDRAM_DMAx_IRQn);
 597              		.loc 1 457 0
 598 014c 3820     		movs	r0, #56
 599 014e FFF7FEFF 		bl	HAL_NVIC_EnableIRQ
 600              	.LVL44:
 458:Drivers/BSP/STM32746G-Discovery/stm32746g_discovery_sdram.c **** }
 601              		.loc 1 458 0
 602 0152 0EB0     		add	sp, sp, #56
 603              	.LCFI10:
 604              		.cfi_def_cfa_offset 16
 605              		@ sp needed
 606 0154 70BD     		pop	{r4, r5, r6, pc}
 607              	.LVL45:
 608              	.L43:
 609 0156 00BF     		.align	2
 610              	.L42:
 611 0158 00380240 		.word	1073887232
 612 015c 00080240 		.word	1073874944
 613 0160 000C0240 		.word	1073875968
 614 0164 00100240 		.word	1073876992
 615 0168 00140240 		.word	1073878016
 616 016c 00180240 		.word	1073879040
 617 0170 001C0240 		.word	1073880064
 618 0174 00000000 		.word	.LANCHOR1
 619 0178 10640240 		.word	1073898512
 620              		.cfi_endproc
 621              	.LFE146:
 623              		.section	.text.BSP_SDRAM_Init,"ax",%progbits
 624              		.align	1
 625              		.global	BSP_SDRAM_Init
 626              		.syntax unified
 627              		.thumb
 628              		.thumb_func
 629              		.fpu fpv5-sp-d16
 631              	BSP_SDRAM_Init:
 632              	.LFB138:
 147:Drivers/BSP/STM32746G-Discovery/stm32746g_discovery_sdram.c ****   static uint8_t sdramstatus = SDRAM_ERROR;
 633              		.loc 1 147 0
 634              		.cfi_startproc
ARM GAS  C:\Users\milek\AppData\Local\Temp\ccq1w5oa.s 			page 20


 635              		@ args = 0, pretend = 0, frame = 0
 636              		@ frame_needed = 0, uses_anonymous_args = 0
 637 0000 38B5     		push	{r3, r4, r5, lr}
 638              	.LCFI11:
 639              		.cfi_def_cfa_offset 16
 640              		.cfi_offset 3, -16
 641              		.cfi_offset 4, -12
 642              		.cfi_offset 5, -8
 643              		.cfi_offset 14, -4
 150:Drivers/BSP/STM32746G-Discovery/stm32746g_discovery_sdram.c ****     
 644              		.loc 1 150 0
 645 0002 1B4C     		ldr	r4, .L49
 646 0004 1B4B     		ldr	r3, .L49+4
 647 0006 2360     		str	r3, [r4]
 153:Drivers/BSP/STM32746G-Discovery/stm32746g_discovery_sdram.c ****   Timing.ExitSelfRefreshDelay = 7;
 648              		.loc 1 153 0
 649 0008 1B4D     		ldr	r5, .L49+8
 650 000a 0223     		movs	r3, #2
 651 000c 2B60     		str	r3, [r5]
 154:Drivers/BSP/STM32746G-Discovery/stm32746g_discovery_sdram.c ****   Timing.SelfRefreshTime      = 4;
 652              		.loc 1 154 0
 653 000e 0721     		movs	r1, #7
 654 0010 6960     		str	r1, [r5, #4]
 155:Drivers/BSP/STM32746G-Discovery/stm32746g_discovery_sdram.c ****   Timing.RowCycleDelay        = 7;
 655              		.loc 1 155 0
 656 0012 0422     		movs	r2, #4
 657 0014 AA60     		str	r2, [r5, #8]
 156:Drivers/BSP/STM32746G-Discovery/stm32746g_discovery_sdram.c ****   Timing.WriteRecoveryTime    = 2;
 658              		.loc 1 156 0
 659 0016 E960     		str	r1, [r5, #12]
 157:Drivers/BSP/STM32746G-Discovery/stm32746g_discovery_sdram.c ****   Timing.RPDelay              = 2;
 660              		.loc 1 157 0
 661 0018 2B61     		str	r3, [r5, #16]
 158:Drivers/BSP/STM32746G-Discovery/stm32746g_discovery_sdram.c ****   Timing.RCDDelay             = 2;
 662              		.loc 1 158 0
 663 001a 6B61     		str	r3, [r5, #20]
 159:Drivers/BSP/STM32746G-Discovery/stm32746g_discovery_sdram.c ****   
 664              		.loc 1 159 0
 665 001c AB61     		str	r3, [r5, #24]
 161:Drivers/BSP/STM32746G-Discovery/stm32746g_discovery_sdram.c ****   sdramHandle.Init.ColumnBitsNumber   = FMC_SDRAM_COLUMN_BITS_NUM_8;
 666              		.loc 1 161 0
 667 001e 0021     		movs	r1, #0
 668 0020 6160     		str	r1, [r4, #4]
 162:Drivers/BSP/STM32746G-Discovery/stm32746g_discovery_sdram.c ****   sdramHandle.Init.RowBitsNumber      = FMC_SDRAM_ROW_BITS_NUM_12;
 669              		.loc 1 162 0
 670 0022 A160     		str	r1, [r4, #8]
 163:Drivers/BSP/STM32746G-Discovery/stm32746g_discovery_sdram.c ****   sdramHandle.Init.MemoryDataWidth    = SDRAM_MEMORY_WIDTH;
 671              		.loc 1 163 0
 672 0024 E260     		str	r2, [r4, #12]
 164:Drivers/BSP/STM32746G-Discovery/stm32746g_discovery_sdram.c ****   sdramHandle.Init.InternalBankNumber = FMC_SDRAM_INTERN_BANKS_NUM_4;
 673              		.loc 1 164 0
 674 0026 1023     		movs	r3, #16
 675 0028 2361     		str	r3, [r4, #16]
 165:Drivers/BSP/STM32746G-Discovery/stm32746g_discovery_sdram.c ****   sdramHandle.Init.CASLatency         = FMC_SDRAM_CAS_LATENCY_2;
 676              		.loc 1 165 0
 677 002a 4023     		movs	r3, #64
 678 002c 6361     		str	r3, [r4, #20]
ARM GAS  C:\Users\milek\AppData\Local\Temp\ccq1w5oa.s 			page 21


 166:Drivers/BSP/STM32746G-Discovery/stm32746g_discovery_sdram.c ****   sdramHandle.Init.WriteProtection    = FMC_SDRAM_WRITE_PROTECTION_DISABLE;
 679              		.loc 1 166 0
 680 002e 4FF48073 		mov	r3, #256
 681 0032 A361     		str	r3, [r4, #24]
 167:Drivers/BSP/STM32746G-Discovery/stm32746g_discovery_sdram.c ****   sdramHandle.Init.SDClockPeriod      = SDCLOCK_PERIOD;
 682              		.loc 1 167 0
 683 0034 E161     		str	r1, [r4, #28]
 168:Drivers/BSP/STM32746G-Discovery/stm32746g_discovery_sdram.c ****   sdramHandle.Init.ReadBurst          = FMC_SDRAM_RBURST_ENABLE;
 684              		.loc 1 168 0
 685 0036 4FF40063 		mov	r3, #2048
 686 003a 2362     		str	r3, [r4, #32]
 169:Drivers/BSP/STM32746G-Discovery/stm32746g_discovery_sdram.c ****   sdramHandle.Init.ReadPipeDelay      = FMC_SDRAM_RPIPE_DELAY_0;
 687              		.loc 1 169 0
 688 003c 4FF48053 		mov	r3, #4096
 689 0040 6362     		str	r3, [r4, #36]
 170:Drivers/BSP/STM32746G-Discovery/stm32746g_discovery_sdram.c ****   
 690              		.loc 1 170 0
 691 0042 A162     		str	r1, [r4, #40]
 174:Drivers/BSP/STM32746G-Discovery/stm32746g_discovery_sdram.c **** 
 692              		.loc 1 174 0
 693 0044 2046     		mov	r0, r4
 694 0046 FFF7FEFF 		bl	BSP_SDRAM_MspInit
 695              	.LVL46:
 176:Drivers/BSP/STM32746G-Discovery/stm32746g_discovery_sdram.c ****   {
 696              		.loc 1 176 0
 697 004a 2946     		mov	r1, r5
 698 004c 2046     		mov	r0, r4
 699 004e FFF7FEFF 		bl	HAL_SDRAM_Init
 700              	.LVL47:
 701 0052 48B9     		cbnz	r0, .L48
 182:Drivers/BSP/STM32746G-Discovery/stm32746g_discovery_sdram.c ****   }
 702              		.loc 1 182 0
 703 0054 094B     		ldr	r3, .L49+12
 704 0056 0022     		movs	r2, #0
 705 0058 1A70     		strb	r2, [r3]
 706              	.L46:
 186:Drivers/BSP/STM32746G-Discovery/stm32746g_discovery_sdram.c ****   
 707              		.loc 1 186 0
 708 005a 40F20360 		movw	r0, #1539
 709 005e FFF7FEFF 		bl	BSP_SDRAM_Initialization_sequence
 710              	.LVL48:
 189:Drivers/BSP/STM32746G-Discovery/stm32746g_discovery_sdram.c **** 
 711              		.loc 1 189 0
 712 0062 064B     		ldr	r3, .L49+12
 713 0064 1878     		ldrb	r0, [r3]	@ zero_extendqisi2
 714 0066 38BD     		pop	{r3, r4, r5, pc}
 715              	.L48:
 178:Drivers/BSP/STM32746G-Discovery/stm32746g_discovery_sdram.c ****   }
 716              		.loc 1 178 0
 717 0068 044B     		ldr	r3, .L49+12
 718 006a 0122     		movs	r2, #1
 719 006c 1A70     		strb	r2, [r3]
 720 006e F4E7     		b	.L46
 721              	.L50:
 722              		.align	2
 723              	.L49:
 724 0070 00000000 		.word	sdramHandle
ARM GAS  C:\Users\milek\AppData\Local\Temp\ccq1w5oa.s 			page 22


 725 0074 400100A0 		.word	-1610612416
 726 0078 00000000 		.word	.LANCHOR2
 727 007c 00000000 		.word	.LANCHOR3
 728              		.cfi_endproc
 729              	.LFE138:
 731              		.section	.text.BSP_SDRAM_MspDeInit,"ax",%progbits
 732              		.align	1
 733              		.weak	BSP_SDRAM_MspDeInit
 734              		.syntax unified
 735              		.thumb
 736              		.thumb_func
 737              		.fpu fpv5-sp-d16
 739              	BSP_SDRAM_MspDeInit:
 740              	.LFB147:
 459:Drivers/BSP/STM32746G-Discovery/stm32746g_discovery_sdram.c **** 
 460:Drivers/BSP/STM32746G-Discovery/stm32746g_discovery_sdram.c **** /**
 461:Drivers/BSP/STM32746G-Discovery/stm32746g_discovery_sdram.c ****   * @brief  DeInitializes SDRAM MSP.
 462:Drivers/BSP/STM32746G-Discovery/stm32746g_discovery_sdram.c ****   * @param  hsdram: SDRAM handle
 463:Drivers/BSP/STM32746G-Discovery/stm32746g_discovery_sdram.c ****   * @param  Params
 464:Drivers/BSP/STM32746G-Discovery/stm32746g_discovery_sdram.c ****   * @retval None
 465:Drivers/BSP/STM32746G-Discovery/stm32746g_discovery_sdram.c ****   */
 466:Drivers/BSP/STM32746G-Discovery/stm32746g_discovery_sdram.c **** __weak void BSP_SDRAM_MspDeInit(SDRAM_HandleTypeDef  *hsdram, void *Params)
 467:Drivers/BSP/STM32746G-Discovery/stm32746g_discovery_sdram.c **** {  
 741              		.loc 1 467 0
 742              		.cfi_startproc
 743              		@ args = 0, pretend = 0, frame = 0
 744              		@ frame_needed = 0, uses_anonymous_args = 0
 745              	.LVL49:
 746 0000 08B5     		push	{r3, lr}
 747              	.LCFI12:
 748              		.cfi_def_cfa_offset 8
 749              		.cfi_offset 3, -8
 750              		.cfi_offset 14, -4
 468:Drivers/BSP/STM32746G-Discovery/stm32746g_discovery_sdram.c ****     static DMA_HandleTypeDef dma_handle;
 469:Drivers/BSP/STM32746G-Discovery/stm32746g_discovery_sdram.c ****   
 470:Drivers/BSP/STM32746G-Discovery/stm32746g_discovery_sdram.c ****     /* Disable NVIC configuration for DMA interrupt */
 471:Drivers/BSP/STM32746G-Discovery/stm32746g_discovery_sdram.c ****     HAL_NVIC_DisableIRQ(SDRAM_DMAx_IRQn);
 751              		.loc 1 471 0
 752 0002 3820     		movs	r0, #56
 753              	.LVL50:
 754 0004 FFF7FEFF 		bl	HAL_NVIC_DisableIRQ
 755              	.LVL51:
 472:Drivers/BSP/STM32746G-Discovery/stm32746g_discovery_sdram.c **** 
 473:Drivers/BSP/STM32746G-Discovery/stm32746g_discovery_sdram.c ****     /* Deinitialize the stream for new transfer */
 474:Drivers/BSP/STM32746G-Discovery/stm32746g_discovery_sdram.c ****     dma_handle.Instance = SDRAM_DMAx_STREAM;
 756              		.loc 1 474 0
 757 0008 0248     		ldr	r0, .L53
 758 000a 034B     		ldr	r3, .L53+4
 759 000c 0360     		str	r3, [r0]
 475:Drivers/BSP/STM32746G-Discovery/stm32746g_discovery_sdram.c ****     HAL_DMA_DeInit(&dma_handle);
 760              		.loc 1 475 0
 761 000e FFF7FEFF 		bl	HAL_DMA_DeInit
 762              	.LVL52:
 476:Drivers/BSP/STM32746G-Discovery/stm32746g_discovery_sdram.c **** 
 477:Drivers/BSP/STM32746G-Discovery/stm32746g_discovery_sdram.c ****     /* GPIO pins clock, FMC clock and DMA clock can be shut down in the applications
 478:Drivers/BSP/STM32746G-Discovery/stm32746g_discovery_sdram.c ****        by surcharging this __weak function */ 
 479:Drivers/BSP/STM32746G-Discovery/stm32746g_discovery_sdram.c **** }
ARM GAS  C:\Users\milek\AppData\Local\Temp\ccq1w5oa.s 			page 23


 763              		.loc 1 479 0
 764 0012 08BD     		pop	{r3, pc}
 765              	.L54:
 766              		.align	2
 767              	.L53:
 768 0014 00000000 		.word	.LANCHOR4
 769 0018 10640240 		.word	1073898512
 770              		.cfi_endproc
 771              	.LFE147:
 773              		.section	.text.BSP_SDRAM_DeInit,"ax",%progbits
 774              		.align	1
 775              		.global	BSP_SDRAM_DeInit
 776              		.syntax unified
 777              		.thumb
 778              		.thumb_func
 779              		.fpu fpv5-sp-d16
 781              	BSP_SDRAM_DeInit:
 782              	.LFB139:
 196:Drivers/BSP/STM32746G-Discovery/stm32746g_discovery_sdram.c ****   static uint8_t sdramstatus = SDRAM_ERROR;
 783              		.loc 1 196 0
 784              		.cfi_startproc
 785              		@ args = 0, pretend = 0, frame = 0
 786              		@ frame_needed = 0, uses_anonymous_args = 0
 787 0000 08B5     		push	{r3, lr}
 788              	.LCFI13:
 789              		.cfi_def_cfa_offset 8
 790              		.cfi_offset 3, -8
 791              		.cfi_offset 14, -4
 199:Drivers/BSP/STM32746G-Discovery/stm32746g_discovery_sdram.c **** 
 792              		.loc 1 199 0
 793 0002 0A48     		ldr	r0, .L60
 794 0004 0A4B     		ldr	r3, .L60+4
 795 0006 0360     		str	r3, [r0]
 201:Drivers/BSP/STM32746G-Discovery/stm32746g_discovery_sdram.c ****   {
 796              		.loc 1 201 0
 797 0008 FFF7FEFF 		bl	HAL_SDRAM_DeInit
 798              	.LVL53:
 799 000c 48B9     		cbnz	r0, .L59
 207:Drivers/BSP/STM32746G-Discovery/stm32746g_discovery_sdram.c ****   }
 800              		.loc 1 207 0
 801 000e 094B     		ldr	r3, .L60+8
 802 0010 0022     		movs	r2, #0
 803 0012 1A70     		strb	r2, [r3]
 804              	.L57:
 211:Drivers/BSP/STM32746G-Discovery/stm32746g_discovery_sdram.c ****   
 805              		.loc 1 211 0
 806 0014 0021     		movs	r1, #0
 807 0016 0548     		ldr	r0, .L60
 808 0018 FFF7FEFF 		bl	BSP_SDRAM_MspDeInit
 809              	.LVL54:
 214:Drivers/BSP/STM32746G-Discovery/stm32746g_discovery_sdram.c **** 
 810              		.loc 1 214 0
 811 001c 054B     		ldr	r3, .L60+8
 812 001e 1878     		ldrb	r0, [r3]	@ zero_extendqisi2
 813 0020 08BD     		pop	{r3, pc}
 814              	.L59:
 203:Drivers/BSP/STM32746G-Discovery/stm32746g_discovery_sdram.c ****   }
ARM GAS  C:\Users\milek\AppData\Local\Temp\ccq1w5oa.s 			page 24


 815              		.loc 1 203 0
 816 0022 044B     		ldr	r3, .L60+8
 817 0024 0122     		movs	r2, #1
 818 0026 1A70     		strb	r2, [r3]
 819 0028 F4E7     		b	.L57
 820              	.L61:
 821 002a 00BF     		.align	2
 822              	.L60:
 823 002c 00000000 		.word	sdramHandle
 824 0030 400100A0 		.word	-1610612416
 825 0034 00000000 		.word	.LANCHOR5
 826              		.cfi_endproc
 827              	.LFE139:
 829              		.comm	sdramHandle,52,4
 830              		.section	.bss.Command,"aw",%nobits
 831              		.align	2
 832              		.set	.LANCHOR0,. + 0
 835              	Command:
 836 0000 00000000 		.space	16
 836      00000000 
 836      00000000 
 836      00000000 
 837              		.section	.bss.Timing,"aw",%nobits
 838              		.align	2
 839              		.set	.LANCHOR2,. + 0
 842              	Timing:
 843 0000 00000000 		.space	28
 843      00000000 
 843      00000000 
 843      00000000 
 843      00000000 
 844              		.section	.bss.dma_handle.11886,"aw",%nobits
 845              		.align	2
 846              		.set	.LANCHOR1,. + 0
 849              	dma_handle.11886:
 850 0000 00000000 		.space	96
 850      00000000 
 850      00000000 
 850      00000000 
 850      00000000 
 851              		.section	.bss.dma_handle.11900,"aw",%nobits
 852              		.align	2
 853              		.set	.LANCHOR4,. + 0
 856              	dma_handle.11900:
 857 0000 00000000 		.space	96
 857      00000000 
 857      00000000 
 857      00000000 
 857      00000000 
 858              		.section	.data.sdramstatus.11850,"aw",%progbits
 859              		.set	.LANCHOR3,. + 0
 862              	sdramstatus.11850:
 863 0000 01       		.byte	1
 864              		.section	.data.sdramstatus.11854,"aw",%progbits
 865              		.set	.LANCHOR5,. + 0
 868              	sdramstatus.11854:
 869 0000 01       		.byte	1
ARM GAS  C:\Users\milek\AppData\Local\Temp\ccq1w5oa.s 			page 25


 870              		.text
 871              	.Letext0:
 872              		.file 2 "d:\\program files (x86)\\gnu\\7_2018-q2-update\\arm-none-eabi\\include\\machine\\_default
 873              		.file 3 "d:\\program files (x86)\\gnu\\7_2018-q2-update\\arm-none-eabi\\include\\sys\\_stdint.h"
 874              		.file 4 "Drivers/CMSIS/Include/core_cm7.h"
 875              		.file 5 "Drivers/CMSIS/Device/ST/STM32F7xx/Include/system_stm32f7xx.h"
 876              		.file 6 "Drivers/CMSIS/Device/ST/STM32F7xx/Include/stm32f746xx.h"
 877              		.file 7 "d:\\program files (x86)\\gnu\\7_2018-q2-update\\arm-none-eabi\\include\\sys\\lock.h"
 878              		.file 8 "d:\\program files (x86)\\gnu\\7_2018-q2-update\\arm-none-eabi\\include\\sys\\_types.h"
 879              		.file 9 "d:\\program files (x86)\\gnu\\7_2018-q2-update\\lib\\gcc\\arm-none-eabi\\7.3.1\\include\\
 880              		.file 10 "d:\\program files (x86)\\gnu\\7_2018-q2-update\\arm-none-eabi\\include\\sys\\reent.h"
 881              		.file 11 "Drivers/STM32F7xx_HAL_Driver/Inc/stm32f7xx_hal_def.h"
 882              		.file 12 "Drivers/STM32F7xx_HAL_Driver/Inc/stm32f7xx_hal_gpio.h"
 883              		.file 13 "Drivers/STM32F7xx_HAL_Driver/Inc/stm32f7xx_hal_dma.h"
 884              		.file 14 "Drivers/STM32F7xx_HAL_Driver/Inc/stm32f7xx_ll_fmc.h"
 885              		.file 15 "Drivers/STM32F7xx_HAL_Driver/Inc/stm32f7xx_hal_sdram.h"
 886              		.file 16 "Drivers/STM32F7xx_HAL_Driver/Inc/stm32f7xx_hal_cortex.h"
 887              		.file 17 "Drivers/STM32F7xx_HAL_Driver/Inc/stm32f7xx_hal.h"
ARM GAS  C:\Users\milek\AppData\Local\Temp\ccq1w5oa.s 			page 26


DEFINED SYMBOLS
                            *ABS*:00000000 stm32746g_discovery_sdram.c
C:\Users\milek\AppData\Local\Temp\ccq1w5oa.s:18     .text.BSP_SDRAM_Initialization_sequence:00000000 $t
C:\Users\milek\AppData\Local\Temp\ccq1w5oa.s:25     .text.BSP_SDRAM_Initialization_sequence:00000000 BSP_SDRAM_Initialization_sequence
C:\Users\milek\AppData\Local\Temp\ccq1w5oa.s:138    .text.BSP_SDRAM_Initialization_sequence:00000094 $d
                            *COM*:00000034 sdramHandle
C:\Users\milek\AppData\Local\Temp\ccq1w5oa.s:144    .text.BSP_SDRAM_ReadData:00000000 $t
C:\Users\milek\AppData\Local\Temp\ccq1w5oa.s:151    .text.BSP_SDRAM_ReadData:00000000 BSP_SDRAM_ReadData
C:\Users\milek\AppData\Local\Temp\ccq1w5oa.s:186    .text.BSP_SDRAM_ReadData:00000018 $d
C:\Users\milek\AppData\Local\Temp\ccq1w5oa.s:191    .text.BSP_SDRAM_ReadData_DMA:00000000 $t
C:\Users\milek\AppData\Local\Temp\ccq1w5oa.s:198    .text.BSP_SDRAM_ReadData_DMA:00000000 BSP_SDRAM_ReadData_DMA
C:\Users\milek\AppData\Local\Temp\ccq1w5oa.s:233    .text.BSP_SDRAM_ReadData_DMA:00000018 $d
C:\Users\milek\AppData\Local\Temp\ccq1w5oa.s:238    .text.BSP_SDRAM_WriteData:00000000 $t
C:\Users\milek\AppData\Local\Temp\ccq1w5oa.s:245    .text.BSP_SDRAM_WriteData:00000000 BSP_SDRAM_WriteData
C:\Users\milek\AppData\Local\Temp\ccq1w5oa.s:280    .text.BSP_SDRAM_WriteData:00000018 $d
C:\Users\milek\AppData\Local\Temp\ccq1w5oa.s:285    .text.BSP_SDRAM_WriteData_DMA:00000000 $t
C:\Users\milek\AppData\Local\Temp\ccq1w5oa.s:292    .text.BSP_SDRAM_WriteData_DMA:00000000 BSP_SDRAM_WriteData_DMA
C:\Users\milek\AppData\Local\Temp\ccq1w5oa.s:327    .text.BSP_SDRAM_WriteData_DMA:00000018 $d
C:\Users\milek\AppData\Local\Temp\ccq1w5oa.s:332    .text.BSP_SDRAM_Sendcmd:00000000 $t
C:\Users\milek\AppData\Local\Temp\ccq1w5oa.s:339    .text.BSP_SDRAM_Sendcmd:00000000 BSP_SDRAM_Sendcmd
C:\Users\milek\AppData\Local\Temp\ccq1w5oa.s:371    .text.BSP_SDRAM_Sendcmd:00000018 $d
C:\Users\milek\AppData\Local\Temp\ccq1w5oa.s:376    .text.BSP_SDRAM_MspInit:00000000 $t
C:\Users\milek\AppData\Local\Temp\ccq1w5oa.s:383    .text.BSP_SDRAM_MspInit:00000000 BSP_SDRAM_MspInit
C:\Users\milek\AppData\Local\Temp\ccq1w5oa.s:611    .text.BSP_SDRAM_MspInit:00000158 $d
C:\Users\milek\AppData\Local\Temp\ccq1w5oa.s:624    .text.BSP_SDRAM_Init:00000000 $t
C:\Users\milek\AppData\Local\Temp\ccq1w5oa.s:631    .text.BSP_SDRAM_Init:00000000 BSP_SDRAM_Init
C:\Users\milek\AppData\Local\Temp\ccq1w5oa.s:724    .text.BSP_SDRAM_Init:00000070 $d
C:\Users\milek\AppData\Local\Temp\ccq1w5oa.s:732    .text.BSP_SDRAM_MspDeInit:00000000 $t
C:\Users\milek\AppData\Local\Temp\ccq1w5oa.s:739    .text.BSP_SDRAM_MspDeInit:00000000 BSP_SDRAM_MspDeInit
C:\Users\milek\AppData\Local\Temp\ccq1w5oa.s:768    .text.BSP_SDRAM_MspDeInit:00000014 $d
C:\Users\milek\AppData\Local\Temp\ccq1w5oa.s:774    .text.BSP_SDRAM_DeInit:00000000 $t
C:\Users\milek\AppData\Local\Temp\ccq1w5oa.s:781    .text.BSP_SDRAM_DeInit:00000000 BSP_SDRAM_DeInit
C:\Users\milek\AppData\Local\Temp\ccq1w5oa.s:823    .text.BSP_SDRAM_DeInit:0000002c $d
C:\Users\milek\AppData\Local\Temp\ccq1w5oa.s:831    .bss.Command:00000000 $d
C:\Users\milek\AppData\Local\Temp\ccq1w5oa.s:835    .bss.Command:00000000 Command
C:\Users\milek\AppData\Local\Temp\ccq1w5oa.s:838    .bss.Timing:00000000 $d
C:\Users\milek\AppData\Local\Temp\ccq1w5oa.s:842    .bss.Timing:00000000 Timing
C:\Users\milek\AppData\Local\Temp\ccq1w5oa.s:845    .bss.dma_handle.11886:00000000 $d
C:\Users\milek\AppData\Local\Temp\ccq1w5oa.s:849    .bss.dma_handle.11886:00000000 dma_handle.11886
C:\Users\milek\AppData\Local\Temp\ccq1w5oa.s:852    .bss.dma_handle.11900:00000000 $d
C:\Users\milek\AppData\Local\Temp\ccq1w5oa.s:856    .bss.dma_handle.11900:00000000 dma_handle.11900
C:\Users\milek\AppData\Local\Temp\ccq1w5oa.s:862    .data.sdramstatus.11850:00000000 sdramstatus.11850
C:\Users\milek\AppData\Local\Temp\ccq1w5oa.s:868    .data.sdramstatus.11854:00000000 sdramstatus.11854

UNDEFINED SYMBOLS
HAL_SDRAM_SendCommand
HAL_Delay
HAL_SDRAM_ProgramRefreshRate
HAL_SDRAM_Read_32b
HAL_SDRAM_Read_DMA
HAL_SDRAM_Write_32b
HAL_SDRAM_Write_DMA
HAL_GPIO_Init
HAL_DMA_DeInit
HAL_DMA_Init
HAL_NVIC_SetPriority
HAL_NVIC_EnableIRQ
ARM GAS  C:\Users\milek\AppData\Local\Temp\ccq1w5oa.s 			page 27


HAL_SDRAM_Init
HAL_NVIC_DisableIRQ
HAL_SDRAM_DeInit
