ARM GAS  C:\Users\Patryk\AppData\Local\Temp\ccerxiwb.s 			page 1


   1              		.cpu cortex-m7
   2              		.eabi_attribute 27, 1
   3              		.eabi_attribute 28, 1
   4              		.eabi_attribute 20, 1
   5              		.eabi_attribute 21, 1
   6              		.eabi_attribute 23, 3
   7              		.eabi_attribute 24, 1
   8              		.eabi_attribute 25, 1
   9              		.eabi_attribute 26, 1
  10              		.eabi_attribute 30, 1
  11              		.eabi_attribute 34, 1
  12              		.eabi_attribute 18, 4
  13              		.file	"stm32f7xx_hal_crc.c"
  14              		.text
  15              	.Ltext0:
  16              		.cfi_sections	.debug_frame
  17              		.section	.text.CRC_Handle_8,"ax",%progbits
  18              		.align	1
  19              		.syntax unified
  20              		.thumb
  21              		.thumb_func
  22              		.fpu fpv5-sp-d16
  24              	CRC_Handle_8:
  25              	.LFB144:
  26              		.file 1 "Drivers/STM32F7xx_HAL_Driver/Src/stm32f7xx_hal_crc.c"
   1:Drivers/STM32F7xx_HAL_Driver/Src/stm32f7xx_hal_crc.c **** /**
   2:Drivers/STM32F7xx_HAL_Driver/Src/stm32f7xx_hal_crc.c ****   ******************************************************************************
   3:Drivers/STM32F7xx_HAL_Driver/Src/stm32f7xx_hal_crc.c ****   * @file    stm32f7xx_hal_crc.c
   4:Drivers/STM32F7xx_HAL_Driver/Src/stm32f7xx_hal_crc.c ****   * @author  MCD Application Team
   5:Drivers/STM32F7xx_HAL_Driver/Src/stm32f7xx_hal_crc.c ****   * @brief   CRC HAL module driver.
   6:Drivers/STM32F7xx_HAL_Driver/Src/stm32f7xx_hal_crc.c ****   *          This file provides firmware functions to manage the following 
   7:Drivers/STM32F7xx_HAL_Driver/Src/stm32f7xx_hal_crc.c ****   *          functionalities of the Cyclic Redundancy Check (CRC) peripheral:
   8:Drivers/STM32F7xx_HAL_Driver/Src/stm32f7xx_hal_crc.c ****   *           + Initialization and de-initialization functions
   9:Drivers/STM32F7xx_HAL_Driver/Src/stm32f7xx_hal_crc.c ****   *           + Peripheral Control functions 
  10:Drivers/STM32F7xx_HAL_Driver/Src/stm32f7xx_hal_crc.c ****   *           + Peripheral State functions
  11:Drivers/STM32F7xx_HAL_Driver/Src/stm32f7xx_hal_crc.c ****   *
  12:Drivers/STM32F7xx_HAL_Driver/Src/stm32f7xx_hal_crc.c ****   @verbatim
  13:Drivers/STM32F7xx_HAL_Driver/Src/stm32f7xx_hal_crc.c ****  ===============================================================================
  14:Drivers/STM32F7xx_HAL_Driver/Src/stm32f7xx_hal_crc.c ****                      ##### CRC How to use this driver #####
  15:Drivers/STM32F7xx_HAL_Driver/Src/stm32f7xx_hal_crc.c ****  ===============================================================================
  16:Drivers/STM32F7xx_HAL_Driver/Src/stm32f7xx_hal_crc.c ****     [..]
  17:Drivers/STM32F7xx_HAL_Driver/Src/stm32f7xx_hal_crc.c **** 
  18:Drivers/STM32F7xx_HAL_Driver/Src/stm32f7xx_hal_crc.c ****     (#) Enable CRC AHB clock using __HAL_RCC_CRC_CLK_ENABLE();
  19:Drivers/STM32F7xx_HAL_Driver/Src/stm32f7xx_hal_crc.c **** 
  20:Drivers/STM32F7xx_HAL_Driver/Src/stm32f7xx_hal_crc.c ****     (#) Initialize CRC calculator
  21:Drivers/STM32F7xx_HAL_Driver/Src/stm32f7xx_hal_crc.c ****          (++) specify generating polynomial (IP default or non-default one)
  22:Drivers/STM32F7xx_HAL_Driver/Src/stm32f7xx_hal_crc.c ****          (++) specify initialization value (IP default or non-default one)
  23:Drivers/STM32F7xx_HAL_Driver/Src/stm32f7xx_hal_crc.c ****          (++) specify input data format
  24:Drivers/STM32F7xx_HAL_Driver/Src/stm32f7xx_hal_crc.c ****          (++) specify input or output data inversion mode if any
  25:Drivers/STM32F7xx_HAL_Driver/Src/stm32f7xx_hal_crc.c **** 
  26:Drivers/STM32F7xx_HAL_Driver/Src/stm32f7xx_hal_crc.c ****     (#) Use HAL_CRC_Accumulate() function to compute the CRC value of the 
  27:Drivers/STM32F7xx_HAL_Driver/Src/stm32f7xx_hal_crc.c ****         input data buffer starting with the previously computed CRC as 
  28:Drivers/STM32F7xx_HAL_Driver/Src/stm32f7xx_hal_crc.c ****         initialization value
  29:Drivers/STM32F7xx_HAL_Driver/Src/stm32f7xx_hal_crc.c **** 
  30:Drivers/STM32F7xx_HAL_Driver/Src/stm32f7xx_hal_crc.c ****     (#) Use HAL_CRC_Calculate() function to compute the CRC value of the 
  31:Drivers/STM32F7xx_HAL_Driver/Src/stm32f7xx_hal_crc.c ****         input data buffer starting with the defined initialization value 
  32:Drivers/STM32F7xx_HAL_Driver/Src/stm32f7xx_hal_crc.c ****         (default or non-default) to initiate CRC calculation
ARM GAS  C:\Users\Patryk\AppData\Local\Temp\ccerxiwb.s 			page 2


  33:Drivers/STM32F7xx_HAL_Driver/Src/stm32f7xx_hal_crc.c **** 
  34:Drivers/STM32F7xx_HAL_Driver/Src/stm32f7xx_hal_crc.c ****   @endverbatim
  35:Drivers/STM32F7xx_HAL_Driver/Src/stm32f7xx_hal_crc.c ****   ******************************************************************************
  36:Drivers/STM32F7xx_HAL_Driver/Src/stm32f7xx_hal_crc.c ****   * @attention
  37:Drivers/STM32F7xx_HAL_Driver/Src/stm32f7xx_hal_crc.c ****   *
  38:Drivers/STM32F7xx_HAL_Driver/Src/stm32f7xx_hal_crc.c ****   * <h2><center>&copy; COPYRIGHT(c) 2017 STMicroelectronics</center></h2>
  39:Drivers/STM32F7xx_HAL_Driver/Src/stm32f7xx_hal_crc.c ****   *
  40:Drivers/STM32F7xx_HAL_Driver/Src/stm32f7xx_hal_crc.c ****   * Redistribution and use in source and binary forms, with or without modification,
  41:Drivers/STM32F7xx_HAL_Driver/Src/stm32f7xx_hal_crc.c ****   * are permitted provided that the following conditions are met:
  42:Drivers/STM32F7xx_HAL_Driver/Src/stm32f7xx_hal_crc.c ****   *   1. Redistributions of source code must retain the above copyright notice,
  43:Drivers/STM32F7xx_HAL_Driver/Src/stm32f7xx_hal_crc.c ****   *      this list of conditions and the following disclaimer.
  44:Drivers/STM32F7xx_HAL_Driver/Src/stm32f7xx_hal_crc.c ****   *   2. Redistributions in binary form must reproduce the above copyright notice,
  45:Drivers/STM32F7xx_HAL_Driver/Src/stm32f7xx_hal_crc.c ****   *      this list of conditions and the following disclaimer in the documentation
  46:Drivers/STM32F7xx_HAL_Driver/Src/stm32f7xx_hal_crc.c ****   *      and/or other materials provided with the distribution.
  47:Drivers/STM32F7xx_HAL_Driver/Src/stm32f7xx_hal_crc.c ****   *   3. Neither the name of STMicroelectronics nor the names of its contributors
  48:Drivers/STM32F7xx_HAL_Driver/Src/stm32f7xx_hal_crc.c ****   *      may be used to endorse or promote products derived from this software
  49:Drivers/STM32F7xx_HAL_Driver/Src/stm32f7xx_hal_crc.c ****   *      without specific prior written permission.
  50:Drivers/STM32F7xx_HAL_Driver/Src/stm32f7xx_hal_crc.c ****   *
  51:Drivers/STM32F7xx_HAL_Driver/Src/stm32f7xx_hal_crc.c ****   * THIS SOFTWARE IS PROVIDED BY THE COPYRIGHT HOLDERS AND CONTRIBUTORS "AS IS"
  52:Drivers/STM32F7xx_HAL_Driver/Src/stm32f7xx_hal_crc.c ****   * AND ANY EXPRESS OR IMPLIED WARRANTIES, INCLUDING, BUT NOT LIMITED TO, THE
  53:Drivers/STM32F7xx_HAL_Driver/Src/stm32f7xx_hal_crc.c ****   * IMPLIED WARRANTIES OF MERCHANTABILITY AND FITNESS FOR A PARTICULAR PURPOSE ARE
  54:Drivers/STM32F7xx_HAL_Driver/Src/stm32f7xx_hal_crc.c ****   * DISCLAIMED. IN NO EVENT SHALL THE COPYRIGHT HOLDER OR CONTRIBUTORS BE LIABLE
  55:Drivers/STM32F7xx_HAL_Driver/Src/stm32f7xx_hal_crc.c ****   * FOR ANY DIRECT, INDIRECT, INCIDENTAL, SPECIAL, EXEMPLARY, OR CONSEQUENTIAL
  56:Drivers/STM32F7xx_HAL_Driver/Src/stm32f7xx_hal_crc.c ****   * DAMAGES (INCLUDING, BUT NOT LIMITED TO, PROCUREMENT OF SUBSTITUTE GOODS OR
  57:Drivers/STM32F7xx_HAL_Driver/Src/stm32f7xx_hal_crc.c ****   * SERVICES; LOSS OF USE, DATA, OR PROFITS; OR BUSINESS INTERRUPTION) HOWEVER
  58:Drivers/STM32F7xx_HAL_Driver/Src/stm32f7xx_hal_crc.c ****   * CAUSED AND ON ANY THEORY OF LIABILITY, WHETHER IN CONTRACT, STRICT LIABILITY,
  59:Drivers/STM32F7xx_HAL_Driver/Src/stm32f7xx_hal_crc.c ****   * OR TORT (INCLUDING NEGLIGENCE OR OTHERWISE) ARISING IN ANY WAY OUT OF THE USE
  60:Drivers/STM32F7xx_HAL_Driver/Src/stm32f7xx_hal_crc.c ****   * OF THIS SOFTWARE, EVEN IF ADVISED OF THE POSSIBILITY OF SUCH DAMAGE.
  61:Drivers/STM32F7xx_HAL_Driver/Src/stm32f7xx_hal_crc.c ****   *
  62:Drivers/STM32F7xx_HAL_Driver/Src/stm32f7xx_hal_crc.c ****   ******************************************************************************
  63:Drivers/STM32F7xx_HAL_Driver/Src/stm32f7xx_hal_crc.c ****   */
  64:Drivers/STM32F7xx_HAL_Driver/Src/stm32f7xx_hal_crc.c **** 
  65:Drivers/STM32F7xx_HAL_Driver/Src/stm32f7xx_hal_crc.c **** /* Includes ------------------------------------------------------------------*/
  66:Drivers/STM32F7xx_HAL_Driver/Src/stm32f7xx_hal_crc.c **** #include "stm32f7xx_hal.h"
  67:Drivers/STM32F7xx_HAL_Driver/Src/stm32f7xx_hal_crc.c **** 
  68:Drivers/STM32F7xx_HAL_Driver/Src/stm32f7xx_hal_crc.c **** /** @addtogroup STM32F7xx_HAL_Driver
  69:Drivers/STM32F7xx_HAL_Driver/Src/stm32f7xx_hal_crc.c ****   * @{
  70:Drivers/STM32F7xx_HAL_Driver/Src/stm32f7xx_hal_crc.c ****   */
  71:Drivers/STM32F7xx_HAL_Driver/Src/stm32f7xx_hal_crc.c **** 
  72:Drivers/STM32F7xx_HAL_Driver/Src/stm32f7xx_hal_crc.c **** /** @defgroup CRC CRC
  73:Drivers/STM32F7xx_HAL_Driver/Src/stm32f7xx_hal_crc.c ****   * @brief CRC HAL module driver.
  74:Drivers/STM32F7xx_HAL_Driver/Src/stm32f7xx_hal_crc.c ****   * @{
  75:Drivers/STM32F7xx_HAL_Driver/Src/stm32f7xx_hal_crc.c ****   */
  76:Drivers/STM32F7xx_HAL_Driver/Src/stm32f7xx_hal_crc.c **** 
  77:Drivers/STM32F7xx_HAL_Driver/Src/stm32f7xx_hal_crc.c **** #ifdef HAL_CRC_MODULE_ENABLED
  78:Drivers/STM32F7xx_HAL_Driver/Src/stm32f7xx_hal_crc.c **** 
  79:Drivers/STM32F7xx_HAL_Driver/Src/stm32f7xx_hal_crc.c **** /* Private typedef -----------------------------------------------------------*/
  80:Drivers/STM32F7xx_HAL_Driver/Src/stm32f7xx_hal_crc.c **** /* Private define ------------------------------------------------------------*/
  81:Drivers/STM32F7xx_HAL_Driver/Src/stm32f7xx_hal_crc.c **** /* Private macro -------------------------------------------------------------*/
  82:Drivers/STM32F7xx_HAL_Driver/Src/stm32f7xx_hal_crc.c **** /* Private variables ---------------------------------------------------------*/
  83:Drivers/STM32F7xx_HAL_Driver/Src/stm32f7xx_hal_crc.c **** /* Private function prototypes -----------------------------------------------*/
  84:Drivers/STM32F7xx_HAL_Driver/Src/stm32f7xx_hal_crc.c **** static uint32_t CRC_Handle_8(CRC_HandleTypeDef *hcrc, uint8_t pBuffer[], uint32_t BufferLength);
  85:Drivers/STM32F7xx_HAL_Driver/Src/stm32f7xx_hal_crc.c **** static uint32_t CRC_Handle_16(CRC_HandleTypeDef *hcrc, uint16_t pBuffer[], uint32_t BufferLength);
  86:Drivers/STM32F7xx_HAL_Driver/Src/stm32f7xx_hal_crc.c **** /* Exported functions --------------------------------------------------------*/
  87:Drivers/STM32F7xx_HAL_Driver/Src/stm32f7xx_hal_crc.c **** 
  88:Drivers/STM32F7xx_HAL_Driver/Src/stm32f7xx_hal_crc.c **** /** @defgroup CRC_Exported_Functions CRC Exported Functions
  89:Drivers/STM32F7xx_HAL_Driver/Src/stm32f7xx_hal_crc.c ****   * @{
ARM GAS  C:\Users\Patryk\AppData\Local\Temp\ccerxiwb.s 			page 3


  90:Drivers/STM32F7xx_HAL_Driver/Src/stm32f7xx_hal_crc.c ****   */
  91:Drivers/STM32F7xx_HAL_Driver/Src/stm32f7xx_hal_crc.c **** 
  92:Drivers/STM32F7xx_HAL_Driver/Src/stm32f7xx_hal_crc.c **** /** @defgroup HAL_CRC_Group1 Initialization/de-initialization functions 
  93:Drivers/STM32F7xx_HAL_Driver/Src/stm32f7xx_hal_crc.c ****   *  @brief    Initialization and Configuration functions. 
  94:Drivers/STM32F7xx_HAL_Driver/Src/stm32f7xx_hal_crc.c ****   *
  95:Drivers/STM32F7xx_HAL_Driver/Src/stm32f7xx_hal_crc.c **** @verbatim    
  96:Drivers/STM32F7xx_HAL_Driver/Src/stm32f7xx_hal_crc.c ****  ===============================================================================
  97:Drivers/STM32F7xx_HAL_Driver/Src/stm32f7xx_hal_crc.c ****             ##### Initialization and de-initialization functions #####
  98:Drivers/STM32F7xx_HAL_Driver/Src/stm32f7xx_hal_crc.c ****  ===============================================================================
  99:Drivers/STM32F7xx_HAL_Driver/Src/stm32f7xx_hal_crc.c ****     [..]  This section provides functions allowing to:
 100:Drivers/STM32F7xx_HAL_Driver/Src/stm32f7xx_hal_crc.c ****       (+) Initialize the CRC according to the specified parameters 
 101:Drivers/STM32F7xx_HAL_Driver/Src/stm32f7xx_hal_crc.c ****           in the CRC_InitTypeDef and create the associated handle
 102:Drivers/STM32F7xx_HAL_Driver/Src/stm32f7xx_hal_crc.c ****       (+) DeInitialize the CRC peripheral
 103:Drivers/STM32F7xx_HAL_Driver/Src/stm32f7xx_hal_crc.c ****       (+) Initialize the CRC MSP
 104:Drivers/STM32F7xx_HAL_Driver/Src/stm32f7xx_hal_crc.c ****       (+) DeInitialize CRC MSP 
 105:Drivers/STM32F7xx_HAL_Driver/Src/stm32f7xx_hal_crc.c ****  
 106:Drivers/STM32F7xx_HAL_Driver/Src/stm32f7xx_hal_crc.c **** @endverbatim
 107:Drivers/STM32F7xx_HAL_Driver/Src/stm32f7xx_hal_crc.c ****   * @{
 108:Drivers/STM32F7xx_HAL_Driver/Src/stm32f7xx_hal_crc.c ****   */
 109:Drivers/STM32F7xx_HAL_Driver/Src/stm32f7xx_hal_crc.c **** 
 110:Drivers/STM32F7xx_HAL_Driver/Src/stm32f7xx_hal_crc.c **** /**
 111:Drivers/STM32F7xx_HAL_Driver/Src/stm32f7xx_hal_crc.c ****   * @brief  Initialize the CRC according to the specified
 112:Drivers/STM32F7xx_HAL_Driver/Src/stm32f7xx_hal_crc.c ****   *         parameters in the CRC_InitTypeDef and create the associated handle.
 113:Drivers/STM32F7xx_HAL_Driver/Src/stm32f7xx_hal_crc.c ****   * @param  hcrc CRC handle
 114:Drivers/STM32F7xx_HAL_Driver/Src/stm32f7xx_hal_crc.c ****   * @retval HAL status
 115:Drivers/STM32F7xx_HAL_Driver/Src/stm32f7xx_hal_crc.c ****   */
 116:Drivers/STM32F7xx_HAL_Driver/Src/stm32f7xx_hal_crc.c **** HAL_StatusTypeDef HAL_CRC_Init(CRC_HandleTypeDef *hcrc)
 117:Drivers/STM32F7xx_HAL_Driver/Src/stm32f7xx_hal_crc.c **** {
 118:Drivers/STM32F7xx_HAL_Driver/Src/stm32f7xx_hal_crc.c ****   /* Check the CRC handle allocation */
 119:Drivers/STM32F7xx_HAL_Driver/Src/stm32f7xx_hal_crc.c ****   if(hcrc == NULL)
 120:Drivers/STM32F7xx_HAL_Driver/Src/stm32f7xx_hal_crc.c ****   {
 121:Drivers/STM32F7xx_HAL_Driver/Src/stm32f7xx_hal_crc.c ****     return HAL_ERROR;
 122:Drivers/STM32F7xx_HAL_Driver/Src/stm32f7xx_hal_crc.c ****   }
 123:Drivers/STM32F7xx_HAL_Driver/Src/stm32f7xx_hal_crc.c **** 
 124:Drivers/STM32F7xx_HAL_Driver/Src/stm32f7xx_hal_crc.c ****   /* Check the parameters */
 125:Drivers/STM32F7xx_HAL_Driver/Src/stm32f7xx_hal_crc.c ****   assert_param(IS_CRC_ALL_INSTANCE(hcrc->Instance));
 126:Drivers/STM32F7xx_HAL_Driver/Src/stm32f7xx_hal_crc.c **** 
 127:Drivers/STM32F7xx_HAL_Driver/Src/stm32f7xx_hal_crc.c ****   if(hcrc->State == HAL_CRC_STATE_RESET)
 128:Drivers/STM32F7xx_HAL_Driver/Src/stm32f7xx_hal_crc.c ****   {
 129:Drivers/STM32F7xx_HAL_Driver/Src/stm32f7xx_hal_crc.c ****     /* Allocate lock resource and initialize it */
 130:Drivers/STM32F7xx_HAL_Driver/Src/stm32f7xx_hal_crc.c ****     hcrc->Lock = HAL_UNLOCKED;
 131:Drivers/STM32F7xx_HAL_Driver/Src/stm32f7xx_hal_crc.c ****     /* Init the low level hardware */
 132:Drivers/STM32F7xx_HAL_Driver/Src/stm32f7xx_hal_crc.c ****     HAL_CRC_MspInit(hcrc);
 133:Drivers/STM32F7xx_HAL_Driver/Src/stm32f7xx_hal_crc.c ****   }
 134:Drivers/STM32F7xx_HAL_Driver/Src/stm32f7xx_hal_crc.c ****   
 135:Drivers/STM32F7xx_HAL_Driver/Src/stm32f7xx_hal_crc.c ****   /* Change CRC peripheral state */
 136:Drivers/STM32F7xx_HAL_Driver/Src/stm32f7xx_hal_crc.c ****   hcrc->State = HAL_CRC_STATE_BUSY;
 137:Drivers/STM32F7xx_HAL_Driver/Src/stm32f7xx_hal_crc.c ****   
 138:Drivers/STM32F7xx_HAL_Driver/Src/stm32f7xx_hal_crc.c ****   /* check whether or not non-default generating polynomial has been 
 139:Drivers/STM32F7xx_HAL_Driver/Src/stm32f7xx_hal_crc.c ****    * picked up by user */
 140:Drivers/STM32F7xx_HAL_Driver/Src/stm32f7xx_hal_crc.c ****   assert_param(IS_DEFAULT_POLYNOMIAL(hcrc->Init.DefaultPolynomialUse)); 
 141:Drivers/STM32F7xx_HAL_Driver/Src/stm32f7xx_hal_crc.c ****   if(hcrc->Init.DefaultPolynomialUse == DEFAULT_POLYNOMIAL_ENABLE)
 142:Drivers/STM32F7xx_HAL_Driver/Src/stm32f7xx_hal_crc.c ****   {
 143:Drivers/STM32F7xx_HAL_Driver/Src/stm32f7xx_hal_crc.c ****     /* initialize IP with default generating polynomial */
 144:Drivers/STM32F7xx_HAL_Driver/Src/stm32f7xx_hal_crc.c ****     WRITE_REG(hcrc->Instance->POL, DEFAULT_CRC32_POLY);  
 145:Drivers/STM32F7xx_HAL_Driver/Src/stm32f7xx_hal_crc.c ****     MODIFY_REG(hcrc->Instance->CR, CRC_CR_POLYSIZE, CRC_POLYLENGTH_32B);
 146:Drivers/STM32F7xx_HAL_Driver/Src/stm32f7xx_hal_crc.c ****   }
ARM GAS  C:\Users\Patryk\AppData\Local\Temp\ccerxiwb.s 			page 4


 147:Drivers/STM32F7xx_HAL_Driver/Src/stm32f7xx_hal_crc.c ****   else
 148:Drivers/STM32F7xx_HAL_Driver/Src/stm32f7xx_hal_crc.c ****   {
 149:Drivers/STM32F7xx_HAL_Driver/Src/stm32f7xx_hal_crc.c ****     /* initialize CRC IP with generating polynomial defined by user */
 150:Drivers/STM32F7xx_HAL_Driver/Src/stm32f7xx_hal_crc.c ****     if(HAL_CRCEx_Polynomial_Set(hcrc, hcrc->Init.GeneratingPolynomial, hcrc->Init.CRCLength) != HAL
 151:Drivers/STM32F7xx_HAL_Driver/Src/stm32f7xx_hal_crc.c ****     {
 152:Drivers/STM32F7xx_HAL_Driver/Src/stm32f7xx_hal_crc.c ****       return HAL_ERROR;
 153:Drivers/STM32F7xx_HAL_Driver/Src/stm32f7xx_hal_crc.c ****     }
 154:Drivers/STM32F7xx_HAL_Driver/Src/stm32f7xx_hal_crc.c ****   }
 155:Drivers/STM32F7xx_HAL_Driver/Src/stm32f7xx_hal_crc.c ****   
 156:Drivers/STM32F7xx_HAL_Driver/Src/stm32f7xx_hal_crc.c ****   /* check whether or not non-default CRC initial value has been 
 157:Drivers/STM32F7xx_HAL_Driver/Src/stm32f7xx_hal_crc.c ****    * picked up by user */
 158:Drivers/STM32F7xx_HAL_Driver/Src/stm32f7xx_hal_crc.c ****   assert_param(IS_DEFAULT_INIT_VALUE(hcrc->Init.DefaultInitValueUse));
 159:Drivers/STM32F7xx_HAL_Driver/Src/stm32f7xx_hal_crc.c ****   if(hcrc->Init.DefaultInitValueUse == DEFAULT_INIT_VALUE_ENABLE)
 160:Drivers/STM32F7xx_HAL_Driver/Src/stm32f7xx_hal_crc.c ****   {
 161:Drivers/STM32F7xx_HAL_Driver/Src/stm32f7xx_hal_crc.c ****     WRITE_REG(hcrc->Instance->INIT, DEFAULT_CRC_INITVALUE);  
 162:Drivers/STM32F7xx_HAL_Driver/Src/stm32f7xx_hal_crc.c ****   }
 163:Drivers/STM32F7xx_HAL_Driver/Src/stm32f7xx_hal_crc.c ****   else
 164:Drivers/STM32F7xx_HAL_Driver/Src/stm32f7xx_hal_crc.c ****   {
 165:Drivers/STM32F7xx_HAL_Driver/Src/stm32f7xx_hal_crc.c ****     WRITE_REG(hcrc->Instance->INIT, hcrc->Init.InitValue);
 166:Drivers/STM32F7xx_HAL_Driver/Src/stm32f7xx_hal_crc.c ****   }
 167:Drivers/STM32F7xx_HAL_Driver/Src/stm32f7xx_hal_crc.c ****   
 168:Drivers/STM32F7xx_HAL_Driver/Src/stm32f7xx_hal_crc.c **** 
 169:Drivers/STM32F7xx_HAL_Driver/Src/stm32f7xx_hal_crc.c ****   /* set input data inversion mode */
 170:Drivers/STM32F7xx_HAL_Driver/Src/stm32f7xx_hal_crc.c ****   assert_param(IS_CRC_INPUTDATA_INVERSION_MODE(hcrc->Init.InputDataInversionMode)); 
 171:Drivers/STM32F7xx_HAL_Driver/Src/stm32f7xx_hal_crc.c ****   MODIFY_REG(hcrc->Instance->CR, CRC_CR_REV_IN, hcrc->Init.InputDataInversionMode); 
 172:Drivers/STM32F7xx_HAL_Driver/Src/stm32f7xx_hal_crc.c ****   
 173:Drivers/STM32F7xx_HAL_Driver/Src/stm32f7xx_hal_crc.c ****   /* set output data inversion mode */
 174:Drivers/STM32F7xx_HAL_Driver/Src/stm32f7xx_hal_crc.c ****   assert_param(IS_CRC_OUTPUTDATA_INVERSION_MODE(hcrc->Init.OutputDataInversionMode)); 
 175:Drivers/STM32F7xx_HAL_Driver/Src/stm32f7xx_hal_crc.c ****   MODIFY_REG(hcrc->Instance->CR, CRC_CR_REV_OUT, hcrc->Init.OutputDataInversionMode);  
 176:Drivers/STM32F7xx_HAL_Driver/Src/stm32f7xx_hal_crc.c ****   
 177:Drivers/STM32F7xx_HAL_Driver/Src/stm32f7xx_hal_crc.c ****   /* makes sure the input data format (bytes, halfwords or words stream)
 178:Drivers/STM32F7xx_HAL_Driver/Src/stm32f7xx_hal_crc.c ****    * is properly specified by user */
 179:Drivers/STM32F7xx_HAL_Driver/Src/stm32f7xx_hal_crc.c ****   assert_param(IS_CRC_INPUTDATA_FORMAT(hcrc->InputDataFormat));
 180:Drivers/STM32F7xx_HAL_Driver/Src/stm32f7xx_hal_crc.c **** 
 181:Drivers/STM32F7xx_HAL_Driver/Src/stm32f7xx_hal_crc.c ****   /* Change CRC peripheral state */
 182:Drivers/STM32F7xx_HAL_Driver/Src/stm32f7xx_hal_crc.c ****   hcrc->State = HAL_CRC_STATE_READY;
 183:Drivers/STM32F7xx_HAL_Driver/Src/stm32f7xx_hal_crc.c ****   
 184:Drivers/STM32F7xx_HAL_Driver/Src/stm32f7xx_hal_crc.c ****   /* Return function status */
 185:Drivers/STM32F7xx_HAL_Driver/Src/stm32f7xx_hal_crc.c ****   return HAL_OK;
 186:Drivers/STM32F7xx_HAL_Driver/Src/stm32f7xx_hal_crc.c **** }
 187:Drivers/STM32F7xx_HAL_Driver/Src/stm32f7xx_hal_crc.c **** 
 188:Drivers/STM32F7xx_HAL_Driver/Src/stm32f7xx_hal_crc.c **** /**
 189:Drivers/STM32F7xx_HAL_Driver/Src/stm32f7xx_hal_crc.c ****   * @brief  DeInitialize the CRC peripheral.
 190:Drivers/STM32F7xx_HAL_Driver/Src/stm32f7xx_hal_crc.c ****   * @param  hcrc CRC handle
 191:Drivers/STM32F7xx_HAL_Driver/Src/stm32f7xx_hal_crc.c ****   * @retval HAL status
 192:Drivers/STM32F7xx_HAL_Driver/Src/stm32f7xx_hal_crc.c ****   */
 193:Drivers/STM32F7xx_HAL_Driver/Src/stm32f7xx_hal_crc.c **** HAL_StatusTypeDef HAL_CRC_DeInit(CRC_HandleTypeDef *hcrc)
 194:Drivers/STM32F7xx_HAL_Driver/Src/stm32f7xx_hal_crc.c **** {
 195:Drivers/STM32F7xx_HAL_Driver/Src/stm32f7xx_hal_crc.c ****   /* Check the CRC handle allocation */
 196:Drivers/STM32F7xx_HAL_Driver/Src/stm32f7xx_hal_crc.c ****   if(hcrc == NULL)
 197:Drivers/STM32F7xx_HAL_Driver/Src/stm32f7xx_hal_crc.c ****   {
 198:Drivers/STM32F7xx_HAL_Driver/Src/stm32f7xx_hal_crc.c ****     return HAL_ERROR;
 199:Drivers/STM32F7xx_HAL_Driver/Src/stm32f7xx_hal_crc.c ****   }
 200:Drivers/STM32F7xx_HAL_Driver/Src/stm32f7xx_hal_crc.c **** 
 201:Drivers/STM32F7xx_HAL_Driver/Src/stm32f7xx_hal_crc.c ****   /* Check the parameters */
 202:Drivers/STM32F7xx_HAL_Driver/Src/stm32f7xx_hal_crc.c ****   assert_param(IS_CRC_ALL_INSTANCE(hcrc->Instance));
 203:Drivers/STM32F7xx_HAL_Driver/Src/stm32f7xx_hal_crc.c ****   
ARM GAS  C:\Users\Patryk\AppData\Local\Temp\ccerxiwb.s 			page 5


 204:Drivers/STM32F7xx_HAL_Driver/Src/stm32f7xx_hal_crc.c ****   /* Check the CRC peripheral state */
 205:Drivers/STM32F7xx_HAL_Driver/Src/stm32f7xx_hal_crc.c ****   if(hcrc->State == HAL_CRC_STATE_BUSY)
 206:Drivers/STM32F7xx_HAL_Driver/Src/stm32f7xx_hal_crc.c ****   {
 207:Drivers/STM32F7xx_HAL_Driver/Src/stm32f7xx_hal_crc.c ****     return HAL_BUSY;
 208:Drivers/STM32F7xx_HAL_Driver/Src/stm32f7xx_hal_crc.c ****   }
 209:Drivers/STM32F7xx_HAL_Driver/Src/stm32f7xx_hal_crc.c ****   
 210:Drivers/STM32F7xx_HAL_Driver/Src/stm32f7xx_hal_crc.c ****   /* Change CRC peripheral state */
 211:Drivers/STM32F7xx_HAL_Driver/Src/stm32f7xx_hal_crc.c ****   hcrc->State = HAL_CRC_STATE_BUSY;
 212:Drivers/STM32F7xx_HAL_Driver/Src/stm32f7xx_hal_crc.c ****   
 213:Drivers/STM32F7xx_HAL_Driver/Src/stm32f7xx_hal_crc.c ****   /* Reset CRC calculation unit */
 214:Drivers/STM32F7xx_HAL_Driver/Src/stm32f7xx_hal_crc.c ****   __HAL_CRC_DR_RESET(hcrc);
 215:Drivers/STM32F7xx_HAL_Driver/Src/stm32f7xx_hal_crc.c ****   
 216:Drivers/STM32F7xx_HAL_Driver/Src/stm32f7xx_hal_crc.c ****   /* Reset IDR register content */
 217:Drivers/STM32F7xx_HAL_Driver/Src/stm32f7xx_hal_crc.c ****   CLEAR_BIT(hcrc->Instance->IDR, CRC_IDR_IDR);
 218:Drivers/STM32F7xx_HAL_Driver/Src/stm32f7xx_hal_crc.c **** 
 219:Drivers/STM32F7xx_HAL_Driver/Src/stm32f7xx_hal_crc.c ****   /* DeInit the low level hardware */
 220:Drivers/STM32F7xx_HAL_Driver/Src/stm32f7xx_hal_crc.c ****   HAL_CRC_MspDeInit(hcrc);
 221:Drivers/STM32F7xx_HAL_Driver/Src/stm32f7xx_hal_crc.c **** 
 222:Drivers/STM32F7xx_HAL_Driver/Src/stm32f7xx_hal_crc.c ****   /* Change CRC peripheral state */
 223:Drivers/STM32F7xx_HAL_Driver/Src/stm32f7xx_hal_crc.c ****   hcrc->State = HAL_CRC_STATE_RESET;
 224:Drivers/STM32F7xx_HAL_Driver/Src/stm32f7xx_hal_crc.c **** 
 225:Drivers/STM32F7xx_HAL_Driver/Src/stm32f7xx_hal_crc.c ****   /* Process unlocked */
 226:Drivers/STM32F7xx_HAL_Driver/Src/stm32f7xx_hal_crc.c ****   __HAL_UNLOCK(hcrc);
 227:Drivers/STM32F7xx_HAL_Driver/Src/stm32f7xx_hal_crc.c **** 
 228:Drivers/STM32F7xx_HAL_Driver/Src/stm32f7xx_hal_crc.c ****   /* Return function status */
 229:Drivers/STM32F7xx_HAL_Driver/Src/stm32f7xx_hal_crc.c ****   return HAL_OK;
 230:Drivers/STM32F7xx_HAL_Driver/Src/stm32f7xx_hal_crc.c **** }
 231:Drivers/STM32F7xx_HAL_Driver/Src/stm32f7xx_hal_crc.c **** 
 232:Drivers/STM32F7xx_HAL_Driver/Src/stm32f7xx_hal_crc.c **** /**
 233:Drivers/STM32F7xx_HAL_Driver/Src/stm32f7xx_hal_crc.c ****   * @brief  Initialize the CRC MSP.
 234:Drivers/STM32F7xx_HAL_Driver/Src/stm32f7xx_hal_crc.c ****   * @param  hcrc CRC handle
 235:Drivers/STM32F7xx_HAL_Driver/Src/stm32f7xx_hal_crc.c ****   * @retval None
 236:Drivers/STM32F7xx_HAL_Driver/Src/stm32f7xx_hal_crc.c ****   */
 237:Drivers/STM32F7xx_HAL_Driver/Src/stm32f7xx_hal_crc.c **** __weak void HAL_CRC_MspInit(CRC_HandleTypeDef *hcrc)
 238:Drivers/STM32F7xx_HAL_Driver/Src/stm32f7xx_hal_crc.c **** {
 239:Drivers/STM32F7xx_HAL_Driver/Src/stm32f7xx_hal_crc.c ****   /* Prevent unused argument(s) compilation warning */
 240:Drivers/STM32F7xx_HAL_Driver/Src/stm32f7xx_hal_crc.c ****   UNUSED(hcrc);
 241:Drivers/STM32F7xx_HAL_Driver/Src/stm32f7xx_hal_crc.c ****   
 242:Drivers/STM32F7xx_HAL_Driver/Src/stm32f7xx_hal_crc.c ****   /* NOTE : This function should not be modified, when the callback is needed,
 243:Drivers/STM32F7xx_HAL_Driver/Src/stm32f7xx_hal_crc.c ****             the HAL_CRC_MspInit can be implemented in the user file
 244:Drivers/STM32F7xx_HAL_Driver/Src/stm32f7xx_hal_crc.c ****    */
 245:Drivers/STM32F7xx_HAL_Driver/Src/stm32f7xx_hal_crc.c **** }
 246:Drivers/STM32F7xx_HAL_Driver/Src/stm32f7xx_hal_crc.c **** 
 247:Drivers/STM32F7xx_HAL_Driver/Src/stm32f7xx_hal_crc.c **** /**
 248:Drivers/STM32F7xx_HAL_Driver/Src/stm32f7xx_hal_crc.c ****   * @brief  DeInitialize the CRC MSP.
 249:Drivers/STM32F7xx_HAL_Driver/Src/stm32f7xx_hal_crc.c ****   * @param  hcrc CRC handle
 250:Drivers/STM32F7xx_HAL_Driver/Src/stm32f7xx_hal_crc.c ****   * @retval None
 251:Drivers/STM32F7xx_HAL_Driver/Src/stm32f7xx_hal_crc.c ****   */
 252:Drivers/STM32F7xx_HAL_Driver/Src/stm32f7xx_hal_crc.c **** __weak void HAL_CRC_MspDeInit(CRC_HandleTypeDef *hcrc)
 253:Drivers/STM32F7xx_HAL_Driver/Src/stm32f7xx_hal_crc.c **** {
 254:Drivers/STM32F7xx_HAL_Driver/Src/stm32f7xx_hal_crc.c ****   /* Prevent unused argument(s) compilation warning */
 255:Drivers/STM32F7xx_HAL_Driver/Src/stm32f7xx_hal_crc.c ****   UNUSED(hcrc);
 256:Drivers/STM32F7xx_HAL_Driver/Src/stm32f7xx_hal_crc.c ****   
 257:Drivers/STM32F7xx_HAL_Driver/Src/stm32f7xx_hal_crc.c ****   /* NOTE : This function should not be modified, when the callback is needed,
 258:Drivers/STM32F7xx_HAL_Driver/Src/stm32f7xx_hal_crc.c ****             the HAL_CRC_MspDeInit can be implemented in the user file
 259:Drivers/STM32F7xx_HAL_Driver/Src/stm32f7xx_hal_crc.c ****    */
 260:Drivers/STM32F7xx_HAL_Driver/Src/stm32f7xx_hal_crc.c **** }
ARM GAS  C:\Users\Patryk\AppData\Local\Temp\ccerxiwb.s 			page 6


 261:Drivers/STM32F7xx_HAL_Driver/Src/stm32f7xx_hal_crc.c **** 
 262:Drivers/STM32F7xx_HAL_Driver/Src/stm32f7xx_hal_crc.c **** /**
 263:Drivers/STM32F7xx_HAL_Driver/Src/stm32f7xx_hal_crc.c ****   * @}
 264:Drivers/STM32F7xx_HAL_Driver/Src/stm32f7xx_hal_crc.c ****   */
 265:Drivers/STM32F7xx_HAL_Driver/Src/stm32f7xx_hal_crc.c **** 
 266:Drivers/STM32F7xx_HAL_Driver/Src/stm32f7xx_hal_crc.c **** /** @defgroup HAL_CRC_Group2 Peripheral Control functions 
 267:Drivers/STM32F7xx_HAL_Driver/Src/stm32f7xx_hal_crc.c ****   *  @brief   Peripheral Control functions 
 268:Drivers/STM32F7xx_HAL_Driver/Src/stm32f7xx_hal_crc.c ****   *
 269:Drivers/STM32F7xx_HAL_Driver/Src/stm32f7xx_hal_crc.c **** @verbatim  
 270:Drivers/STM32F7xx_HAL_Driver/Src/stm32f7xx_hal_crc.c ****  ==============================================================================
 271:Drivers/STM32F7xx_HAL_Driver/Src/stm32f7xx_hal_crc.c ****                       ##### Peripheral Control functions #####
 272:Drivers/STM32F7xx_HAL_Driver/Src/stm32f7xx_hal_crc.c ****  ==============================================================================  
 273:Drivers/STM32F7xx_HAL_Driver/Src/stm32f7xx_hal_crc.c ****     [..]  This section provides functions allowing to:
 274:Drivers/STM32F7xx_HAL_Driver/Src/stm32f7xx_hal_crc.c ****       (+) Compute the 7, 8, 16 or 32-bit CRC value of an 8, 16 or 32-bit data buffer
 275:Drivers/STM32F7xx_HAL_Driver/Src/stm32f7xx_hal_crc.c ****           using combination of the previous CRC value and the new one.
 276:Drivers/STM32F7xx_HAL_Driver/Src/stm32f7xx_hal_crc.c ****           
 277:Drivers/STM32F7xx_HAL_Driver/Src/stm32f7xx_hal_crc.c ****           or
 278:Drivers/STM32F7xx_HAL_Driver/Src/stm32f7xx_hal_crc.c ****           
 279:Drivers/STM32F7xx_HAL_Driver/Src/stm32f7xx_hal_crc.c ****       (+) Compute the 7, 8, 16 or 32-bit CRC value of an 8, 16 or 32-bit data buffer
 280:Drivers/STM32F7xx_HAL_Driver/Src/stm32f7xx_hal_crc.c ****           independently of the previous CRC value.
 281:Drivers/STM32F7xx_HAL_Driver/Src/stm32f7xx_hal_crc.c **** 
 282:Drivers/STM32F7xx_HAL_Driver/Src/stm32f7xx_hal_crc.c **** @endverbatim
 283:Drivers/STM32F7xx_HAL_Driver/Src/stm32f7xx_hal_crc.c ****   * @{
 284:Drivers/STM32F7xx_HAL_Driver/Src/stm32f7xx_hal_crc.c ****   */
 285:Drivers/STM32F7xx_HAL_Driver/Src/stm32f7xx_hal_crc.c **** 
 286:Drivers/STM32F7xx_HAL_Driver/Src/stm32f7xx_hal_crc.c **** /**                  
 287:Drivers/STM32F7xx_HAL_Driver/Src/stm32f7xx_hal_crc.c ****   * @brief  Compute the 7, 8, 16 or 32-bit CRC value of an 8, 16 or 32-bit data buffer
 288:Drivers/STM32F7xx_HAL_Driver/Src/stm32f7xx_hal_crc.c ****   *         starting with the previously computed CRC as initialization value.
 289:Drivers/STM32F7xx_HAL_Driver/Src/stm32f7xx_hal_crc.c ****   * @param  hcrc CRC handle
 290:Drivers/STM32F7xx_HAL_Driver/Src/stm32f7xx_hal_crc.c ****   * @param  pBuffer pointer to the input data buffer, exact input data format is
 291:Drivers/STM32F7xx_HAL_Driver/Src/stm32f7xx_hal_crc.c ****   *         provided by hcrc->InputDataFormat.  
 292:Drivers/STM32F7xx_HAL_Driver/Src/stm32f7xx_hal_crc.c ****   * @param  BufferLength input data buffer length (number of bytes if pBuffer
 293:Drivers/STM32F7xx_HAL_Driver/Src/stm32f7xx_hal_crc.c ****   *         type is * uint8_t, number of half-words if pBuffer type is * uint16_t,
 294:Drivers/STM32F7xx_HAL_Driver/Src/stm32f7xx_hal_crc.c ****   *         number of words if pBuffer type is * uint32_t).
 295:Drivers/STM32F7xx_HAL_Driver/Src/stm32f7xx_hal_crc.c ****   * @note  By default, the API expects a uint32_t pointer as input buffer parameter.
 296:Drivers/STM32F7xx_HAL_Driver/Src/stm32f7xx_hal_crc.c ****   *        Input buffer pointers with other types simply need to be cast in uint32_t
 297:Drivers/STM32F7xx_HAL_Driver/Src/stm32f7xx_hal_crc.c ****   *        and the API will internally adjust its input data processing based on the  
 298:Drivers/STM32F7xx_HAL_Driver/Src/stm32f7xx_hal_crc.c ****   *        handle field hcrc->InputDataFormat.  
 299:Drivers/STM32F7xx_HAL_Driver/Src/stm32f7xx_hal_crc.c ****   * @retval uint32_t CRC (returned value LSBs for CRC shorter than 32 bits)
 300:Drivers/STM32F7xx_HAL_Driver/Src/stm32f7xx_hal_crc.c ****   */
 301:Drivers/STM32F7xx_HAL_Driver/Src/stm32f7xx_hal_crc.c **** uint32_t HAL_CRC_Accumulate(CRC_HandleTypeDef *hcrc, uint32_t pBuffer[], uint32_t BufferLength)
 302:Drivers/STM32F7xx_HAL_Driver/Src/stm32f7xx_hal_crc.c **** {
 303:Drivers/STM32F7xx_HAL_Driver/Src/stm32f7xx_hal_crc.c ****   uint32_t index = 0; /* CRC input data buffer index */
 304:Drivers/STM32F7xx_HAL_Driver/Src/stm32f7xx_hal_crc.c ****   uint32_t temp = 0;  /* CRC output (read from hcrc->Instance->DR register) */
 305:Drivers/STM32F7xx_HAL_Driver/Src/stm32f7xx_hal_crc.c ****   
 306:Drivers/STM32F7xx_HAL_Driver/Src/stm32f7xx_hal_crc.c ****   /* Process locked */
 307:Drivers/STM32F7xx_HAL_Driver/Src/stm32f7xx_hal_crc.c ****   __HAL_LOCK(hcrc); 
 308:Drivers/STM32F7xx_HAL_Driver/Src/stm32f7xx_hal_crc.c ****     
 309:Drivers/STM32F7xx_HAL_Driver/Src/stm32f7xx_hal_crc.c ****   /* Change CRC peripheral state */  
 310:Drivers/STM32F7xx_HAL_Driver/Src/stm32f7xx_hal_crc.c ****   hcrc->State = HAL_CRC_STATE_BUSY;
 311:Drivers/STM32F7xx_HAL_Driver/Src/stm32f7xx_hal_crc.c ****   
 312:Drivers/STM32F7xx_HAL_Driver/Src/stm32f7xx_hal_crc.c ****   switch (hcrc->InputDataFormat)
 313:Drivers/STM32F7xx_HAL_Driver/Src/stm32f7xx_hal_crc.c ****   {
 314:Drivers/STM32F7xx_HAL_Driver/Src/stm32f7xx_hal_crc.c ****     case CRC_INPUTDATA_FORMAT_WORDS:  
 315:Drivers/STM32F7xx_HAL_Driver/Src/stm32f7xx_hal_crc.c ****       /* Enter Data to the CRC calculator */
 316:Drivers/STM32F7xx_HAL_Driver/Src/stm32f7xx_hal_crc.c ****       for(index = 0; index < BufferLength; index++)
 317:Drivers/STM32F7xx_HAL_Driver/Src/stm32f7xx_hal_crc.c ****       {
ARM GAS  C:\Users\Patryk\AppData\Local\Temp\ccerxiwb.s 			page 7


 318:Drivers/STM32F7xx_HAL_Driver/Src/stm32f7xx_hal_crc.c ****         hcrc->Instance->DR = pBuffer[index];
 319:Drivers/STM32F7xx_HAL_Driver/Src/stm32f7xx_hal_crc.c ****       }
 320:Drivers/STM32F7xx_HAL_Driver/Src/stm32f7xx_hal_crc.c ****       temp = hcrc->Instance->DR;
 321:Drivers/STM32F7xx_HAL_Driver/Src/stm32f7xx_hal_crc.c ****       break;
 322:Drivers/STM32F7xx_HAL_Driver/Src/stm32f7xx_hal_crc.c ****       
 323:Drivers/STM32F7xx_HAL_Driver/Src/stm32f7xx_hal_crc.c ****     case CRC_INPUTDATA_FORMAT_BYTES: 
 324:Drivers/STM32F7xx_HAL_Driver/Src/stm32f7xx_hal_crc.c ****       temp = CRC_Handle_8(hcrc, (uint8_t*)pBuffer, BufferLength);
 325:Drivers/STM32F7xx_HAL_Driver/Src/stm32f7xx_hal_crc.c ****       break;
 326:Drivers/STM32F7xx_HAL_Driver/Src/stm32f7xx_hal_crc.c ****       
 327:Drivers/STM32F7xx_HAL_Driver/Src/stm32f7xx_hal_crc.c ****     case CRC_INPUTDATA_FORMAT_HALFWORDS: 
 328:Drivers/STM32F7xx_HAL_Driver/Src/stm32f7xx_hal_crc.c ****       temp = CRC_Handle_16(hcrc, (uint16_t*)pBuffer, BufferLength);
 329:Drivers/STM32F7xx_HAL_Driver/Src/stm32f7xx_hal_crc.c ****       break;
 330:Drivers/STM32F7xx_HAL_Driver/Src/stm32f7xx_hal_crc.c ****     default:
 331:Drivers/STM32F7xx_HAL_Driver/Src/stm32f7xx_hal_crc.c ****       break;  
 332:Drivers/STM32F7xx_HAL_Driver/Src/stm32f7xx_hal_crc.c ****   }
 333:Drivers/STM32F7xx_HAL_Driver/Src/stm32f7xx_hal_crc.c ****   
 334:Drivers/STM32F7xx_HAL_Driver/Src/stm32f7xx_hal_crc.c ****   /* Change CRC peripheral state */    
 335:Drivers/STM32F7xx_HAL_Driver/Src/stm32f7xx_hal_crc.c ****   hcrc->State = HAL_CRC_STATE_READY; 
 336:Drivers/STM32F7xx_HAL_Driver/Src/stm32f7xx_hal_crc.c ****   
 337:Drivers/STM32F7xx_HAL_Driver/Src/stm32f7xx_hal_crc.c ****   /* Process unlocked */
 338:Drivers/STM32F7xx_HAL_Driver/Src/stm32f7xx_hal_crc.c ****   __HAL_UNLOCK(hcrc);
 339:Drivers/STM32F7xx_HAL_Driver/Src/stm32f7xx_hal_crc.c ****   
 340:Drivers/STM32F7xx_HAL_Driver/Src/stm32f7xx_hal_crc.c ****   /* Return the CRC computed value */ 
 341:Drivers/STM32F7xx_HAL_Driver/Src/stm32f7xx_hal_crc.c ****   return temp;
 342:Drivers/STM32F7xx_HAL_Driver/Src/stm32f7xx_hal_crc.c **** }
 343:Drivers/STM32F7xx_HAL_Driver/Src/stm32f7xx_hal_crc.c **** 
 344:Drivers/STM32F7xx_HAL_Driver/Src/stm32f7xx_hal_crc.c **** /**                  
 345:Drivers/STM32F7xx_HAL_Driver/Src/stm32f7xx_hal_crc.c ****   * @brief  Compute the 7, 8, 16 or 32-bit CRC value of an 8, 16 or 32-bit data buffer
 346:Drivers/STM32F7xx_HAL_Driver/Src/stm32f7xx_hal_crc.c ****   *         starting with hcrc->Instance->INIT as initialization value.
 347:Drivers/STM32F7xx_HAL_Driver/Src/stm32f7xx_hal_crc.c ****   * @param  hcrc CRC handle
 348:Drivers/STM32F7xx_HAL_Driver/Src/stm32f7xx_hal_crc.c ****   * @param  pBuffer pointer to the input data buffer, exact input data format is
 349:Drivers/STM32F7xx_HAL_Driver/Src/stm32f7xx_hal_crc.c ****   *         provided by hcrc->InputDataFormat.  
 350:Drivers/STM32F7xx_HAL_Driver/Src/stm32f7xx_hal_crc.c ****   * @param  BufferLength input data buffer length (number of bytes if pBuffer
 351:Drivers/STM32F7xx_HAL_Driver/Src/stm32f7xx_hal_crc.c ****   *         type is * uint8_t, number of half-words if pBuffer type is * uint16_t,
 352:Drivers/STM32F7xx_HAL_Driver/Src/stm32f7xx_hal_crc.c ****   *         number of words if pBuffer type is * uint32_t).
 353:Drivers/STM32F7xx_HAL_Driver/Src/stm32f7xx_hal_crc.c ****   * @note  By default, the API expects a uint32_t pointer as input buffer parameter.
 354:Drivers/STM32F7xx_HAL_Driver/Src/stm32f7xx_hal_crc.c ****   *        Input buffer pointers with other types simply need to be cast in uint32_t
 355:Drivers/STM32F7xx_HAL_Driver/Src/stm32f7xx_hal_crc.c ****   *        and the API will internally adjust its input data processing based on the  
 356:Drivers/STM32F7xx_HAL_Driver/Src/stm32f7xx_hal_crc.c ****   *        handle field hcrc->InputDataFormat.   
 357:Drivers/STM32F7xx_HAL_Driver/Src/stm32f7xx_hal_crc.c ****   * @retval uint32_t CRC (returned value LSBs for CRC shorter than 32 bits)
 358:Drivers/STM32F7xx_HAL_Driver/Src/stm32f7xx_hal_crc.c ****   */  
 359:Drivers/STM32F7xx_HAL_Driver/Src/stm32f7xx_hal_crc.c **** uint32_t HAL_CRC_Calculate(CRC_HandleTypeDef *hcrc, uint32_t pBuffer[], uint32_t BufferLength)
 360:Drivers/STM32F7xx_HAL_Driver/Src/stm32f7xx_hal_crc.c **** {
 361:Drivers/STM32F7xx_HAL_Driver/Src/stm32f7xx_hal_crc.c ****   uint32_t index = 0; /* CRC input data buffer index */
 362:Drivers/STM32F7xx_HAL_Driver/Src/stm32f7xx_hal_crc.c ****   uint32_t temp = 0;  /* CRC output (read from hcrc->Instance->DR register) */
 363:Drivers/STM32F7xx_HAL_Driver/Src/stm32f7xx_hal_crc.c ****     
 364:Drivers/STM32F7xx_HAL_Driver/Src/stm32f7xx_hal_crc.c ****   /* Process locked */
 365:Drivers/STM32F7xx_HAL_Driver/Src/stm32f7xx_hal_crc.c ****   __HAL_LOCK(hcrc); 
 366:Drivers/STM32F7xx_HAL_Driver/Src/stm32f7xx_hal_crc.c ****   
 367:Drivers/STM32F7xx_HAL_Driver/Src/stm32f7xx_hal_crc.c ****   /* Change CRC peripheral state */  
 368:Drivers/STM32F7xx_HAL_Driver/Src/stm32f7xx_hal_crc.c ****   hcrc->State = HAL_CRC_STATE_BUSY;
 369:Drivers/STM32F7xx_HAL_Driver/Src/stm32f7xx_hal_crc.c ****   
 370:Drivers/STM32F7xx_HAL_Driver/Src/stm32f7xx_hal_crc.c ****   /* Reset CRC Calculation Unit (hcrc->Instance->INIT is 
 371:Drivers/STM32F7xx_HAL_Driver/Src/stm32f7xx_hal_crc.c ****   *  written in hcrc->Instance->DR) */
 372:Drivers/STM32F7xx_HAL_Driver/Src/stm32f7xx_hal_crc.c ****   __HAL_CRC_DR_RESET(hcrc);
 373:Drivers/STM32F7xx_HAL_Driver/Src/stm32f7xx_hal_crc.c ****   
 374:Drivers/STM32F7xx_HAL_Driver/Src/stm32f7xx_hal_crc.c ****   switch (hcrc->InputDataFormat)
ARM GAS  C:\Users\Patryk\AppData\Local\Temp\ccerxiwb.s 			page 8


 375:Drivers/STM32F7xx_HAL_Driver/Src/stm32f7xx_hal_crc.c ****   {
 376:Drivers/STM32F7xx_HAL_Driver/Src/stm32f7xx_hal_crc.c ****     case CRC_INPUTDATA_FORMAT_WORDS:  
 377:Drivers/STM32F7xx_HAL_Driver/Src/stm32f7xx_hal_crc.c ****       /* Enter 32-bit input data to the CRC calculator */
 378:Drivers/STM32F7xx_HAL_Driver/Src/stm32f7xx_hal_crc.c ****       for(index = 0; index < BufferLength; index++)
 379:Drivers/STM32F7xx_HAL_Driver/Src/stm32f7xx_hal_crc.c ****       {
 380:Drivers/STM32F7xx_HAL_Driver/Src/stm32f7xx_hal_crc.c ****         hcrc->Instance->DR = pBuffer[index];
 381:Drivers/STM32F7xx_HAL_Driver/Src/stm32f7xx_hal_crc.c ****       }
 382:Drivers/STM32F7xx_HAL_Driver/Src/stm32f7xx_hal_crc.c ****       temp = hcrc->Instance->DR;
 383:Drivers/STM32F7xx_HAL_Driver/Src/stm32f7xx_hal_crc.c ****       break;
 384:Drivers/STM32F7xx_HAL_Driver/Src/stm32f7xx_hal_crc.c ****       
 385:Drivers/STM32F7xx_HAL_Driver/Src/stm32f7xx_hal_crc.c ****     case CRC_INPUTDATA_FORMAT_BYTES: 
 386:Drivers/STM32F7xx_HAL_Driver/Src/stm32f7xx_hal_crc.c ****       /* Specific 8-bit input data handling  */
 387:Drivers/STM32F7xx_HAL_Driver/Src/stm32f7xx_hal_crc.c ****       temp = CRC_Handle_8(hcrc, (uint8_t*)pBuffer, BufferLength);
 388:Drivers/STM32F7xx_HAL_Driver/Src/stm32f7xx_hal_crc.c ****       break;
 389:Drivers/STM32F7xx_HAL_Driver/Src/stm32f7xx_hal_crc.c ****       
 390:Drivers/STM32F7xx_HAL_Driver/Src/stm32f7xx_hal_crc.c ****     case CRC_INPUTDATA_FORMAT_HALFWORDS: 
 391:Drivers/STM32F7xx_HAL_Driver/Src/stm32f7xx_hal_crc.c ****       /* Specific 16-bit input data handling  */
 392:Drivers/STM32F7xx_HAL_Driver/Src/stm32f7xx_hal_crc.c ****       temp = CRC_Handle_16(hcrc, (uint16_t*)pBuffer, BufferLength);
 393:Drivers/STM32F7xx_HAL_Driver/Src/stm32f7xx_hal_crc.c ****       break;
 394:Drivers/STM32F7xx_HAL_Driver/Src/stm32f7xx_hal_crc.c ****     default:
 395:Drivers/STM32F7xx_HAL_Driver/Src/stm32f7xx_hal_crc.c ****       break;
 396:Drivers/STM32F7xx_HAL_Driver/Src/stm32f7xx_hal_crc.c ****   }
 397:Drivers/STM32F7xx_HAL_Driver/Src/stm32f7xx_hal_crc.c **** 
 398:Drivers/STM32F7xx_HAL_Driver/Src/stm32f7xx_hal_crc.c ****   /* Change CRC peripheral state */
 399:Drivers/STM32F7xx_HAL_Driver/Src/stm32f7xx_hal_crc.c ****   hcrc->State = HAL_CRC_STATE_READY;
 400:Drivers/STM32F7xx_HAL_Driver/Src/stm32f7xx_hal_crc.c **** 
 401:Drivers/STM32F7xx_HAL_Driver/Src/stm32f7xx_hal_crc.c ****   /* Process unlocked */
 402:Drivers/STM32F7xx_HAL_Driver/Src/stm32f7xx_hal_crc.c ****   __HAL_UNLOCK(hcrc);
 403:Drivers/STM32F7xx_HAL_Driver/Src/stm32f7xx_hal_crc.c ****   
 404:Drivers/STM32F7xx_HAL_Driver/Src/stm32f7xx_hal_crc.c ****   /* Return the CRC computed value */ 
 405:Drivers/STM32F7xx_HAL_Driver/Src/stm32f7xx_hal_crc.c ****   return temp;
 406:Drivers/STM32F7xx_HAL_Driver/Src/stm32f7xx_hal_crc.c **** }
 407:Drivers/STM32F7xx_HAL_Driver/Src/stm32f7xx_hal_crc.c **** 
 408:Drivers/STM32F7xx_HAL_Driver/Src/stm32f7xx_hal_crc.c **** /**             
 409:Drivers/STM32F7xx_HAL_Driver/Src/stm32f7xx_hal_crc.c ****   * @brief  Enter 8-bit input data to the CRC calculator.
 410:Drivers/STM32F7xx_HAL_Driver/Src/stm32f7xx_hal_crc.c ****   *         Specific data handling to optimize processing time.  
 411:Drivers/STM32F7xx_HAL_Driver/Src/stm32f7xx_hal_crc.c ****   * @param  hcrc CRC handle
 412:Drivers/STM32F7xx_HAL_Driver/Src/stm32f7xx_hal_crc.c ****   * @param  pBuffer pointer to the input data buffer
 413:Drivers/STM32F7xx_HAL_Driver/Src/stm32f7xx_hal_crc.c ****   * @param  BufferLength input data buffer length
 414:Drivers/STM32F7xx_HAL_Driver/Src/stm32f7xx_hal_crc.c ****   * @retval uint32_t CRC (returned value LSBs for CRC shorter than 32 bits)
 415:Drivers/STM32F7xx_HAL_Driver/Src/stm32f7xx_hal_crc.c ****   */
 416:Drivers/STM32F7xx_HAL_Driver/Src/stm32f7xx_hal_crc.c **** static uint32_t CRC_Handle_8(CRC_HandleTypeDef *hcrc, uint8_t pBuffer[], uint32_t BufferLength)
 417:Drivers/STM32F7xx_HAL_Driver/Src/stm32f7xx_hal_crc.c **** {
  27              		.loc 1 417 0
  28              		.cfi_startproc
  29              		@ args = 0, pretend = 0, frame = 0
  30              		@ frame_needed = 0, uses_anonymous_args = 0
  31              		@ link register save eliminated.
  32              	.LVL0:
  33 0000 70B4     		push	{r4, r5, r6}
  34              	.LCFI0:
  35              		.cfi_def_cfa_offset 12
  36              		.cfi_offset 4, -12
  37              		.cfi_offset 5, -8
  38              		.cfi_offset 6, -4
  39              	.LVL1:
 418:Drivers/STM32F7xx_HAL_Driver/Src/stm32f7xx_hal_crc.c ****   uint32_t i = 0; /* input data buffer index */
ARM GAS  C:\Users\Patryk\AppData\Local\Temp\ccerxiwb.s 			page 9


 419:Drivers/STM32F7xx_HAL_Driver/Src/stm32f7xx_hal_crc.c ****   
 420:Drivers/STM32F7xx_HAL_Driver/Src/stm32f7xx_hal_crc.c ****    /* Processing time optimization: 4 bytes are entered in a row with a single word write,
 421:Drivers/STM32F7xx_HAL_Driver/Src/stm32f7xx_hal_crc.c ****     * last bytes must be carefully fed to the CRC calculator to ensure a correct type
 422:Drivers/STM32F7xx_HAL_Driver/Src/stm32f7xx_hal_crc.c ****     * handling by the IP */
 423:Drivers/STM32F7xx_HAL_Driver/Src/stm32f7xx_hal_crc.c ****    for(i = 0; i < (BufferLength/4); i++)
  40              		.loc 1 423 0
  41 0002 0024     		movs	r4, #0
  42 0004 0FE0     		b	.L2
  43              	.LVL2:
  44              	.L3:
 424:Drivers/STM32F7xx_HAL_Driver/Src/stm32f7xx_hal_crc.c ****    {
 425:Drivers/STM32F7xx_HAL_Driver/Src/stm32f7xx_hal_crc.c ****      hcrc->Instance->DR = (uint32_t)(((uint32_t)(pBuffer[4*i])<<24) | ((uint32_t)(pBuffer[4*i+1])<<
  45              		.loc 1 425 0 discriminator 3
  46 0006 11F82460 		ldrb	r6, [r1, r4, lsl #2]	@ zero_extendqisi2
  47 000a 01EB8405 		add	r5, r1, r4, lsl #2
  48 000e 6B78     		ldrb	r3, [r5, #1]	@ zero_extendqisi2
  49 0010 1B04     		lsls	r3, r3, #16
  50 0012 43EA0663 		orr	r3, r3, r6, lsl #24
  51 0016 AE78     		ldrb	r6, [r5, #2]	@ zero_extendqisi2
  52 0018 43EA0623 		orr	r3, r3, r6, lsl #8
  53 001c EE78     		ldrb	r6, [r5, #3]	@ zero_extendqisi2
  54 001e 0568     		ldr	r5, [r0]
  55 0020 3343     		orrs	r3, r3, r6
  56 0022 2B60     		str	r3, [r5]
 423:Drivers/STM32F7xx_HAL_Driver/Src/stm32f7xx_hal_crc.c ****    {
  57              		.loc 1 423 0 discriminator 3
  58 0024 0134     		adds	r4, r4, #1
  59              	.LVL3:
  60              	.L2:
 423:Drivers/STM32F7xx_HAL_Driver/Src/stm32f7xx_hal_crc.c ****    {
  61              		.loc 1 423 0 is_stmt 0 discriminator 1
  62 0026 B4EB920F 		cmp	r4, r2, lsr #2
  63 002a ECD3     		bcc	.L3
 426:Drivers/STM32F7xx_HAL_Driver/Src/stm32f7xx_hal_crc.c ****    }
 427:Drivers/STM32F7xx_HAL_Driver/Src/stm32f7xx_hal_crc.c ****    /* last bytes specific handling */
 428:Drivers/STM32F7xx_HAL_Driver/Src/stm32f7xx_hal_crc.c ****    if((BufferLength%4) != 0)
  64              		.loc 1 428 0 is_stmt 1
  65 002c 12F00302 		ands	r2, r2, #3
  66              	.LVL4:
  67 0030 05D0     		beq	.L4
 429:Drivers/STM32F7xx_HAL_Driver/Src/stm32f7xx_hal_crc.c ****    {
 430:Drivers/STM32F7xx_HAL_Driver/Src/stm32f7xx_hal_crc.c ****      if(BufferLength%4 == 1)
  68              		.loc 1 430 0
  69 0032 012A     		cmp	r2, #1
  70 0034 07D0     		beq	.L8
  71              	.L5:
 431:Drivers/STM32F7xx_HAL_Driver/Src/stm32f7xx_hal_crc.c ****      {
 432:Drivers/STM32F7xx_HAL_Driver/Src/stm32f7xx_hal_crc.c ****        *(__IO uint8_t*) (&hcrc->Instance->DR) = pBuffer[4*i];
 433:Drivers/STM32F7xx_HAL_Driver/Src/stm32f7xx_hal_crc.c ****      }
 434:Drivers/STM32F7xx_HAL_Driver/Src/stm32f7xx_hal_crc.c ****      if(BufferLength%4 == 2)
  72              		.loc 1 434 0
  73 0036 022A     		cmp	r2, #2
  74 0038 0AD0     		beq	.L9
  75              	.L6:
 435:Drivers/STM32F7xx_HAL_Driver/Src/stm32f7xx_hal_crc.c ****      {
 436:Drivers/STM32F7xx_HAL_Driver/Src/stm32f7xx_hal_crc.c ****        *(__IO uint16_t*) (&hcrc->Instance->DR) = (uint16_t)((uint16_t)((uint16_t)(pBuffer[4*i])<<8)
 437:Drivers/STM32F7xx_HAL_Driver/Src/stm32f7xx_hal_crc.c ****      }
ARM GAS  C:\Users\Patryk\AppData\Local\Temp\ccerxiwb.s 			page 10


 438:Drivers/STM32F7xx_HAL_Driver/Src/stm32f7xx_hal_crc.c ****      if(BufferLength%4 == 3)
  76              		.loc 1 438 0
  77 003a 032A     		cmp	r2, #3
  78 003c 12D0     		beq	.L10
  79              	.LVL5:
  80              	.L4:
 439:Drivers/STM32F7xx_HAL_Driver/Src/stm32f7xx_hal_crc.c ****      {
 440:Drivers/STM32F7xx_HAL_Driver/Src/stm32f7xx_hal_crc.c ****        *(__IO uint16_t*) (&hcrc->Instance->DR) = (uint16_t)((uint16_t)((uint16_t)(pBuffer[4*i])<<8)
 441:Drivers/STM32F7xx_HAL_Driver/Src/stm32f7xx_hal_crc.c ****        *(__IO uint8_t*) (&hcrc->Instance->DR) = pBuffer[4*i+2];       
 442:Drivers/STM32F7xx_HAL_Driver/Src/stm32f7xx_hal_crc.c ****      }
 443:Drivers/STM32F7xx_HAL_Driver/Src/stm32f7xx_hal_crc.c ****    }
 444:Drivers/STM32F7xx_HAL_Driver/Src/stm32f7xx_hal_crc.c ****   
 445:Drivers/STM32F7xx_HAL_Driver/Src/stm32f7xx_hal_crc.c ****   /* Return the CRC computed value */ 
 446:Drivers/STM32F7xx_HAL_Driver/Src/stm32f7xx_hal_crc.c ****   return hcrc->Instance->DR;
  81              		.loc 1 446 0
  82 003e 0368     		ldr	r3, [r0]
  83 0040 1868     		ldr	r0, [r3]
  84              	.LVL6:
 447:Drivers/STM32F7xx_HAL_Driver/Src/stm32f7xx_hal_crc.c **** }
  85              		.loc 1 447 0
  86 0042 70BC     		pop	{r4, r5, r6}
  87              	.LCFI1:
  88              		.cfi_remember_state
  89              		.cfi_restore 6
  90              		.cfi_restore 5
  91              		.cfi_restore 4
  92              		.cfi_def_cfa_offset 0
  93              	.LVL7:
  94 0044 7047     		bx	lr
  95              	.LVL8:
  96              	.L8:
  97              	.LCFI2:
  98              		.cfi_restore_state
 432:Drivers/STM32F7xx_HAL_Driver/Src/stm32f7xx_hal_crc.c ****      }
  99              		.loc 1 432 0
 100 0046 0368     		ldr	r3, [r0]
 101 0048 11F82450 		ldrb	r5, [r1, r4, lsl #2]	@ zero_extendqisi2
 102 004c 1D70     		strb	r5, [r3]
 103 004e F2E7     		b	.L5
 104              	.L9:
 436:Drivers/STM32F7xx_HAL_Driver/Src/stm32f7xx_hal_crc.c ****      }
 105              		.loc 1 436 0
 106 0050 11F82460 		ldrb	r6, [r1, r4, lsl #2]	@ zero_extendqisi2
 107 0054 01EB8403 		add	r3, r1, r4, lsl #2
 108 0058 5B78     		ldrb	r3, [r3, #1]	@ zero_extendqisi2
 109 005a 0568     		ldr	r5, [r0]
 110 005c 43EA0623 		orr	r3, r3, r6, lsl #8
 111 0060 2B80     		strh	r3, [r5]	@ movhi
 112 0062 EAE7     		b	.L6
 113              	.L10:
 440:Drivers/STM32F7xx_HAL_Driver/Src/stm32f7xx_hal_crc.c ****        *(__IO uint8_t*) (&hcrc->Instance->DR) = pBuffer[4*i+2];       
 114              		.loc 1 440 0
 115 0064 11F82450 		ldrb	r5, [r1, r4, lsl #2]	@ zero_extendqisi2
 116 0068 01EB8401 		add	r1, r1, r4, lsl #2
 117              	.LVL9:
 118 006c 4B78     		ldrb	r3, [r1, #1]	@ zero_extendqisi2
 119 006e 0268     		ldr	r2, [r0]
ARM GAS  C:\Users\Patryk\AppData\Local\Temp\ccerxiwb.s 			page 11


 120 0070 43EA0523 		orr	r3, r3, r5, lsl #8
 121 0074 1380     		strh	r3, [r2]	@ movhi
 441:Drivers/STM32F7xx_HAL_Driver/Src/stm32f7xx_hal_crc.c ****      }
 122              		.loc 1 441 0
 123 0076 0368     		ldr	r3, [r0]
 124 0078 8A78     		ldrb	r2, [r1, #2]	@ zero_extendqisi2
 125 007a 1A70     		strb	r2, [r3]
 126 007c DFE7     		b	.L4
 127              		.cfi_endproc
 128              	.LFE144:
 130              		.section	.text.CRC_Handle_16,"ax",%progbits
 131              		.align	1
 132              		.syntax unified
 133              		.thumb
 134              		.thumb_func
 135              		.fpu fpv5-sp-d16
 137              	CRC_Handle_16:
 138              	.LFB145:
 448:Drivers/STM32F7xx_HAL_Driver/Src/stm32f7xx_hal_crc.c **** 
 449:Drivers/STM32F7xx_HAL_Driver/Src/stm32f7xx_hal_crc.c **** /**             
 450:Drivers/STM32F7xx_HAL_Driver/Src/stm32f7xx_hal_crc.c ****   * @brief  Enter 16-bit input data to the CRC calculator.
 451:Drivers/STM32F7xx_HAL_Driver/Src/stm32f7xx_hal_crc.c ****   *         Specific data handling to optimize processing time.  
 452:Drivers/STM32F7xx_HAL_Driver/Src/stm32f7xx_hal_crc.c ****   * @param  hcrc CRC handle
 453:Drivers/STM32F7xx_HAL_Driver/Src/stm32f7xx_hal_crc.c ****   * @param  pBuffer pointer to the input data buffer
 454:Drivers/STM32F7xx_HAL_Driver/Src/stm32f7xx_hal_crc.c ****   * @param  BufferLength input data buffer length
 455:Drivers/STM32F7xx_HAL_Driver/Src/stm32f7xx_hal_crc.c ****   * @retval uint32_t CRC (returned value LSBs for CRC shorter than 32 bits)
 456:Drivers/STM32F7xx_HAL_Driver/Src/stm32f7xx_hal_crc.c ****   */  
 457:Drivers/STM32F7xx_HAL_Driver/Src/stm32f7xx_hal_crc.c **** static uint32_t CRC_Handle_16(CRC_HandleTypeDef *hcrc, uint16_t pBuffer[], uint32_t BufferLength)
 458:Drivers/STM32F7xx_HAL_Driver/Src/stm32f7xx_hal_crc.c **** {
 139              		.loc 1 458 0
 140              		.cfi_startproc
 141              		@ args = 0, pretend = 0, frame = 0
 142              		@ frame_needed = 0, uses_anonymous_args = 0
 143              		@ link register save eliminated.
 144              	.LVL10:
 459:Drivers/STM32F7xx_HAL_Driver/Src/stm32f7xx_hal_crc.c ****   uint32_t i = 0;  /* input data buffer index */
 460:Drivers/STM32F7xx_HAL_Driver/Src/stm32f7xx_hal_crc.c ****   
 461:Drivers/STM32F7xx_HAL_Driver/Src/stm32f7xx_hal_crc.c ****   /* Processing time optimization: 2 HalfWords are entered in a row with a single word write,
 462:Drivers/STM32F7xx_HAL_Driver/Src/stm32f7xx_hal_crc.c ****    * in case of odd length, last HalfWord must be carefully fed to the CRC calculator to ensure 
 463:Drivers/STM32F7xx_HAL_Driver/Src/stm32f7xx_hal_crc.c ****    * a correct type handling by the IP */
 464:Drivers/STM32F7xx_HAL_Driver/Src/stm32f7xx_hal_crc.c ****   for(i = 0; i < (BufferLength/2); i++)
 145              		.loc 1 464 0
 146 0000 0023     		movs	r3, #0
 147              	.LVL11:
 148 0002 B3EB520F 		cmp	r3, r2, lsr #1
 149 0006 18D2     		bcs	.L21
 458:Drivers/STM32F7xx_HAL_Driver/Src/stm32f7xx_hal_crc.c ****   uint32_t i = 0;  /* input data buffer index */
 150              		.loc 1 458 0
 151 0008 70B4     		push	{r4, r5, r6}
 152              	.LCFI3:
 153              		.cfi_def_cfa_offset 12
 154              		.cfi_offset 4, -12
 155              		.cfi_offset 5, -8
 156              		.cfi_offset 6, -4
 157              	.L13:
 465:Drivers/STM32F7xx_HAL_Driver/Src/stm32f7xx_hal_crc.c ****   {
 466:Drivers/STM32F7xx_HAL_Driver/Src/stm32f7xx_hal_crc.c ****     hcrc->Instance->DR = (((uint32_t)(pBuffer[2*i])<<16) | (uint32_t)(pBuffer[2*i+1]));
ARM GAS  C:\Users\Patryk\AppData\Local\Temp\ccerxiwb.s 			page 12


 158              		.loc 1 466 0 discriminator 3
 159 000a 31F82360 		ldrh	r6, [r1, r3, lsl #2]
 160 000e 01EB8304 		add	r4, r1, r3, lsl #2
 161 0012 6488     		ldrh	r4, [r4, #2]
 162 0014 0568     		ldr	r5, [r0]
 163 0016 44EA0644 		orr	r4, r4, r6, lsl #16
 164 001a 2C60     		str	r4, [r5]
 464:Drivers/STM32F7xx_HAL_Driver/Src/stm32f7xx_hal_crc.c ****   {
 165              		.loc 1 464 0 discriminator 3
 166 001c 0133     		adds	r3, r3, #1
 167              	.LVL12:
 168 001e B3EB520F 		cmp	r3, r2, lsr #1
 169 0022 F2D3     		bcc	.L13
 467:Drivers/STM32F7xx_HAL_Driver/Src/stm32f7xx_hal_crc.c ****   }
 468:Drivers/STM32F7xx_HAL_Driver/Src/stm32f7xx_hal_crc.c ****   if((BufferLength%2) != 0)
 170              		.loc 1 468 0
 171 0024 12F0010F 		tst	r2, #1
 172 0028 03D0     		beq	.L14
 469:Drivers/STM32F7xx_HAL_Driver/Src/stm32f7xx_hal_crc.c ****   {
 470:Drivers/STM32F7xx_HAL_Driver/Src/stm32f7xx_hal_crc.c ****      *(__IO uint16_t*) (&hcrc->Instance->DR) = pBuffer[2*i]; 
 173              		.loc 1 470 0
 174 002a 0268     		ldr	r2, [r0]
 175              	.LVL13:
 176 002c 31F82330 		ldrh	r3, [r1, r3, lsl #2]
 177              	.LVL14:
 178 0030 1380     		strh	r3, [r2]	@ movhi
 179              	.L14:
 471:Drivers/STM32F7xx_HAL_Driver/Src/stm32f7xx_hal_crc.c ****   }
 472:Drivers/STM32F7xx_HAL_Driver/Src/stm32f7xx_hal_crc.c ****    
 473:Drivers/STM32F7xx_HAL_Driver/Src/stm32f7xx_hal_crc.c ****   /* Return the CRC computed value */ 
 474:Drivers/STM32F7xx_HAL_Driver/Src/stm32f7xx_hal_crc.c ****   return hcrc->Instance->DR;
 180              		.loc 1 474 0
 181 0032 0368     		ldr	r3, [r0]
 182 0034 1868     		ldr	r0, [r3]
 183              	.LVL15:
 475:Drivers/STM32F7xx_HAL_Driver/Src/stm32f7xx_hal_crc.c **** }
 184              		.loc 1 475 0
 185 0036 70BC     		pop	{r4, r5, r6}
 186              	.LCFI4:
 187              		.cfi_restore 6
 188              		.cfi_restore 5
 189              		.cfi_restore 4
 190              		.cfi_def_cfa_offset 0
 191 0038 7047     		bx	lr
 192              	.LVL16:
 193              	.L21:
 468:Drivers/STM32F7xx_HAL_Driver/Src/stm32f7xx_hal_crc.c ****   {
 194              		.loc 1 468 0
 195 003a 12F0010F 		tst	r2, #1
 196 003e 03D0     		beq	.L19
 470:Drivers/STM32F7xx_HAL_Driver/Src/stm32f7xx_hal_crc.c ****   }
 197              		.loc 1 470 0
 198 0040 0268     		ldr	r2, [r0]
 199              	.LVL17:
 200 0042 31F82330 		ldrh	r3, [r1, r3, lsl #2]
 201              	.LVL18:
 202 0046 1380     		strh	r3, [r2]	@ movhi
ARM GAS  C:\Users\Patryk\AppData\Local\Temp\ccerxiwb.s 			page 13


 203              	.L19:
 474:Drivers/STM32F7xx_HAL_Driver/Src/stm32f7xx_hal_crc.c **** }
 204              		.loc 1 474 0
 205 0048 0368     		ldr	r3, [r0]
 206 004a 1868     		ldr	r0, [r3]
 207              	.LVL19:
 208              		.loc 1 475 0
 209 004c 7047     		bx	lr
 210              		.cfi_endproc
 211              	.LFE145:
 213              		.section	.text.HAL_CRC_MspInit,"ax",%progbits
 214              		.align	1
 215              		.weak	HAL_CRC_MspInit
 216              		.syntax unified
 217              		.thumb
 218              		.thumb_func
 219              		.fpu fpv5-sp-d16
 221              	HAL_CRC_MspInit:
 222              	.LFB140:
 238:Drivers/STM32F7xx_HAL_Driver/Src/stm32f7xx_hal_crc.c ****   /* Prevent unused argument(s) compilation warning */
 223              		.loc 1 238 0
 224              		.cfi_startproc
 225              		@ args = 0, pretend = 0, frame = 0
 226              		@ frame_needed = 0, uses_anonymous_args = 0
 227              		@ link register save eliminated.
 228              	.LVL20:
 245:Drivers/STM32F7xx_HAL_Driver/Src/stm32f7xx_hal_crc.c **** 
 229              		.loc 1 245 0
 230 0000 7047     		bx	lr
 231              		.cfi_endproc
 232              	.LFE140:
 234              		.section	.text.HAL_CRC_Init,"ax",%progbits
 235              		.align	1
 236              		.global	HAL_CRC_Init
 237              		.syntax unified
 238              		.thumb
 239              		.thumb_func
 240              		.fpu fpv5-sp-d16
 242              	HAL_CRC_Init:
 243              	.LFB138:
 117:Drivers/STM32F7xx_HAL_Driver/Src/stm32f7xx_hal_crc.c ****   /* Check the CRC handle allocation */
 244              		.loc 1 117 0
 245              		.cfi_startproc
 246              		@ args = 0, pretend = 0, frame = 0
 247              		@ frame_needed = 0, uses_anonymous_args = 0
 248              	.LVL21:
 119:Drivers/STM32F7xx_HAL_Driver/Src/stm32f7xx_hal_crc.c ****   {
 249              		.loc 1 119 0
 250 0000 0028     		cmp	r0, #0
 251 0002 38D0     		beq	.L30
 117:Drivers/STM32F7xx_HAL_Driver/Src/stm32f7xx_hal_crc.c ****   /* Check the CRC handle allocation */
 252              		.loc 1 117 0
 253 0004 10B5     		push	{r4, lr}
 254              	.LCFI5:
 255              		.cfi_def_cfa_offset 8
 256              		.cfi_offset 4, -8
 257              		.cfi_offset 14, -4
ARM GAS  C:\Users\Patryk\AppData\Local\Temp\ccerxiwb.s 			page 14


 258 0006 0446     		mov	r4, r0
 127:Drivers/STM32F7xx_HAL_Driver/Src/stm32f7xx_hal_crc.c ****   {
 259              		.loc 1 127 0
 260 0008 437F     		ldrb	r3, [r0, #29]	@ zero_extendqisi2
 261 000a 1BB3     		cbz	r3, .L36
 262              	.LVL22:
 263              	.L25:
 136:Drivers/STM32F7xx_HAL_Driver/Src/stm32f7xx_hal_crc.c ****   
 264              		.loc 1 136 0
 265 000c 0223     		movs	r3, #2
 266 000e 6377     		strb	r3, [r4, #29]
 141:Drivers/STM32F7xx_HAL_Driver/Src/stm32f7xx_hal_crc.c ****   {
 267              		.loc 1 141 0
 268 0010 2379     		ldrb	r3, [r4, #4]	@ zero_extendqisi2
 269 0012 1BBB     		cbnz	r3, .L26
 144:Drivers/STM32F7xx_HAL_Driver/Src/stm32f7xx_hal_crc.c ****     MODIFY_REG(hcrc->Instance->CR, CRC_CR_POLYSIZE, CRC_POLYLENGTH_32B);
 270              		.loc 1 144 0
 271 0014 2368     		ldr	r3, [r4]
 272 0016 194A     		ldr	r2, .L37
 273 0018 5A61     		str	r2, [r3, #20]
 145:Drivers/STM32F7xx_HAL_Driver/Src/stm32f7xx_hal_crc.c ****   }
 274              		.loc 1 145 0
 275 001a 2268     		ldr	r2, [r4]
 276 001c 9368     		ldr	r3, [r2, #8]
 277 001e 23F01803 		bic	r3, r3, #24
 278 0022 9360     		str	r3, [r2, #8]
 279              	.L27:
 159:Drivers/STM32F7xx_HAL_Driver/Src/stm32f7xx_hal_crc.c ****   {
 280              		.loc 1 159 0
 281 0024 6379     		ldrb	r3, [r4, #5]	@ zero_extendqisi2
 282 0026 13BB     		cbnz	r3, .L28
 161:Drivers/STM32F7xx_HAL_Driver/Src/stm32f7xx_hal_crc.c ****   }
 283              		.loc 1 161 0
 284 0028 2368     		ldr	r3, [r4]
 285 002a 4FF0FF32 		mov	r2, #-1
 286 002e 1A61     		str	r2, [r3, #16]
 287              	.L29:
 171:Drivers/STM32F7xx_HAL_Driver/Src/stm32f7xx_hal_crc.c ****   
 288              		.loc 1 171 0
 289 0030 2268     		ldr	r2, [r4]
 290 0032 9368     		ldr	r3, [r2, #8]
 291 0034 23F06003 		bic	r3, r3, #96
 292 0038 6169     		ldr	r1, [r4, #20]
 293 003a 0B43     		orrs	r3, r3, r1
 294 003c 9360     		str	r3, [r2, #8]
 175:Drivers/STM32F7xx_HAL_Driver/Src/stm32f7xx_hal_crc.c ****   
 295              		.loc 1 175 0
 296 003e 2268     		ldr	r2, [r4]
 297 0040 9368     		ldr	r3, [r2, #8]
 298 0042 23F08003 		bic	r3, r3, #128
 299 0046 A169     		ldr	r1, [r4, #24]
 300 0048 0B43     		orrs	r3, r3, r1
 301 004a 9360     		str	r3, [r2, #8]
 182:Drivers/STM32F7xx_HAL_Driver/Src/stm32f7xx_hal_crc.c ****   
 302              		.loc 1 182 0
 303 004c 0123     		movs	r3, #1
 304 004e 6377     		strb	r3, [r4, #29]
ARM GAS  C:\Users\Patryk\AppData\Local\Temp\ccerxiwb.s 			page 15


 185:Drivers/STM32F7xx_HAL_Driver/Src/stm32f7xx_hal_crc.c **** }
 305              		.loc 1 185 0
 306 0050 0020     		movs	r0, #0
 307              	.L24:
 186:Drivers/STM32F7xx_HAL_Driver/Src/stm32f7xx_hal_crc.c **** 
 308              		.loc 1 186 0
 309 0052 10BD     		pop	{r4, pc}
 310              	.LVL23:
 311              	.L36:
 130:Drivers/STM32F7xx_HAL_Driver/Src/stm32f7xx_hal_crc.c ****     /* Init the low level hardware */
 312              		.loc 1 130 0
 313 0054 0377     		strb	r3, [r0, #28]
 132:Drivers/STM32F7xx_HAL_Driver/Src/stm32f7xx_hal_crc.c ****   }
 314              		.loc 1 132 0
 315 0056 FFF7FEFF 		bl	HAL_CRC_MspInit
 316              	.LVL24:
 317 005a D7E7     		b	.L25
 318              	.L26:
 150:Drivers/STM32F7xx_HAL_Driver/Src/stm32f7xx_hal_crc.c ****     {
 319              		.loc 1 150 0
 320 005c E268     		ldr	r2, [r4, #12]
 321 005e A168     		ldr	r1, [r4, #8]
 322 0060 2046     		mov	r0, r4
 323 0062 FFF7FEFF 		bl	HAL_CRCEx_Polynomial_Set
 324              	.LVL25:
 325 0066 0028     		cmp	r0, #0
 326 0068 DCD0     		beq	.L27
 152:Drivers/STM32F7xx_HAL_Driver/Src/stm32f7xx_hal_crc.c ****     }
 327              		.loc 1 152 0
 328 006a 0120     		movs	r0, #1
 329 006c F1E7     		b	.L24
 330              	.L28:
 165:Drivers/STM32F7xx_HAL_Driver/Src/stm32f7xx_hal_crc.c ****   }
 331              		.loc 1 165 0
 332 006e 2368     		ldr	r3, [r4]
 333 0070 2269     		ldr	r2, [r4, #16]
 334 0072 1A61     		str	r2, [r3, #16]
 335 0074 DCE7     		b	.L29
 336              	.LVL26:
 337              	.L30:
 338              	.LCFI6:
 339              		.cfi_def_cfa_offset 0
 340              		.cfi_restore 4
 341              		.cfi_restore 14
 121:Drivers/STM32F7xx_HAL_Driver/Src/stm32f7xx_hal_crc.c ****   }
 342              		.loc 1 121 0
 343 0076 0120     		movs	r0, #1
 344              	.LVL27:
 186:Drivers/STM32F7xx_HAL_Driver/Src/stm32f7xx_hal_crc.c **** 
 345              		.loc 1 186 0
 346 0078 7047     		bx	lr
 347              	.L38:
 348 007a 00BF     		.align	2
 349              	.L37:
 350 007c B71DC104 		.word	79764919
 351              		.cfi_endproc
 352              	.LFE138:
ARM GAS  C:\Users\Patryk\AppData\Local\Temp\ccerxiwb.s 			page 16


 354              		.section	.text.HAL_CRC_MspDeInit,"ax",%progbits
 355              		.align	1
 356              		.weak	HAL_CRC_MspDeInit
 357              		.syntax unified
 358              		.thumb
 359              		.thumb_func
 360              		.fpu fpv5-sp-d16
 362              	HAL_CRC_MspDeInit:
 363              	.LFB141:
 253:Drivers/STM32F7xx_HAL_Driver/Src/stm32f7xx_hal_crc.c ****   /* Prevent unused argument(s) compilation warning */
 364              		.loc 1 253 0
 365              		.cfi_startproc
 366              		@ args = 0, pretend = 0, frame = 0
 367              		@ frame_needed = 0, uses_anonymous_args = 0
 368              		@ link register save eliminated.
 369              	.LVL28:
 260:Drivers/STM32F7xx_HAL_Driver/Src/stm32f7xx_hal_crc.c **** 
 370              		.loc 1 260 0
 371 0000 7047     		bx	lr
 372              		.cfi_endproc
 373              	.LFE141:
 375              		.section	.text.HAL_CRC_DeInit,"ax",%progbits
 376              		.align	1
 377              		.global	HAL_CRC_DeInit
 378              		.syntax unified
 379              		.thumb
 380              		.thumb_func
 381              		.fpu fpv5-sp-d16
 383              	HAL_CRC_DeInit:
 384              	.LFB139:
 194:Drivers/STM32F7xx_HAL_Driver/Src/stm32f7xx_hal_crc.c ****   /* Check the CRC handle allocation */
 385              		.loc 1 194 0
 386              		.cfi_startproc
 387              		@ args = 0, pretend = 0, frame = 0
 388              		@ frame_needed = 0, uses_anonymous_args = 0
 389              	.LVL29:
 196:Drivers/STM32F7xx_HAL_Driver/Src/stm32f7xx_hal_crc.c ****   {
 390              		.loc 1 196 0
 391 0000 B0B1     		cbz	r0, .L42
 194:Drivers/STM32F7xx_HAL_Driver/Src/stm32f7xx_hal_crc.c ****   /* Check the CRC handle allocation */
 392              		.loc 1 194 0
 393 0002 38B5     		push	{r3, r4, r5, lr}
 394              	.LCFI7:
 395              		.cfi_def_cfa_offset 16
 396              		.cfi_offset 3, -16
 397              		.cfi_offset 4, -12
 398              		.cfi_offset 5, -8
 399              		.cfi_offset 14, -4
 400 0004 0446     		mov	r4, r0
 205:Drivers/STM32F7xx_HAL_Driver/Src/stm32f7xx_hal_crc.c ****   {
 401              		.loc 1 205 0
 402 0006 437F     		ldrb	r3, [r0, #29]	@ zero_extendqisi2
 403 0008 DBB2     		uxtb	r3, r3
 404 000a 022B     		cmp	r3, #2
 405 000c 12D0     		beq	.L43
 211:Drivers/STM32F7xx_HAL_Driver/Src/stm32f7xx_hal_crc.c ****   
 406              		.loc 1 211 0
ARM GAS  C:\Users\Patryk\AppData\Local\Temp\ccerxiwb.s 			page 17


 407 000e 0223     		movs	r3, #2
 408 0010 4377     		strb	r3, [r0, #29]
 214:Drivers/STM32F7xx_HAL_Driver/Src/stm32f7xx_hal_crc.c ****   
 409              		.loc 1 214 0
 410 0012 0268     		ldr	r2, [r0]
 411 0014 9368     		ldr	r3, [r2, #8]
 412 0016 43F00103 		orr	r3, r3, #1
 413 001a 9360     		str	r3, [r2, #8]
 217:Drivers/STM32F7xx_HAL_Driver/Src/stm32f7xx_hal_crc.c **** 
 414              		.loc 1 217 0
 415 001c 0368     		ldr	r3, [r0]
 416 001e 1A79     		ldrb	r2, [r3, #4]	@ zero_extendqisi2
 417 0020 0025     		movs	r5, #0
 418 0022 1D71     		strb	r5, [r3, #4]
 220:Drivers/STM32F7xx_HAL_Driver/Src/stm32f7xx_hal_crc.c **** 
 419              		.loc 1 220 0
 420 0024 FFF7FEFF 		bl	HAL_CRC_MspDeInit
 421              	.LVL30:
 223:Drivers/STM32F7xx_HAL_Driver/Src/stm32f7xx_hal_crc.c **** 
 422              		.loc 1 223 0
 423 0028 6577     		strb	r5, [r4, #29]
 226:Drivers/STM32F7xx_HAL_Driver/Src/stm32f7xx_hal_crc.c **** 
 424              		.loc 1 226 0
 425 002a 2577     		strb	r5, [r4, #28]
 229:Drivers/STM32F7xx_HAL_Driver/Src/stm32f7xx_hal_crc.c **** }
 426              		.loc 1 229 0
 427 002c 2846     		mov	r0, r5
 428              	.L41:
 230:Drivers/STM32F7xx_HAL_Driver/Src/stm32f7xx_hal_crc.c **** 
 429              		.loc 1 230 0
 430 002e 38BD     		pop	{r3, r4, r5, pc}
 431              	.LVL31:
 432              	.L42:
 433              	.LCFI8:
 434              		.cfi_def_cfa_offset 0
 435              		.cfi_restore 3
 436              		.cfi_restore 4
 437              		.cfi_restore 5
 438              		.cfi_restore 14
 198:Drivers/STM32F7xx_HAL_Driver/Src/stm32f7xx_hal_crc.c ****   }
 439              		.loc 1 198 0
 440 0030 0120     		movs	r0, #1
 441              	.LVL32:
 230:Drivers/STM32F7xx_HAL_Driver/Src/stm32f7xx_hal_crc.c **** 
 442              		.loc 1 230 0
 443 0032 7047     		bx	lr
 444              	.LVL33:
 445              	.L43:
 446              	.LCFI9:
 447              		.cfi_def_cfa_offset 16
 448              		.cfi_offset 3, -16
 449              		.cfi_offset 4, -12
 450              		.cfi_offset 5, -8
 451              		.cfi_offset 14, -4
 207:Drivers/STM32F7xx_HAL_Driver/Src/stm32f7xx_hal_crc.c ****   }
 452              		.loc 1 207 0
 453 0034 0220     		movs	r0, #2
ARM GAS  C:\Users\Patryk\AppData\Local\Temp\ccerxiwb.s 			page 18


 454              	.LVL34:
 455 0036 FAE7     		b	.L41
 456              		.cfi_endproc
 457              	.LFE139:
 459              		.section	.text.HAL_CRC_Accumulate,"ax",%progbits
 460              		.align	1
 461              		.global	HAL_CRC_Accumulate
 462              		.syntax unified
 463              		.thumb
 464              		.thumb_func
 465              		.fpu fpv5-sp-d16
 467              	HAL_CRC_Accumulate:
 468              	.LFB142:
 302:Drivers/STM32F7xx_HAL_Driver/Src/stm32f7xx_hal_crc.c ****   uint32_t index = 0; /* CRC input data buffer index */
 469              		.loc 1 302 0
 470              		.cfi_startproc
 471              		@ args = 0, pretend = 0, frame = 0
 472              		@ frame_needed = 0, uses_anonymous_args = 0
 473              	.LVL35:
 474 0000 38B5     		push	{r3, r4, r5, lr}
 475              	.LCFI10:
 476              		.cfi_def_cfa_offset 16
 477              		.cfi_offset 3, -16
 478              		.cfi_offset 4, -12
 479              		.cfi_offset 5, -8
 480              		.cfi_offset 14, -4
 481              	.LVL36:
 307:Drivers/STM32F7xx_HAL_Driver/Src/stm32f7xx_hal_crc.c ****     
 482              		.loc 1 307 0
 483 0002 037F     		ldrb	r3, [r0, #28]	@ zero_extendqisi2
 484 0004 012B     		cmp	r3, #1
 485 0006 23D0     		beq	.L55
 486 0008 0446     		mov	r4, r0
 307:Drivers/STM32F7xx_HAL_Driver/Src/stm32f7xx_hal_crc.c ****     
 487              		.loc 1 307 0 is_stmt 0 discriminator 2
 488 000a 0123     		movs	r3, #1
 489 000c 0377     		strb	r3, [r0, #28]
 310:Drivers/STM32F7xx_HAL_Driver/Src/stm32f7xx_hal_crc.c ****   
 490              		.loc 1 310 0 is_stmt 1 discriminator 2
 491 000e 0223     		movs	r3, #2
 492 0010 4377     		strb	r3, [r0, #29]
 312:Drivers/STM32F7xx_HAL_Driver/Src/stm32f7xx_hal_crc.c ****   {
 493              		.loc 1 312 0 discriminator 2
 494 0012 036A     		ldr	r3, [r0, #32]
 495 0014 022B     		cmp	r3, #2
 496 0016 18D0     		beq	.L51
 497 0018 032B     		cmp	r3, #3
 498 001a 11D0     		beq	.L57
 499 001c 012B     		cmp	r3, #1
 500 001e 11D0     		beq	.L60
 304:Drivers/STM32F7xx_HAL_Driver/Src/stm32f7xx_hal_crc.c ****   
 501              		.loc 1 304 0
 502 0020 0020     		movs	r0, #0
 503              	.LVL37:
 504 0022 08E0     		b	.L50
 505              	.LVL38:
 506              	.L54:
ARM GAS  C:\Users\Patryk\AppData\Local\Temp\ccerxiwb.s 			page 19


 318:Drivers/STM32F7xx_HAL_Driver/Src/stm32f7xx_hal_crc.c ****       }
 507              		.loc 1 318 0 discriminator 3
 508 0024 2068     		ldr	r0, [r4]
 509 0026 51F82350 		ldr	r5, [r1, r3, lsl #2]
 510 002a 0560     		str	r5, [r0]
 316:Drivers/STM32F7xx_HAL_Driver/Src/stm32f7xx_hal_crc.c ****       {
 511              		.loc 1 316 0 discriminator 3
 512 002c 0133     		adds	r3, r3, #1
 513              	.LVL39:
 514              	.L52:
 316:Drivers/STM32F7xx_HAL_Driver/Src/stm32f7xx_hal_crc.c ****       {
 515              		.loc 1 316 0 is_stmt 0 discriminator 1
 516 002e 9342     		cmp	r3, r2
 517 0030 F8D3     		bcc	.L54
 320:Drivers/STM32F7xx_HAL_Driver/Src/stm32f7xx_hal_crc.c ****       break;
 518              		.loc 1 320 0 is_stmt 1
 519 0032 2368     		ldr	r3, [r4]
 520              	.LVL40:
 521 0034 1868     		ldr	r0, [r3]
 522              	.LVL41:
 523              	.L50:
 335:Drivers/STM32F7xx_HAL_Driver/Src/stm32f7xx_hal_crc.c ****   
 524              		.loc 1 335 0
 525 0036 0123     		movs	r3, #1
 526 0038 6377     		strb	r3, [r4, #29]
 338:Drivers/STM32F7xx_HAL_Driver/Src/stm32f7xx_hal_crc.c ****   
 527              		.loc 1 338 0
 528 003a 0023     		movs	r3, #0
 529 003c 2377     		strb	r3, [r4, #28]
 530              	.LVL42:
 531              	.L48:
 342:Drivers/STM32F7xx_HAL_Driver/Src/stm32f7xx_hal_crc.c **** 
 532              		.loc 1 342 0
 533 003e 38BD     		pop	{r3, r4, r5, pc}
 534              	.LVL43:
 535              	.L57:
 316:Drivers/STM32F7xx_HAL_Driver/Src/stm32f7xx_hal_crc.c ****       {
 536              		.loc 1 316 0
 537 0040 0023     		movs	r3, #0
 538 0042 F4E7     		b	.L52
 539              	.L60:
 324:Drivers/STM32F7xx_HAL_Driver/Src/stm32f7xx_hal_crc.c ****       break;
 540              		.loc 1 324 0
 541 0044 FFF7FEFF 		bl	CRC_Handle_8
 542              	.LVL44:
 325:Drivers/STM32F7xx_HAL_Driver/Src/stm32f7xx_hal_crc.c ****       
 543              		.loc 1 325 0
 544 0048 F5E7     		b	.L50
 545              	.LVL45:
 546              	.L51:
 328:Drivers/STM32F7xx_HAL_Driver/Src/stm32f7xx_hal_crc.c ****       break;
 547              		.loc 1 328 0
 548 004a FFF7FEFF 		bl	CRC_Handle_16
 549              	.LVL46:
 329:Drivers/STM32F7xx_HAL_Driver/Src/stm32f7xx_hal_crc.c ****     default:
 550              		.loc 1 329 0
 551 004e F2E7     		b	.L50
ARM GAS  C:\Users\Patryk\AppData\Local\Temp\ccerxiwb.s 			page 20


 552              	.LVL47:
 553              	.L55:
 307:Drivers/STM32F7xx_HAL_Driver/Src/stm32f7xx_hal_crc.c ****     
 554              		.loc 1 307 0
 555 0050 0220     		movs	r0, #2
 556              	.LVL48:
 557 0052 F4E7     		b	.L48
 558              		.cfi_endproc
 559              	.LFE142:
 561              		.section	.text.HAL_CRC_Calculate,"ax",%progbits
 562              		.align	1
 563              		.global	HAL_CRC_Calculate
 564              		.syntax unified
 565              		.thumb
 566              		.thumb_func
 567              		.fpu fpv5-sp-d16
 569              	HAL_CRC_Calculate:
 570              	.LFB143:
 360:Drivers/STM32F7xx_HAL_Driver/Src/stm32f7xx_hal_crc.c ****   uint32_t index = 0; /* CRC input data buffer index */
 571              		.loc 1 360 0
 572              		.cfi_startproc
 573              		@ args = 0, pretend = 0, frame = 0
 574              		@ frame_needed = 0, uses_anonymous_args = 0
 575              	.LVL49:
 576 0000 38B5     		push	{r3, r4, r5, lr}
 577              	.LCFI11:
 578              		.cfi_def_cfa_offset 16
 579              		.cfi_offset 3, -16
 580              		.cfi_offset 4, -12
 581              		.cfi_offset 5, -8
 582              		.cfi_offset 14, -4
 583              	.LVL50:
 365:Drivers/STM32F7xx_HAL_Driver/Src/stm32f7xx_hal_crc.c ****   
 584              		.loc 1 365 0
 585 0002 037F     		ldrb	r3, [r0, #28]	@ zero_extendqisi2
 586 0004 012B     		cmp	r3, #1
 587 0006 2AD0     		beq	.L68
 588 0008 0446     		mov	r4, r0
 365:Drivers/STM32F7xx_HAL_Driver/Src/stm32f7xx_hal_crc.c ****   
 589              		.loc 1 365 0 is_stmt 0 discriminator 2
 590 000a 0123     		movs	r3, #1
 591 000c 0377     		strb	r3, [r0, #28]
 368:Drivers/STM32F7xx_HAL_Driver/Src/stm32f7xx_hal_crc.c ****   
 592              		.loc 1 368 0 is_stmt 1 discriminator 2
 593 000e 0223     		movs	r3, #2
 594 0010 4377     		strb	r3, [r0, #29]
 372:Drivers/STM32F7xx_HAL_Driver/Src/stm32f7xx_hal_crc.c ****   
 595              		.loc 1 372 0 discriminator 2
 596 0012 0068     		ldr	r0, [r0]
 597              	.LVL51:
 598 0014 8368     		ldr	r3, [r0, #8]
 599 0016 43F00103 		orr	r3, r3, #1
 600 001a 8360     		str	r3, [r0, #8]
 374:Drivers/STM32F7xx_HAL_Driver/Src/stm32f7xx_hal_crc.c ****   {
 601              		.loc 1 374 0 discriminator 2
 602 001c 236A     		ldr	r3, [r4, #32]
 603 001e 022B     		cmp	r3, #2
ARM GAS  C:\Users\Patryk\AppData\Local\Temp\ccerxiwb.s 			page 21


 604 0020 19D0     		beq	.L64
 605 0022 032B     		cmp	r3, #3
 606 0024 11D0     		beq	.L70
 607 0026 012B     		cmp	r3, #1
 608 0028 11D0     		beq	.L73
 362:Drivers/STM32F7xx_HAL_Driver/Src/stm32f7xx_hal_crc.c ****     
 609              		.loc 1 362 0
 610 002a 0020     		movs	r0, #0
 611 002c 08E0     		b	.L63
 612              	.LVL52:
 613              	.L67:
 380:Drivers/STM32F7xx_HAL_Driver/Src/stm32f7xx_hal_crc.c ****       }
 614              		.loc 1 380 0 discriminator 3
 615 002e 2068     		ldr	r0, [r4]
 616 0030 51F82350 		ldr	r5, [r1, r3, lsl #2]
 617 0034 0560     		str	r5, [r0]
 378:Drivers/STM32F7xx_HAL_Driver/Src/stm32f7xx_hal_crc.c ****       {
 618              		.loc 1 378 0 discriminator 3
 619 0036 0133     		adds	r3, r3, #1
 620              	.LVL53:
 621              	.L65:
 378:Drivers/STM32F7xx_HAL_Driver/Src/stm32f7xx_hal_crc.c ****       {
 622              		.loc 1 378 0 is_stmt 0 discriminator 1
 623 0038 9342     		cmp	r3, r2
 624 003a F8D3     		bcc	.L67
 382:Drivers/STM32F7xx_HAL_Driver/Src/stm32f7xx_hal_crc.c ****       break;
 625              		.loc 1 382 0 is_stmt 1
 626 003c 2368     		ldr	r3, [r4]
 627              	.LVL54:
 628 003e 1868     		ldr	r0, [r3]
 629              	.LVL55:
 630              	.L63:
 399:Drivers/STM32F7xx_HAL_Driver/Src/stm32f7xx_hal_crc.c **** 
 631              		.loc 1 399 0
 632 0040 0123     		movs	r3, #1
 633 0042 6377     		strb	r3, [r4, #29]
 402:Drivers/STM32F7xx_HAL_Driver/Src/stm32f7xx_hal_crc.c ****   
 634              		.loc 1 402 0
 635 0044 0023     		movs	r3, #0
 636 0046 2377     		strb	r3, [r4, #28]
 637              	.LVL56:
 638              	.L61:
 406:Drivers/STM32F7xx_HAL_Driver/Src/stm32f7xx_hal_crc.c **** 
 639              		.loc 1 406 0
 640 0048 38BD     		pop	{r3, r4, r5, pc}
 641              	.LVL57:
 642              	.L70:
 378:Drivers/STM32F7xx_HAL_Driver/Src/stm32f7xx_hal_crc.c ****       {
 643              		.loc 1 378 0
 644 004a 0023     		movs	r3, #0
 645 004c F4E7     		b	.L65
 646              	.L73:
 387:Drivers/STM32F7xx_HAL_Driver/Src/stm32f7xx_hal_crc.c ****       break;
 647              		.loc 1 387 0
 648 004e 2046     		mov	r0, r4
 649 0050 FFF7FEFF 		bl	CRC_Handle_8
 650              	.LVL58:
ARM GAS  C:\Users\Patryk\AppData\Local\Temp\ccerxiwb.s 			page 22


 388:Drivers/STM32F7xx_HAL_Driver/Src/stm32f7xx_hal_crc.c ****       
 651              		.loc 1 388 0
 652 0054 F4E7     		b	.L63
 653              	.LVL59:
 654              	.L64:
 392:Drivers/STM32F7xx_HAL_Driver/Src/stm32f7xx_hal_crc.c ****       break;
 655              		.loc 1 392 0
 656 0056 2046     		mov	r0, r4
 657 0058 FFF7FEFF 		bl	CRC_Handle_16
 658              	.LVL60:
 393:Drivers/STM32F7xx_HAL_Driver/Src/stm32f7xx_hal_crc.c ****     default:
 659              		.loc 1 393 0
 660 005c F0E7     		b	.L63
 661              	.LVL61:
 662              	.L68:
 365:Drivers/STM32F7xx_HAL_Driver/Src/stm32f7xx_hal_crc.c ****   
 663              		.loc 1 365 0
 664 005e 0220     		movs	r0, #2
 665              	.LVL62:
 666 0060 F2E7     		b	.L61
 667              		.cfi_endproc
 668              	.LFE143:
 670              		.section	.text.HAL_CRC_GetState,"ax",%progbits
 671              		.align	1
 672              		.global	HAL_CRC_GetState
 673              		.syntax unified
 674              		.thumb
 675              		.thumb_func
 676              		.fpu fpv5-sp-d16
 678              	HAL_CRC_GetState:
 679              	.LFB146:
 476:Drivers/STM32F7xx_HAL_Driver/Src/stm32f7xx_hal_crc.c **** 
 477:Drivers/STM32F7xx_HAL_Driver/Src/stm32f7xx_hal_crc.c **** /**
 478:Drivers/STM32F7xx_HAL_Driver/Src/stm32f7xx_hal_crc.c ****   * @}
 479:Drivers/STM32F7xx_HAL_Driver/Src/stm32f7xx_hal_crc.c ****   */
 480:Drivers/STM32F7xx_HAL_Driver/Src/stm32f7xx_hal_crc.c **** 
 481:Drivers/STM32F7xx_HAL_Driver/Src/stm32f7xx_hal_crc.c **** /** @defgroup HAL_CRC_Group3 Peripheral State functions 
 482:Drivers/STM32F7xx_HAL_Driver/Src/stm32f7xx_hal_crc.c ****   *  @brief    Peripheral State functions. 
 483:Drivers/STM32F7xx_HAL_Driver/Src/stm32f7xx_hal_crc.c ****   *
 484:Drivers/STM32F7xx_HAL_Driver/Src/stm32f7xx_hal_crc.c **** @verbatim   
 485:Drivers/STM32F7xx_HAL_Driver/Src/stm32f7xx_hal_crc.c ****  ==============================================================================
 486:Drivers/STM32F7xx_HAL_Driver/Src/stm32f7xx_hal_crc.c ****                       ##### Peripheral State functions #####
 487:Drivers/STM32F7xx_HAL_Driver/Src/stm32f7xx_hal_crc.c ****  ==============================================================================  
 488:Drivers/STM32F7xx_HAL_Driver/Src/stm32f7xx_hal_crc.c ****     [..]
 489:Drivers/STM32F7xx_HAL_Driver/Src/stm32f7xx_hal_crc.c ****     This subsection permits to get in run-time the status of the peripheral 
 490:Drivers/STM32F7xx_HAL_Driver/Src/stm32f7xx_hal_crc.c ****     and the data flow.
 491:Drivers/STM32F7xx_HAL_Driver/Src/stm32f7xx_hal_crc.c **** 
 492:Drivers/STM32F7xx_HAL_Driver/Src/stm32f7xx_hal_crc.c **** @endverbatim
 493:Drivers/STM32F7xx_HAL_Driver/Src/stm32f7xx_hal_crc.c ****   * @{
 494:Drivers/STM32F7xx_HAL_Driver/Src/stm32f7xx_hal_crc.c ****   */
 495:Drivers/STM32F7xx_HAL_Driver/Src/stm32f7xx_hal_crc.c **** 
 496:Drivers/STM32F7xx_HAL_Driver/Src/stm32f7xx_hal_crc.c **** /**
 497:Drivers/STM32F7xx_HAL_Driver/Src/stm32f7xx_hal_crc.c ****   * @brief  Return the CRC state.
 498:Drivers/STM32F7xx_HAL_Driver/Src/stm32f7xx_hal_crc.c ****   * @param  hcrc CRC handle
 499:Drivers/STM32F7xx_HAL_Driver/Src/stm32f7xx_hal_crc.c ****   * @retval HAL state
 500:Drivers/STM32F7xx_HAL_Driver/Src/stm32f7xx_hal_crc.c ****   */
 501:Drivers/STM32F7xx_HAL_Driver/Src/stm32f7xx_hal_crc.c **** HAL_CRC_StateTypeDef HAL_CRC_GetState(CRC_HandleTypeDef *hcrc)
ARM GAS  C:\Users\Patryk\AppData\Local\Temp\ccerxiwb.s 			page 23


 502:Drivers/STM32F7xx_HAL_Driver/Src/stm32f7xx_hal_crc.c **** {
 680              		.loc 1 502 0
 681              		.cfi_startproc
 682              		@ args = 0, pretend = 0, frame = 0
 683              		@ frame_needed = 0, uses_anonymous_args = 0
 684              		@ link register save eliminated.
 685              	.LVL63:
 503:Drivers/STM32F7xx_HAL_Driver/Src/stm32f7xx_hal_crc.c ****   return hcrc->State;
 686              		.loc 1 503 0
 687 0000 407F     		ldrb	r0, [r0, #29]	@ zero_extendqisi2
 688              	.LVL64:
 504:Drivers/STM32F7xx_HAL_Driver/Src/stm32f7xx_hal_crc.c **** }
 689              		.loc 1 504 0
 690 0002 7047     		bx	lr
 691              		.cfi_endproc
 692              	.LFE146:
 694              		.text
 695              	.Letext0:
 696              		.file 2 "c:\\program files (x86)\\gnu\\7_2018-q2-update\\arm-none-eabi\\include\\machine\\_default
 697              		.file 3 "c:\\program files (x86)\\gnu\\7_2018-q2-update\\arm-none-eabi\\include\\sys\\_stdint.h"
 698              		.file 4 "Drivers/CMSIS/Include/core_cm7.h"
 699              		.file 5 "Drivers/CMSIS/Device/ST/STM32F7xx/Include/system_stm32f7xx.h"
 700              		.file 6 "Drivers/CMSIS/Device/ST/STM32F7xx/Include/stm32f746xx.h"
 701              		.file 7 "c:\\program files (x86)\\gnu\\7_2018-q2-update\\arm-none-eabi\\include\\sys\\lock.h"
 702              		.file 8 "c:\\program files (x86)\\gnu\\7_2018-q2-update\\arm-none-eabi\\include\\sys\\_types.h"
 703              		.file 9 "c:\\program files (x86)\\gnu\\7_2018-q2-update\\lib\\gcc\\arm-none-eabi\\7.3.1\\include\\
 704              		.file 10 "c:\\program files (x86)\\gnu\\7_2018-q2-update\\arm-none-eabi\\include\\sys\\reent.h"
 705              		.file 11 "Drivers/STM32F7xx_HAL_Driver/Inc/stm32f7xx_hal_def.h"
 706              		.file 12 "Drivers/STM32F7xx_HAL_Driver/Inc/stm32f7xx_hal_crc.h"
 707              		.file 13 "Drivers/STM32F7xx_HAL_Driver/Inc/stm32f7xx_hal_crc_ex.h"
ARM GAS  C:\Users\Patryk\AppData\Local\Temp\ccerxiwb.s 			page 24


DEFINED SYMBOLS
                            *ABS*:00000000 stm32f7xx_hal_crc.c
C:\Users\Patryk\AppData\Local\Temp\ccerxiwb.s:18     .text.CRC_Handle_8:00000000 $t
C:\Users\Patryk\AppData\Local\Temp\ccerxiwb.s:24     .text.CRC_Handle_8:00000000 CRC_Handle_8
C:\Users\Patryk\AppData\Local\Temp\ccerxiwb.s:131    .text.CRC_Handle_16:00000000 $t
C:\Users\Patryk\AppData\Local\Temp\ccerxiwb.s:137    .text.CRC_Handle_16:00000000 CRC_Handle_16
C:\Users\Patryk\AppData\Local\Temp\ccerxiwb.s:214    .text.HAL_CRC_MspInit:00000000 $t
C:\Users\Patryk\AppData\Local\Temp\ccerxiwb.s:221    .text.HAL_CRC_MspInit:00000000 HAL_CRC_MspInit
C:\Users\Patryk\AppData\Local\Temp\ccerxiwb.s:235    .text.HAL_CRC_Init:00000000 $t
C:\Users\Patryk\AppData\Local\Temp\ccerxiwb.s:242    .text.HAL_CRC_Init:00000000 HAL_CRC_Init
C:\Users\Patryk\AppData\Local\Temp\ccerxiwb.s:350    .text.HAL_CRC_Init:0000007c $d
C:\Users\Patryk\AppData\Local\Temp\ccerxiwb.s:355    .text.HAL_CRC_MspDeInit:00000000 $t
C:\Users\Patryk\AppData\Local\Temp\ccerxiwb.s:362    .text.HAL_CRC_MspDeInit:00000000 HAL_CRC_MspDeInit
C:\Users\Patryk\AppData\Local\Temp\ccerxiwb.s:376    .text.HAL_CRC_DeInit:00000000 $t
C:\Users\Patryk\AppData\Local\Temp\ccerxiwb.s:383    .text.HAL_CRC_DeInit:00000000 HAL_CRC_DeInit
C:\Users\Patryk\AppData\Local\Temp\ccerxiwb.s:460    .text.HAL_CRC_Accumulate:00000000 $t
C:\Users\Patryk\AppData\Local\Temp\ccerxiwb.s:467    .text.HAL_CRC_Accumulate:00000000 HAL_CRC_Accumulate
C:\Users\Patryk\AppData\Local\Temp\ccerxiwb.s:562    .text.HAL_CRC_Calculate:00000000 $t
C:\Users\Patryk\AppData\Local\Temp\ccerxiwb.s:569    .text.HAL_CRC_Calculate:00000000 HAL_CRC_Calculate
C:\Users\Patryk\AppData\Local\Temp\ccerxiwb.s:671    .text.HAL_CRC_GetState:00000000 $t
C:\Users\Patryk\AppData\Local\Temp\ccerxiwb.s:678    .text.HAL_CRC_GetState:00000000 HAL_CRC_GetState

UNDEFINED SYMBOLS
HAL_CRCEx_Polynomial_Set
