ARM GAS  C:\Users\Patryk\AppData\Local\Temp\ccqRvK1J.s 			page 1


   1              		.cpu cortex-m7
   2              		.eabi_attribute 27, 1
   3              		.eabi_attribute 28, 1
   4              		.eabi_attribute 20, 1
   5              		.eabi_attribute 21, 1
   6              		.eabi_attribute 23, 3
   7              		.eabi_attribute 24, 1
   8              		.eabi_attribute 25, 1
   9              		.eabi_attribute 26, 1
  10              		.eabi_attribute 30, 1
  11              		.eabi_attribute 34, 1
  12              		.eabi_attribute 18, 4
  13              		.file	"usbh_pipes.c"
  14              		.text
  15              	.Ltext0:
  16              		.cfi_sections	.debug_frame
  17              		.section	.text.USBH_GetFreePipe,"ax",%progbits
  18              		.align	1
  19              		.syntax unified
  20              		.thumb
  21              		.thumb_func
  22              		.fpu fpv5-sp-d16
  24              	USBH_GetFreePipe:
  25              	.LFB147:
  26              		.file 1 "Middlewares/ST/STM32_USB_Host_Library/Core/Src/usbh_pipes.c"
   1:Middlewares/ST/STM32_USB_Host_Library/Core/Src/usbh_pipes.c **** /**
   2:Middlewares/ST/STM32_USB_Host_Library/Core/Src/usbh_pipes.c ****   ******************************************************************************
   3:Middlewares/ST/STM32_USB_Host_Library/Core/Src/usbh_pipes.c ****   * @file    usbh_pipes.c
   4:Middlewares/ST/STM32_USB_Host_Library/Core/Src/usbh_pipes.c ****   * @author  MCD Application Team
   5:Middlewares/ST/STM32_USB_Host_Library/Core/Src/usbh_pipes.c ****   * @brief   This file implements functions for opening and closing Pipes
   6:Middlewares/ST/STM32_USB_Host_Library/Core/Src/usbh_pipes.c ****   ******************************************************************************
   7:Middlewares/ST/STM32_USB_Host_Library/Core/Src/usbh_pipes.c ****   * @attention
   8:Middlewares/ST/STM32_USB_Host_Library/Core/Src/usbh_pipes.c ****   *
   9:Middlewares/ST/STM32_USB_Host_Library/Core/Src/usbh_pipes.c ****   * <h2><center>&copy; Copyright (c) 2017 STMicroelectronics International N.V.
  10:Middlewares/ST/STM32_USB_Host_Library/Core/Src/usbh_pipes.c ****   * All rights reserved.</center></h2>
  11:Middlewares/ST/STM32_USB_Host_Library/Core/Src/usbh_pipes.c ****   *
  12:Middlewares/ST/STM32_USB_Host_Library/Core/Src/usbh_pipes.c ****   * Redistribution and use in source and binary forms, with or without
  13:Middlewares/ST/STM32_USB_Host_Library/Core/Src/usbh_pipes.c ****   * modification, are permitted, provided that the following conditions are met:
  14:Middlewares/ST/STM32_USB_Host_Library/Core/Src/usbh_pipes.c ****   *
  15:Middlewares/ST/STM32_USB_Host_Library/Core/Src/usbh_pipes.c ****   * 1. Redistribution of source code must retain the above copyright notice,
  16:Middlewares/ST/STM32_USB_Host_Library/Core/Src/usbh_pipes.c ****   *    this list of conditions and the following disclaimer.
  17:Middlewares/ST/STM32_USB_Host_Library/Core/Src/usbh_pipes.c ****   * 2. Redistributions in binary form must reproduce the above copyright notice,
  18:Middlewares/ST/STM32_USB_Host_Library/Core/Src/usbh_pipes.c ****   *    this list of conditions and the following disclaimer in the documentation
  19:Middlewares/ST/STM32_USB_Host_Library/Core/Src/usbh_pipes.c ****   *    and/or other materials provided with the distribution.
  20:Middlewares/ST/STM32_USB_Host_Library/Core/Src/usbh_pipes.c ****   * 3. Neither the name of STMicroelectronics nor the names of other
  21:Middlewares/ST/STM32_USB_Host_Library/Core/Src/usbh_pipes.c ****   *    contributors to this software may be used to endorse or promote products
  22:Middlewares/ST/STM32_USB_Host_Library/Core/Src/usbh_pipes.c ****   *    derived from this software without specific written permission.
  23:Middlewares/ST/STM32_USB_Host_Library/Core/Src/usbh_pipes.c ****   * 4. This software, including modifications and/or derivative works of this
  24:Middlewares/ST/STM32_USB_Host_Library/Core/Src/usbh_pipes.c ****   *    software, must execute solely and exclusively on microcontroller or
  25:Middlewares/ST/STM32_USB_Host_Library/Core/Src/usbh_pipes.c ****   *    microprocessor devices manufactured by or for STMicroelectronics.
  26:Middlewares/ST/STM32_USB_Host_Library/Core/Src/usbh_pipes.c ****   * 5. Redistribution and use of this software other than as permitted under
  27:Middlewares/ST/STM32_USB_Host_Library/Core/Src/usbh_pipes.c ****   *    this license is void and will automatically terminate your rights under
  28:Middlewares/ST/STM32_USB_Host_Library/Core/Src/usbh_pipes.c ****   *    this license.
  29:Middlewares/ST/STM32_USB_Host_Library/Core/Src/usbh_pipes.c ****   *
  30:Middlewares/ST/STM32_USB_Host_Library/Core/Src/usbh_pipes.c ****   * THIS SOFTWARE IS PROVIDED BY STMICROELECTRONICS AND CONTRIBUTORS "AS IS"
  31:Middlewares/ST/STM32_USB_Host_Library/Core/Src/usbh_pipes.c ****   * AND ANY EXPRESS, IMPLIED OR STATUTORY WARRANTIES, INCLUDING, BUT NOT
  32:Middlewares/ST/STM32_USB_Host_Library/Core/Src/usbh_pipes.c ****   * LIMITED TO, THE IMPLIED WARRANTIES OF MERCHANTABILITY, FITNESS FOR A
ARM GAS  C:\Users\Patryk\AppData\Local\Temp\ccqRvK1J.s 			page 2


  33:Middlewares/ST/STM32_USB_Host_Library/Core/Src/usbh_pipes.c ****   * PARTICULAR PURPOSE AND NON-INFRINGEMENT OF THIRD PARTY INTELLECTUAL PROPERTY
  34:Middlewares/ST/STM32_USB_Host_Library/Core/Src/usbh_pipes.c ****   * RIGHTS ARE DISCLAIMED TO THE FULLEST EXTENT PERMITTED BY LAW. IN NO EVENT
  35:Middlewares/ST/STM32_USB_Host_Library/Core/Src/usbh_pipes.c ****   * SHALL STMICROELECTRONICS OR CONTRIBUTORS BE LIABLE FOR ANY DIRECT, INDIRECT,
  36:Middlewares/ST/STM32_USB_Host_Library/Core/Src/usbh_pipes.c ****   * INCIDENTAL, SPECIAL, EXEMPLARY, OR CONSEQUENTIAL DAMAGES (INCLUDING, BUT NOT
  37:Middlewares/ST/STM32_USB_Host_Library/Core/Src/usbh_pipes.c ****   * LIMITED TO, PROCUREMENT OF SUBSTITUTE GOODS OR SERVICES; LOSS OF USE, DATA,
  38:Middlewares/ST/STM32_USB_Host_Library/Core/Src/usbh_pipes.c ****   * OR PROFITS; OR BUSINESS INTERRUPTION) HOWEVER CAUSED AND ON ANY THEORY OF
  39:Middlewares/ST/STM32_USB_Host_Library/Core/Src/usbh_pipes.c ****   * LIABILITY, WHETHER IN CONTRACT, STRICT LIABILITY, OR TORT (INCLUDING
  40:Middlewares/ST/STM32_USB_Host_Library/Core/Src/usbh_pipes.c ****   * NEGLIGENCE OR OTHERWISE) ARISING IN ANY WAY OUT OF THE USE OF THIS SOFTWARE,
  41:Middlewares/ST/STM32_USB_Host_Library/Core/Src/usbh_pipes.c ****   * EVEN IF ADVISED OF THE POSSIBILITY OF SUCH DAMAGE.
  42:Middlewares/ST/STM32_USB_Host_Library/Core/Src/usbh_pipes.c ****   *
  43:Middlewares/ST/STM32_USB_Host_Library/Core/Src/usbh_pipes.c ****   ******************************************************************************
  44:Middlewares/ST/STM32_USB_Host_Library/Core/Src/usbh_pipes.c ****   */
  45:Middlewares/ST/STM32_USB_Host_Library/Core/Src/usbh_pipes.c **** 
  46:Middlewares/ST/STM32_USB_Host_Library/Core/Src/usbh_pipes.c **** /* Includes ------------------------------------------------------------------*/
  47:Middlewares/ST/STM32_USB_Host_Library/Core/Src/usbh_pipes.c **** #include "usbh_pipes.h"
  48:Middlewares/ST/STM32_USB_Host_Library/Core/Src/usbh_pipes.c **** 
  49:Middlewares/ST/STM32_USB_Host_Library/Core/Src/usbh_pipes.c **** /** @addtogroup USBH_LIB
  50:Middlewares/ST/STM32_USB_Host_Library/Core/Src/usbh_pipes.c ****   * @{
  51:Middlewares/ST/STM32_USB_Host_Library/Core/Src/usbh_pipes.c ****   */
  52:Middlewares/ST/STM32_USB_Host_Library/Core/Src/usbh_pipes.c **** 
  53:Middlewares/ST/STM32_USB_Host_Library/Core/Src/usbh_pipes.c **** /** @addtogroup USBH_LIB_CORE
  54:Middlewares/ST/STM32_USB_Host_Library/Core/Src/usbh_pipes.c **** * @{
  55:Middlewares/ST/STM32_USB_Host_Library/Core/Src/usbh_pipes.c **** */
  56:Middlewares/ST/STM32_USB_Host_Library/Core/Src/usbh_pipes.c **** 
  57:Middlewares/ST/STM32_USB_Host_Library/Core/Src/usbh_pipes.c **** /** @defgroup USBH_PIPES
  58:Middlewares/ST/STM32_USB_Host_Library/Core/Src/usbh_pipes.c ****   * @brief This file includes opening and closing Pipes
  59:Middlewares/ST/STM32_USB_Host_Library/Core/Src/usbh_pipes.c ****   * @{
  60:Middlewares/ST/STM32_USB_Host_Library/Core/Src/usbh_pipes.c ****   */
  61:Middlewares/ST/STM32_USB_Host_Library/Core/Src/usbh_pipes.c **** 
  62:Middlewares/ST/STM32_USB_Host_Library/Core/Src/usbh_pipes.c **** /** @defgroup USBH_PIPES_Private_Defines
  63:Middlewares/ST/STM32_USB_Host_Library/Core/Src/usbh_pipes.c ****   * @{
  64:Middlewares/ST/STM32_USB_Host_Library/Core/Src/usbh_pipes.c ****   */
  65:Middlewares/ST/STM32_USB_Host_Library/Core/Src/usbh_pipes.c **** /**
  66:Middlewares/ST/STM32_USB_Host_Library/Core/Src/usbh_pipes.c ****   * @}
  67:Middlewares/ST/STM32_USB_Host_Library/Core/Src/usbh_pipes.c ****   */
  68:Middlewares/ST/STM32_USB_Host_Library/Core/Src/usbh_pipes.c **** 
  69:Middlewares/ST/STM32_USB_Host_Library/Core/Src/usbh_pipes.c **** /** @defgroup USBH_PIPES_Private_TypesDefinitions
  70:Middlewares/ST/STM32_USB_Host_Library/Core/Src/usbh_pipes.c ****   * @{
  71:Middlewares/ST/STM32_USB_Host_Library/Core/Src/usbh_pipes.c ****   */
  72:Middlewares/ST/STM32_USB_Host_Library/Core/Src/usbh_pipes.c **** /**
  73:Middlewares/ST/STM32_USB_Host_Library/Core/Src/usbh_pipes.c ****   * @}
  74:Middlewares/ST/STM32_USB_Host_Library/Core/Src/usbh_pipes.c ****   */
  75:Middlewares/ST/STM32_USB_Host_Library/Core/Src/usbh_pipes.c **** 
  76:Middlewares/ST/STM32_USB_Host_Library/Core/Src/usbh_pipes.c **** 
  77:Middlewares/ST/STM32_USB_Host_Library/Core/Src/usbh_pipes.c **** /** @defgroup USBH_PIPES_Private_Macros
  78:Middlewares/ST/STM32_USB_Host_Library/Core/Src/usbh_pipes.c ****   * @{
  79:Middlewares/ST/STM32_USB_Host_Library/Core/Src/usbh_pipes.c ****   */
  80:Middlewares/ST/STM32_USB_Host_Library/Core/Src/usbh_pipes.c **** /**
  81:Middlewares/ST/STM32_USB_Host_Library/Core/Src/usbh_pipes.c ****   * @}
  82:Middlewares/ST/STM32_USB_Host_Library/Core/Src/usbh_pipes.c ****   */
  83:Middlewares/ST/STM32_USB_Host_Library/Core/Src/usbh_pipes.c **** 
  84:Middlewares/ST/STM32_USB_Host_Library/Core/Src/usbh_pipes.c **** 
  85:Middlewares/ST/STM32_USB_Host_Library/Core/Src/usbh_pipes.c **** /** @defgroup USBH_PIPES_Private_Variables
  86:Middlewares/ST/STM32_USB_Host_Library/Core/Src/usbh_pipes.c ****   * @{
  87:Middlewares/ST/STM32_USB_Host_Library/Core/Src/usbh_pipes.c ****   */
  88:Middlewares/ST/STM32_USB_Host_Library/Core/Src/usbh_pipes.c **** 
  89:Middlewares/ST/STM32_USB_Host_Library/Core/Src/usbh_pipes.c **** /**
ARM GAS  C:\Users\Patryk\AppData\Local\Temp\ccqRvK1J.s 			page 3


  90:Middlewares/ST/STM32_USB_Host_Library/Core/Src/usbh_pipes.c ****   * @}
  91:Middlewares/ST/STM32_USB_Host_Library/Core/Src/usbh_pipes.c ****   */
  92:Middlewares/ST/STM32_USB_Host_Library/Core/Src/usbh_pipes.c **** 
  93:Middlewares/ST/STM32_USB_Host_Library/Core/Src/usbh_pipes.c **** 
  94:Middlewares/ST/STM32_USB_Host_Library/Core/Src/usbh_pipes.c **** /** @defgroup USBH_PIPES_Private_Functions
  95:Middlewares/ST/STM32_USB_Host_Library/Core/Src/usbh_pipes.c ****   * @{
  96:Middlewares/ST/STM32_USB_Host_Library/Core/Src/usbh_pipes.c ****   */
  97:Middlewares/ST/STM32_USB_Host_Library/Core/Src/usbh_pipes.c **** static uint16_t USBH_GetFreePipe (USBH_HandleTypeDef *phost);
  98:Middlewares/ST/STM32_USB_Host_Library/Core/Src/usbh_pipes.c **** 
  99:Middlewares/ST/STM32_USB_Host_Library/Core/Src/usbh_pipes.c **** 
 100:Middlewares/ST/STM32_USB_Host_Library/Core/Src/usbh_pipes.c **** /**
 101:Middlewares/ST/STM32_USB_Host_Library/Core/Src/usbh_pipes.c ****   * @brief  USBH_Open_Pipe
 102:Middlewares/ST/STM32_USB_Host_Library/Core/Src/usbh_pipes.c ****   *         Open a  pipe
 103:Middlewares/ST/STM32_USB_Host_Library/Core/Src/usbh_pipes.c ****   * @param  phost: Host Handle
 104:Middlewares/ST/STM32_USB_Host_Library/Core/Src/usbh_pipes.c ****   * @param  pipe_num: Pipe Number
 105:Middlewares/ST/STM32_USB_Host_Library/Core/Src/usbh_pipes.c ****   * @param  dev_address: USB Device address allocated to attached device
 106:Middlewares/ST/STM32_USB_Host_Library/Core/Src/usbh_pipes.c ****   * @param  speed : USB device speed (Full/Low)
 107:Middlewares/ST/STM32_USB_Host_Library/Core/Src/usbh_pipes.c ****   * @param  ep_type: end point type (Bulk/int/ctl)
 108:Middlewares/ST/STM32_USB_Host_Library/Core/Src/usbh_pipes.c ****   * @param  mps: max pkt size
 109:Middlewares/ST/STM32_USB_Host_Library/Core/Src/usbh_pipes.c ****   * @retval USBH Status
 110:Middlewares/ST/STM32_USB_Host_Library/Core/Src/usbh_pipes.c ****   */
 111:Middlewares/ST/STM32_USB_Host_Library/Core/Src/usbh_pipes.c **** USBH_StatusTypeDef USBH_OpenPipe  (USBH_HandleTypeDef *phost,
 112:Middlewares/ST/STM32_USB_Host_Library/Core/Src/usbh_pipes.c ****                             uint8_t pipe_num,
 113:Middlewares/ST/STM32_USB_Host_Library/Core/Src/usbh_pipes.c ****                             uint8_t epnum,
 114:Middlewares/ST/STM32_USB_Host_Library/Core/Src/usbh_pipes.c ****                             uint8_t dev_address,
 115:Middlewares/ST/STM32_USB_Host_Library/Core/Src/usbh_pipes.c ****                             uint8_t speed,
 116:Middlewares/ST/STM32_USB_Host_Library/Core/Src/usbh_pipes.c ****                             uint8_t ep_type,
 117:Middlewares/ST/STM32_USB_Host_Library/Core/Src/usbh_pipes.c ****                             uint16_t mps)
 118:Middlewares/ST/STM32_USB_Host_Library/Core/Src/usbh_pipes.c **** {
 119:Middlewares/ST/STM32_USB_Host_Library/Core/Src/usbh_pipes.c **** 
 120:Middlewares/ST/STM32_USB_Host_Library/Core/Src/usbh_pipes.c ****   USBH_LL_OpenPipe(phost,
 121:Middlewares/ST/STM32_USB_Host_Library/Core/Src/usbh_pipes.c ****                         pipe_num,
 122:Middlewares/ST/STM32_USB_Host_Library/Core/Src/usbh_pipes.c ****                         epnum,
 123:Middlewares/ST/STM32_USB_Host_Library/Core/Src/usbh_pipes.c ****                         dev_address,
 124:Middlewares/ST/STM32_USB_Host_Library/Core/Src/usbh_pipes.c ****                         speed,
 125:Middlewares/ST/STM32_USB_Host_Library/Core/Src/usbh_pipes.c ****                         ep_type,
 126:Middlewares/ST/STM32_USB_Host_Library/Core/Src/usbh_pipes.c ****                         mps);
 127:Middlewares/ST/STM32_USB_Host_Library/Core/Src/usbh_pipes.c **** 
 128:Middlewares/ST/STM32_USB_Host_Library/Core/Src/usbh_pipes.c ****   return USBH_OK;
 129:Middlewares/ST/STM32_USB_Host_Library/Core/Src/usbh_pipes.c **** 
 130:Middlewares/ST/STM32_USB_Host_Library/Core/Src/usbh_pipes.c **** }
 131:Middlewares/ST/STM32_USB_Host_Library/Core/Src/usbh_pipes.c **** 
 132:Middlewares/ST/STM32_USB_Host_Library/Core/Src/usbh_pipes.c **** /**
 133:Middlewares/ST/STM32_USB_Host_Library/Core/Src/usbh_pipes.c ****   * @brief  USBH_ClosePipe
 134:Middlewares/ST/STM32_USB_Host_Library/Core/Src/usbh_pipes.c ****   *         Close a  pipe
 135:Middlewares/ST/STM32_USB_Host_Library/Core/Src/usbh_pipes.c ****   * @param  phost: Host Handle
 136:Middlewares/ST/STM32_USB_Host_Library/Core/Src/usbh_pipes.c ****   * @param  pipe_num: Pipe Number
 137:Middlewares/ST/STM32_USB_Host_Library/Core/Src/usbh_pipes.c ****   * @retval USBH Status
 138:Middlewares/ST/STM32_USB_Host_Library/Core/Src/usbh_pipes.c ****   */
 139:Middlewares/ST/STM32_USB_Host_Library/Core/Src/usbh_pipes.c **** USBH_StatusTypeDef USBH_ClosePipe  (USBH_HandleTypeDef *phost,
 140:Middlewares/ST/STM32_USB_Host_Library/Core/Src/usbh_pipes.c ****                             uint8_t pipe_num)
 141:Middlewares/ST/STM32_USB_Host_Library/Core/Src/usbh_pipes.c **** {
 142:Middlewares/ST/STM32_USB_Host_Library/Core/Src/usbh_pipes.c **** 
 143:Middlewares/ST/STM32_USB_Host_Library/Core/Src/usbh_pipes.c ****   USBH_LL_ClosePipe(phost, pipe_num);
 144:Middlewares/ST/STM32_USB_Host_Library/Core/Src/usbh_pipes.c **** 
 145:Middlewares/ST/STM32_USB_Host_Library/Core/Src/usbh_pipes.c ****   return USBH_OK;
 146:Middlewares/ST/STM32_USB_Host_Library/Core/Src/usbh_pipes.c **** 
ARM GAS  C:\Users\Patryk\AppData\Local\Temp\ccqRvK1J.s 			page 4


 147:Middlewares/ST/STM32_USB_Host_Library/Core/Src/usbh_pipes.c **** }
 148:Middlewares/ST/STM32_USB_Host_Library/Core/Src/usbh_pipes.c **** 
 149:Middlewares/ST/STM32_USB_Host_Library/Core/Src/usbh_pipes.c **** /**
 150:Middlewares/ST/STM32_USB_Host_Library/Core/Src/usbh_pipes.c ****   * @brief  USBH_Alloc_Pipe
 151:Middlewares/ST/STM32_USB_Host_Library/Core/Src/usbh_pipes.c ****   *         Allocate a new Pipe
 152:Middlewares/ST/STM32_USB_Host_Library/Core/Src/usbh_pipes.c ****   * @param  phost: Host Handle
 153:Middlewares/ST/STM32_USB_Host_Library/Core/Src/usbh_pipes.c ****   * @param  ep_addr: End point for which the Pipe to be allocated
 154:Middlewares/ST/STM32_USB_Host_Library/Core/Src/usbh_pipes.c ****   * @retval Pipe number
 155:Middlewares/ST/STM32_USB_Host_Library/Core/Src/usbh_pipes.c ****   */
 156:Middlewares/ST/STM32_USB_Host_Library/Core/Src/usbh_pipes.c **** uint8_t USBH_AllocPipe  (USBH_HandleTypeDef *phost, uint8_t ep_addr)
 157:Middlewares/ST/STM32_USB_Host_Library/Core/Src/usbh_pipes.c **** {
 158:Middlewares/ST/STM32_USB_Host_Library/Core/Src/usbh_pipes.c ****   uint16_t pipe;
 159:Middlewares/ST/STM32_USB_Host_Library/Core/Src/usbh_pipes.c **** 
 160:Middlewares/ST/STM32_USB_Host_Library/Core/Src/usbh_pipes.c ****   pipe =  USBH_GetFreePipe(phost);
 161:Middlewares/ST/STM32_USB_Host_Library/Core/Src/usbh_pipes.c **** 
 162:Middlewares/ST/STM32_USB_Host_Library/Core/Src/usbh_pipes.c ****   if (pipe != 0xFFFFU)
 163:Middlewares/ST/STM32_USB_Host_Library/Core/Src/usbh_pipes.c ****   {
 164:Middlewares/ST/STM32_USB_Host_Library/Core/Src/usbh_pipes.c **** 	phost->Pipes[pipe] = 0x8000U | ep_addr;
 165:Middlewares/ST/STM32_USB_Host_Library/Core/Src/usbh_pipes.c ****   }
 166:Middlewares/ST/STM32_USB_Host_Library/Core/Src/usbh_pipes.c ****   return (uint8_t)pipe;
 167:Middlewares/ST/STM32_USB_Host_Library/Core/Src/usbh_pipes.c **** }
 168:Middlewares/ST/STM32_USB_Host_Library/Core/Src/usbh_pipes.c **** 
 169:Middlewares/ST/STM32_USB_Host_Library/Core/Src/usbh_pipes.c **** /**
 170:Middlewares/ST/STM32_USB_Host_Library/Core/Src/usbh_pipes.c ****   * @brief  USBH_Free_Pipe
 171:Middlewares/ST/STM32_USB_Host_Library/Core/Src/usbh_pipes.c ****   *         Free the USB Pipe
 172:Middlewares/ST/STM32_USB_Host_Library/Core/Src/usbh_pipes.c ****   * @param  phost: Host Handle
 173:Middlewares/ST/STM32_USB_Host_Library/Core/Src/usbh_pipes.c ****   * @param  idx: Pipe number to be freed
 174:Middlewares/ST/STM32_USB_Host_Library/Core/Src/usbh_pipes.c ****   * @retval USBH Status
 175:Middlewares/ST/STM32_USB_Host_Library/Core/Src/usbh_pipes.c ****   */
 176:Middlewares/ST/STM32_USB_Host_Library/Core/Src/usbh_pipes.c **** USBH_StatusTypeDef USBH_FreePipe  (USBH_HandleTypeDef *phost, uint8_t idx)
 177:Middlewares/ST/STM32_USB_Host_Library/Core/Src/usbh_pipes.c **** {
 178:Middlewares/ST/STM32_USB_Host_Library/Core/Src/usbh_pipes.c ****    if(idx < 11U)
 179:Middlewares/ST/STM32_USB_Host_Library/Core/Src/usbh_pipes.c ****    {
 180:Middlewares/ST/STM32_USB_Host_Library/Core/Src/usbh_pipes.c **** 	 phost->Pipes[idx] &= 0x7FFFU;
 181:Middlewares/ST/STM32_USB_Host_Library/Core/Src/usbh_pipes.c ****    }
 182:Middlewares/ST/STM32_USB_Host_Library/Core/Src/usbh_pipes.c ****    return USBH_OK;
 183:Middlewares/ST/STM32_USB_Host_Library/Core/Src/usbh_pipes.c **** }
 184:Middlewares/ST/STM32_USB_Host_Library/Core/Src/usbh_pipes.c **** 
 185:Middlewares/ST/STM32_USB_Host_Library/Core/Src/usbh_pipes.c **** /**
 186:Middlewares/ST/STM32_USB_Host_Library/Core/Src/usbh_pipes.c ****   * @brief  USBH_GetFreePipe
 187:Middlewares/ST/STM32_USB_Host_Library/Core/Src/usbh_pipes.c ****   * @param  phost: Host Handle
 188:Middlewares/ST/STM32_USB_Host_Library/Core/Src/usbh_pipes.c ****   *         Get a free Pipe number for allocation to a device endpoint
 189:Middlewares/ST/STM32_USB_Host_Library/Core/Src/usbh_pipes.c ****   * @retval idx: Free Pipe number
 190:Middlewares/ST/STM32_USB_Host_Library/Core/Src/usbh_pipes.c ****   */
 191:Middlewares/ST/STM32_USB_Host_Library/Core/Src/usbh_pipes.c **** static uint16_t USBH_GetFreePipe (USBH_HandleTypeDef *phost)
 192:Middlewares/ST/STM32_USB_Host_Library/Core/Src/usbh_pipes.c **** {
  27              		.loc 1 192 0
  28              		.cfi_startproc
  29              		@ args = 0, pretend = 0, frame = 0
  30              		@ frame_needed = 0, uses_anonymous_args = 0
  31              		@ link register save eliminated.
  32              	.LVL0:
 193:Middlewares/ST/STM32_USB_Host_Library/Core/Src/usbh_pipes.c ****   uint8_t idx = 0U;
 194:Middlewares/ST/STM32_USB_Host_Library/Core/Src/usbh_pipes.c **** 
 195:Middlewares/ST/STM32_USB_Host_Library/Core/Src/usbh_pipes.c ****   for (idx = 0U ; idx < 11U ; idx++)
  33              		.loc 1 195 0
  34 0000 0023     		movs	r3, #0
ARM GAS  C:\Users\Patryk\AppData\Local\Temp\ccqRvK1J.s 			page 5


  35              	.LVL1:
  36              	.L2:
  37              		.loc 1 195 0 is_stmt 0 discriminator 1
  38 0002 0A2B     		cmp	r3, #10
  39 0004 0BD8     		bhi	.L6
 196:Middlewares/ST/STM32_USB_Host_Library/Core/Src/usbh_pipes.c ****   {
 197:Middlewares/ST/STM32_USB_Host_Library/Core/Src/usbh_pipes.c **** 	if ((phost->Pipes[idx] & 0x8000U) == 0U)
  40              		.loc 1 197 0 is_stmt 1
  41 0006 03F1E002 		add	r2, r3, #224
  42 000a 50F82220 		ldr	r2, [r0, r2, lsl #2]
  43 000e 12F4004F 		tst	r2, #32768
  44 0012 02D0     		beq	.L7
 195:Middlewares/ST/STM32_USB_Host_Library/Core/Src/usbh_pipes.c ****   {
  45              		.loc 1 195 0 discriminator 2
  46 0014 0133     		adds	r3, r3, #1
  47              	.LVL2:
  48 0016 DBB2     		uxtb	r3, r3
  49              	.LVL3:
  50 0018 F3E7     		b	.L2
  51              	.L7:
 198:Middlewares/ST/STM32_USB_Host_Library/Core/Src/usbh_pipes.c **** 	{
 199:Middlewares/ST/STM32_USB_Host_Library/Core/Src/usbh_pipes.c **** 	   return (uint16_t)idx;
  52              		.loc 1 199 0
  53 001a 98B2     		uxth	r0, r3
  54              	.LVL4:
  55 001c 7047     		bx	lr
  56              	.LVL5:
  57              	.L6:
 200:Middlewares/ST/STM32_USB_Host_Library/Core/Src/usbh_pipes.c **** 	}
 201:Middlewares/ST/STM32_USB_Host_Library/Core/Src/usbh_pipes.c ****   }
 202:Middlewares/ST/STM32_USB_Host_Library/Core/Src/usbh_pipes.c ****   return 0xFFFFU;
  58              		.loc 1 202 0
  59 001e 4FF6FF70 		movw	r0, #65535
  60              	.LVL6:
 203:Middlewares/ST/STM32_USB_Host_Library/Core/Src/usbh_pipes.c **** }
  61              		.loc 1 203 0
  62 0022 7047     		bx	lr
  63              		.cfi_endproc
  64              	.LFE147:
  66              		.section	.text.USBH_OpenPipe,"ax",%progbits
  67              		.align	1
  68              		.global	USBH_OpenPipe
  69              		.syntax unified
  70              		.thumb
  71              		.thumb_func
  72              		.fpu fpv5-sp-d16
  74              	USBH_OpenPipe:
  75              	.LFB143:
 118:Middlewares/ST/STM32_USB_Host_Library/Core/Src/usbh_pipes.c **** 
  76              		.loc 1 118 0
  77              		.cfi_startproc
  78              		@ args = 12, pretend = 0, frame = 0
  79              		@ frame_needed = 0, uses_anonymous_args = 0
  80              	.LVL7:
  81 0000 10B5     		push	{r4, lr}
  82              	.LCFI0:
  83              		.cfi_def_cfa_offset 8
ARM GAS  C:\Users\Patryk\AppData\Local\Temp\ccqRvK1J.s 			page 6


  84              		.cfi_offset 4, -8
  85              		.cfi_offset 14, -4
  86 0002 84B0     		sub	sp, sp, #16
  87              	.LCFI1:
  88              		.cfi_def_cfa_offset 24
 120:Middlewares/ST/STM32_USB_Host_Library/Core/Src/usbh_pipes.c ****                         pipe_num,
  89              		.loc 1 120 0
  90 0004 BDF82040 		ldrh	r4, [sp, #32]
  91 0008 0294     		str	r4, [sp, #8]
  92 000a 9DF81C40 		ldrb	r4, [sp, #28]	@ zero_extendqisi2
  93 000e 0194     		str	r4, [sp, #4]
  94 0010 9DF81840 		ldrb	r4, [sp, #24]	@ zero_extendqisi2
  95 0014 0094     		str	r4, [sp]
  96 0016 FFF7FEFF 		bl	USBH_LL_OpenPipe
  97              	.LVL8:
 130:Middlewares/ST/STM32_USB_Host_Library/Core/Src/usbh_pipes.c **** 
  98              		.loc 1 130 0
  99 001a 0020     		movs	r0, #0
 100 001c 04B0     		add	sp, sp, #16
 101              	.LCFI2:
 102              		.cfi_def_cfa_offset 8
 103              		@ sp needed
 104 001e 10BD     		pop	{r4, pc}
 105              		.cfi_endproc
 106              	.LFE143:
 108              		.section	.text.USBH_ClosePipe,"ax",%progbits
 109              		.align	1
 110              		.global	USBH_ClosePipe
 111              		.syntax unified
 112              		.thumb
 113              		.thumb_func
 114              		.fpu fpv5-sp-d16
 116              	USBH_ClosePipe:
 117              	.LFB144:
 141:Middlewares/ST/STM32_USB_Host_Library/Core/Src/usbh_pipes.c **** 
 118              		.loc 1 141 0
 119              		.cfi_startproc
 120              		@ args = 0, pretend = 0, frame = 0
 121              		@ frame_needed = 0, uses_anonymous_args = 0
 122              	.LVL9:
 123 0000 08B5     		push	{r3, lr}
 124              	.LCFI3:
 125              		.cfi_def_cfa_offset 8
 126              		.cfi_offset 3, -8
 127              		.cfi_offset 14, -4
 143:Middlewares/ST/STM32_USB_Host_Library/Core/Src/usbh_pipes.c **** 
 128              		.loc 1 143 0
 129 0002 FFF7FEFF 		bl	USBH_LL_ClosePipe
 130              	.LVL10:
 147:Middlewares/ST/STM32_USB_Host_Library/Core/Src/usbh_pipes.c **** 
 131              		.loc 1 147 0
 132 0006 0020     		movs	r0, #0
 133 0008 08BD     		pop	{r3, pc}
 134              		.cfi_endproc
 135              	.LFE144:
 137              		.section	.text.USBH_AllocPipe,"ax",%progbits
 138              		.align	1
ARM GAS  C:\Users\Patryk\AppData\Local\Temp\ccqRvK1J.s 			page 7


 139              		.global	USBH_AllocPipe
 140              		.syntax unified
 141              		.thumb
 142              		.thumb_func
 143              		.fpu fpv5-sp-d16
 145              	USBH_AllocPipe:
 146              	.LFB145:
 157:Middlewares/ST/STM32_USB_Host_Library/Core/Src/usbh_pipes.c ****   uint16_t pipe;
 147              		.loc 1 157 0
 148              		.cfi_startproc
 149              		@ args = 0, pretend = 0, frame = 0
 150              		@ frame_needed = 0, uses_anonymous_args = 0
 151              	.LVL11:
 152 0000 38B5     		push	{r3, r4, r5, lr}
 153              	.LCFI4:
 154              		.cfi_def_cfa_offset 16
 155              		.cfi_offset 3, -16
 156              		.cfi_offset 4, -12
 157              		.cfi_offset 5, -8
 158              		.cfi_offset 14, -4
 159 0002 0546     		mov	r5, r0
 160 0004 0C46     		mov	r4, r1
 160:Middlewares/ST/STM32_USB_Host_Library/Core/Src/usbh_pipes.c **** 
 161              		.loc 1 160 0
 162 0006 FFF7FEFF 		bl	USBH_GetFreePipe
 163              	.LVL12:
 162:Middlewares/ST/STM32_USB_Host_Library/Core/Src/usbh_pipes.c ****   {
 164              		.loc 1 162 0
 165 000a 4FF6FF73 		movw	r3, #65535
 166 000e 9842     		cmp	r0, r3
 167 0010 05D0     		beq	.L13
 164:Middlewares/ST/STM32_USB_Host_Library/Core/Src/usbh_pipes.c ****   }
 168              		.loc 1 164 0
 169 0012 44F40044 		orr	r4, r4, #32768
 170 0016 00F1E003 		add	r3, r0, #224
 171 001a 45F82340 		str	r4, [r5, r3, lsl #2]
 172              	.L13:
 167:Middlewares/ST/STM32_USB_Host_Library/Core/Src/usbh_pipes.c **** 
 173              		.loc 1 167 0
 174 001e C0B2     		uxtb	r0, r0
 175              	.LVL13:
 176 0020 38BD     		pop	{r3, r4, r5, pc}
 177              		.cfi_endproc
 178              	.LFE145:
 180              		.section	.text.USBH_FreePipe,"ax",%progbits
 181              		.align	1
 182              		.global	USBH_FreePipe
 183              		.syntax unified
 184              		.thumb
 185              		.thumb_func
 186              		.fpu fpv5-sp-d16
 188              	USBH_FreePipe:
 189              	.LFB146:
 177:Middlewares/ST/STM32_USB_Host_Library/Core/Src/usbh_pipes.c ****    if(idx < 11U)
 190              		.loc 1 177 0
 191              		.cfi_startproc
 192              		@ args = 0, pretend = 0, frame = 0
ARM GAS  C:\Users\Patryk\AppData\Local\Temp\ccqRvK1J.s 			page 8


 193              		@ frame_needed = 0, uses_anonymous_args = 0
 194              		@ link register save eliminated.
 195              	.LVL14:
 178:Middlewares/ST/STM32_USB_Host_Library/Core/Src/usbh_pipes.c ****    {
 196              		.loc 1 178 0
 197 0000 0A29     		cmp	r1, #10
 198 0002 06D8     		bhi	.L16
 180:Middlewares/ST/STM32_USB_Host_Library/Core/Src/usbh_pipes.c ****    }
 199              		.loc 1 180 0
 200 0004 E031     		adds	r1, r1, #224
 201              	.LVL15:
 202 0006 50F82130 		ldr	r3, [r0, r1, lsl #2]
 203 000a C3F30E03 		ubfx	r3, r3, #0, #15
 204 000e 40F82130 		str	r3, [r0, r1, lsl #2]
 205              	.L16:
 183:Middlewares/ST/STM32_USB_Host_Library/Core/Src/usbh_pipes.c **** 
 206              		.loc 1 183 0
 207 0012 0020     		movs	r0, #0
 208              	.LVL16:
 209 0014 7047     		bx	lr
 210              		.cfi_endproc
 211              	.LFE146:
 213              		.text
 214              	.Letext0:
 215              		.file 2 "c:\\program files (x86)\\gnu\\7_2018-q2-update\\arm-none-eabi\\include\\machine\\_default
 216              		.file 3 "c:\\program files (x86)\\gnu\\7_2018-q2-update\\arm-none-eabi\\include\\sys\\lock.h"
 217              		.file 4 "c:\\program files (x86)\\gnu\\7_2018-q2-update\\arm-none-eabi\\include\\sys\\_types.h"
 218              		.file 5 "c:\\program files (x86)\\gnu\\7_2018-q2-update\\lib\\gcc\\arm-none-eabi\\7.3.1\\include\\
 219              		.file 6 "c:\\program files (x86)\\gnu\\7_2018-q2-update\\arm-none-eabi\\include\\sys\\reent.h"
 220              		.file 7 "c:\\program files (x86)\\gnu\\7_2018-q2-update\\arm-none-eabi\\include\\sys\\_stdint.h"
 221              		.file 8 "c:\\program files (x86)\\gnu\\7_2018-q2-update\\arm-none-eabi\\include\\stdlib.h"
 222              		.file 9 "Drivers/CMSIS/Include/core_cm7.h"
 223              		.file 10 "Drivers/CMSIS/Device/ST/STM32F7xx/Include/system_stm32f7xx.h"
 224              		.file 11 "Middlewares/Third_Party/FreeRTOS/Source/include/task.h"
 225              		.file 12 "Middlewares/Third_Party/FreeRTOS/Source/include/queue.h"
 226              		.file 13 "Middlewares/Third_Party/FreeRTOS/Source/CMSIS_RTOS/cmsis_os.h"
 227              		.file 14 "Middlewares/ST/STM32_USB_Host_Library/Core/Inc/usbh_def.h"
 228              		.file 15 "Middlewares/ST/STM32_USB_Host_Library/Core/Inc/usbh_ctlreq.h"
 229              		.file 16 "Middlewares/ST/STM32_USB_Host_Library/Core/Inc/usbh_core.h"
ARM GAS  C:\Users\Patryk\AppData\Local\Temp\ccqRvK1J.s 			page 9


DEFINED SYMBOLS
                            *ABS*:00000000 usbh_pipes.c
C:\Users\Patryk\AppData\Local\Temp\ccqRvK1J.s:18     .text.USBH_GetFreePipe:00000000 $t
C:\Users\Patryk\AppData\Local\Temp\ccqRvK1J.s:24     .text.USBH_GetFreePipe:00000000 USBH_GetFreePipe
C:\Users\Patryk\AppData\Local\Temp\ccqRvK1J.s:67     .text.USBH_OpenPipe:00000000 $t
C:\Users\Patryk\AppData\Local\Temp\ccqRvK1J.s:74     .text.USBH_OpenPipe:00000000 USBH_OpenPipe
C:\Users\Patryk\AppData\Local\Temp\ccqRvK1J.s:109    .text.USBH_ClosePipe:00000000 $t
C:\Users\Patryk\AppData\Local\Temp\ccqRvK1J.s:116    .text.USBH_ClosePipe:00000000 USBH_ClosePipe
C:\Users\Patryk\AppData\Local\Temp\ccqRvK1J.s:138    .text.USBH_AllocPipe:00000000 $t
C:\Users\Patryk\AppData\Local\Temp\ccqRvK1J.s:145    .text.USBH_AllocPipe:00000000 USBH_AllocPipe
C:\Users\Patryk\AppData\Local\Temp\ccqRvK1J.s:181    .text.USBH_FreePipe:00000000 $t
C:\Users\Patryk\AppData\Local\Temp\ccqRvK1J.s:188    .text.USBH_FreePipe:00000000 USBH_FreePipe

UNDEFINED SYMBOLS
USBH_LL_OpenPipe
USBH_LL_ClosePipe
